ARM GAS  C:\Users\andre\AppData\Local\Temp\ccj6BxVG.s 			page 1


   1              		.syntax unified
   2              		.cpu cortex-m3
   3              		.fpu softvfp
   4              		.eabi_attribute 20, 1
   5              		.eabi_attribute 21, 1
   6              		.eabi_attribute 23, 3
   7              		.eabi_attribute 24, 1
   8              		.eabi_attribute 25, 1
   9              		.eabi_attribute 26, 1
  10              		.eabi_attribute 30, 1
  11              		.eabi_attribute 34, 1
  12              		.eabi_attribute 18, 4
  13              		.thumb
  14              		.syntax unified
  15              		.file	"sensor.c"
  16              		.text
  17              	.Ltext0:
  18              		.cfi_sections	.debug_frame
  19              		.section	.text.sensor_isr_handler,"ax",%progbits
  20              		.align	2
  21              		.global	sensor_isr_handler
  22              		.thumb
  23              		.thumb_func
  24              		.type	sensor_isr_handler, %function
  25              	sensor_isr_handler:
  26              	.LFB69:
  27              		.file 1 "sensor.c"
   1:sensor.c      **** #include "project.h"
   2:sensor.c      **** 
   3:sensor.c      **** CY_ISR_PROTO(sensor_isr_handler);
   4:sensor.c      **** long count = 0;
   5:sensor.c      **** int newCountFlag = 0;
   6:sensor.c      **** 
   7:sensor.c      **** #define countFreq 12.f //MHz count input
   8:sensor.c      **** 
   9:sensor.c      **** 
  10:sensor.c      **** void initSensor()
  11:sensor.c      **** {
  12:sensor.c      ****     sensor_input_isr_StartEx(sensor_isr_handler);
  13:sensor.c      **** }
  14:sensor.c      **** 
  15:sensor.c      **** void startBurst()
  16:sensor.c      **** {
  17:sensor.c      ****     PWM_1_Start();
  18:sensor.c      **** }
  19:sensor.c      **** 
  20:sensor.c      **** void stopBurst()
  21:sensor.c      **** {
  22:sensor.c      ****     PWM_1_Stop();
  23:sensor.c      **** }
  24:sensor.c      **** 
  25:sensor.c      **** void startCounter()
  26:sensor.c      **** {
  27:sensor.c      ****     Counter_Sensor_WriteCounter(0);
  28:sensor.c      ****     Counter_Sensor_Start();
  29:sensor.c      **** }
  30:sensor.c      **** float calcTime(long count)
ARM GAS  C:\Users\andre\AppData\Local\Temp\ccj6BxVG.s 			page 2


  31:sensor.c      **** {
  32:sensor.c      ****     return count / countFreq;
  33:sensor.c      **** }
  34:sensor.c      **** 
  35:sensor.c      **** float calcAngle(long count)
  36:sensor.c      **** {
  37:sensor.c      ****     return ((count * 0.00581473) - 69.19523235);
  38:sensor.c      **** }
  39:sensor.c      **** 
  40:sensor.c      **** CY_ISR(sensor_isr_handler)
  41:sensor.c      **** {
  28              		.loc 1 41 0
  29              		.cfi_startproc
  30              		@ args = 0, pretend = 0, frame = 0
  31              		@ frame_needed = 0, uses_anonymous_args = 0
  32 0000 08B5     		push	{r3, lr}
  33              		.cfi_def_cfa_offset 8
  34              		.cfi_offset 3, -8
  35              		.cfi_offset 14, -4
  42:sensor.c      ****     count = Counter_Sensor_ReadCounter();
  36              		.loc 1 42 0
  37 0002 FFF7FEFF 		bl	Counter_Sensor_ReadCounter
  38              	.LVL0:
  39 0006 024B     		ldr	r3, .L3
  40 0008 1860     		str	r0, [r3]
  43:sensor.c      ****     //stopBurst();
  44:sensor.c      ****     Counter_Sensor_Stop();
  41              		.loc 1 44 0
  42 000a FFF7FEFF 		bl	Counter_Sensor_Stop
  43              	.LVL1:
  44 000e 08BD     		pop	{r3, pc}
  45              	.L4:
  46              		.align	2
  47              	.L3:
  48 0010 00000000 		.word	.LANCHOR0
  49              		.cfi_endproc
  50              	.LFE69:
  51              		.size	sensor_isr_handler, .-sensor_isr_handler
  52              		.section	.text.initSensor,"ax",%progbits
  53              		.align	2
  54              		.global	initSensor
  55              		.thumb
  56              		.thumb_func
  57              		.type	initSensor, %function
  58              	initSensor:
  59              	.LFB63:
  11:sensor.c      ****     sensor_input_isr_StartEx(sensor_isr_handler);
  60              		.loc 1 11 0
  61              		.cfi_startproc
  62              		@ args = 0, pretend = 0, frame = 0
  63              		@ frame_needed = 0, uses_anonymous_args = 0
  64 0000 08B5     		push	{r3, lr}
  65              		.cfi_def_cfa_offset 8
  66              		.cfi_offset 3, -8
  67              		.cfi_offset 14, -4
  12:sensor.c      **** }
  68              		.loc 1 12 0
ARM GAS  C:\Users\andre\AppData\Local\Temp\ccj6BxVG.s 			page 3


  69 0002 0248     		ldr	r0, .L7
  70 0004 FFF7FEFF 		bl	sensor_input_isr_StartEx
  71              	.LVL2:
  72 0008 08BD     		pop	{r3, pc}
  73              	.L8:
  74 000a 00BF     		.align	2
  75              	.L7:
  76 000c 00000000 		.word	sensor_isr_handler
  77              		.cfi_endproc
  78              	.LFE63:
  79              		.size	initSensor, .-initSensor
  80              		.section	.text.startBurst,"ax",%progbits
  81              		.align	2
  82              		.global	startBurst
  83              		.thumb
  84              		.thumb_func
  85              		.type	startBurst, %function
  86              	startBurst:
  87              	.LFB64:
  16:sensor.c      ****     PWM_1_Start();
  88              		.loc 1 16 0
  89              		.cfi_startproc
  90              		@ args = 0, pretend = 0, frame = 0
  91              		@ frame_needed = 0, uses_anonymous_args = 0
  92 0000 08B5     		push	{r3, lr}
  93              		.cfi_def_cfa_offset 8
  94              		.cfi_offset 3, -8
  95              		.cfi_offset 14, -4
  17:sensor.c      **** }
  96              		.loc 1 17 0
  97 0002 FFF7FEFF 		bl	PWM_1_Start
  98              	.LVL3:
  99 0006 08BD     		pop	{r3, pc}
 100              		.cfi_endproc
 101              	.LFE64:
 102              		.size	startBurst, .-startBurst
 103              		.section	.text.stopBurst,"ax",%progbits
 104              		.align	2
 105              		.global	stopBurst
 106              		.thumb
 107              		.thumb_func
 108              		.type	stopBurst, %function
 109              	stopBurst:
 110              	.LFB65:
  21:sensor.c      ****     PWM_1_Stop();
 111              		.loc 1 21 0
 112              		.cfi_startproc
 113              		@ args = 0, pretend = 0, frame = 0
 114              		@ frame_needed = 0, uses_anonymous_args = 0
 115 0000 08B5     		push	{r3, lr}
 116              		.cfi_def_cfa_offset 8
 117              		.cfi_offset 3, -8
 118              		.cfi_offset 14, -4
  22:sensor.c      **** }
 119              		.loc 1 22 0
 120 0002 FFF7FEFF 		bl	PWM_1_Stop
 121              	.LVL4:
ARM GAS  C:\Users\andre\AppData\Local\Temp\ccj6BxVG.s 			page 4


 122 0006 08BD     		pop	{r3, pc}
 123              		.cfi_endproc
 124              	.LFE65:
 125              		.size	stopBurst, .-stopBurst
 126              		.section	.text.startCounter,"ax",%progbits
 127              		.align	2
 128              		.global	startCounter
 129              		.thumb
 130              		.thumb_func
 131              		.type	startCounter, %function
 132              	startCounter:
 133              	.LFB66:
  26:sensor.c      ****     Counter_Sensor_WriteCounter(0);
 134              		.loc 1 26 0
 135              		.cfi_startproc
 136              		@ args = 0, pretend = 0, frame = 0
 137              		@ frame_needed = 0, uses_anonymous_args = 0
 138 0000 08B5     		push	{r3, lr}
 139              		.cfi_def_cfa_offset 8
 140              		.cfi_offset 3, -8
 141              		.cfi_offset 14, -4
  27:sensor.c      ****     Counter_Sensor_Start();
 142              		.loc 1 27 0
 143 0002 0020     		movs	r0, #0
 144 0004 FFF7FEFF 		bl	Counter_Sensor_WriteCounter
 145              	.LVL5:
  28:sensor.c      **** }
 146              		.loc 1 28 0
 147 0008 FFF7FEFF 		bl	Counter_Sensor_Start
 148              	.LVL6:
 149 000c 08BD     		pop	{r3, pc}
 150              		.cfi_endproc
 151              	.LFE66:
 152              		.size	startCounter, .-startCounter
 153              		.global	__aeabi_i2f
 154              		.global	__aeabi_fdiv
 155 000e 00BF     		.section	.text.calcTime,"ax",%progbits
 156              		.align	2
 157              		.global	calcTime
 158              		.thumb
 159              		.thumb_func
 160              		.type	calcTime, %function
 161              	calcTime:
 162              	.LFB67:
  31:sensor.c      ****     return count / countFreq;
 163              		.loc 1 31 0
 164              		.cfi_startproc
 165              		@ args = 0, pretend = 0, frame = 0
 166              		@ frame_needed = 0, uses_anonymous_args = 0
 167              	.LVL7:
 168 0000 08B5     		push	{r3, lr}
 169              		.cfi_def_cfa_offset 8
 170              		.cfi_offset 3, -8
 171              		.cfi_offset 14, -4
  32:sensor.c      **** }
 172              		.loc 1 32 0
 173 0002 FFF7FEFF 		bl	__aeabi_i2f
ARM GAS  C:\Users\andre\AppData\Local\Temp\ccj6BxVG.s 			page 5


 174              	.LVL8:
 175 0006 0249     		ldr	r1, .L17
 176 0008 FFF7FEFF 		bl	__aeabi_fdiv
 177              	.LVL9:
  33:sensor.c      **** 
 178              		.loc 1 33 0
 179 000c 08BD     		pop	{r3, pc}
 180              	.L18:
 181 000e 00BF     		.align	2
 182              	.L17:
 183 0010 00004041 		.word	1094713344
 184              		.cfi_endproc
 185              	.LFE67:
 186              		.size	calcTime, .-calcTime
 187              		.global	__aeabi_i2d
 188              		.global	__aeabi_dmul
 189              		.global	__aeabi_dsub
 190              		.global	__aeabi_d2f
 191              		.section	.text.calcAngle,"ax",%progbits
 192              		.align	2
 193              		.global	calcAngle
 194              		.thumb
 195              		.thumb_func
 196              		.type	calcAngle, %function
 197              	calcAngle:
 198              	.LFB68:
  36:sensor.c      ****     return ((count * 0.00581473) - 69.19523235);
 199              		.loc 1 36 0
 200              		.cfi_startproc
 201              		@ args = 0, pretend = 0, frame = 0
 202              		@ frame_needed = 0, uses_anonymous_args = 0
 203              	.LVL10:
 204 0000 08B5     		push	{r3, lr}
 205              		.cfi_def_cfa_offset 8
 206              		.cfi_offset 3, -8
 207              		.cfi_offset 14, -4
  37:sensor.c      **** }
 208              		.loc 1 37 0
 209 0002 FFF7FEFF 		bl	__aeabi_i2d
 210              	.LVL11:
 211 0006 06A3     		adr	r3, .L21
 212 0008 D3E90023 		ldrd	r2, [r3]
 213 000c FFF7FEFF 		bl	__aeabi_dmul
 214              	.LVL12:
 215 0010 05A3     		adr	r3, .L21+8
 216 0012 D3E90023 		ldrd	r2, [r3]
 217 0016 FFF7FEFF 		bl	__aeabi_dsub
 218              	.LVL13:
 219 001a FFF7FEFF 		bl	__aeabi_d2f
 220              	.LVL14:
  38:sensor.c      **** 
 221              		.loc 1 38 0
 222 001e 08BD     		pop	{r3, pc}
 223              	.L22:
 224              		.align	3
 225              	.L21:
 226 0020 0B0CF6B2 		.word	-1292497909
ARM GAS  C:\Users\andre\AppData\Local\Temp\ccj6BxVG.s 			page 6


 227 0024 2FD1773F 		.word	1064816943
 228 0028 C297D3AF 		.word	-1345087550
 229 002c 7E4C5140 		.word	1079069822
 230              		.cfi_endproc
 231              	.LFE68:
 232              		.size	calcAngle, .-calcAngle
 233              		.global	newCountFlag
 234              		.global	count
 235              		.bss
 236              		.align	2
 237              		.set	.LANCHOR0,. + 0
 238              		.type	count, %object
 239              		.size	count, 4
 240              	count:
 241 0000 00000000 		.space	4
 242              		.type	newCountFlag, %object
 243              		.size	newCountFlag, 4
 244              	newCountFlag:
 245 0004 00000000 		.space	4
 246              		.text
 247              	.Letext0:
 248              		.file 2 "c:\\program files (x86)\\cypress\\psoc creator\\4.4\\psoc creator\\import\\gnu\\arm\\5.4.
 249              		.file 3 "c:\\program files (x86)\\cypress\\psoc creator\\4.4\\psoc creator\\import\\gnu\\arm\\5.4.
 250              		.file 4 "Generated_Source\\PSoC5/core_cm3.h"
 251              		.file 5 "Generated_Source\\PSoC5/Counter_Sensor.h"
 252              		.file 6 "Generated_Source\\PSoC5/sensor_input_isr.h"
 253              		.file 7 "Generated_Source\\PSoC5/PWM_1.h"
 254              		.section	.debug_info,"",%progbits
 255              	.Ldebug_info0:
 256 0000 34020000 		.4byte	0x234
 257 0004 0400     		.2byte	0x4
 258 0006 00000000 		.4byte	.Ldebug_abbrev0
 259 000a 04       		.byte	0x4
 260 000b 01       		.uleb128 0x1
 261 000c CB000000 		.4byte	.LASF32
 262 0010 0C       		.byte	0xc
 263 0011 F8010000 		.4byte	.LASF33
 264 0015 00000000 		.4byte	.LASF34
 265 0019 00000000 		.4byte	.Ldebug_ranges0+0
 266 001d 00000000 		.4byte	0
 267 0021 00000000 		.4byte	.Ldebug_line0
 268 0025 02       		.uleb128 0x2
 269 0026 01       		.byte	0x1
 270 0027 06       		.byte	0x6
 271 0028 AC020000 		.4byte	.LASF0
 272 002c 02       		.uleb128 0x2
 273 002d 01       		.byte	0x1
 274 002e 08       		.byte	0x8
 275 002f A8010000 		.4byte	.LASF1
 276 0033 02       		.uleb128 0x2
 277 0034 02       		.byte	0x2
 278 0035 05       		.byte	0x5
 279 0036 40020000 		.4byte	.LASF2
 280 003a 02       		.uleb128 0x2
 281 003b 02       		.byte	0x2
 282 003c 07       		.byte	0x7
 283 003d 81000000 		.4byte	.LASF3
ARM GAS  C:\Users\andre\AppData\Local\Temp\ccj6BxVG.s 			page 7


 284 0041 03       		.uleb128 0x3
 285 0042 77000000 		.4byte	.LASF9
 286 0046 02       		.byte	0x2
 287 0047 3F       		.byte	0x3f
 288 0048 4C000000 		.4byte	0x4c
 289 004c 02       		.uleb128 0x2
 290 004d 04       		.byte	0x4
 291 004e 05       		.byte	0x5
 292 004f 7B020000 		.4byte	.LASF4
 293 0053 02       		.uleb128 0x2
 294 0054 04       		.byte	0x4
 295 0055 07       		.byte	0x7
 296 0056 59010000 		.4byte	.LASF5
 297 005a 02       		.uleb128 0x2
 298 005b 08       		.byte	0x8
 299 005c 05       		.byte	0x5
 300 005d 27020000 		.4byte	.LASF6
 301 0061 02       		.uleb128 0x2
 302 0062 08       		.byte	0x8
 303 0063 07       		.byte	0x7
 304 0064 D7010000 		.4byte	.LASF7
 305 0068 04       		.uleb128 0x4
 306 0069 04       		.byte	0x4
 307 006a 05       		.byte	0x5
 308 006b 696E7400 		.ascii	"int\000"
 309 006f 02       		.uleb128 0x2
 310 0070 04       		.byte	0x4
 311 0071 07       		.byte	0x7
 312 0072 CA010000 		.4byte	.LASF8
 313 0076 03       		.uleb128 0x3
 314 0077 16020000 		.4byte	.LASF10
 315 007b 03       		.byte	0x3
 316 007c 2C       		.byte	0x2c
 317 007d 41000000 		.4byte	0x41
 318 0081 02       		.uleb128 0x2
 319 0082 04       		.byte	0x4
 320 0083 04       		.byte	0x4
 321 0084 B2000000 		.4byte	.LASF11
 322 0088 02       		.uleb128 0x2
 323 0089 08       		.byte	0x8
 324 008a 04       		.byte	0x4
 325 008b B6010000 		.4byte	.LASF12
 326 008f 02       		.uleb128 0x2
 327 0090 01       		.byte	0x1
 328 0091 08       		.byte	0x8
 329 0092 35020000 		.4byte	.LASF13
 330 0096 02       		.uleb128 0x2
 331 0097 08       		.byte	0x8
 332 0098 04       		.byte	0x4
 333 0099 A0020000 		.4byte	.LASF14
 334 009d 02       		.uleb128 0x2
 335 009e 04       		.byte	0x4
 336 009f 07       		.byte	0x7
 337 00a0 1E020000 		.4byte	.LASF15
 338 00a4 05       		.uleb128 0x5
 339 00a5 B8000000 		.4byte	.LASF35
 340 00a9 01       		.byte	0x1
ARM GAS  C:\Users\andre\AppData\Local\Temp\ccj6BxVG.s 			page 8


 341 00aa 28       		.byte	0x28
 342 00ab 00000000 		.4byte	.LFB69
 343 00af 14000000 		.4byte	.LFE69-.LFB69
 344 00b3 01       		.uleb128 0x1
 345 00b4 9C       		.byte	0x9c
 346 00b5 CC000000 		.4byte	0xcc
 347 00b9 06       		.uleb128 0x6
 348 00ba 06000000 		.4byte	.LVL0
 349 00be EA010000 		.4byte	0x1ea
 350 00c2 06       		.uleb128 0x6
 351 00c3 0E000000 		.4byte	.LVL1
 352 00c7 F5010000 		.4byte	0x1f5
 353 00cb 00       		.byte	0
 354 00cc 07       		.uleb128 0x7
 355 00cd 9D010000 		.4byte	.LASF16
 356 00d1 01       		.byte	0x1
 357 00d2 0A       		.byte	0xa
 358 00d3 00000000 		.4byte	.LFB63
 359 00d7 10000000 		.4byte	.LFE63-.LFB63
 360 00db 01       		.uleb128 0x1
 361 00dc 9C       		.byte	0x9c
 362 00dd F5000000 		.4byte	0xf5
 363 00e1 08       		.uleb128 0x8
 364 00e2 08000000 		.4byte	.LVL2
 365 00e6 00020000 		.4byte	0x200
 366 00ea 09       		.uleb128 0x9
 367 00eb 01       		.uleb128 0x1
 368 00ec 50       		.byte	0x50
 369 00ed 05       		.uleb128 0x5
 370 00ee 03       		.byte	0x3
 371 00ef 00000000 		.4byte	sensor_isr_handler
 372 00f3 00       		.byte	0
 373 00f4 00       		.byte	0
 374 00f5 07       		.uleb128 0x7
 375 00f6 65020000 		.4byte	.LASF17
 376 00fa 01       		.byte	0x1
 377 00fb 0F       		.byte	0xf
 378 00fc 00000000 		.4byte	.LFB64
 379 0100 08000000 		.4byte	.LFE64-.LFB64
 380 0104 01       		.uleb128 0x1
 381 0105 9C       		.byte	0x9c
 382 0106 14010000 		.4byte	0x114
 383 010a 06       		.uleb128 0x6
 384 010b 06000000 		.4byte	.LVL3
 385 010f 0B020000 		.4byte	0x20b
 386 0113 00       		.byte	0
 387 0114 07       		.uleb128 0x7
 388 0115 EE010000 		.4byte	.LASF18
 389 0119 01       		.byte	0x1
 390 011a 14       		.byte	0x14
 391 011b 00000000 		.4byte	.LFB65
 392 011f 08000000 		.4byte	.LFE65-.LFB65
 393 0123 01       		.uleb128 0x1
 394 0124 9C       		.byte	0x9c
 395 0125 33010000 		.4byte	0x133
 396 0129 06       		.uleb128 0x6
 397 012a 06000000 		.4byte	.LVL4
ARM GAS  C:\Users\andre\AppData\Local\Temp\ccj6BxVG.s 			page 9


 398 012e 16020000 		.4byte	0x216
 399 0132 00       		.byte	0
 400 0133 07       		.uleb128 0x7
 401 0134 BD010000 		.4byte	.LASF19
 402 0138 01       		.byte	0x1
 403 0139 19       		.byte	0x19
 404 013a 00000000 		.4byte	.LFB66
 405 013e 0E000000 		.4byte	.LFE66-.LFB66
 406 0142 01       		.uleb128 0x1
 407 0143 9C       		.byte	0x9c
 408 0144 65010000 		.4byte	0x165
 409 0148 0A       		.uleb128 0xa
 410 0149 08000000 		.4byte	.LVL5
 411 014d 21020000 		.4byte	0x221
 412 0151 5B010000 		.4byte	0x15b
 413 0155 09       		.uleb128 0x9
 414 0156 01       		.uleb128 0x1
 415 0157 50       		.byte	0x50
 416 0158 01       		.uleb128 0x1
 417 0159 30       		.byte	0x30
 418 015a 00       		.byte	0
 419 015b 06       		.uleb128 0x6
 420 015c 0C000000 		.4byte	.LVL6
 421 0160 2C020000 		.4byte	0x22c
 422 0164 00       		.byte	0
 423 0165 0B       		.uleb128 0xb
 424 0166 C5020000 		.4byte	.LASF20
 425 016a 01       		.byte	0x1
 426 016b 1E       		.byte	0x1e
 427 016c 81000000 		.4byte	0x81
 428 0170 00000000 		.4byte	.LFB67
 429 0174 14000000 		.4byte	.LFE67-.LFB67
 430 0178 01       		.uleb128 0x1
 431 0179 9C       		.byte	0x9c
 432 017a 8E010000 		.4byte	0x18e
 433 017e 0C       		.uleb128 0xc
 434 017f 3A020000 		.4byte	.LASF22
 435 0183 01       		.byte	0x1
 436 0184 1E       		.byte	0x1e
 437 0185 4C000000 		.4byte	0x4c
 438 0189 00000000 		.4byte	.LLST0
 439 018d 00       		.byte	0
 440 018e 0B       		.uleb128 0xb
 441 018f A8000000 		.4byte	.LASF21
 442 0193 01       		.byte	0x1
 443 0194 23       		.byte	0x23
 444 0195 81000000 		.4byte	0x81
 445 0199 00000000 		.4byte	.LFB68
 446 019d 30000000 		.4byte	.LFE68-.LFB68
 447 01a1 01       		.uleb128 0x1
 448 01a2 9C       		.byte	0x9c
 449 01a3 B7010000 		.4byte	0x1b7
 450 01a7 0C       		.uleb128 0xc
 451 01a8 3A020000 		.4byte	.LASF22
 452 01ac 01       		.byte	0x1
 453 01ad 23       		.byte	0x23
 454 01ae 4C000000 		.4byte	0x4c
ARM GAS  C:\Users\andre\AppData\Local\Temp\ccj6BxVG.s 			page 10


 455 01b2 21000000 		.4byte	.LLST1
 456 01b6 00       		.byte	0
 457 01b7 0D       		.uleb128 0xd
 458 01b8 90010000 		.4byte	.LASF23
 459 01bc 04       		.byte	0x4
 460 01bd 1207     		.2byte	0x712
 461 01bf C3010000 		.4byte	0x1c3
 462 01c3 0E       		.uleb128 0xe
 463 01c4 76000000 		.4byte	0x76
 464 01c8 0F       		.uleb128 0xf
 465 01c9 3A020000 		.4byte	.LASF22
 466 01cd 01       		.byte	0x1
 467 01ce 04       		.byte	0x4
 468 01cf 4C000000 		.4byte	0x4c
 469 01d3 05       		.uleb128 0x5
 470 01d4 03       		.byte	0x3
 471 01d5 00000000 		.4byte	count
 472 01d9 0F       		.uleb128 0xf
 473 01da B8020000 		.4byte	.LASF24
 474 01de 01       		.byte	0x1
 475 01df 05       		.byte	0x5
 476 01e0 68000000 		.4byte	0x68
 477 01e4 05       		.uleb128 0x5
 478 01e5 03       		.byte	0x3
 479 01e6 00000000 		.4byte	newCountFlag
 480 01ea 10       		.uleb128 0x10
 481 01eb 4A020000 		.4byte	.LASF25
 482 01ef 4A020000 		.4byte	.LASF25
 483 01f3 05       		.byte	0x5
 484 01f4 5D       		.byte	0x5d
 485 01f5 10       		.uleb128 0x10
 486 01f6 94000000 		.4byte	.LASF26
 487 01fa 94000000 		.4byte	.LASF26
 488 01fe 05       		.byte	0x5
 489 01ff 50       		.byte	0x50
 490 0200 10       		.uleb128 0x10
 491 0201 77010000 		.4byte	.LASF27
 492 0205 77010000 		.4byte	.LASF27
 493 0209 06       		.byte	0x6
 494 020a 18       		.byte	0x18
 495 020b 10       		.uleb128 0x10
 496 020c 6B010000 		.4byte	.LASF28
 497 0210 6B010000 		.4byte	.LASF28
 498 0214 07       		.byte	0x7
 499 0215 92       		.byte	0x92
 500 0216 10       		.uleb128 0x10
 501 0217 70020000 		.4byte	.LASF29
 502 021b 70020000 		.4byte	.LASF29
 503 021f 07       		.byte	0x7
 504 0220 93       		.byte	0x93
 505 0221 10       		.uleb128 0x10
 506 0222 84020000 		.4byte	.LASF30
 507 0226 84020000 		.4byte	.LASF30
 508 022a 05       		.byte	0x5
 509 022b 5A       		.byte	0x5a
 510 022c 10       		.uleb128 0x10
 511 022d 01020000 		.4byte	.LASF31
ARM GAS  C:\Users\andre\AppData\Local\Temp\ccj6BxVG.s 			page 11


 512 0231 01020000 		.4byte	.LASF31
 513 0235 05       		.byte	0x5
 514 0236 4F       		.byte	0x4f
 515 0237 00       		.byte	0
 516              		.section	.debug_abbrev,"",%progbits
 517              	.Ldebug_abbrev0:
 518 0000 01       		.uleb128 0x1
 519 0001 11       		.uleb128 0x11
 520 0002 01       		.byte	0x1
 521 0003 25       		.uleb128 0x25
 522 0004 0E       		.uleb128 0xe
 523 0005 13       		.uleb128 0x13
 524 0006 0B       		.uleb128 0xb
 525 0007 03       		.uleb128 0x3
 526 0008 0E       		.uleb128 0xe
 527 0009 1B       		.uleb128 0x1b
 528 000a 0E       		.uleb128 0xe
 529 000b 55       		.uleb128 0x55
 530 000c 17       		.uleb128 0x17
 531 000d 11       		.uleb128 0x11
 532 000e 01       		.uleb128 0x1
 533 000f 10       		.uleb128 0x10
 534 0010 17       		.uleb128 0x17
 535 0011 00       		.byte	0
 536 0012 00       		.byte	0
 537 0013 02       		.uleb128 0x2
 538 0014 24       		.uleb128 0x24
 539 0015 00       		.byte	0
 540 0016 0B       		.uleb128 0xb
 541 0017 0B       		.uleb128 0xb
 542 0018 3E       		.uleb128 0x3e
 543 0019 0B       		.uleb128 0xb
 544 001a 03       		.uleb128 0x3
 545 001b 0E       		.uleb128 0xe
 546 001c 00       		.byte	0
 547 001d 00       		.byte	0
 548 001e 03       		.uleb128 0x3
 549 001f 16       		.uleb128 0x16
 550 0020 00       		.byte	0
 551 0021 03       		.uleb128 0x3
 552 0022 0E       		.uleb128 0xe
 553 0023 3A       		.uleb128 0x3a
 554 0024 0B       		.uleb128 0xb
 555 0025 3B       		.uleb128 0x3b
 556 0026 0B       		.uleb128 0xb
 557 0027 49       		.uleb128 0x49
 558 0028 13       		.uleb128 0x13
 559 0029 00       		.byte	0
 560 002a 00       		.byte	0
 561 002b 04       		.uleb128 0x4
 562 002c 24       		.uleb128 0x24
 563 002d 00       		.byte	0
 564 002e 0B       		.uleb128 0xb
 565 002f 0B       		.uleb128 0xb
 566 0030 3E       		.uleb128 0x3e
 567 0031 0B       		.uleb128 0xb
 568 0032 03       		.uleb128 0x3
ARM GAS  C:\Users\andre\AppData\Local\Temp\ccj6BxVG.s 			page 12


 569 0033 08       		.uleb128 0x8
 570 0034 00       		.byte	0
 571 0035 00       		.byte	0
 572 0036 05       		.uleb128 0x5
 573 0037 2E       		.uleb128 0x2e
 574 0038 01       		.byte	0x1
 575 0039 3F       		.uleb128 0x3f
 576 003a 19       		.uleb128 0x19
 577 003b 03       		.uleb128 0x3
 578 003c 0E       		.uleb128 0xe
 579 003d 3A       		.uleb128 0x3a
 580 003e 0B       		.uleb128 0xb
 581 003f 3B       		.uleb128 0x3b
 582 0040 0B       		.uleb128 0xb
 583 0041 27       		.uleb128 0x27
 584 0042 19       		.uleb128 0x19
 585 0043 11       		.uleb128 0x11
 586 0044 01       		.uleb128 0x1
 587 0045 12       		.uleb128 0x12
 588 0046 06       		.uleb128 0x6
 589 0047 40       		.uleb128 0x40
 590 0048 18       		.uleb128 0x18
 591 0049 9742     		.uleb128 0x2117
 592 004b 19       		.uleb128 0x19
 593 004c 01       		.uleb128 0x1
 594 004d 13       		.uleb128 0x13
 595 004e 00       		.byte	0
 596 004f 00       		.byte	0
 597 0050 06       		.uleb128 0x6
 598 0051 898201   		.uleb128 0x4109
 599 0054 00       		.byte	0
 600 0055 11       		.uleb128 0x11
 601 0056 01       		.uleb128 0x1
 602 0057 31       		.uleb128 0x31
 603 0058 13       		.uleb128 0x13
 604 0059 00       		.byte	0
 605 005a 00       		.byte	0
 606 005b 07       		.uleb128 0x7
 607 005c 2E       		.uleb128 0x2e
 608 005d 01       		.byte	0x1
 609 005e 3F       		.uleb128 0x3f
 610 005f 19       		.uleb128 0x19
 611 0060 03       		.uleb128 0x3
 612 0061 0E       		.uleb128 0xe
 613 0062 3A       		.uleb128 0x3a
 614 0063 0B       		.uleb128 0xb
 615 0064 3B       		.uleb128 0x3b
 616 0065 0B       		.uleb128 0xb
 617 0066 11       		.uleb128 0x11
 618 0067 01       		.uleb128 0x1
 619 0068 12       		.uleb128 0x12
 620 0069 06       		.uleb128 0x6
 621 006a 40       		.uleb128 0x40
 622 006b 18       		.uleb128 0x18
 623 006c 9742     		.uleb128 0x2117
 624 006e 19       		.uleb128 0x19
 625 006f 01       		.uleb128 0x1
ARM GAS  C:\Users\andre\AppData\Local\Temp\ccj6BxVG.s 			page 13


 626 0070 13       		.uleb128 0x13
 627 0071 00       		.byte	0
 628 0072 00       		.byte	0
 629 0073 08       		.uleb128 0x8
 630 0074 898201   		.uleb128 0x4109
 631 0077 01       		.byte	0x1
 632 0078 11       		.uleb128 0x11
 633 0079 01       		.uleb128 0x1
 634 007a 31       		.uleb128 0x31
 635 007b 13       		.uleb128 0x13
 636 007c 00       		.byte	0
 637 007d 00       		.byte	0
 638 007e 09       		.uleb128 0x9
 639 007f 8A8201   		.uleb128 0x410a
 640 0082 00       		.byte	0
 641 0083 02       		.uleb128 0x2
 642 0084 18       		.uleb128 0x18
 643 0085 9142     		.uleb128 0x2111
 644 0087 18       		.uleb128 0x18
 645 0088 00       		.byte	0
 646 0089 00       		.byte	0
 647 008a 0A       		.uleb128 0xa
 648 008b 898201   		.uleb128 0x4109
 649 008e 01       		.byte	0x1
 650 008f 11       		.uleb128 0x11
 651 0090 01       		.uleb128 0x1
 652 0091 31       		.uleb128 0x31
 653 0092 13       		.uleb128 0x13
 654 0093 01       		.uleb128 0x1
 655 0094 13       		.uleb128 0x13
 656 0095 00       		.byte	0
 657 0096 00       		.byte	0
 658 0097 0B       		.uleb128 0xb
 659 0098 2E       		.uleb128 0x2e
 660 0099 01       		.byte	0x1
 661 009a 3F       		.uleb128 0x3f
 662 009b 19       		.uleb128 0x19
 663 009c 03       		.uleb128 0x3
 664 009d 0E       		.uleb128 0xe
 665 009e 3A       		.uleb128 0x3a
 666 009f 0B       		.uleb128 0xb
 667 00a0 3B       		.uleb128 0x3b
 668 00a1 0B       		.uleb128 0xb
 669 00a2 27       		.uleb128 0x27
 670 00a3 19       		.uleb128 0x19
 671 00a4 49       		.uleb128 0x49
 672 00a5 13       		.uleb128 0x13
 673 00a6 11       		.uleb128 0x11
 674 00a7 01       		.uleb128 0x1
 675 00a8 12       		.uleb128 0x12
 676 00a9 06       		.uleb128 0x6
 677 00aa 40       		.uleb128 0x40
 678 00ab 18       		.uleb128 0x18
 679 00ac 9642     		.uleb128 0x2116
 680 00ae 19       		.uleb128 0x19
 681 00af 01       		.uleb128 0x1
 682 00b0 13       		.uleb128 0x13
ARM GAS  C:\Users\andre\AppData\Local\Temp\ccj6BxVG.s 			page 14


 683 00b1 00       		.byte	0
 684 00b2 00       		.byte	0
 685 00b3 0C       		.uleb128 0xc
 686 00b4 05       		.uleb128 0x5
 687 00b5 00       		.byte	0
 688 00b6 03       		.uleb128 0x3
 689 00b7 0E       		.uleb128 0xe
 690 00b8 3A       		.uleb128 0x3a
 691 00b9 0B       		.uleb128 0xb
 692 00ba 3B       		.uleb128 0x3b
 693 00bb 0B       		.uleb128 0xb
 694 00bc 49       		.uleb128 0x49
 695 00bd 13       		.uleb128 0x13
 696 00be 02       		.uleb128 0x2
 697 00bf 17       		.uleb128 0x17
 698 00c0 00       		.byte	0
 699 00c1 00       		.byte	0
 700 00c2 0D       		.uleb128 0xd
 701 00c3 34       		.uleb128 0x34
 702 00c4 00       		.byte	0
 703 00c5 03       		.uleb128 0x3
 704 00c6 0E       		.uleb128 0xe
 705 00c7 3A       		.uleb128 0x3a
 706 00c8 0B       		.uleb128 0xb
 707 00c9 3B       		.uleb128 0x3b
 708 00ca 05       		.uleb128 0x5
 709 00cb 49       		.uleb128 0x49
 710 00cc 13       		.uleb128 0x13
 711 00cd 3F       		.uleb128 0x3f
 712 00ce 19       		.uleb128 0x19
 713 00cf 3C       		.uleb128 0x3c
 714 00d0 19       		.uleb128 0x19
 715 00d1 00       		.byte	0
 716 00d2 00       		.byte	0
 717 00d3 0E       		.uleb128 0xe
 718 00d4 35       		.uleb128 0x35
 719 00d5 00       		.byte	0
 720 00d6 49       		.uleb128 0x49
 721 00d7 13       		.uleb128 0x13
 722 00d8 00       		.byte	0
 723 00d9 00       		.byte	0
 724 00da 0F       		.uleb128 0xf
 725 00db 34       		.uleb128 0x34
 726 00dc 00       		.byte	0
 727 00dd 03       		.uleb128 0x3
 728 00de 0E       		.uleb128 0xe
 729 00df 3A       		.uleb128 0x3a
 730 00e0 0B       		.uleb128 0xb
 731 00e1 3B       		.uleb128 0x3b
 732 00e2 0B       		.uleb128 0xb
 733 00e3 49       		.uleb128 0x49
 734 00e4 13       		.uleb128 0x13
 735 00e5 3F       		.uleb128 0x3f
 736 00e6 19       		.uleb128 0x19
 737 00e7 02       		.uleb128 0x2
 738 00e8 18       		.uleb128 0x18
 739 00e9 00       		.byte	0
ARM GAS  C:\Users\andre\AppData\Local\Temp\ccj6BxVG.s 			page 15


 740 00ea 00       		.byte	0
 741 00eb 10       		.uleb128 0x10
 742 00ec 2E       		.uleb128 0x2e
 743 00ed 00       		.byte	0
 744 00ee 3F       		.uleb128 0x3f
 745 00ef 19       		.uleb128 0x19
 746 00f0 3C       		.uleb128 0x3c
 747 00f1 19       		.uleb128 0x19
 748 00f2 6E       		.uleb128 0x6e
 749 00f3 0E       		.uleb128 0xe
 750 00f4 03       		.uleb128 0x3
 751 00f5 0E       		.uleb128 0xe
 752 00f6 3A       		.uleb128 0x3a
 753 00f7 0B       		.uleb128 0xb
 754 00f8 3B       		.uleb128 0x3b
 755 00f9 0B       		.uleb128 0xb
 756 00fa 00       		.byte	0
 757 00fb 00       		.byte	0
 758 00fc 00       		.byte	0
 759              		.section	.debug_loc,"",%progbits
 760              	.Ldebug_loc0:
 761              	.LLST0:
 762 0000 00000000 		.4byte	.LVL7
 763 0004 05000000 		.4byte	.LVL8-1
 764 0008 0100     		.2byte	0x1
 765 000a 50       		.byte	0x50
 766 000b 05000000 		.4byte	.LVL8-1
 767 000f 14000000 		.4byte	.LFE67
 768 0013 0400     		.2byte	0x4
 769 0015 F3       		.byte	0xf3
 770 0016 01       		.uleb128 0x1
 771 0017 50       		.byte	0x50
 772 0018 9F       		.byte	0x9f
 773 0019 00000000 		.4byte	0
 774 001d 00000000 		.4byte	0
 775              	.LLST1:
 776 0021 00000000 		.4byte	.LVL10
 777 0025 05000000 		.4byte	.LVL11-1
 778 0029 0100     		.2byte	0x1
 779 002b 50       		.byte	0x50
 780 002c 05000000 		.4byte	.LVL11-1
 781 0030 30000000 		.4byte	.LFE68
 782 0034 0400     		.2byte	0x4
 783 0036 F3       		.byte	0xf3
 784 0037 01       		.uleb128 0x1
 785 0038 50       		.byte	0x50
 786 0039 9F       		.byte	0x9f
 787 003a 00000000 		.4byte	0
 788 003e 00000000 		.4byte	0
 789              		.section	.debug_aranges,"",%progbits
 790 0000 4C000000 		.4byte	0x4c
 791 0004 0200     		.2byte	0x2
 792 0006 00000000 		.4byte	.Ldebug_info0
 793 000a 04       		.byte	0x4
 794 000b 00       		.byte	0
 795 000c 0000     		.2byte	0
 796 000e 0000     		.2byte	0
ARM GAS  C:\Users\andre\AppData\Local\Temp\ccj6BxVG.s 			page 16


 797 0010 00000000 		.4byte	.LFB69
 798 0014 14000000 		.4byte	.LFE69-.LFB69
 799 0018 00000000 		.4byte	.LFB63
 800 001c 10000000 		.4byte	.LFE63-.LFB63
 801 0020 00000000 		.4byte	.LFB64
 802 0024 08000000 		.4byte	.LFE64-.LFB64
 803 0028 00000000 		.4byte	.LFB65
 804 002c 08000000 		.4byte	.LFE65-.LFB65
 805 0030 00000000 		.4byte	.LFB66
 806 0034 0E000000 		.4byte	.LFE66-.LFB66
 807 0038 00000000 		.4byte	.LFB67
 808 003c 14000000 		.4byte	.LFE67-.LFB67
 809 0040 00000000 		.4byte	.LFB68
 810 0044 30000000 		.4byte	.LFE68-.LFB68
 811 0048 00000000 		.4byte	0
 812 004c 00000000 		.4byte	0
 813              		.section	.debug_ranges,"",%progbits
 814              	.Ldebug_ranges0:
 815 0000 00000000 		.4byte	.LFB69
 816 0004 14000000 		.4byte	.LFE69
 817 0008 00000000 		.4byte	.LFB63
 818 000c 10000000 		.4byte	.LFE63
 819 0010 00000000 		.4byte	.LFB64
 820 0014 08000000 		.4byte	.LFE64
 821 0018 00000000 		.4byte	.LFB65
 822 001c 08000000 		.4byte	.LFE65
 823 0020 00000000 		.4byte	.LFB66
 824 0024 0E000000 		.4byte	.LFE66
 825 0028 00000000 		.4byte	.LFB67
 826 002c 14000000 		.4byte	.LFE67
 827 0030 00000000 		.4byte	.LFB68
 828 0034 30000000 		.4byte	.LFE68
 829 0038 00000000 		.4byte	0
 830 003c 00000000 		.4byte	0
 831              		.section	.debug_line,"",%progbits
 832              	.Ldebug_line0:
 833 0000 F0010000 		.section	.debug_str,"MS",%progbits,1
 833      02007601 
 833      00000201 
 833      FB0E0D00 
 833      01010101 
 834              	.LASF34:
 835 0000 433A5C55 		.ascii	"C:\\Users\\andre\\Google Drive\\Elektronik\\4. Seme"
 835      73657273 
 835      5C616E64 
 835      72655C47 
 835      6F6F676C 
 836 002e 73746572 		.ascii	"ster\\PRJ4 - Semesterprojekt 4\\E4PRJ\\PSoC\\Sensor"
 836      5C50524A 
 836      34202D20 
 836      53656D65 
 836      73746572 
 837 005d 53656E64 		.ascii	"Sender\\SensorSender.cydsn\000"
 837      65725C53 
 837      656E736F 
 837      7253656E 
 837      6465722E 
ARM GAS  C:\Users\andre\AppData\Local\Temp\ccj6BxVG.s 			page 17


 838              	.LASF9:
 839 0077 5F5F696E 		.ascii	"__int32_t\000"
 839      7433325F 
 839      7400
 840              	.LASF3:
 841 0081 73686F72 		.ascii	"short unsigned int\000"
 841      7420756E 
 841      7369676E 
 841      65642069 
 841      6E7400
 842              	.LASF26:
 843 0094 436F756E 		.ascii	"Counter_Sensor_Stop\000"
 843      7465725F 
 843      53656E73 
 843      6F725F53 
 843      746F7000 
 844              	.LASF21:
 845 00a8 63616C63 		.ascii	"calcAngle\000"
 845      416E676C 
 845      6500
 846              	.LASF11:
 847 00b2 666C6F61 		.ascii	"float\000"
 847      7400
 848              	.LASF35:
 849 00b8 73656E73 		.ascii	"sensor_isr_handler\000"
 849      6F725F69 
 849      73725F68 
 849      616E646C 
 849      657200
 850              	.LASF32:
 851 00cb 474E5520 		.ascii	"GNU C11 5.4.1 20160609 (release) [ARM/embedded-5-br"
 851      43313120 
 851      352E342E 
 851      31203230 
 851      31363036 
 852 00fe 616E6368 		.ascii	"anch revision 237715] -mcpu=cortex-m3 -mthumb -g -O"
 852      20726576 
 852      6973696F 
 852      6E203233 
 852      37373135 
 853 0131 67202D66 		.ascii	"g -ffunction-sections -ffat-lto-objects\000"
 853      66756E63 
 853      74696F6E 
 853      2D736563 
 853      74696F6E 
 854              	.LASF5:
 855 0159 6C6F6E67 		.ascii	"long unsigned int\000"
 855      20756E73 
 855      69676E65 
 855      6420696E 
 855      7400
 856              	.LASF28:
 857 016b 50574D5F 		.ascii	"PWM_1_Start\000"
 857      315F5374 
 857      61727400 
 858              	.LASF27:
 859 0177 73656E73 		.ascii	"sensor_input_isr_StartEx\000"
ARM GAS  C:\Users\andre\AppData\Local\Temp\ccj6BxVG.s 			page 18


 859      6F725F69 
 859      6E707574 
 859      5F697372 
 859      5F537461 
 860              	.LASF23:
 861 0190 49544D5F 		.ascii	"ITM_RxBuffer\000"
 861      52784275 
 861      66666572 
 861      00
 862              	.LASF16:
 863 019d 696E6974 		.ascii	"initSensor\000"
 863      53656E73 
 863      6F7200
 864              	.LASF1:
 865 01a8 756E7369 		.ascii	"unsigned char\000"
 865      676E6564 
 865      20636861 
 865      7200
 866              	.LASF12:
 867 01b6 646F7562 		.ascii	"double\000"
 867      6C6500
 868              	.LASF19:
 869 01bd 73746172 		.ascii	"startCounter\000"
 869      74436F75 
 869      6E746572 
 869      00
 870              	.LASF8:
 871 01ca 756E7369 		.ascii	"unsigned int\000"
 871      676E6564 
 871      20696E74 
 871      00
 872              	.LASF7:
 873 01d7 6C6F6E67 		.ascii	"long long unsigned int\000"
 873      206C6F6E 
 873      6720756E 
 873      7369676E 
 873      65642069 
 874              	.LASF18:
 875 01ee 73746F70 		.ascii	"stopBurst\000"
 875      42757273 
 875      7400
 876              	.LASF33:
 877 01f8 73656E73 		.ascii	"sensor.c\000"
 877      6F722E63 
 877      00
 878              	.LASF31:
 879 0201 436F756E 		.ascii	"Counter_Sensor_Start\000"
 879      7465725F 
 879      53656E73 
 879      6F725F53 
 879      74617274 
 880              	.LASF10:
 881 0216 696E7433 		.ascii	"int32_t\000"
 881      325F7400 
 882              	.LASF15:
 883 021e 73697A65 		.ascii	"sizetype\000"
 883      74797065 
ARM GAS  C:\Users\andre\AppData\Local\Temp\ccj6BxVG.s 			page 19


 883      00
 884              	.LASF6:
 885 0227 6C6F6E67 		.ascii	"long long int\000"
 885      206C6F6E 
 885      6720696E 
 885      7400
 886              	.LASF13:
 887 0235 63686172 		.ascii	"char\000"
 887      00
 888              	.LASF22:
 889 023a 636F756E 		.ascii	"count\000"
 889      7400
 890              	.LASF2:
 891 0240 73686F72 		.ascii	"short int\000"
 891      7420696E 
 891      7400
 892              	.LASF25:
 893 024a 436F756E 		.ascii	"Counter_Sensor_ReadCounter\000"
 893      7465725F 
 893      53656E73 
 893      6F725F52 
 893      65616443 
 894              	.LASF17:
 895 0265 73746172 		.ascii	"startBurst\000"
 895      74427572 
 895      737400
 896              	.LASF29:
 897 0270 50574D5F 		.ascii	"PWM_1_Stop\000"
 897      315F5374 
 897      6F7000
 898              	.LASF4:
 899 027b 6C6F6E67 		.ascii	"long int\000"
 899      20696E74 
 899      00
 900              	.LASF30:
 901 0284 436F756E 		.ascii	"Counter_Sensor_WriteCounter\000"
 901      7465725F 
 901      53656E73 
 901      6F725F57 
 901      72697465 
 902              	.LASF14:
 903 02a0 6C6F6E67 		.ascii	"long double\000"
 903      20646F75 
 903      626C6500 
 904              	.LASF0:
 905 02ac 7369676E 		.ascii	"signed char\000"
 905      65642063 
 905      68617200 
 906              	.LASF24:
 907 02b8 6E657743 		.ascii	"newCountFlag\000"
 907      6F756E74 
 907      466C6167 
 907      00
 908              	.LASF20:
 909 02c5 63616C63 		.ascii	"calcTime\000"
 909      54696D65 
 909      00
ARM GAS  C:\Users\andre\AppData\Local\Temp\ccj6BxVG.s 			page 20


 910              		.ident	"GCC: (GNU Tools for ARM Embedded Processors) 5.4.1 20160609 (release) [ARM/embedded-5-bran
