ARM GAS  C:\Users\Jacob\AppData\Local\Temp\cc1Gw3Sn.s 			page 1


   1              		.syntax unified
   2              		.cpu cortex-m3
   3              		.fpu softvfp
   4              		.eabi_attribute 20, 1
   5              		.eabi_attribute 21, 1
   6              		.eabi_attribute 23, 3
   7              		.eabi_attribute 24, 1
   8              		.eabi_attribute 25, 1
   9              		.eabi_attribute 26, 1
  10              		.eabi_attribute 30, 1
  11              		.eabi_attribute 34, 1
  12              		.eabi_attribute 18, 4
  13              		.thumb
  14              		.syntax unified
  15              		.file	"main.c"
  16              		.text
  17              	.Ltext0:
  18              		.cfi_sections	.debug_frame
  19              		.section	.text.main,"ax",%progbits
  20              		.align	2
  21              		.global	main
  22              		.thumb
  23              		.thumb_func
  24              		.type	main, %function
  25              	main:
  26              	.LFB63:
  27              		.file 1 "main.c"
   1:main.c        **** #include "project.h"
   2:main.c        **** #include "Motor.h"
   3:main.c        **** #include "tfInput.h"
   4:main.c        **** 
   5:main.c        **** // Function prototypes
   6:main.c        **** CY_ISR_PROTO(ISR_UART_rx_handler);
   7:main.c        **** void handleByteReceived(uint8_t byteReceived);
   8:main.c        **** 
   9:main.c        **** void Motor_increaseSpeed(int Motor, int *Motor_speed);
  10:main.c        **** void Motor_decreaseSpeed(int Motor, int *Motor_speed);
  11:main.c        **** 
  12:main.c        **** 
  13:main.c        **** // Global variables for motor speeds
  14:main.c        **** int Motor0_speed = 1000;
  15:main.c        **** int Motor1_speed = 1000;
  16:main.c        **** int offset = 5;
  17:main.c        **** int speed;
  18:main.c        **** 
  19:main.c        **** int main(void)
  20:main.c        **** {
  28              		.loc 1 20 0
  29              		.cfi_startproc
  30              		@ Volatile: function does not return.
  31              		@ args = 0, pretend = 0, frame = 0
  32              		@ frame_needed = 0, uses_anonymous_args = 0
  33 0000 08B5     		push	{r3, lr}
  34              		.cfi_def_cfa_offset 8
  35              		.cfi_offset 3, -8
  36              		.cfi_offset 14, -4
  21:main.c        ****     CyGlobalIntEnable; /* Enable global interrupts. */
ARM GAS  C:\Users\Jacob\AppData\Local\Temp\cc1Gw3Sn.s 			page 2


  37              		.loc 1 21 0
  38              		.syntax unified
  39              	@ 21 "main.c" 1
  40 0002 62B6     		CPSIE   i
  41              	@ 0 "" 2
  22:main.c        ****     
  23:main.c        ****     isr_uart_rx_StartEx(ISR_UART_rx_handler);
  42              		.loc 1 23 0
  43              		.thumb
  44              		.syntax unified
  45 0004 0348     		ldr	r0, .L4
  46 0006 FFF7FEFF 		bl	isr_uart_rx_StartEx
  47              	.LVL0:
  24:main.c        ****     UART_1_Start();
  48              		.loc 1 24 0
  49 000a FFF7FEFF 		bl	UART_1_Start
  50              	.LVL1:
  25:main.c        ****     Motor_Init();
  51              		.loc 1 25 0
  52 000e FFF7FEFF 		bl	Motor_Init
  53              	.LVL2:
  54              	.L2:
  55 0012 FEE7     		b	.L2
  56              	.L5:
  57              		.align	2
  58              	.L4:
  59 0014 00000000 		.word	ISR_UART_rx_handler
  60              		.cfi_endproc
  61              	.LFE63:
  62              		.size	main, .-main
  63              		.section	.text.handleByteReceived,"ax",%progbits
  64              		.align	2
  65              		.global	handleByteReceived
  66              		.thumb
  67              		.thumb_func
  68              		.type	handleByteReceived, %function
  69              	handleByteReceived:
  70              	.LFB65:
  26:main.c        ****     for (;;)
  27:main.c        ****     {
  28:main.c        ****     }
  29:main.c        **** }
  30:main.c        **** 
  31:main.c        **** // UART interrupt service routine
  32:main.c        **** CY_ISR(ISR_UART_rx_handler)
  33:main.c        **** {
  34:main.c        ****     uint8_t bytesToRead = UART_1_GetRxBufferSize(); // Get the number of bytes to read
  35:main.c        ****     while (bytesToRead > 0)
  36:main.c        ****     {
  37:main.c        ****         uint8_t byteReceived = UART_1_ReadRxData(); // Read a byte from UART
  38:main.c        ****         UART_1_WriteTxData(byteReceived);           // Echo back the received byte
  39:main.c        **** 
  40:main.c        ****         handleByteReceived(byteReceived); // Handle the received byte
  41:main.c        **** 
  42:main.c        ****         bytesToRead--; // Decrement the byte counter
  43:main.c        ****     }
  44:main.c        **** }
ARM GAS  C:\Users\Jacob\AppData\Local\Temp\cc1Gw3Sn.s 			page 3


  45:main.c        **** 
  46:main.c        **** // Handle received byte and perform corresponding action
  47:main.c        **** void handleByteReceived(uint8_t byteReceived)
  48:main.c        **** {
  71              		.loc 1 48 0
  72              		.cfi_startproc
  73              		@ args = 0, pretend = 0, frame = 0
  74              		@ frame_needed = 0, uses_anonymous_args = 0
  75              	.LVL3:
  76 0000 08B5     		push	{r3, lr}
  77              		.cfi_def_cfa_offset 8
  78              		.cfi_offset 3, -8
  79              		.cfi_offset 14, -4
  49:main.c        ****     switch (byteReceived)
  80              		.loc 1 49 0
  81 0002 3038     		subs	r0, r0, #48
  82              	.LVL4:
  83 0004 4A28     		cmp	r0, #74
  84 0006 52D8     		bhi	.L6
  85 0008 DFE800F0 		tbb	[pc, r0]
  86              	.L9:
  87 000c 3A       		.byte	(.L8-.L9)/2
  88 000d 30       		.byte	(.L10-.L9)/2
  89 000e 35       		.byte	(.L11-.L9)/2
  90 000f 51       		.byte	(.L6-.L9)/2
  91 0010 51       		.byte	(.L6-.L9)/2
  92 0011 51       		.byte	(.L6-.L9)/2
  93 0012 51       		.byte	(.L6-.L9)/2
  94 0013 51       		.byte	(.L6-.L9)/2
  95 0014 51       		.byte	(.L6-.L9)/2
  96 0015 51       		.byte	(.L6-.L9)/2
  97 0016 51       		.byte	(.L6-.L9)/2
  98 0017 51       		.byte	(.L6-.L9)/2
  99 0018 51       		.byte	(.L6-.L9)/2
 100 0019 51       		.byte	(.L6-.L9)/2
 101 001a 51       		.byte	(.L6-.L9)/2
 102 001b 51       		.byte	(.L6-.L9)/2
 103 001c 51       		.byte	(.L6-.L9)/2
 104 001d 51       		.byte	(.L6-.L9)/2
 105 001e 51       		.byte	(.L6-.L9)/2
 106 001f 51       		.byte	(.L6-.L9)/2
 107 0020 51       		.byte	(.L6-.L9)/2
 108 0021 51       		.byte	(.L6-.L9)/2
 109 0022 51       		.byte	(.L6-.L9)/2
 110 0023 51       		.byte	(.L6-.L9)/2
 111 0024 51       		.byte	(.L6-.L9)/2
 112 0025 51       		.byte	(.L6-.L9)/2
 113 0026 51       		.byte	(.L6-.L9)/2
 114 0027 51       		.byte	(.L6-.L9)/2
 115 0028 51       		.byte	(.L6-.L9)/2
 116 0029 51       		.byte	(.L6-.L9)/2
 117 002a 51       		.byte	(.L6-.L9)/2
 118 002b 51       		.byte	(.L6-.L9)/2
 119 002c 51       		.byte	(.L6-.L9)/2
 120 002d 51       		.byte	(.L6-.L9)/2
 121 002e 51       		.byte	(.L6-.L9)/2
 122 002f 51       		.byte	(.L6-.L9)/2
ARM GAS  C:\Users\Jacob\AppData\Local\Temp\cc1Gw3Sn.s 			page 4


 123 0030 51       		.byte	(.L6-.L9)/2
 124 0031 51       		.byte	(.L6-.L9)/2
 125 0032 51       		.byte	(.L6-.L9)/2
 126 0033 51       		.byte	(.L6-.L9)/2
 127 0034 51       		.byte	(.L6-.L9)/2
 128 0035 51       		.byte	(.L6-.L9)/2
 129 0036 51       		.byte	(.L6-.L9)/2
 130 0037 51       		.byte	(.L6-.L9)/2
 131 0038 51       		.byte	(.L6-.L9)/2
 132 0039 51       		.byte	(.L6-.L9)/2
 133 003a 51       		.byte	(.L6-.L9)/2
 134 003b 51       		.byte	(.L6-.L9)/2
 135 003c 51       		.byte	(.L6-.L9)/2
 136 003d 51       		.byte	(.L6-.L9)/2
 137 003e 51       		.byte	(.L6-.L9)/2
 138 003f 47       		.byte	(.L12-.L9)/2
 139 0040 51       		.byte	(.L6-.L9)/2
 140 0041 51       		.byte	(.L6-.L9)/2
 141 0042 51       		.byte	(.L6-.L9)/2
 142 0043 51       		.byte	(.L6-.L9)/2
 143 0044 51       		.byte	(.L6-.L9)/2
 144 0045 51       		.byte	(.L6-.L9)/2
 145 0046 51       		.byte	(.L6-.L9)/2
 146 0047 51       		.byte	(.L6-.L9)/2
 147 0048 51       		.byte	(.L6-.L9)/2
 148 0049 51       		.byte	(.L6-.L9)/2
 149 004a 51       		.byte	(.L6-.L9)/2
 150 004b 51       		.byte	(.L6-.L9)/2
 151 004c 51       		.byte	(.L6-.L9)/2
 152 004d 26       		.byte	(.L13-.L9)/2
 153 004e 51       		.byte	(.L6-.L9)/2
 154 004f 51       		.byte	(.L6-.L9)/2
 155 0050 51       		.byte	(.L6-.L9)/2
 156 0051 51       		.byte	(.L6-.L9)/2
 157 0052 4D       		.byte	(.L14-.L9)/2
 158 0053 2B       		.byte	(.L15-.L9)/2
 159 0054 42       		.byte	(.L16-.L9)/2
 160 0055 51       		.byte	(.L6-.L9)/2
 161 0056 3D       		.byte	(.L17-.L9)/2
 162 0057 00       		.p2align 1
 163              	.L13:
  50:main.c        ****     {
  51:main.c        ****     case 'q':
  52:main.c        ****         setspeed(1, 125);
 164              		.loc 1 52 0
 165 0058 7D21     		movs	r1, #125
 166 005a 0120     		movs	r0, #1
 167 005c FFF7FEFF 		bl	setspeed
 168              	.LVL5:
  53:main.c        ****         break;
 169              		.loc 1 53 0
 170 0060 08BD     		pop	{r3, pc}
 171              	.L15:
  54:main.c        ****     case 'w':
  55:main.c        ****         setspeed(1, 126);
 172              		.loc 1 55 0
 173 0062 7E21     		movs	r1, #126
ARM GAS  C:\Users\Jacob\AppData\Local\Temp\cc1Gw3Sn.s 			page 5


 174 0064 0120     		movs	r0, #1
 175 0066 FFF7FEFF 		bl	setspeed
 176              	.LVL6:
  56:main.c        ****         break;
 177              		.loc 1 56 0
 178 006a 08BD     		pop	{r3, pc}
 179              	.L10:
  57:main.c        ****     case '1':
  58:main.c        ****         setspeed(1, 127);
 180              		.loc 1 58 0
 181 006c 7F21     		movs	r1, #127
 182 006e 0120     		movs	r0, #1
 183 0070 FFF7FEFF 		bl	setspeed
 184              	.LVL7:
  59:main.c        ****         break;
 185              		.loc 1 59 0
 186 0074 08BD     		pop	{r3, pc}
 187              	.L11:
  60:main.c        ****     case '2':
  61:main.c        ****         setspeed(1, 128);
 188              		.loc 1 61 0
 189 0076 8021     		movs	r1, #128
 190 0078 0120     		movs	r0, #1
 191 007a FFF7FEFF 		bl	setspeed
 192              	.LVL8:
  62:main.c        ****         break;
 193              		.loc 1 62 0
 194 007e 08BD     		pop	{r3, pc}
 195              	.L8:
  63:main.c        ****     case '0':
  64:main.c        ****         stop(); // Stop both motors
 196              		.loc 1 64 0
 197 0080 FFF7FEFF 		bl	stop
 198              	.LVL9:
  65:main.c        ****         break;
 199              		.loc 1 65 0
 200 0084 08BD     		pop	{r3, pc}
 201              	.L17:
  66:main.c        ****     case 'z':
  67:main.c        ****         setspeed(0, 0);
 202              		.loc 1 67 0
 203 0086 0021     		movs	r1, #0
 204 0088 0846     		mov	r0, r1
 205 008a FFF7FEFF 		bl	setspeed
 206              	.LVL10:
  68:main.c        ****         break;
 207              		.loc 1 68 0
 208 008e 08BD     		pop	{r3, pc}
 209              	.L16:
  69:main.c        ****     case 'x':
  70:main.c        ****         setspeed(0, 180);
 210              		.loc 1 70 0
 211 0090 B421     		movs	r1, #180
 212 0092 0020     		movs	r0, #0
 213 0094 FFF7FEFF 		bl	setspeed
 214              	.LVL11:
  71:main.c        ****         break;
ARM GAS  C:\Users\Jacob\AppData\Local\Temp\cc1Gw3Sn.s 			page 6


 215              		.loc 1 71 0
 216 0098 08BD     		pop	{r3, pc}
 217              	.L12:
  72:main.c        ****     case 'c':
  73:main.c        ****         setspeed(0, 1000);
 218              		.loc 1 73 0
 219 009a 4FF47A71 		mov	r1, #1000
 220 009e 0020     		movs	r0, #0
 221 00a0 FFF7FEFF 		bl	setspeed
 222              	.LVL12:
  74:main.c        ****         break;
 223              		.loc 1 74 0
 224 00a4 08BD     		pop	{r3, pc}
 225              	.L14:
  75:main.c        ****     case 'v':
  76:main.c        ****         setspeed(0, 150);
 226              		.loc 1 76 0
 227 00a6 9621     		movs	r1, #150
 228 00a8 0020     		movs	r0, #0
 229 00aa FFF7FEFF 		bl	setspeed
 230              	.LVL13:
 231              	.L6:
 232 00ae 08BD     		pop	{r3, pc}
 233              		.cfi_endproc
 234              	.LFE65:
 235              		.size	handleByteReceived, .-handleByteReceived
 236              		.section	.text.ISR_UART_rx_handler,"ax",%progbits
 237              		.align	2
 238              		.global	ISR_UART_rx_handler
 239              		.thumb
 240              		.thumb_func
 241              		.type	ISR_UART_rx_handler, %function
 242              	ISR_UART_rx_handler:
 243              	.LFB64:
  33:main.c        ****     uint8_t bytesToRead = UART_1_GetRxBufferSize(); // Get the number of bytes to read
 244              		.loc 1 33 0
 245              		.cfi_startproc
 246              		@ args = 0, pretend = 0, frame = 0
 247              		@ frame_needed = 0, uses_anonymous_args = 0
 248 0000 38B5     		push	{r3, r4, r5, lr}
 249              		.cfi_def_cfa_offset 16
 250              		.cfi_offset 3, -16
 251              		.cfi_offset 4, -12
 252              		.cfi_offset 5, -8
 253              		.cfi_offset 14, -4
  34:main.c        ****     while (bytesToRead > 0)
 254              		.loc 1 34 0
 255 0002 FFF7FEFF 		bl	UART_1_GetRxBufferSize
 256              	.LVL14:
 257 0006 0446     		mov	r4, r0
 258              	.LVL15:
  35:main.c        ****     {
 259              		.loc 1 35 0
 260 0008 09E0     		b	.L20
 261              	.L21:
 262              	.LBB2:
  37:main.c        ****         UART_1_WriteTxData(byteReceived);           // Echo back the received byte
ARM GAS  C:\Users\Jacob\AppData\Local\Temp\cc1Gw3Sn.s 			page 7


 263              		.loc 1 37 0
 264 000a FFF7FEFF 		bl	UART_1_ReadRxData
 265              	.LVL16:
 266 000e 0546     		mov	r5, r0
 267              	.LVL17:
  38:main.c        **** 
 268              		.loc 1 38 0
 269 0010 FFF7FEFF 		bl	UART_1_WriteTxData
 270              	.LVL18:
  40:main.c        **** 
 271              		.loc 1 40 0
 272 0014 2846     		mov	r0, r5
 273 0016 FFF7FEFF 		bl	handleByteReceived
 274              	.LVL19:
  42:main.c        ****     }
 275              		.loc 1 42 0
 276 001a 013C     		subs	r4, r4, #1
 277              	.LVL20:
 278 001c E4B2     		uxtb	r4, r4
 279              	.LVL21:
 280              	.L20:
 281              	.LBE2:
  35:main.c        ****     {
 282              		.loc 1 35 0
 283 001e 002C     		cmp	r4, #0
 284 0020 F3D1     		bne	.L21
  44:main.c        **** 
 285              		.loc 1 44 0
 286 0022 38BD     		pop	{r3, r4, r5, pc}
 287              		.cfi_endproc
 288              	.LFE64:
 289              		.size	ISR_UART_rx_handler, .-ISR_UART_rx_handler
 290              		.section	.text.Motor_increaseSpeed,"ax",%progbits
 291              		.align	2
 292              		.global	Motor_increaseSpeed
 293              		.thumb
 294              		.thumb_func
 295              		.type	Motor_increaseSpeed, %function
 296              	Motor_increaseSpeed:
 297              	.LFB66:
  77:main.c        ****         break;
  78:main.c        ****     default:
  79:main.c        ****         // Do nothing for unrecognized commands
  80:main.c        ****         break;
  81:main.c        ****     }
  82:main.c        **** }
  83:main.c        **** 
  84:main.c        **** // Increase motor speed
  85:main.c        **** void Motor_increaseSpeed(int Motor, int *Motor_speed)
  86:main.c        **** {
 298              		.loc 1 86 0
 299              		.cfi_startproc
 300              		@ args = 0, pretend = 0, frame = 0
 301              		@ frame_needed = 0, uses_anonymous_args = 0
 302              	.LVL22:
 303 0000 10B5     		push	{r4, lr}
 304              		.cfi_def_cfa_offset 8
ARM GAS  C:\Users\Jacob\AppData\Local\Temp\cc1Gw3Sn.s 			page 8


 305              		.cfi_offset 4, -8
 306              		.cfi_offset 14, -4
 307 0002 0C46     		mov	r4, r1
  87:main.c        ****     if (*Motor_speed < 2000 && Motor == 0)
 308              		.loc 1 87 0
 309 0004 0B68     		ldr	r3, [r1]
 310 0006 B3F5FA6F 		cmp	r3, #2000
 311 000a 0ADA     		bge	.L24
 312              		.loc 1 87 0 is_stmt 0 discriminator 1
 313 000c 48B9     		cbnz	r0, .L24
  88:main.c        ****     {
  89:main.c        ****         UART_1_PutString("Increasing speed\r\n");
 314              		.loc 1 89 0 is_stmt 1
 315 000e 0E48     		ldr	r0, .L28
 316              	.LVL23:
 317 0010 FFF7FEFF 		bl	UART_1_PutString
 318              	.LVL24:
  90:main.c        ****         (*Motor_speed)++;
 319              		.loc 1 90 0
 320 0014 2068     		ldr	r0, [r4]
 321 0016 0130     		adds	r0, r0, #1
 322 0018 2060     		str	r0, [r4]
  91:main.c        ****         PWM_1_WriteCompare1(*Motor_speed); // Update PWM compare value for motor 0
 323              		.loc 1 91 0
 324 001a 80B2     		uxth	r0, r0
 325 001c FFF7FEFF 		bl	PWM_1_WriteCompare1
 326              	.LVL25:
 327 0020 10BD     		pop	{r4, pc}
 328              	.LVL26:
 329              	.L24:
  92:main.c        ****     }
  93:main.c        ****     else if (*Motor_speed < 2000 && Motor == 1)
 330              		.loc 1 93 0
 331 0022 B3F5FA6F 		cmp	r3, #2000
 332 0026 0BDA     		bge	.L26
 333              		.loc 1 93 0 is_stmt 0 discriminator 1
 334 0028 0128     		cmp	r0, #1
 335 002a 09D1     		bne	.L26
  94:main.c        ****     {
  95:main.c        ****         UART_1_PutString("Increasing speed\r\n");
 336              		.loc 1 95 0 is_stmt 1
 337 002c 0648     		ldr	r0, .L28
 338              	.LVL27:
 339 002e FFF7FEFF 		bl	UART_1_PutString
 340              	.LVL28:
  96:main.c        ****         (*Motor_speed)++;
 341              		.loc 1 96 0
 342 0032 2068     		ldr	r0, [r4]
 343 0034 0130     		adds	r0, r0, #1
 344 0036 2060     		str	r0, [r4]
  97:main.c        ****         PWM_1_WriteCompare2(*Motor_speed); // Update PWM compare value for motor 1
 345              		.loc 1 97 0
 346 0038 80B2     		uxth	r0, r0
 347 003a FFF7FEFF 		bl	PWM_1_WriteCompare2
 348              	.LVL29:
 349 003e 10BD     		pop	{r4, pc}
 350              	.LVL30:
ARM GAS  C:\Users\Jacob\AppData\Local\Temp\cc1Gw3Sn.s 			page 9


 351              	.L26:
  98:main.c        ****     }
  99:main.c        ****     else
 100:main.c        ****     {
 101:main.c        ****         UART_1_PutString("TOO FAST\r\n"); // Speed limit reached
 352              		.loc 1 101 0
 353 0040 0248     		ldr	r0, .L28+4
 354              	.LVL31:
 355 0042 FFF7FEFF 		bl	UART_1_PutString
 356              	.LVL32:
 357 0046 10BD     		pop	{r4, pc}
 358              	.LVL33:
 359              	.L29:
 360              		.align	2
 361              	.L28:
 362 0048 00000000 		.word	.LC0
 363 004c 14000000 		.word	.LC1
 364              		.cfi_endproc
 365              	.LFE66:
 366              		.size	Motor_increaseSpeed, .-Motor_increaseSpeed
 367              		.section	.text.Motor_decreaseSpeed,"ax",%progbits
 368              		.align	2
 369              		.global	Motor_decreaseSpeed
 370              		.thumb
 371              		.thumb_func
 372              		.type	Motor_decreaseSpeed, %function
 373              	Motor_decreaseSpeed:
 374              	.LFB67:
 102:main.c        ****     }
 103:main.c        **** }
 104:main.c        **** 
 105:main.c        **** // Decrease motor speed
 106:main.c        **** void Motor_decreaseSpeed(int Motor, int *Motor_speed)
 107:main.c        **** {
 375              		.loc 1 107 0
 376              		.cfi_startproc
 377              		@ args = 0, pretend = 0, frame = 0
 378              		@ frame_needed = 0, uses_anonymous_args = 0
 379              	.LVL34:
 380 0000 10B5     		push	{r4, lr}
 381              		.cfi_def_cfa_offset 8
 382              		.cfi_offset 4, -8
 383              		.cfi_offset 14, -4
 384 0002 0C46     		mov	r4, r1
 108:main.c        ****     if (*Motor_speed > 1000 && Motor == 0)
 385              		.loc 1 108 0
 386 0004 0B68     		ldr	r3, [r1]
 387 0006 B3F57A7F 		cmp	r3, #1000
 388 000a 0ADD     		ble	.L31
 389              		.loc 1 108 0 is_stmt 0 discriminator 1
 390 000c 48B9     		cbnz	r0, .L31
 109:main.c        ****     {
 110:main.c        ****         UART_1_PutString("Decreasing speed\r\n");
 391              		.loc 1 110 0 is_stmt 1
 392 000e 0E48     		ldr	r0, .L35
 393              	.LVL35:
 394 0010 FFF7FEFF 		bl	UART_1_PutString
ARM GAS  C:\Users\Jacob\AppData\Local\Temp\cc1Gw3Sn.s 			page 10


 395              	.LVL36:
 111:main.c        ****         (*Motor_speed)--;
 396              		.loc 1 111 0
 397 0014 2068     		ldr	r0, [r4]
 398 0016 0138     		subs	r0, r0, #1
 399 0018 2060     		str	r0, [r4]
 112:main.c        ****         PWM_1_WriteCompare1(*Motor_speed); // Update PWM compare value for motor 0
 400              		.loc 1 112 0
 401 001a 80B2     		uxth	r0, r0
 402 001c FFF7FEFF 		bl	PWM_1_WriteCompare1
 403              	.LVL37:
 404 0020 10BD     		pop	{r4, pc}
 405              	.LVL38:
 406              	.L31:
 113:main.c        ****     }
 114:main.c        ****     else if (*Motor_speed > 1000 && Motor == 1)
 407              		.loc 1 114 0
 408 0022 B3F57A7F 		cmp	r3, #1000
 409 0026 0BDD     		ble	.L33
 410              		.loc 1 114 0 is_stmt 0 discriminator 1
 411 0028 0128     		cmp	r0, #1
 412 002a 09D1     		bne	.L33
 115:main.c        ****     {
 116:main.c        ****         UART_1_PutString("Decreasing speed\r\n");
 413              		.loc 1 116 0 is_stmt 1
 414 002c 0648     		ldr	r0, .L35
 415              	.LVL39:
 416 002e FFF7FEFF 		bl	UART_1_PutString
 417              	.LVL40:
 117:main.c        ****         (*Motor_speed)--;
 418              		.loc 1 117 0
 419 0032 2068     		ldr	r0, [r4]
 420 0034 0138     		subs	r0, r0, #1
 421 0036 2060     		str	r0, [r4]
 118:main.c        ****         PWM_1_WriteCompare2(*Motor_speed); // Update PWM compare value for motor 1
 422              		.loc 1 118 0
 423 0038 80B2     		uxth	r0, r0
 424 003a FFF7FEFF 		bl	PWM_1_WriteCompare2
 425              	.LVL41:
 426 003e 10BD     		pop	{r4, pc}
 427              	.LVL42:
 428              	.L33:
 119:main.c        ****     }
 120:main.c        ****     else
 121:main.c        ****     {
 122:main.c        ****         UART_1_PutString("TOO SLOW\r\n"); // Speed limit reached
 429              		.loc 1 122 0
 430 0040 0248     		ldr	r0, .L35+4
 431              	.LVL43:
 432 0042 FFF7FEFF 		bl	UART_1_PutString
 433              	.LVL44:
 434 0046 10BD     		pop	{r4, pc}
 435              	.LVL45:
 436              	.L36:
 437              		.align	2
 438              	.L35:
 439 0048 20000000 		.word	.LC2
ARM GAS  C:\Users\Jacob\AppData\Local\Temp\cc1Gw3Sn.s 			page 11


 440 004c 34000000 		.word	.LC3
 441              		.cfi_endproc
 442              	.LFE67:
 443              		.size	Motor_decreaseSpeed, .-Motor_decreaseSpeed
 444              		.comm	speed,4,4
 445              		.global	offset
 446              		.global	Motor1_speed
 447              		.global	Motor0_speed
 448              		.data
 449              		.align	2
 450              		.type	offset, %object
 451              		.size	offset, 4
 452              	offset:
 453 0000 05000000 		.word	5
 454              		.type	Motor1_speed, %object
 455              		.size	Motor1_speed, 4
 456              	Motor1_speed:
 457 0004 E8030000 		.word	1000
 458              		.type	Motor0_speed, %object
 459              		.size	Motor0_speed, 4
 460              	Motor0_speed:
 461 0008 E8030000 		.word	1000
 462              		.section	.rodata.str1.4,"aMS",%progbits,1
 463              		.align	2
 464              	.LC0:
 465 0000 496E6372 		.ascii	"Increasing speed\015\012\000"
 465      65617369 
 465      6E672073 
 465      70656564 
 465      0D0A00
 466 0013 00       		.space	1
 467              	.LC1:
 468 0014 544F4F20 		.ascii	"TOO FAST\015\012\000"
 468      46415354 
 468      0D0A00
 469 001f 00       		.space	1
 470              	.LC2:
 471 0020 44656372 		.ascii	"Decreasing speed\015\012\000"
 471      65617369 
 471      6E672073 
 471      70656564 
 471      0D0A00
 472 0033 00       		.space	1
 473              	.LC3:
 474 0034 544F4F20 		.ascii	"TOO SLOW\015\012\000"
 474      534C4F57 
 474      0D0A00
 475              		.text
 476              	.Letext0:
 477              		.file 2 "c:\\program files (x86)\\cypress\\psoc creator\\4.4\\psoc creator\\import\\gnu\\arm\\5.4.
 478              		.file 3 "c:\\program files (x86)\\cypress\\psoc creator\\4.4\\psoc creator\\import\\gnu\\arm\\5.4.
 479              		.file 4 "Generated_Source\\PSoC5/core_cm3.h"
 480              		.file 5 "Generated_Source\\PSoC5/isr_uart_rx.h"
 481              		.file 6 "Generated_Source\\PSoC5/UART_1.h"
 482              		.file 7 "Motor.h"
 483              		.file 8 "Generated_Source\\PSoC5/PWM_1.h"
 484              		.section	.debug_info,"",%progbits
ARM GAS  C:\Users\Jacob\AppData\Local\Temp\cc1Gw3Sn.s 			page 12


 485              	.Ldebug_info0:
 486 0000 46040000 		.4byte	0x446
 487 0004 0400     		.2byte	0x4
 488 0006 00000000 		.4byte	.Ldebug_abbrev0
 489 000a 04       		.byte	0x4
 490 000b 01       		.uleb128 0x1
 491 000c C3000000 		.4byte	.LASF42
 492 0010 0C       		.byte	0xc
 493 0011 A3020000 		.4byte	.LASF43
 494 0015 33020000 		.4byte	.LASF44
 495 0019 00000000 		.4byte	.Ldebug_ranges0+0
 496 001d 00000000 		.4byte	0
 497 0021 00000000 		.4byte	.Ldebug_line0
 498 0025 02       		.uleb128 0x2
 499 0026 01       		.byte	0x1
 500 0027 06       		.byte	0x6
 501 0028 00030000 		.4byte	.LASF0
 502 002c 03       		.uleb128 0x3
 503 002d 2F000000 		.4byte	.LASF4
 504 0031 02       		.byte	0x2
 505 0032 1D       		.byte	0x1d
 506 0033 37000000 		.4byte	0x37
 507 0037 02       		.uleb128 0x2
 508 0038 01       		.byte	0x1
 509 0039 08       		.byte	0x8
 510 003a B5000000 		.4byte	.LASF1
 511 003e 02       		.uleb128 0x2
 512 003f 02       		.byte	0x2
 513 0040 05       		.byte	0x5
 514 0041 CE020000 		.4byte	.LASF2
 515 0045 02       		.uleb128 0x2
 516 0046 02       		.byte	0x2
 517 0047 07       		.byte	0x7
 518 0048 5D000000 		.4byte	.LASF3
 519 004c 03       		.uleb128 0x3
 520 004d 53000000 		.4byte	.LASF5
 521 0051 02       		.byte	0x2
 522 0052 3F       		.byte	0x3f
 523 0053 57000000 		.4byte	0x57
 524 0057 02       		.uleb128 0x2
 525 0058 04       		.byte	0x4
 526 0059 05       		.byte	0x5
 527 005a D8020000 		.4byte	.LASF6
 528 005e 02       		.uleb128 0x2
 529 005f 04       		.byte	0x4
 530 0060 07       		.byte	0x7
 531 0061 65010000 		.4byte	.LASF7
 532 0065 02       		.uleb128 0x2
 533 0066 08       		.byte	0x8
 534 0067 05       		.byte	0x5
 535 0068 00000000 		.4byte	.LASF8
 536 006c 02       		.uleb128 0x2
 537 006d 08       		.byte	0x8
 538 006e 07       		.byte	0x7
 539 006f DA010000 		.4byte	.LASF9
 540 0073 04       		.uleb128 0x4
 541 0074 04       		.byte	0x4
ARM GAS  C:\Users\Jacob\AppData\Local\Temp\cc1Gw3Sn.s 			page 13


 542 0075 05       		.byte	0x5
 543 0076 696E7400 		.ascii	"int\000"
 544 007a 02       		.uleb128 0x2
 545 007b 04       		.byte	0x4
 546 007c 07       		.byte	0x7
 547 007d CD010000 		.4byte	.LASF10
 548 0081 03       		.uleb128 0x3
 549 0082 F1010000 		.4byte	.LASF11
 550 0086 03       		.byte	0x3
 551 0087 18       		.byte	0x18
 552 0088 2C000000 		.4byte	0x2c
 553 008c 03       		.uleb128 0x3
 554 008d A4000000 		.4byte	.LASF12
 555 0091 03       		.byte	0x3
 556 0092 2C       		.byte	0x2c
 557 0093 4C000000 		.4byte	0x4c
 558 0097 02       		.uleb128 0x2
 559 0098 04       		.byte	0x4
 560 0099 04       		.byte	0x4
 561 009a 4D000000 		.4byte	.LASF13
 562 009e 02       		.uleb128 0x2
 563 009f 08       		.byte	0x8
 564 00a0 04       		.byte	0x4
 565 00a1 C1010000 		.4byte	.LASF14
 566 00a5 02       		.uleb128 0x2
 567 00a6 01       		.byte	0x1
 568 00a7 08       		.byte	0x8
 569 00a8 AA020000 		.4byte	.LASF15
 570 00ac 02       		.uleb128 0x2
 571 00ad 08       		.byte	0x8
 572 00ae 04       		.byte	0x4
 573 00af EE020000 		.4byte	.LASF16
 574 00b3 02       		.uleb128 0x2
 575 00b4 04       		.byte	0x4
 576 00b5 07       		.byte	0x7
 577 00b6 2A020000 		.4byte	.LASF17
 578 00ba 05       		.uleb128 0x5
 579 00bb C8010000 		.4byte	.LASF45
 580 00bf 01       		.byte	0x1
 581 00c0 13       		.byte	0x13
 582 00c1 73000000 		.4byte	0x73
 583 00c5 00000000 		.4byte	.LFB63
 584 00c9 18000000 		.4byte	.LFE63-.LFB63
 585 00cd 01       		.uleb128 0x1
 586 00ce 9C       		.byte	0x9c
 587 00cf FD000000 		.4byte	0xfd
 588 00d3 06       		.uleb128 0x6
 589 00d4 0A000000 		.4byte	.LVL0
 590 00d8 D0030000 		.4byte	0x3d0
 591 00dc EA000000 		.4byte	0xea
 592 00e0 07       		.uleb128 0x7
 593 00e1 01       		.uleb128 0x1
 594 00e2 50       		.byte	0x50
 595 00e3 05       		.uleb128 0x5
 596 00e4 03       		.byte	0x3
 597 00e5 00000000 		.4byte	ISR_UART_rx_handler
 598 00e9 00       		.byte	0
ARM GAS  C:\Users\Jacob\AppData\Local\Temp\cc1Gw3Sn.s 			page 14


 599 00ea 08       		.uleb128 0x8
 600 00eb 0E000000 		.4byte	.LVL1
 601 00ef DB030000 		.4byte	0x3db
 602 00f3 08       		.uleb128 0x8
 603 00f4 12000000 		.4byte	.LVL2
 604 00f8 E6030000 		.4byte	0x3e6
 605 00fc 00       		.byte	0
 606 00fd 09       		.uleb128 0x9
 607 00fe 89010000 		.4byte	.LASF18
 608 0102 01       		.byte	0x1
 609 0103 2F       		.byte	0x2f
 610 0104 00000000 		.4byte	.LFB65
 611 0108 B0000000 		.4byte	.LFE65-.LFB65
 612 010c 01       		.uleb128 0x1
 613 010d 9C       		.byte	0x9c
 614 010e EF010000 		.4byte	0x1ef
 615 0112 0A       		.uleb128 0xa
 616 0113 1D030000 		.4byte	.LASF21
 617 0117 01       		.byte	0x1
 618 0118 2F       		.byte	0x2f
 619 0119 81000000 		.4byte	0x81
 620 011d 00000000 		.4byte	.LLST0
 621 0121 06       		.uleb128 0x6
 622 0122 60000000 		.4byte	.LVL5
 623 0126 F1030000 		.4byte	0x3f1
 624 012a 3A010000 		.4byte	0x13a
 625 012e 07       		.uleb128 0x7
 626 012f 01       		.uleb128 0x1
 627 0130 50       		.byte	0x50
 628 0131 01       		.uleb128 0x1
 629 0132 31       		.byte	0x31
 630 0133 07       		.uleb128 0x7
 631 0134 01       		.uleb128 0x1
 632 0135 51       		.byte	0x51
 633 0136 02       		.uleb128 0x2
 634 0137 08       		.byte	0x8
 635 0138 7D       		.byte	0x7d
 636 0139 00       		.byte	0
 637 013a 06       		.uleb128 0x6
 638 013b 6A000000 		.4byte	.LVL6
 639 013f F1030000 		.4byte	0x3f1
 640 0143 53010000 		.4byte	0x153
 641 0147 07       		.uleb128 0x7
 642 0148 01       		.uleb128 0x1
 643 0149 50       		.byte	0x50
 644 014a 01       		.uleb128 0x1
 645 014b 31       		.byte	0x31
 646 014c 07       		.uleb128 0x7
 647 014d 01       		.uleb128 0x1
 648 014e 51       		.byte	0x51
 649 014f 02       		.uleb128 0x2
 650 0150 08       		.byte	0x8
 651 0151 7E       		.byte	0x7e
 652 0152 00       		.byte	0
 653 0153 06       		.uleb128 0x6
 654 0154 74000000 		.4byte	.LVL7
 655 0158 F1030000 		.4byte	0x3f1
ARM GAS  C:\Users\Jacob\AppData\Local\Temp\cc1Gw3Sn.s 			page 15


 656 015c 6C010000 		.4byte	0x16c
 657 0160 07       		.uleb128 0x7
 658 0161 01       		.uleb128 0x1
 659 0162 50       		.byte	0x50
 660 0163 01       		.uleb128 0x1
 661 0164 31       		.byte	0x31
 662 0165 07       		.uleb128 0x7
 663 0166 01       		.uleb128 0x1
 664 0167 51       		.byte	0x51
 665 0168 02       		.uleb128 0x2
 666 0169 08       		.byte	0x8
 667 016a 7F       		.byte	0x7f
 668 016b 00       		.byte	0
 669 016c 06       		.uleb128 0x6
 670 016d 7E000000 		.4byte	.LVL8
 671 0171 F1030000 		.4byte	0x3f1
 672 0175 85010000 		.4byte	0x185
 673 0179 07       		.uleb128 0x7
 674 017a 01       		.uleb128 0x1
 675 017b 50       		.byte	0x50
 676 017c 01       		.uleb128 0x1
 677 017d 31       		.byte	0x31
 678 017e 07       		.uleb128 0x7
 679 017f 01       		.uleb128 0x1
 680 0180 51       		.byte	0x51
 681 0181 02       		.uleb128 0x2
 682 0182 08       		.byte	0x8
 683 0183 80       		.byte	0x80
 684 0184 00       		.byte	0
 685 0185 08       		.uleb128 0x8
 686 0186 84000000 		.4byte	.LVL9
 687 018a FC030000 		.4byte	0x3fc
 688 018e 06       		.uleb128 0x6
 689 018f 8E000000 		.4byte	.LVL10
 690 0193 F1030000 		.4byte	0x3f1
 691 0197 A6010000 		.4byte	0x1a6
 692 019b 07       		.uleb128 0x7
 693 019c 01       		.uleb128 0x1
 694 019d 50       		.byte	0x50
 695 019e 01       		.uleb128 0x1
 696 019f 30       		.byte	0x30
 697 01a0 07       		.uleb128 0x7
 698 01a1 01       		.uleb128 0x1
 699 01a2 51       		.byte	0x51
 700 01a3 01       		.uleb128 0x1
 701 01a4 30       		.byte	0x30
 702 01a5 00       		.byte	0
 703 01a6 06       		.uleb128 0x6
 704 01a7 98000000 		.4byte	.LVL11
 705 01ab F1030000 		.4byte	0x3f1
 706 01af BF010000 		.4byte	0x1bf
 707 01b3 07       		.uleb128 0x7
 708 01b4 01       		.uleb128 0x1
 709 01b5 50       		.byte	0x50
 710 01b6 01       		.uleb128 0x1
 711 01b7 30       		.byte	0x30
 712 01b8 07       		.uleb128 0x7
ARM GAS  C:\Users\Jacob\AppData\Local\Temp\cc1Gw3Sn.s 			page 16


 713 01b9 01       		.uleb128 0x1
 714 01ba 51       		.byte	0x51
 715 01bb 02       		.uleb128 0x2
 716 01bc 08       		.byte	0x8
 717 01bd B4       		.byte	0xb4
 718 01be 00       		.byte	0
 719 01bf 06       		.uleb128 0x6
 720 01c0 A4000000 		.4byte	.LVL12
 721 01c4 F1030000 		.4byte	0x3f1
 722 01c8 D9010000 		.4byte	0x1d9
 723 01cc 07       		.uleb128 0x7
 724 01cd 01       		.uleb128 0x1
 725 01ce 50       		.byte	0x50
 726 01cf 01       		.uleb128 0x1
 727 01d0 30       		.byte	0x30
 728 01d1 07       		.uleb128 0x7
 729 01d2 01       		.uleb128 0x1
 730 01d3 51       		.byte	0x51
 731 01d4 03       		.uleb128 0x3
 732 01d5 0A       		.byte	0xa
 733 01d6 E803     		.2byte	0x3e8
 734 01d8 00       		.byte	0
 735 01d9 0B       		.uleb128 0xb
 736 01da AE000000 		.4byte	.LVL13
 737 01de F1030000 		.4byte	0x3f1
 738 01e2 07       		.uleb128 0x7
 739 01e3 01       		.uleb128 0x1
 740 01e4 50       		.byte	0x50
 741 01e5 01       		.uleb128 0x1
 742 01e6 30       		.byte	0x30
 743 01e7 07       		.uleb128 0x7
 744 01e8 01       		.uleb128 0x1
 745 01e9 51       		.byte	0x51
 746 01ea 02       		.uleb128 0x2
 747 01eb 08       		.byte	0x8
 748 01ec 96       		.byte	0x96
 749 01ed 00       		.byte	0
 750 01ee 00       		.byte	0
 751 01ef 09       		.uleb128 0x9
 752 01f0 51010000 		.4byte	.LASF19
 753 01f4 01       		.byte	0x1
 754 01f5 20       		.byte	0x20
 755 01f6 00000000 		.4byte	.LFB64
 756 01fa 24000000 		.4byte	.LFE64-.LFB64
 757 01fe 01       		.uleb128 0x1
 758 01ff 9C       		.byte	0x9c
 759 0200 67020000 		.4byte	0x267
 760 0204 0C       		.uleb128 0xc
 761 0205 98000000 		.4byte	.LASF20
 762 0209 01       		.byte	0x1
 763 020a 22       		.byte	0x22
 764 020b 81000000 		.4byte	0x81
 765 020f 21000000 		.4byte	.LLST1
 766 0213 0D       		.uleb128 0xd
 767 0214 0A000000 		.4byte	.LBB2
 768 0218 14000000 		.4byte	.LBE2-.LBB2
 769 021c 5D020000 		.4byte	0x25d
ARM GAS  C:\Users\Jacob\AppData\Local\Temp\cc1Gw3Sn.s 			page 17


 770 0220 0C       		.uleb128 0xc
 771 0221 1D030000 		.4byte	.LASF21
 772 0225 01       		.byte	0x1
 773 0226 25       		.byte	0x25
 774 0227 81000000 		.4byte	0x81
 775 022b 3F000000 		.4byte	.LLST2
 776 022f 08       		.uleb128 0x8
 777 0230 0E000000 		.4byte	.LVL16
 778 0234 07040000 		.4byte	0x407
 779 0238 06       		.uleb128 0x6
 780 0239 14000000 		.4byte	.LVL18
 781 023d 12040000 		.4byte	0x412
 782 0241 4C020000 		.4byte	0x24c
 783 0245 07       		.uleb128 0x7
 784 0246 01       		.uleb128 0x1
 785 0247 50       		.byte	0x50
 786 0248 02       		.uleb128 0x2
 787 0249 75       		.byte	0x75
 788 024a 00       		.sleb128 0
 789 024b 00       		.byte	0
 790 024c 0B       		.uleb128 0xb
 791 024d 1A000000 		.4byte	.LVL19
 792 0251 FD000000 		.4byte	0xfd
 793 0255 07       		.uleb128 0x7
 794 0256 01       		.uleb128 0x1
 795 0257 50       		.byte	0x50
 796 0258 02       		.uleb128 0x2
 797 0259 75       		.byte	0x75
 798 025a 00       		.sleb128 0
 799 025b 00       		.byte	0
 800 025c 00       		.byte	0
 801 025d 08       		.uleb128 0x8
 802 025e 06000000 		.4byte	.LVL14
 803 0262 1D040000 		.4byte	0x41d
 804 0266 00       		.byte	0
 805 0267 09       		.uleb128 0x9
 806 0268 39000000 		.4byte	.LASF22
 807 026c 01       		.byte	0x1
 808 026d 55       		.byte	0x55
 809 026e 00000000 		.4byte	.LFB66
 810 0272 50000000 		.4byte	.LFE66-.LFB66
 811 0276 01       		.uleb128 0x1
 812 0277 9C       		.byte	0x9c
 813 0278 EE020000 		.4byte	0x2ee
 814 027c 0A       		.uleb128 0xa
 815 027d FA020000 		.4byte	.LASF23
 816 0281 01       		.byte	0x1
 817 0282 55       		.byte	0x55
 818 0283 73000000 		.4byte	0x73
 819 0287 52000000 		.4byte	.LLST3
 820 028b 0A       		.uleb128 0xa
 821 028c 2A030000 		.4byte	.LASF24
 822 0290 01       		.byte	0x1
 823 0291 55       		.byte	0x55
 824 0292 EE020000 		.4byte	0x2ee
 825 0296 A5000000 		.4byte	.LLST4
 826 029a 06       		.uleb128 0x6
ARM GAS  C:\Users\Jacob\AppData\Local\Temp\cc1Gw3Sn.s 			page 18


 827 029b 14000000 		.4byte	.LVL24
 828 029f 28040000 		.4byte	0x428
 829 02a3 B1020000 		.4byte	0x2b1
 830 02a7 07       		.uleb128 0x7
 831 02a8 01       		.uleb128 0x1
 832 02a9 50       		.byte	0x50
 833 02aa 05       		.uleb128 0x5
 834 02ab 03       		.byte	0x3
 835 02ac 00000000 		.4byte	.LC0
 836 02b0 00       		.byte	0
 837 02b1 08       		.uleb128 0x8
 838 02b2 20000000 		.4byte	.LVL25
 839 02b6 33040000 		.4byte	0x433
 840 02ba 06       		.uleb128 0x6
 841 02bb 32000000 		.4byte	.LVL28
 842 02bf 28040000 		.4byte	0x428
 843 02c3 D1020000 		.4byte	0x2d1
 844 02c7 07       		.uleb128 0x7
 845 02c8 01       		.uleb128 0x1
 846 02c9 50       		.byte	0x50
 847 02ca 05       		.uleb128 0x5
 848 02cb 03       		.byte	0x3
 849 02cc 00000000 		.4byte	.LC0
 850 02d0 00       		.byte	0
 851 02d1 08       		.uleb128 0x8
 852 02d2 3E000000 		.4byte	.LVL29
 853 02d6 3E040000 		.4byte	0x43e
 854 02da 0B       		.uleb128 0xb
 855 02db 46000000 		.4byte	.LVL32
 856 02df 28040000 		.4byte	0x428
 857 02e3 07       		.uleb128 0x7
 858 02e4 01       		.uleb128 0x1
 859 02e5 50       		.byte	0x50
 860 02e6 05       		.uleb128 0x5
 861 02e7 03       		.byte	0x3
 862 02e8 14000000 		.4byte	.LC1
 863 02ec 00       		.byte	0
 864 02ed 00       		.byte	0
 865 02ee 0E       		.uleb128 0xe
 866 02ef 04       		.byte	0x4
 867 02f0 73000000 		.4byte	0x73
 868 02f4 09       		.uleb128 0x9
 869 02f5 10020000 		.4byte	.LASF25
 870 02f9 01       		.byte	0x1
 871 02fa 6A       		.byte	0x6a
 872 02fb 00000000 		.4byte	.LFB67
 873 02ff 50000000 		.4byte	.LFE67-.LFB67
 874 0303 01       		.uleb128 0x1
 875 0304 9C       		.byte	0x9c
 876 0305 7B030000 		.4byte	0x37b
 877 0309 0A       		.uleb128 0xa
 878 030a FA020000 		.4byte	.LASF23
 879 030e 01       		.byte	0x1
 880 030f 6A       		.byte	0x6a
 881 0310 73000000 		.4byte	0x73
 882 0314 FD000000 		.4byte	.LLST5
 883 0318 0A       		.uleb128 0xa
ARM GAS  C:\Users\Jacob\AppData\Local\Temp\cc1Gw3Sn.s 			page 19


 884 0319 2A030000 		.4byte	.LASF24
 885 031d 01       		.byte	0x1
 886 031e 6A       		.byte	0x6a
 887 031f EE020000 		.4byte	0x2ee
 888 0323 50010000 		.4byte	.LLST6
 889 0327 06       		.uleb128 0x6
 890 0328 14000000 		.4byte	.LVL36
 891 032c 28040000 		.4byte	0x428
 892 0330 3E030000 		.4byte	0x33e
 893 0334 07       		.uleb128 0x7
 894 0335 01       		.uleb128 0x1
 895 0336 50       		.byte	0x50
 896 0337 05       		.uleb128 0x5
 897 0338 03       		.byte	0x3
 898 0339 20000000 		.4byte	.LC2
 899 033d 00       		.byte	0
 900 033e 08       		.uleb128 0x8
 901 033f 20000000 		.4byte	.LVL37
 902 0343 33040000 		.4byte	0x433
 903 0347 06       		.uleb128 0x6
 904 0348 32000000 		.4byte	.LVL40
 905 034c 28040000 		.4byte	0x428
 906 0350 5E030000 		.4byte	0x35e
 907 0354 07       		.uleb128 0x7
 908 0355 01       		.uleb128 0x1
 909 0356 50       		.byte	0x50
 910 0357 05       		.uleb128 0x5
 911 0358 03       		.byte	0x3
 912 0359 20000000 		.4byte	.LC2
 913 035d 00       		.byte	0
 914 035e 08       		.uleb128 0x8
 915 035f 3E000000 		.4byte	.LVL41
 916 0363 3E040000 		.4byte	0x43e
 917 0367 0B       		.uleb128 0xb
 918 0368 46000000 		.4byte	.LVL44
 919 036c 28040000 		.4byte	0x428
 920 0370 07       		.uleb128 0x7
 921 0371 01       		.uleb128 0x1
 922 0372 50       		.byte	0x50
 923 0373 05       		.uleb128 0x5
 924 0374 03       		.byte	0x3
 925 0375 34000000 		.4byte	.LC3
 926 0379 00       		.byte	0
 927 037a 00       		.byte	0
 928 037b 0F       		.uleb128 0xf
 929 037c A1010000 		.4byte	.LASF26
 930 0380 04       		.byte	0x4
 931 0381 1207     		.2byte	0x712
 932 0383 87030000 		.4byte	0x387
 933 0387 10       		.uleb128 0x10
 934 0388 8C000000 		.4byte	0x8c
 935 038c 11       		.uleb128 0x11
 936 038d C1020000 		.4byte	.LASF27
 937 0391 01       		.byte	0x1
 938 0392 0E       		.byte	0xe
 939 0393 73000000 		.4byte	0x73
 940 0397 05       		.uleb128 0x5
ARM GAS  C:\Users\Jacob\AppData\Local\Temp\cc1Gw3Sn.s 			page 20


 941 0398 03       		.byte	0x3
 942 0399 00000000 		.4byte	Motor0_speed
 943 039d 11       		.uleb128 0x11
 944 039e E1020000 		.4byte	.LASF28
 945 03a2 01       		.byte	0x1
 946 03a3 0F       		.byte	0xf
 947 03a4 73000000 		.4byte	0x73
 948 03a8 05       		.uleb128 0x5
 949 03a9 03       		.byte	0x3
 950 03aa 00000000 		.4byte	Motor1_speed
 951 03ae 11       		.uleb128 0x11
 952 03af BA020000 		.4byte	.LASF29
 953 03b3 01       		.byte	0x1
 954 03b4 10       		.byte	0x10
 955 03b5 73000000 		.4byte	0x73
 956 03b9 05       		.uleb128 0x5
 957 03ba 03       		.byte	0x3
 958 03bb 00000000 		.4byte	offset
 959 03bf 11       		.uleb128 0x11
 960 03c0 24020000 		.4byte	.LASF30
 961 03c4 01       		.byte	0x1
 962 03c5 11       		.byte	0x11
 963 03c6 73000000 		.4byte	0x73
 964 03ca 05       		.uleb128 0x5
 965 03cb 03       		.byte	0x3
 966 03cc 00000000 		.4byte	speed
 967 03d0 12       		.uleb128 0x12
 968 03d1 0E000000 		.4byte	.LASF31
 969 03d5 0E000000 		.4byte	.LASF31
 970 03d9 05       		.byte	0x5
 971 03da 18       		.byte	0x18
 972 03db 12       		.uleb128 0x12
 973 03dc 22000000 		.4byte	.LASF32
 974 03e0 22000000 		.4byte	.LASF32
 975 03e4 06       		.byte	0x6
 976 03e5 54       		.byte	0x54
 977 03e6 12       		.uleb128 0x12
 978 03e7 AF020000 		.4byte	.LASF33
 979 03eb AF020000 		.4byte	.LASF33
 980 03ef 07       		.byte	0x7
 981 03f0 01       		.byte	0x1
 982 03f1 12       		.uleb128 0x12
 983 03f2 AC000000 		.4byte	.LASF34
 984 03f6 AC000000 		.4byte	.LASF34
 985 03fa 07       		.byte	0x7
 986 03fb 03       		.byte	0x3
 987 03fc 12       		.uleb128 0x12
 988 03fd 9C010000 		.4byte	.LASF35
 989 0401 9C010000 		.4byte	.LASF35
 990 0405 07       		.byte	0x7
 991 0406 02       		.byte	0x2
 992 0407 12       		.uleb128 0x12
 993 0408 77010000 		.4byte	.LASF36
 994 040c 77010000 		.4byte	.LASF36
 995 0410 06       		.byte	0x6
 996 0411 6F       		.byte	0x6f
 997 0412 12       		.uleb128 0x12
ARM GAS  C:\Users\Jacob\AppData\Local\Temp\cc1Gw3Sn.s 			page 21


 998 0413 AE010000 		.4byte	.LASF37
 999 0417 AE010000 		.4byte	.LASF37
 1000 041b 06       		.byte	0x6
 1001 041c 88       		.byte	0x88
 1002 041d 12       		.uleb128 0x12
 1003 041e F9010000 		.4byte	.LASF38
 1004 0422 F9010000 		.4byte	.LASF38
 1005 0426 06       		.byte	0x6
 1006 0427 73       		.byte	0x73
 1007 0428 12       		.uleb128 0x12
 1008 0429 0C030000 		.4byte	.LASF39
 1009 042d 0C030000 		.4byte	.LASF39
 1010 0431 06       		.byte	0x6
 1011 0432 8B       		.byte	0x8b
 1012 0433 12       		.uleb128 0x12
 1013 0434 70000000 		.4byte	.LASF40
 1014 0438 70000000 		.4byte	.LASF40
 1015 043c 08       		.byte	0x8
 1016 043d C7       		.byte	0xc7
 1017 043e 12       		.uleb128 0x12
 1018 043f 84000000 		.4byte	.LASF41
 1019 0443 84000000 		.4byte	.LASF41
 1020 0447 08       		.byte	0x8
 1021 0448 CA       		.byte	0xca
 1022 0449 00       		.byte	0
 1023              		.section	.debug_abbrev,"",%progbits
 1024              	.Ldebug_abbrev0:
 1025 0000 01       		.uleb128 0x1
 1026 0001 11       		.uleb128 0x11
 1027 0002 01       		.byte	0x1
 1028 0003 25       		.uleb128 0x25
 1029 0004 0E       		.uleb128 0xe
 1030 0005 13       		.uleb128 0x13
 1031 0006 0B       		.uleb128 0xb
 1032 0007 03       		.uleb128 0x3
 1033 0008 0E       		.uleb128 0xe
 1034 0009 1B       		.uleb128 0x1b
 1035 000a 0E       		.uleb128 0xe
 1036 000b 55       		.uleb128 0x55
 1037 000c 17       		.uleb128 0x17
 1038 000d 11       		.uleb128 0x11
 1039 000e 01       		.uleb128 0x1
 1040 000f 10       		.uleb128 0x10
 1041 0010 17       		.uleb128 0x17
 1042 0011 00       		.byte	0
 1043 0012 00       		.byte	0
 1044 0013 02       		.uleb128 0x2
 1045 0014 24       		.uleb128 0x24
 1046 0015 00       		.byte	0
 1047 0016 0B       		.uleb128 0xb
 1048 0017 0B       		.uleb128 0xb
 1049 0018 3E       		.uleb128 0x3e
 1050 0019 0B       		.uleb128 0xb
 1051 001a 03       		.uleb128 0x3
 1052 001b 0E       		.uleb128 0xe
 1053 001c 00       		.byte	0
 1054 001d 00       		.byte	0
ARM GAS  C:\Users\Jacob\AppData\Local\Temp\cc1Gw3Sn.s 			page 22


 1055 001e 03       		.uleb128 0x3
 1056 001f 16       		.uleb128 0x16
 1057 0020 00       		.byte	0
 1058 0021 03       		.uleb128 0x3
 1059 0022 0E       		.uleb128 0xe
 1060 0023 3A       		.uleb128 0x3a
 1061 0024 0B       		.uleb128 0xb
 1062 0025 3B       		.uleb128 0x3b
 1063 0026 0B       		.uleb128 0xb
 1064 0027 49       		.uleb128 0x49
 1065 0028 13       		.uleb128 0x13
 1066 0029 00       		.byte	0
 1067 002a 00       		.byte	0
 1068 002b 04       		.uleb128 0x4
 1069 002c 24       		.uleb128 0x24
 1070 002d 00       		.byte	0
 1071 002e 0B       		.uleb128 0xb
 1072 002f 0B       		.uleb128 0xb
 1073 0030 3E       		.uleb128 0x3e
 1074 0031 0B       		.uleb128 0xb
 1075 0032 03       		.uleb128 0x3
 1076 0033 08       		.uleb128 0x8
 1077 0034 00       		.byte	0
 1078 0035 00       		.byte	0
 1079 0036 05       		.uleb128 0x5
 1080 0037 2E       		.uleb128 0x2e
 1081 0038 01       		.byte	0x1
 1082 0039 3F       		.uleb128 0x3f
 1083 003a 19       		.uleb128 0x19
 1084 003b 03       		.uleb128 0x3
 1085 003c 0E       		.uleb128 0xe
 1086 003d 3A       		.uleb128 0x3a
 1087 003e 0B       		.uleb128 0xb
 1088 003f 3B       		.uleb128 0x3b
 1089 0040 0B       		.uleb128 0xb
 1090 0041 27       		.uleb128 0x27
 1091 0042 19       		.uleb128 0x19
 1092 0043 49       		.uleb128 0x49
 1093 0044 13       		.uleb128 0x13
 1094 0045 8701     		.uleb128 0x87
 1095 0047 19       		.uleb128 0x19
 1096 0048 11       		.uleb128 0x11
 1097 0049 01       		.uleb128 0x1
 1098 004a 12       		.uleb128 0x12
 1099 004b 06       		.uleb128 0x6
 1100 004c 40       		.uleb128 0x40
 1101 004d 18       		.uleb128 0x18
 1102 004e 9742     		.uleb128 0x2117
 1103 0050 19       		.uleb128 0x19
 1104 0051 01       		.uleb128 0x1
 1105 0052 13       		.uleb128 0x13
 1106 0053 00       		.byte	0
 1107 0054 00       		.byte	0
 1108 0055 06       		.uleb128 0x6
 1109 0056 898201   		.uleb128 0x4109
 1110 0059 01       		.byte	0x1
 1111 005a 11       		.uleb128 0x11
ARM GAS  C:\Users\Jacob\AppData\Local\Temp\cc1Gw3Sn.s 			page 23


 1112 005b 01       		.uleb128 0x1
 1113 005c 31       		.uleb128 0x31
 1114 005d 13       		.uleb128 0x13
 1115 005e 01       		.uleb128 0x1
 1116 005f 13       		.uleb128 0x13
 1117 0060 00       		.byte	0
 1118 0061 00       		.byte	0
 1119 0062 07       		.uleb128 0x7
 1120 0063 8A8201   		.uleb128 0x410a
 1121 0066 00       		.byte	0
 1122 0067 02       		.uleb128 0x2
 1123 0068 18       		.uleb128 0x18
 1124 0069 9142     		.uleb128 0x2111
 1125 006b 18       		.uleb128 0x18
 1126 006c 00       		.byte	0
 1127 006d 00       		.byte	0
 1128 006e 08       		.uleb128 0x8
 1129 006f 898201   		.uleb128 0x4109
 1130 0072 00       		.byte	0
 1131 0073 11       		.uleb128 0x11
 1132 0074 01       		.uleb128 0x1
 1133 0075 31       		.uleb128 0x31
 1134 0076 13       		.uleb128 0x13
 1135 0077 00       		.byte	0
 1136 0078 00       		.byte	0
 1137 0079 09       		.uleb128 0x9
 1138 007a 2E       		.uleb128 0x2e
 1139 007b 01       		.byte	0x1
 1140 007c 3F       		.uleb128 0x3f
 1141 007d 19       		.uleb128 0x19
 1142 007e 03       		.uleb128 0x3
 1143 007f 0E       		.uleb128 0xe
 1144 0080 3A       		.uleb128 0x3a
 1145 0081 0B       		.uleb128 0xb
 1146 0082 3B       		.uleb128 0x3b
 1147 0083 0B       		.uleb128 0xb
 1148 0084 27       		.uleb128 0x27
 1149 0085 19       		.uleb128 0x19
 1150 0086 11       		.uleb128 0x11
 1151 0087 01       		.uleb128 0x1
 1152 0088 12       		.uleb128 0x12
 1153 0089 06       		.uleb128 0x6
 1154 008a 40       		.uleb128 0x40
 1155 008b 18       		.uleb128 0x18
 1156 008c 9742     		.uleb128 0x2117
 1157 008e 19       		.uleb128 0x19
 1158 008f 01       		.uleb128 0x1
 1159 0090 13       		.uleb128 0x13
 1160 0091 00       		.byte	0
 1161 0092 00       		.byte	0
 1162 0093 0A       		.uleb128 0xa
 1163 0094 05       		.uleb128 0x5
 1164 0095 00       		.byte	0
 1165 0096 03       		.uleb128 0x3
 1166 0097 0E       		.uleb128 0xe
 1167 0098 3A       		.uleb128 0x3a
 1168 0099 0B       		.uleb128 0xb
ARM GAS  C:\Users\Jacob\AppData\Local\Temp\cc1Gw3Sn.s 			page 24


 1169 009a 3B       		.uleb128 0x3b
 1170 009b 0B       		.uleb128 0xb
 1171 009c 49       		.uleb128 0x49
 1172 009d 13       		.uleb128 0x13
 1173 009e 02       		.uleb128 0x2
 1174 009f 17       		.uleb128 0x17
 1175 00a0 00       		.byte	0
 1176 00a1 00       		.byte	0
 1177 00a2 0B       		.uleb128 0xb
 1178 00a3 898201   		.uleb128 0x4109
 1179 00a6 01       		.byte	0x1
 1180 00a7 11       		.uleb128 0x11
 1181 00a8 01       		.uleb128 0x1
 1182 00a9 31       		.uleb128 0x31
 1183 00aa 13       		.uleb128 0x13
 1184 00ab 00       		.byte	0
 1185 00ac 00       		.byte	0
 1186 00ad 0C       		.uleb128 0xc
 1187 00ae 34       		.uleb128 0x34
 1188 00af 00       		.byte	0
 1189 00b0 03       		.uleb128 0x3
 1190 00b1 0E       		.uleb128 0xe
 1191 00b2 3A       		.uleb128 0x3a
 1192 00b3 0B       		.uleb128 0xb
 1193 00b4 3B       		.uleb128 0x3b
 1194 00b5 0B       		.uleb128 0xb
 1195 00b6 49       		.uleb128 0x49
 1196 00b7 13       		.uleb128 0x13
 1197 00b8 02       		.uleb128 0x2
 1198 00b9 17       		.uleb128 0x17
 1199 00ba 00       		.byte	0
 1200 00bb 00       		.byte	0
 1201 00bc 0D       		.uleb128 0xd
 1202 00bd 0B       		.uleb128 0xb
 1203 00be 01       		.byte	0x1
 1204 00bf 11       		.uleb128 0x11
 1205 00c0 01       		.uleb128 0x1
 1206 00c1 12       		.uleb128 0x12
 1207 00c2 06       		.uleb128 0x6
 1208 00c3 01       		.uleb128 0x1
 1209 00c4 13       		.uleb128 0x13
 1210 00c5 00       		.byte	0
 1211 00c6 00       		.byte	0
 1212 00c7 0E       		.uleb128 0xe
 1213 00c8 0F       		.uleb128 0xf
 1214 00c9 00       		.byte	0
 1215 00ca 0B       		.uleb128 0xb
 1216 00cb 0B       		.uleb128 0xb
 1217 00cc 49       		.uleb128 0x49
 1218 00cd 13       		.uleb128 0x13
 1219 00ce 00       		.byte	0
 1220 00cf 00       		.byte	0
 1221 00d0 0F       		.uleb128 0xf
 1222 00d1 34       		.uleb128 0x34
 1223 00d2 00       		.byte	0
 1224 00d3 03       		.uleb128 0x3
 1225 00d4 0E       		.uleb128 0xe
ARM GAS  C:\Users\Jacob\AppData\Local\Temp\cc1Gw3Sn.s 			page 25


 1226 00d5 3A       		.uleb128 0x3a
 1227 00d6 0B       		.uleb128 0xb
 1228 00d7 3B       		.uleb128 0x3b
 1229 00d8 05       		.uleb128 0x5
 1230 00d9 49       		.uleb128 0x49
 1231 00da 13       		.uleb128 0x13
 1232 00db 3F       		.uleb128 0x3f
 1233 00dc 19       		.uleb128 0x19
 1234 00dd 3C       		.uleb128 0x3c
 1235 00de 19       		.uleb128 0x19
 1236 00df 00       		.byte	0
 1237 00e0 00       		.byte	0
 1238 00e1 10       		.uleb128 0x10
 1239 00e2 35       		.uleb128 0x35
 1240 00e3 00       		.byte	0
 1241 00e4 49       		.uleb128 0x49
 1242 00e5 13       		.uleb128 0x13
 1243 00e6 00       		.byte	0
 1244 00e7 00       		.byte	0
 1245 00e8 11       		.uleb128 0x11
 1246 00e9 34       		.uleb128 0x34
 1247 00ea 00       		.byte	0
 1248 00eb 03       		.uleb128 0x3
 1249 00ec 0E       		.uleb128 0xe
 1250 00ed 3A       		.uleb128 0x3a
 1251 00ee 0B       		.uleb128 0xb
 1252 00ef 3B       		.uleb128 0x3b
 1253 00f0 0B       		.uleb128 0xb
 1254 00f1 49       		.uleb128 0x49
 1255 00f2 13       		.uleb128 0x13
 1256 00f3 3F       		.uleb128 0x3f
 1257 00f4 19       		.uleb128 0x19
 1258 00f5 02       		.uleb128 0x2
 1259 00f6 18       		.uleb128 0x18
 1260 00f7 00       		.byte	0
 1261 00f8 00       		.byte	0
 1262 00f9 12       		.uleb128 0x12
 1263 00fa 2E       		.uleb128 0x2e
 1264 00fb 00       		.byte	0
 1265 00fc 3F       		.uleb128 0x3f
 1266 00fd 19       		.uleb128 0x19
 1267 00fe 3C       		.uleb128 0x3c
 1268 00ff 19       		.uleb128 0x19
 1269 0100 6E       		.uleb128 0x6e
 1270 0101 0E       		.uleb128 0xe
 1271 0102 03       		.uleb128 0x3
 1272 0103 0E       		.uleb128 0xe
 1273 0104 3A       		.uleb128 0x3a
 1274 0105 0B       		.uleb128 0xb
 1275 0106 3B       		.uleb128 0x3b
 1276 0107 0B       		.uleb128 0xb
 1277 0108 00       		.byte	0
 1278 0109 00       		.byte	0
 1279 010a 00       		.byte	0
 1280              		.section	.debug_loc,"",%progbits
 1281              	.Ldebug_loc0:
 1282              	.LLST0:
ARM GAS  C:\Users\Jacob\AppData\Local\Temp\cc1Gw3Sn.s 			page 26


 1283 0000 00000000 		.4byte	.LVL3
 1284 0004 04000000 		.4byte	.LVL4
 1285 0008 0100     		.2byte	0x1
 1286 000a 50       		.byte	0x50
 1287 000b 04000000 		.4byte	.LVL4
 1288 000f B0000000 		.4byte	.LFE65
 1289 0013 0400     		.2byte	0x4
 1290 0015 F3       		.byte	0xf3
 1291 0016 01       		.uleb128 0x1
 1292 0017 50       		.byte	0x50
 1293 0018 9F       		.byte	0x9f
 1294 0019 00000000 		.4byte	0
 1295 001d 00000000 		.4byte	0
 1296              	.LLST1:
 1297 0021 08000000 		.4byte	.LVL15
 1298 0025 1C000000 		.4byte	.LVL20
 1299 0029 0100     		.2byte	0x1
 1300 002b 54       		.byte	0x54
 1301 002c 1E000000 		.4byte	.LVL21
 1302 0030 24000000 		.4byte	.LFE64
 1303 0034 0100     		.2byte	0x1
 1304 0036 54       		.byte	0x54
 1305 0037 00000000 		.4byte	0
 1306 003b 00000000 		.4byte	0
 1307              	.LLST2:
 1308 003f 10000000 		.4byte	.LVL17
 1309 0043 1E000000 		.4byte	.LVL21
 1310 0047 0100     		.2byte	0x1
 1311 0049 55       		.byte	0x55
 1312 004a 00000000 		.4byte	0
 1313 004e 00000000 		.4byte	0
 1314              	.LLST3:
 1315 0052 00000000 		.4byte	.LVL22
 1316 0056 10000000 		.4byte	.LVL23
 1317 005a 0100     		.2byte	0x1
 1318 005c 50       		.byte	0x50
 1319 005d 10000000 		.4byte	.LVL23
 1320 0061 22000000 		.4byte	.LVL26
 1321 0065 0400     		.2byte	0x4
 1322 0067 F3       		.byte	0xf3
 1323 0068 01       		.uleb128 0x1
 1324 0069 50       		.byte	0x50
 1325 006a 9F       		.byte	0x9f
 1326 006b 22000000 		.4byte	.LVL26
 1327 006f 2E000000 		.4byte	.LVL27
 1328 0073 0100     		.2byte	0x1
 1329 0075 50       		.byte	0x50
 1330 0076 2E000000 		.4byte	.LVL27
 1331 007a 40000000 		.4byte	.LVL30
 1332 007e 0400     		.2byte	0x4
 1333 0080 F3       		.byte	0xf3
 1334 0081 01       		.uleb128 0x1
 1335 0082 50       		.byte	0x50
 1336 0083 9F       		.byte	0x9f
 1337 0084 40000000 		.4byte	.LVL30
 1338 0088 42000000 		.4byte	.LVL31
 1339 008c 0100     		.2byte	0x1
ARM GAS  C:\Users\Jacob\AppData\Local\Temp\cc1Gw3Sn.s 			page 27


 1340 008e 50       		.byte	0x50
 1341 008f 42000000 		.4byte	.LVL31
 1342 0093 50000000 		.4byte	.LFE66
 1343 0097 0400     		.2byte	0x4
 1344 0099 F3       		.byte	0xf3
 1345 009a 01       		.uleb128 0x1
 1346 009b 50       		.byte	0x50
 1347 009c 9F       		.byte	0x9f
 1348 009d 00000000 		.4byte	0
 1349 00a1 00000000 		.4byte	0
 1350              	.LLST4:
 1351 00a5 00000000 		.4byte	.LVL22
 1352 00a9 13000000 		.4byte	.LVL24-1
 1353 00ad 0100     		.2byte	0x1
 1354 00af 51       		.byte	0x51
 1355 00b0 13000000 		.4byte	.LVL24-1
 1356 00b4 22000000 		.4byte	.LVL26
 1357 00b8 0100     		.2byte	0x1
 1358 00ba 54       		.byte	0x54
 1359 00bb 22000000 		.4byte	.LVL26
 1360 00bf 31000000 		.4byte	.LVL28-1
 1361 00c3 0100     		.2byte	0x1
 1362 00c5 51       		.byte	0x51
 1363 00c6 31000000 		.4byte	.LVL28-1
 1364 00ca 40000000 		.4byte	.LVL30
 1365 00ce 0100     		.2byte	0x1
 1366 00d0 54       		.byte	0x54
 1367 00d1 40000000 		.4byte	.LVL30
 1368 00d5 45000000 		.4byte	.LVL32-1
 1369 00d9 0100     		.2byte	0x1
 1370 00db 51       		.byte	0x51
 1371 00dc 45000000 		.4byte	.LVL32-1
 1372 00e0 48000000 		.4byte	.LVL33
 1373 00e4 0100     		.2byte	0x1
 1374 00e6 54       		.byte	0x54
 1375 00e7 48000000 		.4byte	.LVL33
 1376 00eb 50000000 		.4byte	.LFE66
 1377 00ef 0400     		.2byte	0x4
 1378 00f1 F3       		.byte	0xf3
 1379 00f2 01       		.uleb128 0x1
 1380 00f3 51       		.byte	0x51
 1381 00f4 9F       		.byte	0x9f
 1382 00f5 00000000 		.4byte	0
 1383 00f9 00000000 		.4byte	0
 1384              	.LLST5:
 1385 00fd 00000000 		.4byte	.LVL34
 1386 0101 10000000 		.4byte	.LVL35
 1387 0105 0100     		.2byte	0x1
 1388 0107 50       		.byte	0x50
 1389 0108 10000000 		.4byte	.LVL35
 1390 010c 22000000 		.4byte	.LVL38
 1391 0110 0400     		.2byte	0x4
 1392 0112 F3       		.byte	0xf3
 1393 0113 01       		.uleb128 0x1
 1394 0114 50       		.byte	0x50
 1395 0115 9F       		.byte	0x9f
 1396 0116 22000000 		.4byte	.LVL38
ARM GAS  C:\Users\Jacob\AppData\Local\Temp\cc1Gw3Sn.s 			page 28


 1397 011a 2E000000 		.4byte	.LVL39
 1398 011e 0100     		.2byte	0x1
 1399 0120 50       		.byte	0x50
 1400 0121 2E000000 		.4byte	.LVL39
 1401 0125 40000000 		.4byte	.LVL42
 1402 0129 0400     		.2byte	0x4
 1403 012b F3       		.byte	0xf3
 1404 012c 01       		.uleb128 0x1
 1405 012d 50       		.byte	0x50
 1406 012e 9F       		.byte	0x9f
 1407 012f 40000000 		.4byte	.LVL42
 1408 0133 42000000 		.4byte	.LVL43
 1409 0137 0100     		.2byte	0x1
 1410 0139 50       		.byte	0x50
 1411 013a 42000000 		.4byte	.LVL43
 1412 013e 50000000 		.4byte	.LFE67
 1413 0142 0400     		.2byte	0x4
 1414 0144 F3       		.byte	0xf3
 1415 0145 01       		.uleb128 0x1
 1416 0146 50       		.byte	0x50
 1417 0147 9F       		.byte	0x9f
 1418 0148 00000000 		.4byte	0
 1419 014c 00000000 		.4byte	0
 1420              	.LLST6:
 1421 0150 00000000 		.4byte	.LVL34
 1422 0154 13000000 		.4byte	.LVL36-1
 1423 0158 0100     		.2byte	0x1
 1424 015a 51       		.byte	0x51
 1425 015b 13000000 		.4byte	.LVL36-1
 1426 015f 22000000 		.4byte	.LVL38
 1427 0163 0100     		.2byte	0x1
 1428 0165 54       		.byte	0x54
 1429 0166 22000000 		.4byte	.LVL38
 1430 016a 31000000 		.4byte	.LVL40-1
 1431 016e 0100     		.2byte	0x1
 1432 0170 51       		.byte	0x51
 1433 0171 31000000 		.4byte	.LVL40-1
 1434 0175 40000000 		.4byte	.LVL42
 1435 0179 0100     		.2byte	0x1
 1436 017b 54       		.byte	0x54
 1437 017c 40000000 		.4byte	.LVL42
 1438 0180 45000000 		.4byte	.LVL44-1
 1439 0184 0100     		.2byte	0x1
 1440 0186 51       		.byte	0x51
 1441 0187 45000000 		.4byte	.LVL44-1
 1442 018b 48000000 		.4byte	.LVL45
 1443 018f 0100     		.2byte	0x1
 1444 0191 54       		.byte	0x54
 1445 0192 48000000 		.4byte	.LVL45
 1446 0196 50000000 		.4byte	.LFE67
 1447 019a 0400     		.2byte	0x4
 1448 019c F3       		.byte	0xf3
 1449 019d 01       		.uleb128 0x1
 1450 019e 51       		.byte	0x51
 1451 019f 9F       		.byte	0x9f
 1452 01a0 00000000 		.4byte	0
 1453 01a4 00000000 		.4byte	0
ARM GAS  C:\Users\Jacob\AppData\Local\Temp\cc1Gw3Sn.s 			page 29


 1454              		.section	.debug_aranges,"",%progbits
 1455 0000 3C000000 		.4byte	0x3c
 1456 0004 0200     		.2byte	0x2
 1457 0006 00000000 		.4byte	.Ldebug_info0
 1458 000a 04       		.byte	0x4
 1459 000b 00       		.byte	0
 1460 000c 0000     		.2byte	0
 1461 000e 0000     		.2byte	0
 1462 0010 00000000 		.4byte	.LFB63
 1463 0014 18000000 		.4byte	.LFE63-.LFB63
 1464 0018 00000000 		.4byte	.LFB65
 1465 001c B0000000 		.4byte	.LFE65-.LFB65
 1466 0020 00000000 		.4byte	.LFB64
 1467 0024 24000000 		.4byte	.LFE64-.LFB64
 1468 0028 00000000 		.4byte	.LFB66
 1469 002c 50000000 		.4byte	.LFE66-.LFB66
 1470 0030 00000000 		.4byte	.LFB67
 1471 0034 50000000 		.4byte	.LFE67-.LFB67
 1472 0038 00000000 		.4byte	0
 1473 003c 00000000 		.4byte	0
 1474              		.section	.debug_ranges,"",%progbits
 1475              	.Ldebug_ranges0:
 1476 0000 00000000 		.4byte	.LFB63
 1477 0004 18000000 		.4byte	.LFE63
 1478 0008 00000000 		.4byte	.LFB65
 1479 000c B0000000 		.4byte	.LFE65
 1480 0010 00000000 		.4byte	.LFB64
 1481 0014 24000000 		.4byte	.LFE64
 1482 0018 00000000 		.4byte	.LFB66
 1483 001c 50000000 		.4byte	.LFE66
 1484 0020 00000000 		.4byte	.LFB67
 1485 0024 50000000 		.4byte	.LFE67
 1486 0028 00000000 		.4byte	0
 1487 002c 00000000 		.4byte	0
 1488              		.section	.debug_line,"",%progbits
 1489              	.Ldebug_line0:
 1490 0000 17020000 		.section	.debug_str,"MS",%progbits,1
 1490      02007201 
 1490      00000201 
 1490      FB0E0D00 
 1490      01010101 
 1491              	.LASF8:
 1492 0000 6C6F6E67 		.ascii	"long long int\000"
 1492      206C6F6E 
 1492      6720696E 
 1492      7400
 1493              	.LASF31:
 1494 000e 6973725F 		.ascii	"isr_uart_rx_StartEx\000"
 1494      75617274 
 1494      5F72785F 
 1494      53746172 
 1494      74457800 
 1495              	.LASF32:
 1496 0022 55415254 		.ascii	"UART_1_Start\000"
 1496      5F315F53 
 1496      74617274 
 1496      00
ARM GAS  C:\Users\Jacob\AppData\Local\Temp\cc1Gw3Sn.s 			page 30


 1497              	.LASF4:
 1498 002f 5F5F7569 		.ascii	"__uint8_t\000"
 1498      6E74385F 
 1498      7400
 1499              	.LASF22:
 1500 0039 4D6F746F 		.ascii	"Motor_increaseSpeed\000"
 1500      725F696E 
 1500      63726561 
 1500      73655370 
 1500      65656400 
 1501              	.LASF13:
 1502 004d 666C6F61 		.ascii	"float\000"
 1502      7400
 1503              	.LASF5:
 1504 0053 5F5F696E 		.ascii	"__int32_t\000"
 1504      7433325F 
 1504      7400
 1505              	.LASF3:
 1506 005d 73686F72 		.ascii	"short unsigned int\000"
 1506      7420756E 
 1506      7369676E 
 1506      65642069 
 1506      6E7400
 1507              	.LASF40:
 1508 0070 50574D5F 		.ascii	"PWM_1_WriteCompare1\000"
 1508      315F5772 
 1508      69746543 
 1508      6F6D7061 
 1508      72653100 
 1509              	.LASF41:
 1510 0084 50574D5F 		.ascii	"PWM_1_WriteCompare2\000"
 1510      315F5772 
 1510      69746543 
 1510      6F6D7061 
 1510      72653200 
 1511              	.LASF20:
 1512 0098 62797465 		.ascii	"bytesToRead\000"
 1512      73546F52 
 1512      65616400 
 1513              	.LASF12:
 1514 00a4 696E7433 		.ascii	"int32_t\000"
 1514      325F7400 
 1515              	.LASF34:
 1516 00ac 73657473 		.ascii	"setspeed\000"
 1516      70656564 
 1516      00
 1517              	.LASF1:
 1518 00b5 756E7369 		.ascii	"unsigned char\000"
 1518      676E6564 
 1518      20636861 
 1518      7200
 1519              	.LASF42:
 1520 00c3 474E5520 		.ascii	"GNU C11 5.4.1 20160609 (release) [ARM/embedded-5-br"
 1520      43313120 
 1520      352E342E 
 1520      31203230 
 1520      31363036 
ARM GAS  C:\Users\Jacob\AppData\Local\Temp\cc1Gw3Sn.s 			page 31


 1521 00f6 616E6368 		.ascii	"anch revision 237715] -mcpu=cortex-m3 -mthumb -g -O"
 1521      20726576 
 1521      6973696F 
 1521      6E203233 
 1521      37373135 
 1522 0129 67202D66 		.ascii	"g -ffunction-sections -ffat-lto-objects\000"
 1522      66756E63 
 1522      74696F6E 
 1522      2D736563 
 1522      74696F6E 
 1523              	.LASF19:
 1524 0151 4953525F 		.ascii	"ISR_UART_rx_handler\000"
 1524      55415254 
 1524      5F72785F 
 1524      68616E64 
 1524      6C657200 
 1525              	.LASF7:
 1526 0165 6C6F6E67 		.ascii	"long unsigned int\000"
 1526      20756E73 
 1526      69676E65 
 1526      6420696E 
 1526      7400
 1527              	.LASF36:
 1528 0177 55415254 		.ascii	"UART_1_ReadRxData\000"
 1528      5F315F52 
 1528      65616452 
 1528      78446174 
 1528      6100
 1529              	.LASF18:
 1530 0189 68616E64 		.ascii	"handleByteReceived\000"
 1530      6C654279 
 1530      74655265 
 1530      63656976 
 1530      656400
 1531              	.LASF35:
 1532 019c 73746F70 		.ascii	"stop\000"
 1532      00
 1533              	.LASF26:
 1534 01a1 49544D5F 		.ascii	"ITM_RxBuffer\000"
 1534      52784275 
 1534      66666572 
 1534      00
 1535              	.LASF37:
 1536 01ae 55415254 		.ascii	"UART_1_WriteTxData\000"
 1536      5F315F57 
 1536      72697465 
 1536      54784461 
 1536      746100
 1537              	.LASF14:
 1538 01c1 646F7562 		.ascii	"double\000"
 1538      6C6500
 1539              	.LASF45:
 1540 01c8 6D61696E 		.ascii	"main\000"
 1540      00
 1541              	.LASF10:
 1542 01cd 756E7369 		.ascii	"unsigned int\000"
 1542      676E6564 
ARM GAS  C:\Users\Jacob\AppData\Local\Temp\cc1Gw3Sn.s 			page 32


 1542      20696E74 
 1542      00
 1543              	.LASF9:
 1544 01da 6C6F6E67 		.ascii	"long long unsigned int\000"
 1544      206C6F6E 
 1544      6720756E 
 1544      7369676E 
 1544      65642069 
 1545              	.LASF11:
 1546 01f1 75696E74 		.ascii	"uint8_t\000"
 1546      385F7400 
 1547              	.LASF38:
 1548 01f9 55415254 		.ascii	"UART_1_GetRxBufferSize\000"
 1548      5F315F47 
 1548      65745278 
 1548      42756666 
 1548      65725369 
 1549              	.LASF25:
 1550 0210 4D6F746F 		.ascii	"Motor_decreaseSpeed\000"
 1550      725F6465 
 1550      63726561 
 1550      73655370 
 1550      65656400 
 1551              	.LASF30:
 1552 0224 73706565 		.ascii	"speed\000"
 1552      6400
 1553              	.LASF17:
 1554 022a 73697A65 		.ascii	"sizetype\000"
 1554      74797065 
 1554      00
 1555              	.LASF44:
 1556 0233 433A5C55 		.ascii	"C:\\Users\\Jacob\\OneDrive - Aarhus universitet\\4."
 1556      73657273 
 1556      5C4A6163 
 1556      6F625C4F 
 1556      6E654472 
 1557 0262 2053656D 		.ascii	" Semester\\PRJ4\\E4PRJ\\PSoC\\MotorController\\MOTO"
 1557      65737465 
 1557      725C5052 
 1557      4A345C45 
 1557      3450524A 
 1558 0290 525C4D4F 		.ascii	"R\\MOTORMOTOR.cydsn\000"
 1558      544F524D 
 1558      4F544F52 
 1558      2E637964 
 1558      736E00
 1559              	.LASF43:
 1560 02a3 6D61696E 		.ascii	"main.c\000"
 1560      2E6300
 1561              	.LASF15:
 1562 02aa 63686172 		.ascii	"char\000"
 1562      00
 1563              	.LASF33:
 1564 02af 4D6F746F 		.ascii	"Motor_Init\000"
 1564      725F496E 
 1564      697400
 1565              	.LASF29:
ARM GAS  C:\Users\Jacob\AppData\Local\Temp\cc1Gw3Sn.s 			page 33


 1566 02ba 6F666673 		.ascii	"offset\000"
 1566      657400
 1567              	.LASF27:
 1568 02c1 4D6F746F 		.ascii	"Motor0_speed\000"
 1568      72305F73 
 1568      70656564 
 1568      00
 1569              	.LASF2:
 1570 02ce 73686F72 		.ascii	"short int\000"
 1570      7420696E 
 1570      7400
 1571              	.LASF6:
 1572 02d8 6C6F6E67 		.ascii	"long int\000"
 1572      20696E74 
 1572      00
 1573              	.LASF28:
 1574 02e1 4D6F746F 		.ascii	"Motor1_speed\000"
 1574      72315F73 
 1574      70656564 
 1574      00
 1575              	.LASF16:
 1576 02ee 6C6F6E67 		.ascii	"long double\000"
 1576      20646F75 
 1576      626C6500 
 1577              	.LASF23:
 1578 02fa 4D6F746F 		.ascii	"Motor\000"
 1578      7200
 1579              	.LASF0:
 1580 0300 7369676E 		.ascii	"signed char\000"
 1580      65642063 
 1580      68617200 
 1581              	.LASF39:
 1582 030c 55415254 		.ascii	"UART_1_PutString\000"
 1582      5F315F50 
 1582      75745374 
 1582      72696E67 
 1582      00
 1583              	.LASF21:
 1584 031d 62797465 		.ascii	"byteReceived\000"
 1584      52656365 
 1584      69766564 
 1584      00
 1585              	.LASF24:
 1586 032a 4D6F746F 		.ascii	"Motor_speed\000"
 1586      725F7370 
 1586      65656400 
 1587              		.ident	"GCC: (GNU Tools for ARM Embedded Processors) 5.4.1 20160609 (release) [ARM/embedded-5-bran
