--------------- Build Started: 11/01/2024 11:02:37 Project: SensorSender, Configuration: ARM GCC 5.4-2016-q2-update Debug ---------------
cydsfit.exe -.appdatapath "C:\Users\degn\AppData\Local\Cypress Semiconductor\PSoC Creator\4.4" -.fdsnotice -.fdswarpdepfile=warp_dependencies.txt -.fdselabdepfile=elab_dependencies.txt -.fdsbldfile=generated_files.txt -.fdsreffile=referenced_files.txt -p "C:\Users\degn\OneDrive - Aarhus universitet\Skrivebord\AU\E4\PRJ4\Git\E4PRJ\PSoC\SensorSender\SensorSender.cydsn\SensorSender.cyprj" -d CY8C5888LTI-LP097 -s "C:\Users\degn\OneDrive - Aarhus universitet\Skrivebord\AU\E4\PRJ4\Git\E4PRJ\PSoC\SensorSender\SensorSender.cydsn\Generated_Source\PSoC5" -- -yv2 -q10 -ygs -o2 -v3 -.fftcfgtype=LE
Elaborating Design...
HDL Generation...
Synthesis...
Tech Mapping...
Analog Placement...
Analog Routing...
Analog Code Generation...
Digital Placement...
Digital Routing...
Bitstream Generation...
Bitstream Verification...
Static timing analysis...
Warning: sta.M0021: SensorSender_timing.html: Warning-1350: Asynchronous path(s) exist from "Clock_3(routed)" to "Clock_2". See the timing report for details. (File=C:\Users\degn\OneDrive - Aarhus universitet\Skrivebord\AU\E4\PRJ4\Git\E4PRJ\PSoC\SensorSender\SensorSender.cydsn\SensorSender_timing.html)
API Generation...
Dependency Generation...
Cleanup...
arm-none-eabi-gcc.exe -mcpu=cortex-m3 -mthumb -I. -IGenerated_Source\PSoC5 -Wa,-alh=.\CortexM3\ARM_GCC_541\Debug/sensor.lst -g -D DEBUG -D CY_CORE_ID=0 -Wall -ffunction-sections -ffat-lto-objects -Og -c sensor.c -o .\CortexM3\ARM_GCC_541\Debug\sensor.o
arm-none-eabi-gcc.exe -mcpu=cortex-m3 -mthumb -I. -IGenerated_Source\PSoC5 -Wa,-alh=.\CortexM3\ARM_GCC_541\Debug/cyfitter_cfg.lst -g -D DEBUG -D CY_CORE_ID=0 -Wall -ffunction-sections -ffat-lto-objects -Og -c Generated_Source\PSoC5\cyfitter_cfg.c -o .\CortexM3\ARM_GCC_541\Debug\cyfitter_cfg.o
arm-none-eabi-ar.exe -rs .\CortexM3\ARM_GCC_541\Debug\SensorSender.a .\CortexM3\ARM_GCC_541\Debug\PWM_1.o .\CortexM3\ARM_GCC_541\Debug\PWM_1_PM.o .\CortexM3\ARM_GCC_541\Debug\Clock_1.o .\CortexM3\ARM_GCC_541\Debug\CyDmac.o .\CortexM3\ARM_GCC_541\Debug\CyFlash.o .\CortexM3\ARM_GCC_541\Debug\CyLib.o .\CortexM3\ARM_GCC_541\Debug\cyPm.o .\CortexM3\ARM_GCC_541\Debug\CySpc.o .\CortexM3\ARM_GCC_541\Debug\cyutils.o .\CortexM3\ARM_GCC_541\Debug\cy_em_eeprom.o .\CortexM3\ARM_GCC_541\Debug\Pin_2.o .\CortexM3\ARM_GCC_541\Debug\Pin_1.o .\CortexM3\ARM_GCC_541\Debug\Counter_Sensor.o .\CortexM3\ARM_GCC_541\Debug\Counter_Sensor_PM.o .\CortexM3\ARM_GCC_541\Debug\Clock_2.o .\CortexM3\ARM_GCC_541\Debug\Sensor_Input.o .\CortexM3\ARM_GCC_541\Debug\sensor_input_isr.o .\CortexM3\ARM_GCC_541\Debug\UART_1.o .\CortexM3\ARM_GCC_541\Debug\UART_1_PM.o .\CortexM3\ARM_GCC_541\Debug\UART_1_INT.o .\CortexM3\ARM_GCC_541\Debug\UART_1_BOOT.o .\CortexM3\ARM_GCC_541\Debug\UART_1_IntClock.o .\CortexM3\ARM_GCC_541\Debug\Clock_3.o .\CortexM3\ARM_GCC_541\Debug\CyBootAsmGnu.o
arm-none-eabi-ar.exe: creating .\CortexM3\ARM_GCC_541\Debug\SensorSender.a
arm-none-eabi-gcc.exe -Wl,--start-group -o "C:\Users\degn\OneDrive - Aarhus universitet\Skrivebord\AU\E4\PRJ4\Git\E4PRJ\PSoC\SensorSender\SensorSender.cydsn\CortexM3\ARM_GCC_541\Debug\SensorSender.elf" .\CortexM3\ARM_GCC_541\Debug\main.o .\CortexM3\ARM_GCC_541\Debug\sensor.o .\CortexM3\ARM_GCC_541\Debug\cyfitter_cfg.o .\CortexM3\ARM_GCC_541\Debug\cymetadata.o .\CortexM3\ARM_GCC_541\Debug\Cm3Start.o .\CortexM3\ARM_GCC_541\Debug\SensorSender.a "C:\Program Files (x86)\Cypress\PSoC Creator\4.4\PSoC Creator\psoc\content\cycomponentlibrary\CyComponentLibrary.cylib\CortexM3\ARM_GCC_541\Debug\CyComponentLibrary.a" -mcpu=cortex-m3 -mthumb -L Generated_Source\PSoC5 -Wl,-Map,.\CortexM3\ARM_GCC_541\Debug/SensorSender.map -T Generated_Source\PSoC5\cm3gcc.ld -specs=nano.specs -u _printf_float -Wl,--gc-sections -g -ffunction-sections -Og -ffat-lto-objects -Wl,--end-group
cyelftool.exe -C "C:\Users\degn\OneDrive - Aarhus universitet\Skrivebord\AU\E4\PRJ4\Git\E4PRJ\PSoC\SensorSender\SensorSender.cydsn\CortexM3\ARM_GCC_541\Debug\SensorSender.elf" --flash_row_size 256 --flash_size 262144 --flash_offset 0x00000000
No ELF section .cychecksum found, creating one
Application checksum calculated and stored in ELF section .cychecksum
Checksum calculated and stored in ELF section .cymeta
cyelftool.exe -S "C:\Users\degn\OneDrive - Aarhus universitet\Skrivebord\AU\E4\PRJ4\Git\E4PRJ\PSoC\SensorSender\SensorSender.cydsn\CortexM3\ARM_GCC_541\Debug\SensorSender.elf"
Flash used: 13112 of 262144 bytes (5,0 %).
SRAM used: 2985 of 65536 bytes (4,6 %). Stack: 2048 bytes. Heap: 512 bytes.
--------------- Build Succeeded: 11/01/2024 11:02:53 ---------------
