ARM GAS  C:\Users\Jacob\AppData\Local\Temp\cc2QjD1o.s 			page 1


   1              		.syntax unified
   2              		.cpu cortex-m3
   3              		.fpu softvfp
   4              		.eabi_attribute 20, 1
   5              		.eabi_attribute 21, 1
   6              		.eabi_attribute 23, 3
   7              		.eabi_attribute 24, 1
   8              		.eabi_attribute 25, 1
   9              		.eabi_attribute 26, 1
  10              		.eabi_attribute 30, 1
  11              		.eabi_attribute 34, 1
  12              		.eabi_attribute 18, 4
  13              		.thumb
  14              		.syntax unified
  15              		.file	"cymetadata.c"
  16              		.text
  17              	.Ltext0:
  18              		.cfi_sections	.debug_frame
  19              		.global	cy_metadata
  20              		.global	cy_meta_flashprotect
  21              		.global	cy_meta_wonvl
  22              		.global	cy_meta_custnvl
  23              		.global	cy_meta_configecc
  24              		.section	.cyconfigecc,"a",%progbits
  25              		.align	2
  26              		.type	cy_meta_configecc, %object
  27              		.size	cy_meta_configecc, 1984
  28              	cy_meta_configecc:
  29 0000 04       		.byte	4
  30 0001 52       		.byte	82
  31 0002 00       		.byte	0
  32 0003 40       		.byte	64
  33 0004 05       		.byte	5
  34 0005 64       		.byte	100
  35 0006 00       		.byte	0
  36 0007 40       		.byte	64
  37 0008 01       		.byte	1
  38 0009 65       		.byte	101
  39 000a 00       		.byte	0
  40 000b 40       		.byte	64
  41 000c 02       		.byte	2
  42 000d 05       		.byte	5
  43 000e 01       		.byte	1
  44 000f 40       		.byte	64
  45 0010 01       		.byte	1
  46 0011 07       		.byte	7
  47 0012 01       		.byte	1
  48 0013 40       		.byte	64
  49 0014 62       		.byte	98
  50 0015 08       		.byte	8
  51 0016 01       		.byte	1
  52 0017 40       		.byte	64
  53 0018 43       		.byte	67
  54 0019 09       		.byte	9
  55 001a 01       		.byte	1
  56 001b 40       		.byte	64
  57 001c 5B       		.byte	91
ARM GAS  C:\Users\Jacob\AppData\Local\Temp\cc2QjD1o.s 			page 2


  58 001d 0A       		.byte	10
  59 001e 01       		.byte	1
  60 001f 40       		.byte	64
  61 0020 3A       		.byte	58
  62 0021 0B       		.byte	11
  63 0022 01       		.byte	1
  64 0023 40       		.byte	64
  65 0024 35       		.byte	53
  66 0025 0C       		.byte	12
  67 0026 01       		.byte	1
  68 0027 40       		.byte	64
  69 0028 2A       		.byte	42
  70 0029 0D       		.byte	13
  71 002a 01       		.byte	1
  72 002b 40       		.byte	64
  73 002c 4F       		.byte	79
  74 002d 0E       		.byte	14
  75 002e 01       		.byte	1
  76 002f 40       		.byte	64
  77 0030 27       		.byte	39
  78 0031 0F       		.byte	15
  79 0032 01       		.byte	1
  80 0033 40       		.byte	64
  81 0034 51       		.byte	81
  82 0035 18       		.byte	24
  83 0036 01       		.byte	1
  84 0037 40       		.byte	64
  85 0038 49       		.byte	73
  86 0039 19       		.byte	25
  87 003a 01       		.byte	1
  88 003b 40       		.byte	64
  89 003c 61       		.byte	97
  90 003d 1A       		.byte	26
  91 003e 01       		.byte	1
  92 003f 40       		.byte	64
  93 0040 46       		.byte	70
  94 0041 1B       		.byte	27
  95 0042 01       		.byte	1
  96 0043 40       		.byte	64
  97 0044 04       		.byte	4
  98 0045 40       		.byte	64
  99 0046 01       		.byte	1
 100 0047 40       		.byte	64
 101 0048 03       		.byte	3
 102 0049 41       		.byte	65
 103 004a 01       		.byte	1
 104 004b 40       		.byte	64
 105 004c 06       		.byte	6
 106 004d 42       		.byte	66
 107 004e 01       		.byte	1
 108 004f 40       		.byte	64
 109 0050 04       		.byte	4
 110 0051 43       		.byte	67
 111 0052 01       		.byte	1
 112 0053 40       		.byte	64
 113 0054 04       		.byte	4
 114 0055 45       		.byte	69
ARM GAS  C:\Users\Jacob\AppData\Local\Temp\cc2QjD1o.s 			page 3


 115 0056 01       		.byte	1
 116 0057 40       		.byte	64
 117 0058 04       		.byte	4
 118 0059 46       		.byte	70
 119 005a 01       		.byte	1
 120 005b 40       		.byte	64
 121 005c 03       		.byte	3
 122 005d 47       		.byte	71
 123 005e 01       		.byte	1
 124 005f 40       		.byte	64
 125 0060 04       		.byte	4
 126 0061 48       		.byte	72
 127 0062 01       		.byte	1
 128 0063 40       		.byte	64
 129 0064 03       		.byte	3
 130 0065 49       		.byte	73
 131 0066 01       		.byte	1
 132 0067 40       		.byte	64
 133 0068 09       		.byte	9
 134 0069 4C       		.byte	76
 135 006a 01       		.byte	1
 136 006b 40       		.byte	64
 137 006c 07       		.byte	7
 138 006d 4D       		.byte	77
 139 006e 01       		.byte	1
 140 006f 40       		.byte	64
 141 0070 05       		.byte	5
 142 0071 50       		.byte	80
 143 0072 01       		.byte	1
 144 0073 40       		.byte	64
 145 0074 01       		.byte	1
 146 0075 51       		.byte	81
 147 0076 01       		.byte	1
 148 0077 40       		.byte	64
 149 0078 08       		.byte	8
 150 0079 A0       		.byte	-96
 151 007a 09       		.byte	9
 152 007b 30       		.byte	48
 153 007c 61       		.byte	97
 154 007d 80       		.byte	-128
 155 007e 64       		.byte	100
 156 007f 40       		.byte	64
 157 0080 88       		.byte	-120
 158 0081 72       		.byte	114
 159 0082 8B       		.byte	-117
 160 0083 38       		.byte	56
 161 0084 8C       		.byte	-116
 162 0085 67       		.byte	103
 163 0086 8D       		.byte	-115
 164 0087 0F       		.byte	15
 165 0088 8F       		.byte	-113
 166 0089 0F       		.byte	15
 167 008a 89       		.byte	-119
 168 008b 0F       		.byte	15
 169 008c E2       		.byte	-30
 170 008d 08       		.byte	8
 171 008e EA       		.byte	-22
ARM GAS  C:\Users\Jacob\AppData\Local\Temp\cc2QjD1o.s 			page 4


 172 008f 02       		.byte	2
 173 0090 E8       		.byte	-24
 174 0091 01       		.byte	1
 175 0092 00       		.byte	0
 176 0093 0C       		.byte	12
 177 0094 02       		.byte	2
 178 0095 03       		.byte	3
 179 0096 04       		.byte	4
 180 0097 02       		.byte	2
 181 0098 08       		.byte	8
 182 0099 04       		.byte	4
 183 009a 10       		.byte	16
 184 009b 0F       		.byte	15
 185 009c 16       		.byte	22
 186 009d 03       		.byte	3
 187 009e 17       		.byte	23
 188 009f 02       		.byte	2
 189 00a0 18       		.byte	24
 190 00a1 0F       		.byte	15
 191 00a2 19       		.byte	25
 192 00a3 01       		.byte	1
 193 00a4 1C       		.byte	28
 194 00a5 01       		.byte	1
 195 00a6 1D       		.byte	29
 196 00a7 01       		.byte	1
 197 00a8 20       		.byte	32
 198 00a9 03       		.byte	3
 199 00aa 22       		.byte	34
 200 00ab 0C       		.byte	12
 201 00ac 24       		.byte	36
 202 00ad 0C       		.byte	12
 203 00ae 25       		.byte	37
 204 00af 01       		.byte	1
 205 00b0 28       		.byte	40
 206 00b1 03       		.byte	3
 207 00b2 29       		.byte	41
 208 00b3 01       		.byte	1
 209 00b4 2C       		.byte	44
 210 00b5 08       		.byte	8
 211 00b6 33       		.byte	51
 212 00b7 02       		.byte	2
 213 00b8 34       		.byte	52
 214 00b9 0F       		.byte	15
 215 00ba 35       		.byte	53
 216 00bb 01       		.byte	1
 217 00bc 3A       		.byte	58
 218 00bd 28       		.byte	40
 219 00be 3F       		.byte	63
 220 00bf 10       		.byte	16
 221 00c0 40       		.byte	64
 222 00c1 14       		.byte	20
 223 00c2 41       		.byte	65
 224 00c3 06       		.byte	6
 225 00c4 49       		.byte	73
 226 00c5 FF       		.byte	-1
 227 00c6 4A       		.byte	74
 228 00c7 FF       		.byte	-1
ARM GAS  C:\Users\Jacob\AppData\Local\Temp\cc2QjD1o.s 			page 5


 229 00c8 4B       		.byte	75
 230 00c9 FF       		.byte	-1
 231 00ca 4D       		.byte	77
 232 00cb A0       		.byte	-96
 233 00cc 4F       		.byte	79
 234 00cd 01       		.byte	1
 235 00ce 50       		.byte	80
 236 00cf 18       		.byte	24
 237 00d0 56       		.byte	86
 238 00d1 02       		.byte	2
 239 00d2 57       		.byte	87
 240 00d3 11       		.byte	17
 241 00d4 58       		.byte	88
 242 00d5 04       		.byte	4
 243 00d6 59       		.byte	89
 244 00d7 04       		.byte	4
 245 00d8 5A       		.byte	90
 246 00d9 04       		.byte	4
 247 00da 5B       		.byte	91
 248 00db 04       		.byte	4
 249 00dc 5C       		.byte	92
 250 00dd 43       		.byte	67
 251 00de 5D       		.byte	93
 252 00df 30       		.byte	48
 253 00e0 5F       		.byte	95
 254 00e1 01       		.byte	1
 255 00e2 60       		.byte	96
 256 00e3 40       		.byte	64
 257 00e4 62       		.byte	98
 258 00e5 80       		.byte	-128
 259 00e6 64       		.byte	100
 260 00e7 40       		.byte	64
 261 00e8 65       		.byte	101
 262 00e9 40       		.byte	64
 263 00ea 66       		.byte	102
 264 00eb 80       		.byte	-128
 265 00ec 68       		.byte	104
 266 00ed 40       		.byte	64
 267 00ee 6A       		.byte	106
 268 00ef 50       		.byte	80
 269 00f0 6B       		.byte	107
 270 00f1 A8       		.byte	-88
 271 00f2 6C       		.byte	108
 272 00f3 40       		.byte	64
 273 00f4 6D       		.byte	109
 274 00f5 20       		.byte	32
 275 00f6 6E       		.byte	110
 276 00f7 50       		.byte	80
 277 00f8 6F       		.byte	111
 278 00f9 A8       		.byte	-88
 279 00fa 86       		.byte	-122
 280 00fb 02       		.byte	2
 281 00fc 8A       		.byte	-118
 282 00fd 05       		.byte	5
 283 00fe 8C       		.byte	-116
 284 00ff 06       		.byte	6
 285 0100 8D       		.byte	-115
ARM GAS  C:\Users\Jacob\AppData\Local\Temp\cc2QjD1o.s 			page 6


 286 0101 02       		.byte	2
 287 0102 8E       		.byte	-114
 288 0103 01       		.byte	1
 289 0104 92       		.byte	-110
 290 0105 03       		.byte	3
 291 0106 9E       		.byte	-98
 292 0107 06       		.byte	6
 293 0108 9F       		.byte	-97
 294 0109 01       		.byte	1
 295 010a A1       		.byte	-95
 296 010b 03       		.byte	3
 297 010c A2       		.byte	-94
 298 010d 01       		.byte	1
 299 010e A4       		.byte	-92
 300 010f 08       		.byte	8
 301 0110 A8       		.byte	-88
 302 0111 08       		.byte	8
 303 0112 A9       		.byte	-87
 304 0113 03       		.byte	3
 305 0114 AC       		.byte	-84
 306 0115 08       		.byte	8
 307 0116 B0       		.byte	-80
 308 0117 07       		.byte	7
 309 0118 B4       		.byte	-76
 310 0119 08       		.byte	8
 311 011a B5       		.byte	-75
 312 011b 03       		.byte	3
 313 011c B9       		.byte	-71
 314 011d 20       		.byte	32
 315 011e BA       		.byte	-70
 316 011f 02       		.byte	2
 317 0120 BF       		.byte	-65
 318 0121 10       		.byte	16
 319 0122 C0       		.byte	-64
 320 0123 14       		.byte	20
 321 0124 C1       		.byte	-63
 322 0125 06       		.byte	6
 323 0126 C9       		.byte	-55
 324 0127 FF       		.byte	-1
 325 0128 CA       		.byte	-54
 326 0129 FF       		.byte	-1
 327 012a CB       		.byte	-53
 328 012b FF       		.byte	-1
 329 012c CD       		.byte	-51
 330 012d AF       		.byte	-81
 331 012e CE       		.byte	-50
 332 012f 07       		.byte	7
 333 0130 CF       		.byte	-49
 334 0131 01       		.byte	1
 335 0132 D0       		.byte	-48
 336 0133 18       		.byte	24
 337 0134 D8       		.byte	-40
 338 0135 04       		.byte	4
 339 0136 D9       		.byte	-39
 340 0137 04       		.byte	4
 341 0138 DA       		.byte	-38
 342 0139 04       		.byte	4
ARM GAS  C:\Users\Jacob\AppData\Local\Temp\cc2QjD1o.s 			page 7


 343 013a DC       		.byte	-36
 344 013b 03       		.byte	3
 345 013c DF       		.byte	-33
 346 013d 01       		.byte	1
 347 013e E0       		.byte	-32
 348 013f 40       		.byte	64
 349 0140 E2       		.byte	-30
 350 0141 80       		.byte	-128
 351 0142 E4       		.byte	-28
 352 0143 40       		.byte	64
 353 0144 E5       		.byte	-27
 354 0145 40       		.byte	64
 355 0146 E6       		.byte	-26
 356 0147 80       		.byte	-128
 357 0148 E8       		.byte	-24
 358 0149 40       		.byte	64
 359 014a EA       		.byte	-22
 360 014b 50       		.byte	80
 361 014c EB       		.byte	-21
 362 014d A8       		.byte	-88
 363 014e EC       		.byte	-20
 364 014f 40       		.byte	64
 365 0150 ED       		.byte	-19
 366 0151 20       		.byte	32
 367 0152 EE       		.byte	-18
 368 0153 50       		.byte	80
 369 0154 EF       		.byte	-17
 370 0155 A8       		.byte	-88
 371 0156 00       		.byte	0
 372 0157 40       		.byte	64
 373 0158 01       		.byte	1
 374 0159 20       		.byte	32
 375 015a 02       		.byte	2
 376 015b 20       		.byte	32
 377 015c 04       		.byte	4
 378 015d 04       		.byte	4
 379 015e 07       		.byte	7
 380 015f 44       		.byte	68
 381 0160 0A       		.byte	10
 382 0161 42       		.byte	66
 383 0162 0E       		.byte	14
 384 0163 05       		.byte	5
 385 0164 0F       		.byte	15
 386 0165 60       		.byte	96
 387 0166 10       		.byte	16
 388 0167 A8       		.byte	-88
 389 0168 11       		.byte	17
 390 0169 40       		.byte	64
 391 016a 14       		.byte	20
 392 016b 04       		.byte	4
 393 016c 15       		.byte	21
 394 016d 01       		.byte	1
 395 016e 16       		.byte	22
 396 016f 22       		.byte	34
 397 0170 19       		.byte	25
 398 0171 01       		.byte	1
 399 0172 1A       		.byte	26
ARM GAS  C:\Users\Jacob\AppData\Local\Temp\cc2QjD1o.s 			page 8


 400 0173 40       		.byte	64
 401 0174 1B       		.byte	27
 402 0175 10       		.byte	16
 403 0176 1D       		.byte	29
 404 0177 30       		.byte	48
 405 0178 1F       		.byte	31
 406 0179 08       		.byte	8
 407 017a 20       		.byte	32
 408 017b 08       		.byte	8
 409 017c 24       		.byte	36
 410 017d 20       		.byte	32
 411 017e 26       		.byte	38
 412 017f 10       		.byte	16
 413 0180 29       		.byte	41
 414 0181 21       		.byte	33
 415 0182 2E       		.byte	46
 416 0183 04       		.byte	4
 417 0184 2F       		.byte	47
 418 0185 18       		.byte	24
 419 0186 30       		.byte	48
 420 0187 80       		.byte	-128
 421 0188 34       		.byte	52
 422 0189 20       		.byte	32
 423 018a 35       		.byte	53
 424 018b 10       		.byte	16
 425 018c 36       		.byte	54
 426 018d 08       		.byte	8
 427 018e 37       		.byte	55
 428 018f 40       		.byte	64
 429 0190 38       		.byte	56
 430 0191 40       		.byte	64
 431 0192 41       		.byte	65
 432 0193 80       		.byte	-128
 433 0194 43       		.byte	67
 434 0195 02       		.byte	2
 435 0196 45       		.byte	69
 436 0197 81       		.byte	-127
 437 0198 4B       		.byte	75
 438 0199 10       		.byte	16
 439 019a 4C       		.byte	76
 440 019b 04       		.byte	4
 441 019c 4F       		.byte	79
 442 019d 10       		.byte	16
 443 019e 5E       		.byte	94
 444 019f 20       		.byte	32
 445 01a0 6C       		.byte	108
 446 01a1 28       		.byte	40
 447 01a2 6D       		.byte	109
 448 01a3 50       		.byte	80
 449 01a4 6E       		.byte	110
 450 01a5 08       		.byte	8
 451 01a6 76       		.byte	118
 452 01a7 22       		.byte	34
 453 01a8 77       		.byte	119
 454 01a9 04       		.byte	4
 455 01aa 90       		.byte	-112
 456 01ab 08       		.byte	8
ARM GAS  C:\Users\Jacob\AppData\Local\Temp\cc2QjD1o.s 			page 9


 457 01ac 92       		.byte	-110
 458 01ad 20       		.byte	32
 459 01ae 94       		.byte	-108
 460 01af 20       		.byte	32
 461 01b0 95       		.byte	-107
 462 01b1 04       		.byte	4
 463 01b2 96       		.byte	-106
 464 01b3 04       		.byte	4
 465 01b4 97       		.byte	-105
 466 01b5 50       		.byte	80
 467 01b6 9D       		.byte	-99
 468 01b7 12       		.byte	18
 469 01b8 9E       		.byte	-98
 470 01b9 40       		.byte	64
 471 01ba 9F       		.byte	-97
 472 01bb 40       		.byte	64
 473 01bc A1       		.byte	-95
 474 01bd 81       		.byte	-127
 475 01be A2       		.byte	-94
 476 01bf 08       		.byte	8
 477 01c0 A3       		.byte	-93
 478 01c1 02       		.byte	2
 479 01c2 A6       		.byte	-90
 480 01c3 01       		.byte	1
 481 01c4 AA       		.byte	-86
 482 01c5 10       		.byte	16
 483 01c6 AF       		.byte	-81
 484 01c7 08       		.byte	8
 485 01c8 C0       		.byte	-64
 486 01c9 77       		.byte	119
 487 01ca C2       		.byte	-62
 488 01cb F9       		.byte	-7
 489 01cc C4       		.byte	-60
 490 01cd FF       		.byte	-1
 491 01ce CA       		.byte	-54
 492 01cf 65       		.byte	101
 493 01d0 CC       		.byte	-52
 494 01d1 78       		.byte	120
 495 01d2 CE       		.byte	-50
 496 01d3 08       		.byte	8
 497 01d4 D0       		.byte	-48
 498 01d5 99       		.byte	-103
 499 01d6 D2       		.byte	-46
 500 01d7 24       		.byte	36
 501 01d8 D6       		.byte	-42
 502 01d9 20       		.byte	32
 503 01da EC       		.byte	-20
 504 01db 02       		.byte	2
 505 01dc 0A       		.byte	10
 506 01dd 01       		.byte	1
 507 01de 0B       		.byte	11
 508 01df 02       		.byte	2
 509 01e0 0F       		.byte	15
 510 01e1 03       		.byte	3
 511 01e2 13       		.byte	19
 512 01e3 04       		.byte	4
 513 01e4 2A       		.byte	42
ARM GAS  C:\Users\Jacob\AppData\Local\Temp\cc2QjD1o.s 			page 10


 514 01e5 01       		.byte	1
 515 01e6 31       		.byte	49
 516 01e7 01       		.byte	1
 517 01e8 32       		.byte	50
 518 01e9 01       		.byte	1
 519 01ea 33       		.byte	51
 520 01eb 04       		.byte	4
 521 01ec 35       		.byte	53
 522 01ed 02       		.byte	2
 523 01ee 40       		.byte	64
 524 01ef 14       		.byte	20
 525 01f0 41       		.byte	65
 526 01f1 06       		.byte	6
 527 01f2 49       		.byte	73
 528 01f3 FF       		.byte	-1
 529 01f4 4A       		.byte	74
 530 01f5 FF       		.byte	-1
 531 01f6 4B       		.byte	75
 532 01f7 FF       		.byte	-1
 533 01f8 4D       		.byte	77
 534 01f9 AF       		.byte	-81
 535 01fa 4E       		.byte	78
 536 01fb 07       		.byte	7
 537 01fc 4F       		.byte	79
 538 01fd 01       		.byte	1
 539 01fe 50       		.byte	80
 540 01ff 18       		.byte	24
 541 0200 52       		.byte	82
 542 0201 80       		.byte	-128
 543 0202 58       		.byte	88
 544 0203 04       		.byte	4
 545 0204 59       		.byte	89
 546 0205 04       		.byte	4
 547 0206 5A       		.byte	90
 548 0207 04       		.byte	4
 549 0208 5B       		.byte	91
 550 0209 04       		.byte	4
 551 020a 5C       		.byte	92
 552 020b 44       		.byte	68
 553 020c 5D       		.byte	93
 554 020d 40       		.byte	64
 555 020e 5F       		.byte	95
 556 020f 01       		.byte	1
 557 0210 60       		.byte	96
 558 0211 40       		.byte	64
 559 0212 62       		.byte	98
 560 0213 80       		.byte	-128
 561 0214 64       		.byte	100
 562 0215 40       		.byte	64
 563 0216 65       		.byte	101
 564 0217 40       		.byte	64
 565 0218 66       		.byte	102
 566 0219 80       		.byte	-128
 567 021a 68       		.byte	104
 568 021b 40       		.byte	64
 569 021c 6A       		.byte	106
 570 021d 50       		.byte	80
ARM GAS  C:\Users\Jacob\AppData\Local\Temp\cc2QjD1o.s 			page 11


 571 021e 6B       		.byte	107
 572 021f A8       		.byte	-88
 573 0220 6C       		.byte	108
 574 0221 40       		.byte	64
 575 0222 6D       		.byte	109
 576 0223 20       		.byte	32
 577 0224 6E       		.byte	110
 578 0225 50       		.byte	80
 579 0226 6F       		.byte	111
 580 0227 A8       		.byte	-88
 581 0228 82       		.byte	-126
 582 0229 02       		.byte	2
 583 022a 83       		.byte	-125
 584 022b 01       		.byte	1
 585 022c 87       		.byte	-121
 586 022d 02       		.byte	2
 587 022e 88       		.byte	-120
 588 022f 01       		.byte	1
 589 0230 8B       		.byte	-117
 590 0231 04       		.byte	4
 591 0232 90       		.byte	-112
 592 0233 01       		.byte	1
 593 0234 96       		.byte	-106
 594 0235 02       		.byte	2
 595 0236 9A       		.byte	-102
 596 0237 01       		.byte	1
 597 0238 9B       		.byte	-101
 598 0239 02       		.byte	2
 599 023a A4       		.byte	-92
 600 023b 02       		.byte	2
 601 023c AE       		.byte	-82
 602 023d 01       		.byte	1
 603 023e B2       		.byte	-78
 604 023f 01       		.byte	1
 605 0240 B3       		.byte	-77
 606 0241 02       		.byte	2
 607 0242 B5       		.byte	-75
 608 0243 04       		.byte	4
 609 0244 B6       		.byte	-74
 610 0245 02       		.byte	2
 611 0246 B7       		.byte	-73
 612 0247 01       		.byte	1
 613 0248 B8       		.byte	-72
 614 0249 08       		.byte	8
 615 024a BE       		.byte	-66
 616 024b 40       		.byte	64
 617 024c BF       		.byte	-65
 618 024d 04       		.byte	4
 619 024e C0       		.byte	-64
 620 024f 14       		.byte	20
 621 0250 C1       		.byte	-63
 622 0251 06       		.byte	6
 623 0252 C5       		.byte	-59
 624 0253 5C       		.byte	92
 625 0254 C6       		.byte	-58
 626 0255 20       		.byte	32
 627 0256 C7       		.byte	-57
ARM GAS  C:\Users\Jacob\AppData\Local\Temp\cc2QjD1o.s 			page 12


 628 0257 0E       		.byte	14
 629 0258 C8       		.byte	-56
 630 0259 3B       		.byte	59
 631 025a C9       		.byte	-55
 632 025b FF       		.byte	-1
 633 025c CA       		.byte	-54
 634 025d FF       		.byte	-1
 635 025e CB       		.byte	-53
 636 025f FF       		.byte	-1
 637 0260 CD       		.byte	-51
 638 0261 AF       		.byte	-81
 639 0262 CE       		.byte	-50
 640 0263 07       		.byte	7
 641 0264 CF       		.byte	-49
 642 0265 01       		.byte	1
 643 0266 D0       		.byte	-48
 644 0267 18       		.byte	24
 645 0268 D4       		.byte	-44
 646 0269 18       		.byte	24
 647 026a D6       		.byte	-42
 648 026b 04       		.byte	4
 649 026c D8       		.byte	-40
 650 026d 04       		.byte	4
 651 026e D9       		.byte	-39
 652 026f 04       		.byte	4
 653 0270 DA       		.byte	-38
 654 0271 04       		.byte	4
 655 0272 DB       		.byte	-37
 656 0273 04       		.byte	4
 657 0274 DC       		.byte	-36
 658 0275 03       		.byte	3
 659 0276 DD       		.byte	-35
 660 0277 30       		.byte	48
 661 0278 DF       		.byte	-33
 662 0279 01       		.byte	1
 663 027a E0       		.byte	-32
 664 027b 40       		.byte	64
 665 027c E2       		.byte	-30
 666 027d 80       		.byte	-128
 667 027e E4       		.byte	-28
 668 027f 40       		.byte	64
 669 0280 E5       		.byte	-27
 670 0281 40       		.byte	64
 671 0282 E6       		.byte	-26
 672 0283 80       		.byte	-128
 673 0284 E8       		.byte	-24
 674 0285 40       		.byte	64
 675 0286 EA       		.byte	-22
 676 0287 50       		.byte	80
 677 0288 EB       		.byte	-21
 678 0289 A8       		.byte	-88
 679 028a EC       		.byte	-20
 680 028b 40       		.byte	64
 681 028c ED       		.byte	-19
 682 028d 20       		.byte	32
 683 028e EE       		.byte	-18
 684 028f 50       		.byte	80
ARM GAS  C:\Users\Jacob\AppData\Local\Temp\cc2QjD1o.s 			page 13


 685 0290 EF       		.byte	-17
 686 0291 A8       		.byte	-88
 687 0292 00       		.byte	0
 688 0293 10       		.byte	16
 689 0294 05       		.byte	5
 690 0295 12       		.byte	18
 691 0296 08       		.byte	8
 692 0297 08       		.byte	8
 693 0298 09       		.byte	9
 694 0299 04       		.byte	4
 695 029a 0E       		.byte	14
 696 029b 14       		.byte	20
 697 029c 0F       		.byte	15
 698 029d 40       		.byte	64
 699 029e 12       		.byte	18
 700 029f 08       		.byte	8
 701 02a0 17       		.byte	23
 702 02a1 44       		.byte	68
 703 02a2 19       		.byte	25
 704 02a3 04       		.byte	4
 705 02a4 1D       		.byte	29
 706 02a5 80       		.byte	-128
 707 02a6 1E       		.byte	30
 708 02a7 20       		.byte	32
 709 02a8 20       		.byte	32
 710 02a9 10       		.byte	16
 711 02aa 22       		.byte	34
 712 02ab 12       		.byte	18
 713 02ac 25       		.byte	37
 714 02ad 04       		.byte	4
 715 02ae 26       		.byte	38
 716 02af 80       		.byte	-128
 717 02b0 27       		.byte	39
 718 02b1 04       		.byte	4
 719 02b2 31       		.byte	49
 720 02b3 01       		.byte	1
 721 02b4 36       		.byte	54
 722 02b5 10       		.byte	16
 723 02b6 38       		.byte	56
 724 02b7 90       		.byte	-112
 725 02b8 3D       		.byte	61
 726 02b9 05       		.byte	5
 727 02ba 3E       		.byte	62
 728 02bb 10       		.byte	16
 729 02bc 41       		.byte	65
 730 02bd 80       		.byte	-128
 731 02be 43       		.byte	67
 732 02bf 02       		.byte	2
 733 02c0 45       		.byte	69
 734 02c1 81       		.byte	-127
 735 02c2 4B       		.byte	75
 736 02c3 10       		.byte	16
 737 02c4 4C       		.byte	76
 738 02c5 04       		.byte	4
 739 02c6 4D       		.byte	77
 740 02c7 01       		.byte	1
 741 02c8 4F       		.byte	79
ARM GAS  C:\Users\Jacob\AppData\Local\Temp\cc2QjD1o.s 			page 14


 742 02c9 04       		.byte	4
 743 02ca 55       		.byte	85
 744 02cb 11       		.byte	17
 745 02cc 56       		.byte	86
 746 02cd 08       		.byte	8
 747 02ce 57       		.byte	87
 748 02cf 03       		.byte	3
 749 02d0 5E       		.byte	94
 750 02d1 02       		.byte	2
 751 02d2 64       		.byte	100
 752 02d3 08       		.byte	8
 753 02d4 66       		.byte	102
 754 02d5 40       		.byte	64
 755 02d6 67       		.byte	103
 756 02d7 80       		.byte	-128
 757 02d8 71       		.byte	113
 758 02d9 01       		.byte	1
 759 02da 7D       		.byte	125
 760 02db 30       		.byte	48
 761 02dc 87       		.byte	-121
 762 02dd 40       		.byte	64
 763 02de 8D       		.byte	-115
 764 02df 04       		.byte	4
 765 02e0 90       		.byte	-112
 766 02e1 88       		.byte	-120
 767 02e2 94       		.byte	-108
 768 02e3 30       		.byte	48
 769 02e4 95       		.byte	-107
 770 02e5 11       		.byte	17
 771 02e6 97       		.byte	-105
 772 02e7 04       		.byte	4
 773 02e8 9E       		.byte	-98
 774 02e9 08       		.byte	8
 775 02ea A2       		.byte	-94
 776 02eb 08       		.byte	8
 777 02ec A3       		.byte	-93
 778 02ed 08       		.byte	8
 779 02ee A6       		.byte	-90
 780 02ef 82       		.byte	-126
 781 02f0 A7       		.byte	-89
 782 02f1 03       		.byte	3
 783 02f2 C0       		.byte	-64
 784 02f3 52       		.byte	82
 785 02f4 C2       		.byte	-62
 786 02f5 70       		.byte	112
 787 02f6 C4       		.byte	-60
 788 02f7 A2       		.byte	-94
 789 02f8 CC       		.byte	-52
 790 02f9 21       		.byte	33
 791 02fa CE       		.byte	-50
 792 02fb EC       		.byte	-20
 793 02fc D0       		.byte	-48
 794 02fd 99       		.byte	-103
 795 02fe D2       		.byte	-46
 796 02ff 24       		.byte	36
 797 0300 D6       		.byte	-42
 798 0301 80       		.byte	-128
ARM GAS  C:\Users\Jacob\AppData\Local\Temp\cc2QjD1o.s 			page 15


 799 0302 D8       		.byte	-40
 800 0303 B0       		.byte	-80
 801 0304 EA       		.byte	-22
 802 0305 02       		.byte	2
 803 0306 03       		.byte	3
 804 0307 02       		.byte	2
 805 0308 1D       		.byte	29
 806 0309 02       		.byte	2
 807 030a 1E       		.byte	30
 808 030b 01       		.byte	1
 809 030c 21       		.byte	33
 810 030d 01       		.byte	1
 811 030e 2F       		.byte	47
 812 030f 01       		.byte	1
 813 0310 35       		.byte	53
 814 0311 01       		.byte	1
 815 0312 36       		.byte	54
 816 0313 01       		.byte	1
 817 0314 37       		.byte	55
 818 0315 02       		.byte	2
 819 0316 3F       		.byte	63
 820 0317 50       		.byte	80
 821 0318 54       		.byte	84
 822 0319 07       		.byte	7
 823 031a 58       		.byte	88
 824 031b 04       		.byte	4
 825 031c 59       		.byte	89
 826 031d 04       		.byte	4
 827 031e 5B       		.byte	91
 828 031f 04       		.byte	4
 829 0320 5F       		.byte	95
 830 0321 01       		.byte	1
 831 0322 89       		.byte	-119
 832 0323 02       		.byte	2
 833 0324 8A       		.byte	-118
 834 0325 01       		.byte	1
 835 0326 8F       		.byte	-113
 836 0327 01       		.byte	1
 837 0328 91       		.byte	-111
 838 0329 01       		.byte	1
 839 032a 97       		.byte	-105
 840 032b 02       		.byte	2
 841 032c A6       		.byte	-90
 842 032d 01       		.byte	1
 843 032e B2       		.byte	-78
 844 032f 01       		.byte	1
 845 0330 B5       		.byte	-75
 846 0331 02       		.byte	2
 847 0332 B7       		.byte	-73
 848 0333 01       		.byte	1
 849 0334 BE       		.byte	-66
 850 0335 04       		.byte	4
 851 0336 C0       		.byte	-64
 852 0337 30       		.byte	48
 853 0338 C1       		.byte	-63
 854 0339 02       		.byte	2
 855 033a C5       		.byte	-59
ARM GAS  C:\Users\Jacob\AppData\Local\Temp\cc2QjD1o.s 			page 16


 856 033b D2       		.byte	-46
 857 033c C6       		.byte	-58
 858 033d 01       		.byte	1
 859 033e C7       		.byte	-57
 860 033f 04       		.byte	4
 861 0340 C8       		.byte	-56
 862 0341 17       		.byte	23
 863 0342 C9       		.byte	-55
 864 0343 FF       		.byte	-1
 865 0344 CA       		.byte	-54
 866 0345 FF       		.byte	-1
 867 0346 CB       		.byte	-53
 868 0347 FF       		.byte	-1
 869 0348 CD       		.byte	-51
 870 0349 A0       		.byte	-96
 871 034a CF       		.byte	-49
 872 034b 04       		.byte	4
 873 034c D0       		.byte	-48
 874 034d 18       		.byte	24
 875 034e D4       		.byte	-44
 876 034f 07       		.byte	7
 877 0350 D8       		.byte	-40
 878 0351 04       		.byte	4
 879 0352 D9       		.byte	-39
 880 0353 04       		.byte	4
 881 0354 DA       		.byte	-38
 882 0355 04       		.byte	4
 883 0356 DB       		.byte	-37
 884 0357 04       		.byte	4
 885 0358 DC       		.byte	-36
 886 0359 40       		.byte	64
 887 035a DD       		.byte	-35
 888 035b 44       		.byte	68
 889 035c DF       		.byte	-33
 890 035d 01       		.byte	1
 891 035e E0       		.byte	-32
 892 035f 40       		.byte	64
 893 0360 E2       		.byte	-30
 894 0361 C0       		.byte	-64
 895 0362 E4       		.byte	-28
 896 0363 40       		.byte	64
 897 0364 E5       		.byte	-27
 898 0365 40       		.byte	64
 899 0366 E6       		.byte	-26
 900 0367 C0       		.byte	-64
 901 0368 E8       		.byte	-24
 902 0369 C0       		.byte	-64
 903 036a EA       		.byte	-22
 904 036b C0       		.byte	-64
 905 036c EC       		.byte	-20
 906 036d C0       		.byte	-64
 907 036e EE       		.byte	-18
 908 036f C0       		.byte	-64
 909 0370 00       		.byte	0
 910 0371 10       		.byte	16
 911 0372 0F       		.byte	15
 912 0373 02       		.byte	2
ARM GAS  C:\Users\Jacob\AppData\Local\Temp\cc2QjD1o.s 			page 17


 913 0374 10       		.byte	16
 914 0375 20       		.byte	32
 915 0376 19       		.byte	25
 916 0377 04       		.byte	4
 917 0378 1F       		.byte	31
 918 0379 80       		.byte	-128
 919 037a 22       		.byte	34
 920 037b 50       		.byte	80
 921 037c 24       		.byte	36
 922 037d 04       		.byte	4
 923 037e 26       		.byte	38
 924 037f 40       		.byte	64
 925 0380 2F       		.byte	47
 926 0381 82       		.byte	-126
 927 0382 30       		.byte	48
 928 0383 20       		.byte	32
 929 0384 31       		.byte	49
 930 0385 20       		.byte	32
 931 0386 32       		.byte	50
 932 0387 0A       		.byte	10
 933 0388 36       		.byte	54
 934 0389 80       		.byte	-128
 935 038a 38       		.byte	56
 936 038b A0       		.byte	-96
 937 038c 3D       		.byte	61
 938 038d 01       		.byte	1
 939 038e 40       		.byte	64
 940 038f 10       		.byte	16
 941 0390 41       		.byte	65
 942 0391 20       		.byte	32
 943 0392 48       		.byte	72
 944 0393 20       		.byte	32
 945 0394 49       		.byte	73
 946 0395 01       		.byte	1
 947 0396 50       		.byte	80
 948 0397 40       		.byte	64
 949 0398 52       		.byte	82
 950 0399 08       		.byte	8
 951 039a 59       		.byte	89
 952 039b 05       		.byte	5
 953 039c 5A       		.byte	90
 954 039d A0       		.byte	-96
 955 039e 5C       		.byte	92
 956 039f 04       		.byte	4
 957 03a0 5D       		.byte	93
 958 03a1 10       		.byte	16
 959 03a2 5E       		.byte	94
 960 03a3 80       		.byte	-128
 961 03a4 66       		.byte	102
 962 03a5 08       		.byte	8
 963 03a6 67       		.byte	103
 964 03a7 04       		.byte	4
 965 03a8 88       		.byte	-120
 966 03a9 01       		.byte	1
 967 03aa 90       		.byte	-112
 968 03ab 08       		.byte	8
 969 03ac A0       		.byte	-96
ARM GAS  C:\Users\Jacob\AppData\Local\Temp\cc2QjD1o.s 			page 18


 970 03ad 01       		.byte	1
 971 03ae A3       		.byte	-93
 972 03af 08       		.byte	8
 973 03b0 B3       		.byte	-77
 974 03b1 21       		.byte	33
 975 03b2 C0       		.byte	-64
 976 03b3 02       		.byte	2
 977 03b4 C2       		.byte	-62
 978 03b5 80       		.byte	-128
 979 03b6 C4       		.byte	-60
 980 03b7 04       		.byte	4
 981 03b8 CA       		.byte	-54
 982 03b9 90       		.byte	-112
 983 03ba CC       		.byte	-52
 984 03bb 13       		.byte	19
 985 03bc CE       		.byte	-50
 986 03bd 8C       		.byte	-116
 987 03be D0       		.byte	-48
 988 03bf 06       		.byte	6
 989 03c0 D6       		.byte	-42
 990 03c1 7F       		.byte	127
 991 03c2 D8       		.byte	-40
 992 03c3 60       		.byte	96
 993 03c4 06       		.byte	6
 994 03c5 02       		.byte	2
 995 03c6 0B       		.byte	11
 996 03c7 01       		.byte	1
 997 03c8 27       		.byte	39
 998 03c9 01       		.byte	1
 999 03ca 2A       		.byte	42
 1000 03cb 02       		.byte	2
 1001 03cc 2E       		.byte	46
 1002 03cd 01       		.byte	1
 1003 03ce 32       		.byte	50
 1004 03cf 02       		.byte	2
 1005 03d0 34       		.byte	52
 1006 03d1 01       		.byte	1
 1007 03d2 37       		.byte	55
 1008 03d3 01       		.byte	1
 1009 03d4 40       		.byte	64
 1010 03d5 20       		.byte	32
 1011 03d6 41       		.byte	65
 1012 03d7 04       		.byte	4
 1013 03d8 49       		.byte	73
 1014 03d9 FF       		.byte	-1
 1015 03da 4A       		.byte	74
 1016 03db FF       		.byte	-1
 1017 03dc 4B       		.byte	75
 1018 03dd FF       		.byte	-1
 1019 03de 4D       		.byte	77
 1020 03df A0       		.byte	-96
 1021 03e0 4F       		.byte	79
 1022 03e1 04       		.byte	4
 1023 03e2 50       		.byte	80
 1024 03e3 18       		.byte	24
 1025 03e4 52       		.byte	82
 1026 03e5 80       		.byte	-128
ARM GAS  C:\Users\Jacob\AppData\Local\Temp\cc2QjD1o.s 			page 19


 1027 03e6 58       		.byte	88
 1028 03e7 04       		.byte	4
 1029 03e8 59       		.byte	89
 1030 03e9 04       		.byte	4
 1031 03ea 5A       		.byte	90
 1032 03eb 04       		.byte	4
 1033 03ec 5B       		.byte	91
 1034 03ed 04       		.byte	4
 1035 03ee 5C       		.byte	92
 1036 03ef 22       		.byte	34
 1037 03f0 5D       		.byte	93
 1038 03f1 22       		.byte	34
 1039 03f2 5F       		.byte	95
 1040 03f3 01       		.byte	1
 1041 03f4 60       		.byte	96
 1042 03f5 40       		.byte	64
 1043 03f6 62       		.byte	98
 1044 03f7 C0       		.byte	-64
 1045 03f8 64       		.byte	100
 1046 03f9 40       		.byte	64
 1047 03fa 65       		.byte	101
 1048 03fb 40       		.byte	64
 1049 03fc 66       		.byte	102
 1050 03fd C0       		.byte	-64
 1051 03fe 68       		.byte	104
 1052 03ff C0       		.byte	-64
 1053 0400 6A       		.byte	106
 1054 0401 C0       		.byte	-64
 1055 0402 6C       		.byte	108
 1056 0403 C0       		.byte	-64
 1057 0404 6E       		.byte	110
 1058 0405 C0       		.byte	-64
 1059 0406 86       		.byte	-122
 1060 0407 04       		.byte	4
 1061 0408 8B       		.byte	-117
 1062 0409 02       		.byte	2
 1063 040a 92       		.byte	-110
 1064 040b 04       		.byte	4
 1065 040c 96       		.byte	-106
 1066 040d 02       		.byte	2
 1067 040e 99       		.byte	-103
 1068 040f 02       		.byte	2
 1069 0410 A6       		.byte	-90
 1070 0411 01       		.byte	1
 1071 0412 AB       		.byte	-85
 1072 0413 01       		.byte	1
 1073 0414 AD       		.byte	-83
 1074 0415 01       		.byte	1
 1075 0416 B0       		.byte	-80
 1076 0417 02       		.byte	2
 1077 0418 B1       		.byte	-79
 1078 0419 01       		.byte	1
 1079 041a B2       		.byte	-78
 1080 041b 01       		.byte	1
 1081 041c B4       		.byte	-76
 1082 041d 04       		.byte	4
 1083 041e B7       		.byte	-73
ARM GAS  C:\Users\Jacob\AppData\Local\Temp\cc2QjD1o.s 			page 20


 1084 041f 02       		.byte	2
 1085 0420 B9       		.byte	-71
 1086 0421 20       		.byte	32
 1087 0422 BE       		.byte	-66
 1088 0423 10       		.byte	16
 1089 0424 BF       		.byte	-65
 1090 0425 10       		.byte	16
 1091 0426 C0       		.byte	-64
 1092 0427 60       		.byte	96
 1093 0428 C1       		.byte	-63
 1094 0429 04       		.byte	4
 1095 042a C5       		.byte	-59
 1096 042b D0       		.byte	-48
 1097 042c C6       		.byte	-58
 1098 042d 50       		.byte	80
 1099 042e C7       		.byte	-57
 1100 042f 21       		.byte	33
 1101 0430 C8       		.byte	-56
 1102 0431 3A       		.byte	58
 1103 0432 C9       		.byte	-55
 1104 0433 FF       		.byte	-1
 1105 0434 CA       		.byte	-54
 1106 0435 FF       		.byte	-1
 1107 0436 CB       		.byte	-53
 1108 0437 FF       		.byte	-1
 1109 0438 CD       		.byte	-51
 1110 0439 AF       		.byte	-81
 1111 043a CE       		.byte	-50
 1112 043b 0F       		.byte	15
 1113 043c CF       		.byte	-49
 1114 043d 04       		.byte	4
 1115 043e D0       		.byte	-48
 1116 043f 18       		.byte	24
 1117 0440 D4       		.byte	-44
 1118 0441 07       		.byte	7
 1119 0442 D8       		.byte	-40
 1120 0443 04       		.byte	4
 1121 0444 D9       		.byte	-39
 1122 0445 04       		.byte	4
 1123 0446 DA       		.byte	-38
 1124 0447 04       		.byte	4
 1125 0448 DB       		.byte	-37
 1126 0449 04       		.byte	4
 1127 044a DC       		.byte	-36
 1128 044b 22       		.byte	34
 1129 044c DD       		.byte	-35
 1130 044d 22       		.byte	34
 1131 044e DF       		.byte	-33
 1132 044f 01       		.byte	1
 1133 0450 E0       		.byte	-32
 1134 0451 40       		.byte	64
 1135 0452 E2       		.byte	-30
 1136 0453 C0       		.byte	-64
 1137 0454 E4       		.byte	-28
 1138 0455 40       		.byte	64
 1139 0456 E5       		.byte	-27
 1140 0457 40       		.byte	64
ARM GAS  C:\Users\Jacob\AppData\Local\Temp\cc2QjD1o.s 			page 21


 1141 0458 E6       		.byte	-26
 1142 0459 C0       		.byte	-64
 1143 045a E8       		.byte	-24
 1144 045b C0       		.byte	-64
 1145 045c EA       		.byte	-22
 1146 045d C0       		.byte	-64
 1147 045e EC       		.byte	-20
 1148 045f C0       		.byte	-64
 1149 0460 EE       		.byte	-18
 1150 0461 C0       		.byte	-64
 1151 0462 00       		.byte	0
 1152 0463 04       		.byte	4
 1153 0464 04       		.byte	4
 1154 0465 04       		.byte	4
 1155 0466 0C       		.byte	12
 1156 0467 08       		.byte	8
 1157 0468 0D       		.byte	13
 1158 0469 02       		.byte	2
 1159 046a 10       		.byte	16
 1160 046b 0A       		.byte	10
 1161 046c 16       		.byte	22
 1162 046d 10       		.byte	16
 1163 046e 18       		.byte	24
 1164 046f 04       		.byte	4
 1165 0470 1B       		.byte	27
 1166 0471 18       		.byte	24
 1167 0472 1E       		.byte	30
 1168 0473 64       		.byte	100
 1169 0474 20       		.byte	32
 1170 0475 02       		.byte	2
 1171 0476 24       		.byte	36
 1172 0477 08       		.byte	8
 1173 0478 27       		.byte	39
 1174 0479 81       		.byte	-127
 1175 047a 2B       		.byte	43
 1176 047b 10       		.byte	16
 1177 047c 2C       		.byte	44
 1178 047d 08       		.byte	8
 1179 047e 2E       		.byte	46
 1180 047f 40       		.byte	64
 1181 0480 36       		.byte	54
 1182 0481 10       		.byte	16
 1183 0482 3A       		.byte	58
 1184 0483 10       		.byte	16
 1185 0484 3E       		.byte	62
 1186 0485 20       		.byte	32
 1187 0486 40       		.byte	64
 1188 0487 04       		.byte	4
 1189 0488 41       		.byte	65
 1190 0489 02       		.byte	2
 1191 048a 45       		.byte	69
 1192 048b 02       		.byte	2
 1193 048c 4D       		.byte	77
 1194 048d 01       		.byte	1
 1195 048e 4F       		.byte	79
 1196 048f 20       		.byte	32
 1197 0490 54       		.byte	84
ARM GAS  C:\Users\Jacob\AppData\Local\Temp\cc2QjD1o.s 			page 22


 1198 0491 08       		.byte	8
 1199 0492 55       		.byte	85
 1200 0493 02       		.byte	2
 1201 0494 56       		.byte	86
 1202 0495 30       		.byte	48
 1203 0496 5D       		.byte	93
 1204 0497 01       		.byte	1
 1205 0498 5E       		.byte	94
 1206 0499 04       		.byte	4
 1207 049a 5F       		.byte	95
 1208 049b A0       		.byte	-96
 1209 049c 70       		.byte	112
 1210 049d 02       		.byte	2
 1211 049e C0       		.byte	-64
 1212 049f 24       		.byte	36
 1213 04a0 C2       		.byte	-62
 1214 04a1 30       		.byte	48
 1215 04a2 C4       		.byte	-60
 1216 04a3 23       		.byte	35
 1217 04a4 CA       		.byte	-54
 1218 04a5 32       		.byte	50
 1219 04a6 CC       		.byte	-52
 1220 04a7 20       		.byte	32
 1221 04a8 CE       		.byte	-50
 1222 04a9 24       		.byte	36
 1223 04aa D0       		.byte	-48
 1224 04ab 85       		.byte	-123
 1225 04ac D2       		.byte	-46
 1226 04ad 20       		.byte	32
 1227 04ae D6       		.byte	-42
 1228 04af F0       		.byte	-16
 1229 04b0 00       		.byte	0
 1230 04b1 06       		.byte	6
 1231 04b2 01       		.byte	1
 1232 04b3 10       		.byte	16
 1233 04b4 02       		.byte	2
 1234 04b5 01       		.byte	1
 1235 04b6 05       		.byte	5
 1236 04b7 80       		.byte	-128
 1237 04b8 08       		.byte	8
 1238 04b9 02       		.byte	2
 1239 04ba 09       		.byte	9
 1240 04bb 18       		.byte	24
 1241 04bc 0C       		.byte	12
 1242 04bd 04       		.byte	4
 1243 04be 0D       		.byte	13
 1244 04bf FF       		.byte	-1
 1245 04c0 10       		.byte	16
 1246 04c1 07       		.byte	7
 1247 04c2 11       		.byte	17
 1248 04c3 3C       		.byte	60
 1249 04c4 13       		.byte	19
 1250 04c5 C2       		.byte	-62
 1251 04c6 15       		.byte	21
 1252 04c7 08       		.byte	8
 1253 04c8 16       		.byte	22
 1254 04c9 01       		.byte	1
ARM GAS  C:\Users\Jacob\AppData\Local\Temp\cc2QjD1o.s 			page 23


 1255 04ca 18       		.byte	24
 1256 04cb 06       		.byte	6
 1257 04cc 1A       		.byte	26
 1258 04cd 01       		.byte	1
 1259 04ce 1B       		.byte	27
 1260 04cf E3       		.byte	-29
 1261 04d0 1F       		.byte	31
 1262 04d1 04       		.byte	4
 1263 04d2 21       		.byte	33
 1264 04d3 44       		.byte	68
 1265 04d4 24       		.byte	36
 1266 04d5 06       		.byte	6
 1267 04d6 25       		.byte	37
 1268 04d7 1C       		.byte	28
 1269 04d8 27       		.byte	39
 1270 04d9 E1       		.byte	-31
 1271 04da 29       		.byte	41
 1272 04db C0       		.byte	-64
 1273 04dc 2C       		.byte	44
 1274 04dd 01       		.byte	1
 1275 04de 2D       		.byte	45
 1276 04df E7       		.byte	-25
 1277 04e0 2E       		.byte	46
 1278 04e1 06       		.byte	6
 1279 04e2 2F       		.byte	47
 1280 04e3 18       		.byte	24
 1281 04e4 31       		.byte	49
 1282 04e5 1F       		.byte	31
 1283 04e6 33       		.byte	51
 1284 04e7 C0       		.byte	-64
 1285 04e8 34       		.byte	52
 1286 04e9 07       		.byte	7
 1287 04ea 35       		.byte	53
 1288 04eb 38       		.byte	56
 1289 04ec 3A       		.byte	58
 1290 04ed 20       		.byte	32
 1291 04ee 3B       		.byte	59
 1292 04ef 02       		.byte	2
 1293 04f0 52       		.byte	82
 1294 04f1 80       		.byte	-128
 1295 04f2 58       		.byte	88
 1296 04f3 04       		.byte	4
 1297 04f4 59       		.byte	89
 1298 04f5 04       		.byte	4
 1299 04f6 5B       		.byte	91
 1300 04f7 04       		.byte	4
 1301 04f8 5C       		.byte	92
 1302 04f9 33       		.byte	51
 1303 04fa 5F       		.byte	95
 1304 04fb 01       		.byte	1
 1305 04fc 85       		.byte	-123
 1306 04fd 01       		.byte	1
 1307 04fe 88       		.byte	-120
 1308 04ff 03       		.byte	3
 1309 0500 8A       		.byte	-118
 1310 0501 0C       		.byte	12
 1311 0502 8C       		.byte	-116
ARM GAS  C:\Users\Jacob\AppData\Local\Temp\cc2QjD1o.s 			page 24


 1312 0503 0A       		.byte	10
 1313 0504 8E       		.byte	-114
 1314 0505 04       		.byte	4
 1315 0506 8F       		.byte	-113
 1316 0507 02       		.byte	2
 1317 0508 90       		.byte	-112
 1318 0509 03       		.byte	3
 1319 050a 92       		.byte	-110
 1320 050b 04       		.byte	4
 1321 050c 9B       		.byte	-101
 1322 050d 02       		.byte	2
 1323 050e 9E       		.byte	-98
 1324 050f 08       		.byte	8
 1325 0510 9F       		.byte	-97
 1326 0511 02       		.byte	2
 1327 0512 A1       		.byte	-95
 1328 0513 02       		.byte	2
 1329 0514 A2       		.byte	-94
 1330 0515 05       		.byte	5
 1331 0516 A4       		.byte	-92
 1332 0517 03       		.byte	3
 1333 0518 A6       		.byte	-90
 1334 0519 04       		.byte	4
 1335 051a A9       		.byte	-87
 1336 051b 02       		.byte	2
 1337 051c B3       		.byte	-77
 1338 051d 01       		.byte	1
 1339 051e B4       		.byte	-76
 1340 051f 0F       		.byte	15
 1341 0520 B7       		.byte	-73
 1342 0521 02       		.byte	2
 1343 0522 BA       		.byte	-70
 1344 0523 20       		.byte	32
 1345 0524 BF       		.byte	-65
 1346 0525 44       		.byte	68
 1347 0526 C0       		.byte	-64
 1348 0527 06       		.byte	6
 1349 0528 C6       		.byte	-58
 1350 0529 40       		.byte	64
 1351 052a C9       		.byte	-55
 1352 052b FF       		.byte	-1
 1353 052c CA       		.byte	-54
 1354 052d 07       		.byte	7
 1355 052e CB       		.byte	-53
 1356 052f FF       		.byte	-1
 1357 0530 CC       		.byte	-52
 1358 0531 40       		.byte	64
 1359 0532 CD       		.byte	-51
 1360 0533 20       		.byte	32
 1361 0534 CE       		.byte	-50
 1362 0535 F0       		.byte	-16
 1363 0536 CF       		.byte	-49
 1364 0537 05       		.byte	5
 1365 0538 D0       		.byte	-48
 1366 0539 08       		.byte	8
 1367 053a D4       		.byte	-44
 1368 053b 01       		.byte	1
ARM GAS  C:\Users\Jacob\AppData\Local\Temp\cc2QjD1o.s 			page 25


 1369 053c D8       		.byte	-40
 1370 053d 04       		.byte	4
 1371 053e D9       		.byte	-39
 1372 053f 04       		.byte	4
 1373 0540 DA       		.byte	-38
 1374 0541 04       		.byte	4
 1375 0542 DB       		.byte	-37
 1376 0543 04       		.byte	4
 1377 0544 DC       		.byte	-36
 1378 0545 03       		.byte	3
 1379 0546 DD       		.byte	-35
 1380 0547 33       		.byte	51
 1381 0548 DF       		.byte	-33
 1382 0549 01       		.byte	1
 1383 054a E0       		.byte	-32
 1384 054b 40       		.byte	64
 1385 054c E1       		.byte	-31
 1386 054d A8       		.byte	-88
 1387 054e E2       		.byte	-30
 1388 054f 40       		.byte	64
 1389 0550 E3       		.byte	-29
 1390 0551 20       		.byte	32
 1391 0552 00       		.byte	0
 1392 0553 40       		.byte	64
 1393 0554 01       		.byte	1
 1394 0555 20       		.byte	32
 1395 0556 06       		.byte	6
 1396 0557 02       		.byte	2
 1397 0558 07       		.byte	7
 1398 0559 44       		.byte	68
 1399 055a 0A       		.byte	10
 1400 055b 42       		.byte	66
 1401 055c 0D       		.byte	13
 1402 055d 20       		.byte	32
 1403 055e 0E       		.byte	14
 1404 055f 20       		.byte	32
 1405 0560 0F       		.byte	15
 1406 0561 60       		.byte	96
 1407 0562 10       		.byte	16
 1408 0563 B0       		.byte	-80
 1409 0564 15       		.byte	21
 1410 0565 40       		.byte	64
 1411 0566 16       		.byte	22
 1412 0567 20       		.byte	32
 1413 0568 19       		.byte	25
 1414 0569 20       		.byte	32
 1415 056a 1D       		.byte	29
 1416 056b 20       		.byte	32
 1417 056c 1F       		.byte	31
 1418 056d 10       		.byte	16
 1419 056e 22       		.byte	34
 1420 056f 44       		.byte	68
 1421 0570 24       		.byte	36
 1422 0571 10       		.byte	16
 1423 0572 25       		.byte	37
 1424 0573 10       		.byte	16
 1425 0574 26       		.byte	38
ARM GAS  C:\Users\Jacob\AppData\Local\Temp\cc2QjD1o.s 			page 26


 1426 0575 02       		.byte	2
 1427 0576 27       		.byte	39
 1428 0577 40       		.byte	64
 1429 0578 29       		.byte	41
 1430 0579 21       		.byte	33
 1431 057a 2C       		.byte	44
 1432 057b 04       		.byte	4
 1433 057c 2D       		.byte	45
 1434 057d 40       		.byte	64
 1435 057e 2E       		.byte	46
 1436 057f 01       		.byte	1
 1437 0580 2F       		.byte	47
 1438 0581 10       		.byte	16
 1439 0582 30       		.byte	48
 1440 0583 A0       		.byte	-96
 1441 0584 36       		.byte	54
 1442 0585 12       		.byte	18
 1443 0586 37       		.byte	55
 1444 0587 84       		.byte	-124
 1445 0588 38       		.byte	56
 1446 0589 48       		.byte	72
 1447 058a 3C       		.byte	60
 1448 058b 04       		.byte	4
 1449 058c 3E       		.byte	62
 1450 058d 22       		.byte	34
 1451 058e 3F       		.byte	63
 1452 058f 40       		.byte	64
 1453 0590 48       		.byte	72
 1454 0591 04       		.byte	4
 1455 0592 50       		.byte	80
 1456 0593 80       		.byte	-128
 1457 0594 51       		.byte	81
 1458 0595 40       		.byte	64
 1459 0596 52       		.byte	82
 1460 0597 20       		.byte	32
 1461 0598 58       		.byte	88
 1462 0599 10       		.byte	16
 1463 059a 5A       		.byte	90
 1464 059b 88       		.byte	-120
 1465 059c 5B       		.byte	91
 1466 059d 02       		.byte	2
 1467 059e 75       		.byte	117
 1468 059f 02       		.byte	2
 1469 05a0 8C       		.byte	-116
 1470 05a1 10       		.byte	16
 1471 05a2 8E       		.byte	-114
 1472 05a3 01       		.byte	1
 1473 05a4 91       		.byte	-111
 1474 05a5 10       		.byte	16
 1475 05a6 92       		.byte	-110
 1476 05a7 40       		.byte	64
 1477 05a8 93       		.byte	-109
 1478 05a9 40       		.byte	64
 1479 05aa 94       		.byte	-108
 1480 05ab 44       		.byte	68
 1481 05ac 95       		.byte	-107
 1482 05ad 04       		.byte	4
ARM GAS  C:\Users\Jacob\AppData\Local\Temp\cc2QjD1o.s 			page 27


 1483 05ae 96       		.byte	-106
 1484 05af 03       		.byte	3
 1485 05b0 97       		.byte	-105
 1486 05b1 20       		.byte	32
 1487 05b2 98       		.byte	-104
 1488 05b3 20       		.byte	32
 1489 05b4 99       		.byte	-103
 1490 05b5 01       		.byte	1
 1491 05b6 9A       		.byte	-102
 1492 05b7 22       		.byte	34
 1493 05b8 9B       		.byte	-101
 1494 05b9 04       		.byte	4
 1495 05ba 9C       		.byte	-100
 1496 05bb 04       		.byte	4
 1497 05bc 9D       		.byte	-99
 1498 05bd 22       		.byte	34
 1499 05be 9E       		.byte	-98
 1500 05bf 40       		.byte	64
 1501 05c0 9F       		.byte	-97
 1502 05c1 40       		.byte	64
 1503 05c2 A0       		.byte	-96
 1504 05c3 04       		.byte	4
 1505 05c4 A2       		.byte	-94
 1506 05c5 04       		.byte	4
 1507 05c6 A3       		.byte	-93
 1508 05c7 10       		.byte	16
 1509 05c8 A4       		.byte	-92
 1510 05c9 80       		.byte	-128
 1511 05ca A6       		.byte	-90
 1512 05cb 21       		.byte	33
 1513 05cc AA       		.byte	-86
 1514 05cd 10       		.byte	16
 1515 05ce B1       		.byte	-79
 1516 05cf 21       		.byte	33
 1517 05d0 B3       		.byte	-77
 1518 05d1 48       		.byte	72
 1519 05d2 C0       		.byte	-64
 1520 05d3 D3       		.byte	-45
 1521 05d4 C2       		.byte	-62
 1522 05d5 79       		.byte	121
 1523 05d6 C4       		.byte	-60
 1524 05d7 AC       		.byte	-84
 1525 05d8 CA       		.byte	-54
 1526 05d9 F5       		.byte	-11
 1527 05da CC       		.byte	-52
 1528 05db FC       		.byte	-4
 1529 05dc CE       		.byte	-50
 1530 05dd FA       		.byte	-6
 1531 05de D2       		.byte	-46
 1532 05df 04       		.byte	4
 1533 05e0 D6       		.byte	-42
 1534 05e1 0F       		.byte	15
 1535 05e2 EC       		.byte	-20
 1536 05e3 04       		.byte	4
 1537 05e4 02       		.byte	2
 1538 05e5 03       		.byte	3
 1539 05e6 0C       		.byte	12
ARM GAS  C:\Users\Jacob\AppData\Local\Temp\cc2QjD1o.s 			page 28


 1540 05e7 1C       		.byte	28
 1541 05e8 0D       		.byte	13
 1542 05e9 0C       		.byte	12
 1543 05ea 0E       		.byte	14
 1544 05eb 22       		.byte	34
 1545 05ec 0F       		.byte	15
 1546 05ed 03       		.byte	3
 1547 05ee 10       		.byte	16
 1548 05ef 2C       		.byte	44
 1549 05f0 11       		.byte	17
 1550 05f1 01       		.byte	1
 1551 05f2 12       		.byte	18
 1552 05f3 11       		.byte	17
 1553 05f4 13       		.byte	19
 1554 05f5 0E       		.byte	14
 1555 05f6 14       		.byte	20
 1556 05f7 40       		.byte	64
 1557 05f8 1B       		.byte	27
 1558 05f9 08       		.byte	8
 1559 05fa 1C       		.byte	28
 1560 05fb 09       		.byte	9
 1561 05fc 1E       		.byte	30
 1562 05fd 10       		.byte	16
 1563 05fe 1F       		.byte	31
 1564 05ff 03       		.byte	3
 1565 0600 20       		.byte	32
 1566 0601 14       		.byte	20
 1567 0602 21       		.byte	33
 1568 0603 10       		.byte	16
 1569 0604 24       		.byte	36
 1570 0605 10       		.byte	16
 1571 0606 28       		.byte	40
 1572 0607 30       		.byte	48
 1573 0608 29       		.byte	41
 1574 0609 01       		.byte	1
 1575 060a 2A       		.byte	42
 1576 060b 0C       		.byte	12
 1577 060c 2B       		.byte	43
 1578 060d 06       		.byte	6
 1579 060e 2F       		.byte	47
 1580 060f 0C       		.byte	12
 1581 0610 30       		.byte	48
 1582 0611 1F       		.byte	31
 1583 0612 31       		.byte	49
 1584 0613 0F       		.byte	15
 1585 0614 33       		.byte	51
 1586 0615 10       		.byte	16
 1587 0616 36       		.byte	54
 1588 0617 60       		.byte	96
 1589 0618 38       		.byte	56
 1590 0619 80       		.byte	-128
 1591 061a 3B       		.byte	59
 1592 061b 02       		.byte	2
 1593 061c 3F       		.byte	63
 1594 061d 04       		.byte	4
 1595 061e 40       		.byte	64
 1596 061f 61       		.byte	97
ARM GAS  C:\Users\Jacob\AppData\Local\Temp\cc2QjD1o.s 			page 29


 1597 0620 41       		.byte	65
 1598 0621 04       		.byte	4
 1599 0622 46       		.byte	70
 1600 0623 CB       		.byte	-53
 1601 0624 47       		.byte	71
 1602 0625 0E       		.byte	14
 1603 0626 48       		.byte	72
 1604 0627 1C       		.byte	28
 1605 0628 49       		.byte	73
 1606 0629 FF       		.byte	-1
 1607 062a 4A       		.byte	74
 1608 062b FF       		.byte	-1
 1609 062c 4B       		.byte	75
 1610 062d FF       		.byte	-1
 1611 062e 4E       		.byte	78
 1612 062f F0       		.byte	-16
 1613 0630 4F       		.byte	79
 1614 0631 44       		.byte	68
 1615 0632 50       		.byte	80
 1616 0633 0C       		.byte	12
 1617 0634 58       		.byte	88
 1618 0635 04       		.byte	4
 1619 0636 59       		.byte	89
 1620 0637 04       		.byte	4
 1621 0638 5A       		.byte	90
 1622 0639 04       		.byte	4
 1623 063a 5C       		.byte	92
 1624 063b 33       		.byte	51
 1625 063c 5D       		.byte	93
 1626 063d 03       		.byte	3
 1627 063e 5F       		.byte	95
 1628 063f 01       		.byte	1
 1629 0640 66       		.byte	102
 1630 0641 C0       		.byte	-64
 1631 0642 6A       		.byte	106
 1632 0643 40       		.byte	64
 1633 0644 6B       		.byte	107
 1634 0645 02       		.byte	2
 1635 0646 83       		.byte	-125
 1636 0647 0A       		.byte	10
 1637 0648 84       		.byte	-124
 1638 0649 12       		.byte	18
 1639 064a 86       		.byte	-122
 1640 064b 05       		.byte	5
 1641 064c 8B       		.byte	-117
 1642 064d 04       		.byte	4
 1643 064e 8F       		.byte	-113
 1644 064f 04       		.byte	4
 1645 0650 94       		.byte	-108
 1646 0651 04       		.byte	4
 1647 0652 96       		.byte	-106
 1648 0653 18       		.byte	24
 1649 0654 98       		.byte	-104
 1650 0655 1F       		.byte	31
 1651 0656 9C       		.byte	-100
 1652 0657 09       		.byte	9
 1653 0658 9E       		.byte	-98
ARM GAS  C:\Users\Jacob\AppData\Local\Temp\cc2QjD1o.s 			page 30


 1654 0659 06       		.byte	6
 1655 065a A7       		.byte	-89
 1656 065b 02       		.byte	2
 1657 065c A8       		.byte	-88
 1658 065d 1F       		.byte	31
 1659 065e AB       		.byte	-85
 1660 065f 01       		.byte	1
 1661 0660 B1       		.byte	-79
 1662 0661 08       		.byte	8
 1663 0662 B2       		.byte	-78
 1664 0663 1C       		.byte	28
 1665 0664 B3       		.byte	-77
 1666 0665 03       		.byte	3
 1667 0666 B4       		.byte	-76
 1668 0667 03       		.byte	3
 1669 0668 B7       		.byte	-73
 1670 0669 04       		.byte	4
 1671 066a BF       		.byte	-65
 1672 066b 44       		.byte	68
 1673 066c C0       		.byte	-64
 1674 066d 16       		.byte	22
 1675 066e C1       		.byte	-63
 1676 066f 05       		.byte	5
 1677 0670 C2       		.byte	-62
 1678 0671 03       		.byte	3
 1679 0672 C4       		.byte	-60
 1680 0673 02       		.byte	2
 1681 0674 C5       		.byte	-59
 1682 0675 0E       		.byte	14
 1683 0676 C6       		.byte	-58
 1684 0677 0C       		.byte	12
 1685 0678 C8       		.byte	-56
 1686 0679 05       		.byte	5
 1687 067a C9       		.byte	-55
 1688 067b FF       		.byte	-1
 1689 067c CA       		.byte	-54
 1690 067d FF       		.byte	-1
 1691 067e CB       		.byte	-53
 1692 067f FF       		.byte	-1
 1693 0680 CC       		.byte	-52
 1694 0681 62       		.byte	98
 1695 0682 CD       		.byte	-51
 1696 0683 A0       		.byte	-96
 1697 0684 CE       		.byte	-50
 1698 0685 F0       		.byte	-16
 1699 0686 CF       		.byte	-49
 1700 0687 41       		.byte	65
 1701 0688 D0       		.byte	-48
 1702 0689 0C       		.byte	12
 1703 068a D8       		.byte	-40
 1704 068b 04       		.byte	4
 1705 068c D9       		.byte	-39
 1706 068d 04       		.byte	4
 1707 068e DA       		.byte	-38
 1708 068f 04       		.byte	4
 1709 0690 DC       		.byte	-36
 1710 0691 33       		.byte	51
ARM GAS  C:\Users\Jacob\AppData\Local\Temp\cc2QjD1o.s 			page 31


 1711 0692 DD       		.byte	-35
 1712 0693 03       		.byte	3
 1713 0694 DF       		.byte	-33
 1714 0695 01       		.byte	1
 1715 0696 E6       		.byte	-26
 1716 0697 40       		.byte	64
 1717 0698 E7       		.byte	-25
 1718 0699 02       		.byte	2
 1719 069a E9       		.byte	-23
 1720 069b 10       		.byte	16
 1721 069c EA       		.byte	-22
 1722 069d 30       		.byte	48
 1723 069e EB       		.byte	-21
 1724 069f 10       		.byte	16
 1725 06a0 ED       		.byte	-19
 1726 06a1 10       		.byte	16
 1727 06a2 EE       		.byte	-18
 1728 06a3 10       		.byte	16
 1729 06a4 EF       		.byte	-17
 1730 06a5 12       		.byte	18
 1731 06a6 00       		.byte	0
 1732 06a7 40       		.byte	64
 1733 06a8 01       		.byte	1
 1734 06a9 02       		.byte	2
 1735 06aa 04       		.byte	4
 1736 06ab 04       		.byte	4
 1737 06ac 0A       		.byte	10
 1738 06ad 52       		.byte	82
 1739 06ae 0C       		.byte	12
 1740 06af 04       		.byte	4
 1741 06b0 0E       		.byte	14
 1742 06b1 09       		.byte	9
 1743 06b2 10       		.byte	16
 1744 06b3 88       		.byte	-120
 1745 06b4 12       		.byte	18
 1746 06b5 20       		.byte	32
 1747 06b6 15       		.byte	21
 1748 06b7 10       		.byte	16
 1749 06b8 19       		.byte	25
 1750 06b9 42       		.byte	66
 1751 06ba 1A       		.byte	26
 1752 06bb 02       		.byte	2
 1753 06bc 1C       		.byte	28
 1754 06bd 04       		.byte	4
 1755 06be 1F       		.byte	31
 1756 06bf 18       		.byte	24
 1757 06c0 20       		.byte	32
 1758 06c1 40       		.byte	64
 1759 06c2 21       		.byte	33
 1760 06c3 08       		.byte	8
 1761 06c4 27       		.byte	39
 1762 06c5 A1       		.byte	-95
 1763 06c6 29       		.byte	41
 1764 06c7 62       		.byte	98
 1765 06c8 2C       		.byte	44
 1766 06c9 04       		.byte	4
 1767 06ca 2F       		.byte	47
ARM GAS  C:\Users\Jacob\AppData\Local\Temp\cc2QjD1o.s 			page 32


 1768 06cb 18       		.byte	24
 1769 06cc 31       		.byte	49
 1770 06cd 02       		.byte	2
 1771 06ce 32       		.byte	50
 1772 06cf 20       		.byte	32
 1773 06d0 33       		.byte	51
 1774 06d1 40       		.byte	64
 1775 06d2 38       		.byte	56
 1776 06d3 40       		.byte	64
 1777 06d4 3D       		.byte	61
 1778 06d5 20       		.byte	32
 1779 06d6 3E       		.byte	62
 1780 06d7 21       		.byte	33
 1781 06d8 3F       		.byte	63
 1782 06d9 80       		.byte	-128
 1783 06da 41       		.byte	65
 1784 06db 42       		.byte	66
 1785 06dc 42       		.byte	66
 1786 06dd 40       		.byte	64
 1787 06de 43       		.byte	67
 1788 06df 40       		.byte	64
 1789 06e0 46       		.byte	70
 1790 06e1 62       		.byte	98
 1791 06e2 47       		.byte	71
 1792 06e3 21       		.byte	33
 1793 06e4 48       		.byte	72
 1794 06e5 08       		.byte	8
 1795 06e6 49       		.byte	73
 1796 06e7 20       		.byte	32
 1797 06e8 4D       		.byte	77
 1798 06e9 04       		.byte	4
 1799 06ea 4F       		.byte	79
 1800 06eb 60       		.byte	96
 1801 06ec 50       		.byte	80
 1802 06ed A4       		.byte	-92
 1803 06ee 57       		.byte	87
 1804 06ef 40       		.byte	64
 1805 06f0 81       		.byte	-127
 1806 06f1 40       		.byte	64
 1807 06f2 82       		.byte	-126
 1808 06f3 10       		.byte	16
 1809 06f4 85       		.byte	-123
 1810 06f5 08       		.byte	8
 1811 06f6 8A       		.byte	-118
 1812 06f7 01       		.byte	1
 1813 06f8 8C       		.byte	-116
 1814 06f9 20       		.byte	32
 1815 06fa 8E       		.byte	-114
 1816 06fb 02       		.byte	2
 1817 06fc 91       		.byte	-111
 1818 06fd 90       		.byte	-112
 1819 06fe 92       		.byte	-110
 1820 06ff 40       		.byte	64
 1821 0700 93       		.byte	-109
 1822 0701 40       		.byte	64
 1823 0702 94       		.byte	-108
 1824 0703 4C       		.byte	76
ARM GAS  C:\Users\Jacob\AppData\Local\Temp\cc2QjD1o.s 			page 33


 1825 0704 95       		.byte	-107
 1826 0705 04       		.byte	4
 1827 0706 96       		.byte	-106
 1828 0707 03       		.byte	3
 1829 0708 98       		.byte	-104
 1830 0709 20       		.byte	32
 1831 070a 99       		.byte	-103
 1832 070b 20       		.byte	32
 1833 070c 9C       		.byte	-100
 1834 070d 04       		.byte	4
 1835 070e 9E       		.byte	-98
 1836 070f 40       		.byte	64
 1837 0710 9F       		.byte	-97
 1838 0711 80       		.byte	-128
 1839 0712 A1       		.byte	-95
 1840 0713 10       		.byte	16
 1841 0714 A2       		.byte	-94
 1842 0715 24       		.byte	36
 1843 0716 A3       		.byte	-93
 1844 0717 10       		.byte	16
 1845 0718 A4       		.byte	-92
 1846 0719 20       		.byte	32
 1847 071a B4       		.byte	-76
 1848 071b 24       		.byte	36
 1849 071c B5       		.byte	-75
 1850 071d 40       		.byte	64
 1851 071e B7       		.byte	-73
 1852 071f 02       		.byte	2
 1853 0720 C0       		.byte	-64
 1854 0721 29       		.byte	41
 1855 0722 C2       		.byte	-62
 1856 0723 ED       		.byte	-19
 1857 0724 C4       		.byte	-60
 1858 0725 4E       		.byte	78
 1859 0726 CA       		.byte	-54
 1860 0727 6D       		.byte	109
 1861 0728 CC       		.byte	-52
 1862 0729 0D       		.byte	13
 1863 072a CE       		.byte	-50
 1864 072b B8       		.byte	-72
 1865 072c D0       		.byte	-48
 1866 072d 79       		.byte	121
 1867 072e D2       		.byte	-46
 1868 072f 34       		.byte	52
 1869 0730 E0       		.byte	-32
 1870 0731 02       		.byte	2
 1871 0732 32       		.byte	50
 1872 0733 80       		.byte	-128
 1873 0734 33       		.byte	51
 1874 0735 01       		.byte	1
 1875 0736 35       		.byte	53
 1876 0737 80       		.byte	-128
 1877 0738 CC       		.byte	-52
 1878 0739 70       		.byte	112
 1879 073a 9D       		.byte	-99
 1880 073b 80       		.byte	-128
 1881 073c 9F       		.byte	-97
ARM GAS  C:\Users\Jacob\AppData\Local\Temp\cc2QjD1o.s 			page 34


 1882 073d 01       		.byte	1
 1883 073e A6       		.byte	-90
 1884 073f 80       		.byte	-128
 1885 0740 85       		.byte	-123
 1886 0741 80       		.byte	-128
 1887 0742 9D       		.byte	-99
 1888 0743 80       		.byte	-128
 1889 0744 A6       		.byte	-90
 1890 0745 80       		.byte	-128
 1891 0746 AF       		.byte	-81
 1892 0747 01       		.byte	1
 1893 0748 E2       		.byte	-30
 1894 0749 10       		.byte	16
 1895 074a EA       		.byte	-22
 1896 074b 40       		.byte	64
 1897 074c 9F       		.byte	-97
 1898 074d 80       		.byte	-128
 1899 074e A6       		.byte	-90
 1900 074f 80       		.byte	-128
 1901 0750 AB       		.byte	-85
 1902 0751 80       		.byte	-128
 1903 0752 E8       		.byte	-24
 1904 0753 80       		.byte	-128
 1905 0754 02       		.byte	2
 1906 0755 02       		.byte	2
 1907 0756 8B       		.byte	-117
 1908 0757 01       		.byte	1
 1909 0758 C0       		.byte	-64
 1910 0759 02       		.byte	2
 1911 075a E0       		.byte	-32
 1912 075b 01       		.byte	1
 1913 075c 8F       		.byte	-113
 1914 075d 10       		.byte	16
 1915 075e A3       		.byte	-93
 1916 075f 01       		.byte	1
 1917 0760 AE       		.byte	-82
 1918 0761 02       		.byte	2
 1919 0762 E0       		.byte	-32
 1920 0763 08       		.byte	8
 1921 0764 9B       		.byte	-101
 1922 0765 02       		.byte	2
 1923 0766 A3       		.byte	-93
 1924 0767 11       		.byte	17
 1925 0768 AF       		.byte	-81
 1926 0769 02       		.byte	2
 1927 076a 23       		.byte	35
 1928 076b 80       		.byte	-128
 1929 076c 9F       		.byte	-97
 1930 076d 80       		.byte	-128
 1931 076e A6       		.byte	-90
 1932 076f 80       		.byte	-128
 1933 0770 C8       		.byte	-56
 1934 0771 40       		.byte	64
 1935 0772 22       		.byte	34
 1936 0773 80       		.byte	-128
 1937 0774 A6       		.byte	-90
 1938 0775 80       		.byte	-128
ARM GAS  C:\Users\Jacob\AppData\Local\Temp\cc2QjD1o.s 			page 35


 1939 0776 C8       		.byte	-56
 1940 0777 10       		.byte	16
 1941 0778 5F       		.byte	95
 1942 0779 02       		.byte	2
 1943 077a 63       		.byte	99
 1944 077b 22       		.byte	34
 1945 077c 64       		.byte	100
 1946 077d 08       		.byte	8
 1947 077e 98       		.byte	-104
 1948 077f 08       		.byte	8
 1949 0780 9B       		.byte	-101
 1950 0781 02       		.byte	2
 1951 0782 A3       		.byte	-93
 1952 0783 11       		.byte	17
 1953 0784 A8       		.byte	-88
 1954 0785 08       		.byte	8
 1955 0786 D6       		.byte	-42
 1956 0787 03       		.byte	3
 1957 0788 D8       		.byte	-40
 1958 0789 03       		.byte	3
 1959 078a 10       		.byte	16
 1960 078b 80       		.byte	-128
 1961 078c 71       		.byte	113
 1962 078d 02       		.byte	2
 1963 078e 85       		.byte	-123
 1964 078f 02       		.byte	2
 1965 0790 88       		.byte	-120
 1966 0791 80       		.byte	-128
 1967 0792 C4       		.byte	-60
 1968 0793 08       		.byte	8
 1969 0794 DC       		.byte	-36
 1970 0795 01       		.byte	1
 1971 0796 E6       		.byte	-26
 1972 0797 01       		.byte	1
 1973 0798 00       		.byte	0
 1974 0799 1D       		.byte	29
 1975 079a 0C       		.byte	12
 1976 079b 19       		.byte	25
 1977 079c 0E       		.byte	14
 1978 079d 15       		.byte	21
 1979 079e 10       		.byte	16
 1980 079f 09       		.byte	9
 1981 07a0 1C       		.byte	28
 1982 07a1 09       		.byte	9
 1983 07a2 00       		.byte	0
 1984 07a3 3F       		.byte	63
 1985 07a4 80       		.byte	-128
 1986 07a5 00       		.byte	0
 1987 07a6 40       		.byte	64
 1988 07a7 80       		.byte	-128
 1989 07a8 80       		.byte	-128
 1990 07a9 00       		.byte	0
 1991 07aa 80       		.byte	-128
 1992 07ab 00       		.byte	0
 1993 07ac 00       		.byte	0
 1994 07ad 00       		.byte	0
 1995 07ae 00       		.byte	0
ARM GAS  C:\Users\Jacob\AppData\Local\Temp\cc2QjD1o.s 			page 36


 1996 07af 00       		.byte	0
 1997 07b0 00       		.byte	0
 1998 07b1 FB       		.byte	-5
 1999 07b2 FB       		.byte	-5
 2000 07b3 00       		.byte	0
 2001 07b4 F0       		.byte	-16
 2002 07b5 00       		.byte	0
 2003 07b6 00       		.byte	0
 2004 07b7 00       		.byte	0
 2005 07b8 04       		.byte	4
 2006 07b9 04       		.byte	4
 2007 07ba 00       		.byte	0
 2008 07bb 00       		.byte	0
 2009 07bc 00       		.byte	0
 2010 07bd 00       		.byte	0
 2011 07be 00       		.byte	0
 2012 07bf 00       		.byte	0
 2013              		.section	.cywolatch,"a",%progbits
 2014              		.align	2
 2015              		.type	cy_meta_wonvl, %object
 2016              		.size	cy_meta_wonvl, 4
 2017              	cy_meta_wonvl:
 2018 0000 BC       		.byte	-68
 2019 0001 90       		.byte	-112
 2020 0002 AC       		.byte	-84
 2021 0003 AF       		.byte	-81
 2022              		.section	.cycustnvl,"a",%progbits
 2023              		.align	2
 2024              		.type	cy_meta_custnvl, %object
 2025              		.size	cy_meta_custnvl, 4
 2026              	cy_meta_custnvl:
 2027 0000 00       		.byte	0
 2028 0001 00       		.byte	0
 2029 0002 40       		.byte	64
 2030 0003 05       		.byte	5
 2031              		.section	.cymeta,"a",%progbits
 2032              		.align	2
 2033              		.type	cy_metadata, %object
 2034              		.size	cy_metadata, 12
 2035              	cy_metadata:
 2036 0000 00       		.byte	0
 2037 0001 01       		.byte	1
 2038 0002 2E       		.byte	46
 2039 0003 16       		.byte	22
 2040 0004 10       		.byte	16
 2041 0005 69       		.byte	105
 2042 0006 00       		.byte	0
 2043 0007 01       		.byte	1
 2044 0008 00       		.byte	0
 2045 0009 00       		.byte	0
 2046 000a 00       		.byte	0
 2047 000b 00       		.byte	0
 2048              		.section	.cyflashprotect,"a",%progbits
 2049              		.align	2
 2050              		.type	cy_meta_flashprotect, %object
 2051              		.size	cy_meta_flashprotect, 256
 2052              	cy_meta_flashprotect:
ARM GAS  C:\Users\Jacob\AppData\Local\Temp\cc2QjD1o.s 			page 37


 2053 0000 00000000 		.space	256
 2053      00000000 
 2053      00000000 
 2053      00000000 
 2053      00000000 
 2054              		.text
 2055              	.Letext0:
 2056              		.file 1 "c:\\program files (x86)\\cypress\\psoc creator\\4.4\\psoc creator\\import\\gnu\\arm\\5.4.
 2057              		.file 2 "c:\\program files (x86)\\cypress\\psoc creator\\4.4\\psoc creator\\import\\gnu\\arm\\5.4.
 2058              		.file 3 "Generated_Source\\PSoC5\\cymetadata.c"
 2059              		.section	.debug_info,"",%progbits
 2060              	.Ldebug_info0:
 2061 0000 35010000 		.4byte	0x135
 2062 0004 0400     		.2byte	0x4
 2063 0006 00000000 		.4byte	.Ldebug_abbrev0
 2064 000a 04       		.byte	0x4
 2065 000b 01       		.uleb128 0x1
 2066 000c 24000000 		.4byte	.LASF17
 2067 0010 0C       		.byte	0xc
 2068 0011 E5010000 		.4byte	.LASF18
 2069 0015 48010000 		.4byte	.LASF19
 2070 0019 00000000 		.4byte	.Ldebug_line0
 2071 001d 02       		.uleb128 0x2
 2072 001e 01       		.byte	0x1
 2073 001f 06       		.byte	0x6
 2074 0020 D9010000 		.4byte	.LASF0
 2075 0024 03       		.uleb128 0x3
 2076 0025 00000000 		.4byte	.LASF9
 2077 0029 01       		.byte	0x1
 2078 002a 1D       		.byte	0x1d
 2079 002b 2F000000 		.4byte	0x2f
 2080 002f 02       		.uleb128 0x2
 2081 0030 01       		.byte	0x1
 2082 0031 08       		.byte	0x8
 2083 0032 16000000 		.4byte	.LASF1
 2084 0036 02       		.uleb128 0x2
 2085 0037 02       		.byte	0x2
 2086 0038 05       		.byte	0x5
 2087 0039 C6010000 		.4byte	.LASF2
 2088 003d 02       		.uleb128 0x2
 2089 003e 02       		.byte	0x2
 2090 003f 07       		.byte	0x7
 2091 0040 C4000000 		.4byte	.LASF3
 2092 0044 02       		.uleb128 0x2
 2093 0045 04       		.byte	0x4
 2094 0046 05       		.byte	0x5
 2095 0047 D0010000 		.4byte	.LASF4
 2096 004b 02       		.uleb128 0x2
 2097 004c 04       		.byte	0x4
 2098 004d 07       		.byte	0x7
 2099 004e B2000000 		.4byte	.LASF5
 2100 0052 02       		.uleb128 0x2
 2101 0053 08       		.byte	0x8
 2102 0054 05       		.byte	0x5
 2103 0055 B8010000 		.4byte	.LASF6
 2104 0059 02       		.uleb128 0x2
 2105 005a 08       		.byte	0x8
ARM GAS  C:\Users\Jacob\AppData\Local\Temp\cc2QjD1o.s 			page 38


 2106 005b 07       		.byte	0x7
 2107 005c 06010000 		.4byte	.LASF7
 2108 0060 04       		.uleb128 0x4
 2109 0061 04       		.byte	0x4
 2110 0062 05       		.byte	0x5
 2111 0063 696E7400 		.ascii	"int\000"
 2112 0067 02       		.uleb128 0x2
 2113 0068 04       		.byte	0x4
 2114 0069 07       		.byte	0x7
 2115 006a F9000000 		.4byte	.LASF8
 2116 006e 03       		.uleb128 0x3
 2117 006f 1D010000 		.4byte	.LASF10
 2118 0073 02       		.byte	0x2
 2119 0074 18       		.byte	0x18
 2120 0075 24000000 		.4byte	0x24
 2121 0079 05       		.uleb128 0x5
 2122 007a 91000000 		.4byte	0x91
 2123 007e 8A000000 		.4byte	0x8a
 2124 0082 06       		.uleb128 0x6
 2125 0083 8A000000 		.4byte	0x8a
 2126 0087 BF07     		.2byte	0x7bf
 2127 0089 00       		.byte	0
 2128 008a 02       		.uleb128 0x2
 2129 008b 04       		.byte	0x4
 2130 008c 07       		.byte	0x7
 2131 008d AF010000 		.4byte	.LASF11
 2132 0091 07       		.uleb128 0x7
 2133 0092 6E000000 		.4byte	0x6e
 2134 0096 08       		.uleb128 0x8
 2135 0097 E7000000 		.4byte	.LASF12
 2136 009b 03       		.byte	0x3
 2137 009c 1F       		.byte	0x1f
 2138 009d A7000000 		.4byte	0xa7
 2139 00a1 05       		.uleb128 0x5
 2140 00a2 03       		.byte	0x3
 2141 00a3 00000000 		.4byte	cy_meta_configecc
 2142 00a7 07       		.uleb128 0x7
 2143 00a8 79000000 		.4byte	0x79
 2144 00ac 05       		.uleb128 0x5
 2145 00ad 91000000 		.4byte	0x91
 2146 00b1 BC000000 		.4byte	0xbc
 2147 00b5 09       		.uleb128 0x9
 2148 00b6 8A000000 		.4byte	0x8a
 2149 00ba 03       		.byte	0x3
 2150 00bb 00       		.byte	0
 2151 00bc 0A       		.uleb128 0xa
 2152 00bd D7000000 		.4byte	.LASF13
 2153 00c1 03       		.byte	0x3
 2154 00c2 2401     		.2byte	0x124
 2155 00c4 CE000000 		.4byte	0xce
 2156 00c8 05       		.uleb128 0x5
 2157 00c9 03       		.byte	0x3
 2158 00ca 00000000 		.4byte	cy_meta_custnvl
 2159 00ce 07       		.uleb128 0x7
 2160 00cf AC000000 		.4byte	0xac
 2161 00d3 0A       		.uleb128 0xa
 2162 00d4 3A010000 		.4byte	.LASF14
ARM GAS  C:\Users\Jacob\AppData\Local\Temp\cc2QjD1o.s 			page 39


 2163 00d8 03       		.byte	0x3
 2164 00d9 3201     		.2byte	0x132
 2165 00db E5000000 		.4byte	0xe5
 2166 00df 05       		.uleb128 0x5
 2167 00e0 03       		.byte	0x3
 2168 00e1 00000000 		.4byte	cy_meta_wonvl
 2169 00e5 07       		.uleb128 0x7
 2170 00e6 AC000000 		.4byte	0xac
 2171 00ea 05       		.uleb128 0x5
 2172 00eb 91000000 		.4byte	0x91
 2173 00ef FA000000 		.4byte	0xfa
 2174 00f3 09       		.uleb128 0x9
 2175 00f4 8A000000 		.4byte	0x8a
 2176 00f8 FF       		.byte	0xff
 2177 00f9 00       		.byte	0
 2178 00fa 0A       		.uleb128 0xa
 2179 00fb 25010000 		.4byte	.LASF15
 2180 00ff 03       		.byte	0x3
 2181 0100 4001     		.2byte	0x140
 2182 0102 0C010000 		.4byte	0x10c
 2183 0106 05       		.uleb128 0x5
 2184 0107 03       		.byte	0x3
 2185 0108 00000000 		.4byte	cy_meta_flashprotect
 2186 010c 07       		.uleb128 0x7
 2187 010d EA000000 		.4byte	0xea
 2188 0111 05       		.uleb128 0x5
 2189 0112 91000000 		.4byte	0x91
 2190 0116 21010000 		.4byte	0x121
 2191 011a 09       		.uleb128 0x9
 2192 011b 8A000000 		.4byte	0x8a
 2193 011f 0B       		.byte	0xb
 2194 0120 00       		.byte	0
 2195 0121 0A       		.uleb128 0xa
 2196 0122 0A000000 		.4byte	.LASF16
 2197 0126 03       		.byte	0x3
 2198 0127 6D01     		.2byte	0x16d
 2199 0129 33010000 		.4byte	0x133
 2200 012d 05       		.uleb128 0x5
 2201 012e 03       		.byte	0x3
 2202 012f 00000000 		.4byte	cy_metadata
 2203 0133 07       		.uleb128 0x7
 2204 0134 11010000 		.4byte	0x111
 2205 0138 00       		.byte	0
 2206              		.section	.debug_abbrev,"",%progbits
 2207              	.Ldebug_abbrev0:
 2208 0000 01       		.uleb128 0x1
 2209 0001 11       		.uleb128 0x11
 2210 0002 01       		.byte	0x1
 2211 0003 25       		.uleb128 0x25
 2212 0004 0E       		.uleb128 0xe
 2213 0005 13       		.uleb128 0x13
 2214 0006 0B       		.uleb128 0xb
 2215 0007 03       		.uleb128 0x3
 2216 0008 0E       		.uleb128 0xe
 2217 0009 1B       		.uleb128 0x1b
 2218 000a 0E       		.uleb128 0xe
 2219 000b 10       		.uleb128 0x10
ARM GAS  C:\Users\Jacob\AppData\Local\Temp\cc2QjD1o.s 			page 40


 2220 000c 17       		.uleb128 0x17
 2221 000d 00       		.byte	0
 2222 000e 00       		.byte	0
 2223 000f 02       		.uleb128 0x2
 2224 0010 24       		.uleb128 0x24
 2225 0011 00       		.byte	0
 2226 0012 0B       		.uleb128 0xb
 2227 0013 0B       		.uleb128 0xb
 2228 0014 3E       		.uleb128 0x3e
 2229 0015 0B       		.uleb128 0xb
 2230 0016 03       		.uleb128 0x3
 2231 0017 0E       		.uleb128 0xe
 2232 0018 00       		.byte	0
 2233 0019 00       		.byte	0
 2234 001a 03       		.uleb128 0x3
 2235 001b 16       		.uleb128 0x16
 2236 001c 00       		.byte	0
 2237 001d 03       		.uleb128 0x3
 2238 001e 0E       		.uleb128 0xe
 2239 001f 3A       		.uleb128 0x3a
 2240 0020 0B       		.uleb128 0xb
 2241 0021 3B       		.uleb128 0x3b
 2242 0022 0B       		.uleb128 0xb
 2243 0023 49       		.uleb128 0x49
 2244 0024 13       		.uleb128 0x13
 2245 0025 00       		.byte	0
 2246 0026 00       		.byte	0
 2247 0027 04       		.uleb128 0x4
 2248 0028 24       		.uleb128 0x24
 2249 0029 00       		.byte	0
 2250 002a 0B       		.uleb128 0xb
 2251 002b 0B       		.uleb128 0xb
 2252 002c 3E       		.uleb128 0x3e
 2253 002d 0B       		.uleb128 0xb
 2254 002e 03       		.uleb128 0x3
 2255 002f 08       		.uleb128 0x8
 2256 0030 00       		.byte	0
 2257 0031 00       		.byte	0
 2258 0032 05       		.uleb128 0x5
 2259 0033 01       		.uleb128 0x1
 2260 0034 01       		.byte	0x1
 2261 0035 49       		.uleb128 0x49
 2262 0036 13       		.uleb128 0x13
 2263 0037 01       		.uleb128 0x1
 2264 0038 13       		.uleb128 0x13
 2265 0039 00       		.byte	0
 2266 003a 00       		.byte	0
 2267 003b 06       		.uleb128 0x6
 2268 003c 21       		.uleb128 0x21
 2269 003d 00       		.byte	0
 2270 003e 49       		.uleb128 0x49
 2271 003f 13       		.uleb128 0x13
 2272 0040 2F       		.uleb128 0x2f
 2273 0041 05       		.uleb128 0x5
 2274 0042 00       		.byte	0
 2275 0043 00       		.byte	0
 2276 0044 07       		.uleb128 0x7
ARM GAS  C:\Users\Jacob\AppData\Local\Temp\cc2QjD1o.s 			page 41


 2277 0045 26       		.uleb128 0x26
 2278 0046 00       		.byte	0
 2279 0047 49       		.uleb128 0x49
 2280 0048 13       		.uleb128 0x13
 2281 0049 00       		.byte	0
 2282 004a 00       		.byte	0
 2283 004b 08       		.uleb128 0x8
 2284 004c 34       		.uleb128 0x34
 2285 004d 00       		.byte	0
 2286 004e 03       		.uleb128 0x3
 2287 004f 0E       		.uleb128 0xe
 2288 0050 3A       		.uleb128 0x3a
 2289 0051 0B       		.uleb128 0xb
 2290 0052 3B       		.uleb128 0x3b
 2291 0053 0B       		.uleb128 0xb
 2292 0054 49       		.uleb128 0x49
 2293 0055 13       		.uleb128 0x13
 2294 0056 3F       		.uleb128 0x3f
 2295 0057 19       		.uleb128 0x19
 2296 0058 02       		.uleb128 0x2
 2297 0059 18       		.uleb128 0x18
 2298 005a 00       		.byte	0
 2299 005b 00       		.byte	0
 2300 005c 09       		.uleb128 0x9
 2301 005d 21       		.uleb128 0x21
 2302 005e 00       		.byte	0
 2303 005f 49       		.uleb128 0x49
 2304 0060 13       		.uleb128 0x13
 2305 0061 2F       		.uleb128 0x2f
 2306 0062 0B       		.uleb128 0xb
 2307 0063 00       		.byte	0
 2308 0064 00       		.byte	0
 2309 0065 0A       		.uleb128 0xa
 2310 0066 34       		.uleb128 0x34
 2311 0067 00       		.byte	0
 2312 0068 03       		.uleb128 0x3
 2313 0069 0E       		.uleb128 0xe
 2314 006a 3A       		.uleb128 0x3a
 2315 006b 0B       		.uleb128 0xb
 2316 006c 3B       		.uleb128 0x3b
 2317 006d 05       		.uleb128 0x5
 2318 006e 49       		.uleb128 0x49
 2319 006f 13       		.uleb128 0x13
 2320 0070 3F       		.uleb128 0x3f
 2321 0071 19       		.uleb128 0x19
 2322 0072 02       		.uleb128 0x2
 2323 0073 18       		.uleb128 0x18
 2324 0074 00       		.byte	0
 2325 0075 00       		.byte	0
 2326 0076 00       		.byte	0
 2327              		.section	.debug_aranges,"",%progbits
 2328 0000 14000000 		.4byte	0x14
 2329 0004 0200     		.2byte	0x2
 2330 0006 00000000 		.4byte	.Ldebug_info0
 2331 000a 04       		.byte	0x4
 2332 000b 00       		.byte	0
 2333 000c 0000     		.2byte	0
ARM GAS  C:\Users\Jacob\AppData\Local\Temp\cc2QjD1o.s 			page 42


 2334 000e 0000     		.2byte	0
 2335 0010 00000000 		.4byte	0
 2336 0014 00000000 		.4byte	0
 2337              		.section	.debug_line,"",%progbits
 2338              	.Ldebug_line0:
 2339 0000 3D010000 		.section	.debug_str,"MS",%progbits,1
 2339      02003701 
 2339      00000201 
 2339      FB0E0D00 
 2339      01010101 
 2340              	.LASF9:
 2341 0000 5F5F7569 		.ascii	"__uint8_t\000"
 2341      6E74385F 
 2341      7400
 2342              	.LASF16:
 2343 000a 63795F6D 		.ascii	"cy_metadata\000"
 2343      65746164 
 2343      61746100 
 2344              	.LASF1:
 2345 0016 756E7369 		.ascii	"unsigned char\000"
 2345      676E6564 
 2345      20636861 
 2345      7200
 2346              	.LASF17:
 2347 0024 474E5520 		.ascii	"GNU C11 5.4.1 20160609 (release) [ARM/embedded-5-br"
 2347      43313120 
 2347      352E342E 
 2347      31203230 
 2347      31363036 
 2348 0057 616E6368 		.ascii	"anch revision 237715] -mcpu=cortex-m3 -mthumb -g -O"
 2348      20726576 
 2348      6973696F 
 2348      6E203233 
 2348      37373135 
 2349 008a 67202D66 		.ascii	"g -ffunction-sections -ffat-lto-objects\000"
 2349      66756E63 
 2349      74696F6E 
 2349      2D736563 
 2349      74696F6E 
 2350              	.LASF5:
 2351 00b2 6C6F6E67 		.ascii	"long unsigned int\000"
 2351      20756E73 
 2351      69676E65 
 2351      6420696E 
 2351      7400
 2352              	.LASF3:
 2353 00c4 73686F72 		.ascii	"short unsigned int\000"
 2353      7420756E 
 2353      7369676E 
 2353      65642069 
 2353      6E7400
 2354              	.LASF13:
 2355 00d7 63795F6D 		.ascii	"cy_meta_custnvl\000"
 2355      6574615F 
 2355      63757374 
 2355      6E766C00 
 2356              	.LASF12:
ARM GAS  C:\Users\Jacob\AppData\Local\Temp\cc2QjD1o.s 			page 43


 2357 00e7 63795F6D 		.ascii	"cy_meta_configecc\000"
 2357      6574615F 
 2357      636F6E66 
 2357      69676563 
 2357      6300
 2358              	.LASF8:
 2359 00f9 756E7369 		.ascii	"unsigned int\000"
 2359      676E6564 
 2359      20696E74 
 2359      00
 2360              	.LASF7:
 2361 0106 6C6F6E67 		.ascii	"long long unsigned int\000"
 2361      206C6F6E 
 2361      6720756E 
 2361      7369676E 
 2361      65642069 
 2362              	.LASF10:
 2363 011d 75696E74 		.ascii	"uint8_t\000"
 2363      385F7400 
 2364              	.LASF15:
 2365 0125 63795F6D 		.ascii	"cy_meta_flashprotect\000"
 2365      6574615F 
 2365      666C6173 
 2365      6870726F 
 2365      74656374 
 2366              	.LASF14:
 2367 013a 63795F6D 		.ascii	"cy_meta_wonvl\000"
 2367      6574615F 
 2367      776F6E76 
 2367      6C00
 2368              	.LASF19:
 2369 0148 433A5C55 		.ascii	"C:\\Users\\Jacob\\OneDrive - Aarhus universitet\\4."
 2369      73657273 
 2369      5C4A6163 
 2369      6F625C4F 
 2369      6E654472 
 2370 0177 2053656D 		.ascii	" Semester\\PRJ4\\E4PRJ\\PSoC\\Dron-A Lisa\\Dron-A L"
 2370      65737465 
 2370      725C5052 
 2370      4A345C45 
 2370      3450524A 
 2371 01a5 6973612E 		.ascii	"isa.cydsn\000"
 2371      63796473 
 2371      6E00
 2372              	.LASF11:
 2373 01af 73697A65 		.ascii	"sizetype\000"
 2373      74797065 
 2373      00
 2374              	.LASF6:
 2375 01b8 6C6F6E67 		.ascii	"long long int\000"
 2375      206C6F6E 
 2375      6720696E 
 2375      7400
 2376              	.LASF2:
 2377 01c6 73686F72 		.ascii	"short int\000"
 2377      7420696E 
 2377      7400
ARM GAS  C:\Users\Jacob\AppData\Local\Temp\cc2QjD1o.s 			page 44


 2378              	.LASF4:
 2379 01d0 6C6F6E67 		.ascii	"long int\000"
 2379      20696E74 
 2379      00
 2380              	.LASF0:
 2381 01d9 7369676E 		.ascii	"signed char\000"
 2381      65642063 
 2381      68617200 
 2382              	.LASF18:
 2383 01e5 47656E65 		.ascii	"Generated_Source\\PSoC5\\cymetadata.c\000"
 2383      72617465 
 2383      645F536F 
 2383      75726365 
 2383      5C50536F 
 2384              		.ident	"GCC: (GNU Tools for ARM Embedded Processors) 5.4.1 20160609 (release) [ARM/embedded-5-bran
