ARM GAS  C:\Users\degn\AppData\Local\Temp\ccQdAMAZ.s 			page 1


   1              		.syntax unified
   2              		.cpu cortex-m3
   3              		.fpu softvfp
   4              		.eabi_attribute 20, 1
   5              		.eabi_attribute 21, 1
   6              		.eabi_attribute 23, 3
   7              		.eabi_attribute 24, 1
   8              		.eabi_attribute 25, 1
   9              		.eabi_attribute 26, 1
  10              		.eabi_attribute 30, 1
  11              		.eabi_attribute 34, 1
  12              		.eabi_attribute 18, 4
  13              		.thumb
  14              		.syntax unified
  15              		.file	"interface.c"
  16              		.text
  17              	.Ltext0:
  18              		.cfi_sections	.debug_frame
  19              		.section	.text.ISR_toggle_handler,"ax",%progbits
  20              		.align	2
  21              		.global	ISR_toggle_handler
  22              		.thumb
  23              		.thumb_func
  24              		.type	ISR_toggle_handler, %function
  25              	ISR_toggle_handler:
  26              	.LFB70:
  27              		.file 1 "interface.c"
   1:interface.c   **** #include "project.h"
   2:interface.c   **** #include "interface.h"
   3:interface.c   **** 
   4:interface.c   **** // Global Variels.
   5:interface.c   **** char LCDbuffer[20];
   6:interface.c   **** int block = 0;
   7:interface.c   **** 
   8:interface.c   **** // Define constants
   9:interface.c   **** #define adc_min 200   // ADC value corresponding to -35 degrees
  10:interface.c   **** #define adc_max 3900 // ADC value corresponding to +35 degrees
  11:interface.c   **** #define deg_min -35  // Minimum degrees
  12:interface.c   **** #define deg_max 35   // Maximum degrees
  13:interface.c   **** 
  14:interface.c   **** void init_interface()
  15:interface.c   **** {
  16:interface.c   ****     Init_LCD();
  17:interface.c   ****     Init_ADC();
  18:interface.c   ****     isr_toggle_StartEx(ISR_toggle_handler);
  19:interface.c   ****     isr_motorSwitch_On_StartEx(ISR_motorSwitch_On_handler);
  20:interface.c   ****     isr_motorSwitch_Off_StartEx(ISR_motorSwitch_Off_handler);
  21:interface.c   **** }
  22:interface.c   **** 
  23:interface.c   **** void Init_LCD()
  24:interface.c   **** {
  25:interface.c   ****     LCD_ClearDisplay();
  26:interface.c   ****     LCD_Start();
  27:interface.c   ****     LCD_Position(0, 0);
  28:interface.c   ****     LCD_PrintString("Starting");
  29:interface.c   ****     LCD_Position(1, 0);
  30:interface.c   ****     LCD_PrintString("Dron-A Lisa");
ARM GAS  C:\Users\degn\AppData\Local\Temp\ccQdAMAZ.s 			page 2


  31:interface.c   **** }
  32:interface.c   **** 
  33:interface.c   **** void Init_ADC()
  34:interface.c   **** {
  35:interface.c   ****     ADC_SAR_1_Start();
  36:interface.c   ****     ADC_SAR_1_StartConvert();
  37:interface.c   **** }
  38:interface.c   **** 
  39:interface.c   **** 
  40:interface.c   **** void writeLCD(int setpoint, float sensor)
  41:interface.c   **** {
  42:interface.c   ****     char buff[16];
  43:interface.c   ****     LCD_ClearDisplay();
  44:interface.c   ****     sprintf(buff,"Setpoint: %i", setpoint);
  45:interface.c   ****     LCD_Position(0, 0);
  46:interface.c   ****     LCD_PrintString(buff);
  47:interface.c   ****     sprintf(buff,"Sensor: %.2f", sensor);
  48:interface.c   ****     LCD_Position(1, 0);
  49:interface.c   ****     LCD_PrintString(buff);
  50:interface.c   **** }
  51:interface.c   **** 
  52:interface.c   **** int interfaceSetpoint()
  53:interface.c   **** {
  54:interface.c   ****     //return adcToDegrees( FIRMovingAverage( ADC_SAR_1_GetResult16() ) );
  55:interface.c   ****     return adcToDegrees( ADC_SAR_1_GetResult16() );
  56:interface.c   **** }
  57:interface.c   **** 
  58:interface.c   **** int adcToDegrees(int adc_value)
  59:interface.c   **** {
  60:interface.c   **** 
  61:interface.c   ****     // Check if adc_value is out of bounds
  62:interface.c   ****     if (adc_value < adc_min)
  63:interface.c   ****     {
  64:interface.c   ****         adc_value = adc_min;
  65:interface.c   ****     }
  66:interface.c   ****     else if (adc_value > adc_max)
  67:interface.c   ****     {
  68:interface.c   ****         adc_value = adc_max;
  69:interface.c   ****     }
  70:interface.c   **** 
  71:interface.c   ****     // Calculate degrees using linear interpolation formula
  72:interface.c   ****     int degrees = ((adc_value - adc_min) * (deg_max - deg_min)) / (adc_max - adc_min) + deg_min;
  73:interface.c   **** 
  74:interface.c   ****     return degrees;
  75:interface.c   **** }
  76:interface.c   **** 
  77:interface.c   **** CY_ISR(ISR_toggle_handler)
  78:interface.c   **** {
  28              		.loc 1 78 0
  29              		.cfi_startproc
  30              		@ args = 0, pretend = 0, frame = 0
  31              		@ frame_needed = 0, uses_anonymous_args = 0
  32              		@ link register save eliminated.
  79:interface.c   ****     block = !block;
  33              		.loc 1 79 0
  34 0000 034A     		ldr	r2, .L2
  35 0002 1368     		ldr	r3, [r2]
ARM GAS  C:\Users\degn\AppData\Local\Temp\ccQdAMAZ.s 			page 3


  36 0004 B3FA83F3 		clz	r3, r3
  37 0008 5B09     		lsrs	r3, r3, #5
  38 000a 1360     		str	r3, [r2]
  39 000c 7047     		bx	lr
  40              	.L3:
  41 000e 00BF     		.align	2
  42              	.L2:
  43 0010 00000000 		.word	.LANCHOR0
  44              		.cfi_endproc
  45              	.LFE70:
  46              		.size	ISR_toggle_handler, .-ISR_toggle_handler
  47              		.section	.text.Init_LCD,"ax",%progbits
  48              		.align	2
  49              		.global	Init_LCD
  50              		.thumb
  51              		.thumb_func
  52              		.type	Init_LCD, %function
  53              	Init_LCD:
  54              	.LFB65:
  24:interface.c   ****     LCD_ClearDisplay();
  55              		.loc 1 24 0
  56              		.cfi_startproc
  57              		@ args = 0, pretend = 0, frame = 0
  58              		@ frame_needed = 0, uses_anonymous_args = 0
  59 0000 08B5     		push	{r3, lr}
  60              		.cfi_def_cfa_offset 8
  61              		.cfi_offset 3, -8
  62              		.cfi_offset 14, -4
  25:interface.c   ****     LCD_Start();
  63              		.loc 1 25 0
  64 0002 0120     		movs	r0, #1
  65 0004 FFF7FEFF 		bl	LCD_WriteControl
  66              	.LVL0:
  26:interface.c   ****     LCD_Position(0, 0);
  67              		.loc 1 26 0
  68 0008 FFF7FEFF 		bl	LCD_Start
  69              	.LVL1:
  27:interface.c   ****     LCD_PrintString("Starting");
  70              		.loc 1 27 0
  71 000c 0021     		movs	r1, #0
  72 000e 0846     		mov	r0, r1
  73 0010 FFF7FEFF 		bl	LCD_Position
  74              	.LVL2:
  28:interface.c   ****     LCD_Position(1, 0);
  75              		.loc 1 28 0
  76 0014 0548     		ldr	r0, .L6
  77 0016 FFF7FEFF 		bl	LCD_PrintString
  78              	.LVL3:
  29:interface.c   ****     LCD_PrintString("Dron-A Lisa");
  79              		.loc 1 29 0
  80 001a 0021     		movs	r1, #0
  81 001c 0120     		movs	r0, #1
  82 001e FFF7FEFF 		bl	LCD_Position
  83              	.LVL4:
  30:interface.c   **** }
  84              		.loc 1 30 0
  85 0022 0348     		ldr	r0, .L6+4
ARM GAS  C:\Users\degn\AppData\Local\Temp\ccQdAMAZ.s 			page 4


  86 0024 FFF7FEFF 		bl	LCD_PrintString
  87              	.LVL5:
  88 0028 08BD     		pop	{r3, pc}
  89              	.L7:
  90 002a 00BF     		.align	2
  91              	.L6:
  92 002c 00000000 		.word	.LC0
  93 0030 0C000000 		.word	.LC1
  94              		.cfi_endproc
  95              	.LFE65:
  96              		.size	Init_LCD, .-Init_LCD
  97              		.section	.text.Init_ADC,"ax",%progbits
  98              		.align	2
  99              		.global	Init_ADC
 100              		.thumb
 101              		.thumb_func
 102              		.type	Init_ADC, %function
 103              	Init_ADC:
 104              	.LFB66:
  34:interface.c   ****     ADC_SAR_1_Start();
 105              		.loc 1 34 0
 106              		.cfi_startproc
 107              		@ args = 0, pretend = 0, frame = 0
 108              		@ frame_needed = 0, uses_anonymous_args = 0
 109 0000 08B5     		push	{r3, lr}
 110              		.cfi_def_cfa_offset 8
 111              		.cfi_offset 3, -8
 112              		.cfi_offset 14, -4
  35:interface.c   ****     ADC_SAR_1_StartConvert();
 113              		.loc 1 35 0
 114 0002 FFF7FEFF 		bl	ADC_SAR_1_Start
 115              	.LVL6:
  36:interface.c   **** }
 116              		.loc 1 36 0
 117 0006 FFF7FEFF 		bl	ADC_SAR_1_StartConvert
 118              	.LVL7:
 119 000a 08BD     		pop	{r3, pc}
 120              		.cfi_endproc
 121              	.LFE66:
 122              		.size	Init_ADC, .-Init_ADC
 123              		.section	.text.init_interface,"ax",%progbits
 124              		.align	2
 125              		.global	init_interface
 126              		.thumb
 127              		.thumb_func
 128              		.type	init_interface, %function
 129              	init_interface:
 130              	.LFB64:
  15:interface.c   ****     Init_LCD();
 131              		.loc 1 15 0
 132              		.cfi_startproc
 133              		@ args = 0, pretend = 0, frame = 0
 134              		@ frame_needed = 0, uses_anonymous_args = 0
 135 0000 08B5     		push	{r3, lr}
 136              		.cfi_def_cfa_offset 8
 137              		.cfi_offset 3, -8
 138              		.cfi_offset 14, -4
ARM GAS  C:\Users\degn\AppData\Local\Temp\ccQdAMAZ.s 			page 5


  16:interface.c   ****     Init_ADC();
 139              		.loc 1 16 0
 140 0002 FFF7FEFF 		bl	Init_LCD
 141              	.LVL8:
  17:interface.c   ****     isr_toggle_StartEx(ISR_toggle_handler);
 142              		.loc 1 17 0
 143 0006 FFF7FEFF 		bl	Init_ADC
 144              	.LVL9:
  18:interface.c   ****     isr_motorSwitch_On_StartEx(ISR_motorSwitch_On_handler);
 145              		.loc 1 18 0
 146 000a 0548     		ldr	r0, .L12
 147 000c FFF7FEFF 		bl	isr_toggle_StartEx
 148              	.LVL10:
  19:interface.c   ****     isr_motorSwitch_Off_StartEx(ISR_motorSwitch_Off_handler);
 149              		.loc 1 19 0
 150 0010 0448     		ldr	r0, .L12+4
 151 0012 FFF7FEFF 		bl	isr_motorSwitch_On_StartEx
 152              	.LVL11:
  20:interface.c   **** }
 153              		.loc 1 20 0
 154 0016 0448     		ldr	r0, .L12+8
 155 0018 FFF7FEFF 		bl	isr_motorSwitch_Off_StartEx
 156              	.LVL12:
 157 001c 08BD     		pop	{r3, pc}
 158              	.L13:
 159 001e 00BF     		.align	2
 160              	.L12:
 161 0020 00000000 		.word	ISR_toggle_handler
 162 0024 00000000 		.word	ISR_motorSwitch_On_handler
 163 0028 00000000 		.word	ISR_motorSwitch_Off_handler
 164              		.cfi_endproc
 165              	.LFE64:
 166              		.size	init_interface, .-init_interface
 167              		.global	__aeabi_f2d
 168              		.section	.text.writeLCD,"ax",%progbits
 169              		.align	2
 170              		.global	writeLCD
 171              		.thumb
 172              		.thumb_func
 173              		.type	writeLCD, %function
 174              	writeLCD:
 175              	.LFB67:
  41:interface.c   ****     char buff[16];
 176              		.loc 1 41 0
 177              		.cfi_startproc
 178              		@ args = 0, pretend = 0, frame = 16
 179              		@ frame_needed = 0, uses_anonymous_args = 0
 180              	.LVL13:
 181 0000 30B5     		push	{r4, r5, lr}
 182              		.cfi_def_cfa_offset 12
 183              		.cfi_offset 4, -12
 184              		.cfi_offset 5, -8
 185              		.cfi_offset 14, -4
 186 0002 85B0     		sub	sp, sp, #20
 187              		.cfi_def_cfa_offset 32
 188 0004 0546     		mov	r5, r0
 189 0006 0C46     		mov	r4, r1
ARM GAS  C:\Users\degn\AppData\Local\Temp\ccQdAMAZ.s 			page 6


  43:interface.c   ****     sprintf(buff,"Setpoint: %i", setpoint);
 190              		.loc 1 43 0
 191 0008 0120     		movs	r0, #1
 192              	.LVL14:
 193 000a FFF7FEFF 		bl	LCD_WriteControl
 194              	.LVL15:
  44:interface.c   ****     LCD_Position(0, 0);
 195              		.loc 1 44 0
 196 000e 2A46     		mov	r2, r5
 197 0010 0E49     		ldr	r1, .L16
 198 0012 6846     		mov	r0, sp
 199 0014 FFF7FEFF 		bl	sprintf
 200              	.LVL16:
  45:interface.c   ****     LCD_PrintString(buff);
 201              		.loc 1 45 0
 202 0018 0021     		movs	r1, #0
 203 001a 0846     		mov	r0, r1
 204 001c FFF7FEFF 		bl	LCD_Position
 205              	.LVL17:
  46:interface.c   ****     sprintf(buff,"Sensor: %.2f", sensor);
 206              		.loc 1 46 0
 207 0020 6846     		mov	r0, sp
 208 0022 FFF7FEFF 		bl	LCD_PrintString
 209              	.LVL18:
  47:interface.c   ****     LCD_Position(1, 0);
 210              		.loc 1 47 0
 211 0026 2046     		mov	r0, r4
 212 0028 FFF7FEFF 		bl	__aeabi_f2d
 213              	.LVL19:
 214 002c 0246     		mov	r2, r0
 215 002e 0B46     		mov	r3, r1
 216 0030 0749     		ldr	r1, .L16+4
 217 0032 6846     		mov	r0, sp
 218 0034 FFF7FEFF 		bl	sprintf
 219              	.LVL20:
  48:interface.c   ****     LCD_PrintString(buff);
 220              		.loc 1 48 0
 221 0038 0021     		movs	r1, #0
 222 003a 0120     		movs	r0, #1
 223 003c FFF7FEFF 		bl	LCD_Position
 224              	.LVL21:
  49:interface.c   **** }
 225              		.loc 1 49 0
 226 0040 6846     		mov	r0, sp
 227 0042 FFF7FEFF 		bl	LCD_PrintString
 228              	.LVL22:
  50:interface.c   **** 
 229              		.loc 1 50 0
 230 0046 05B0     		add	sp, sp, #20
 231              		.cfi_def_cfa_offset 12
 232              		@ sp needed
 233 0048 30BD     		pop	{r4, r5, pc}
 234              	.LVL23:
 235              	.L17:
 236 004a 00BF     		.align	2
 237              	.L16:
 238 004c 18000000 		.word	.LC2
ARM GAS  C:\Users\degn\AppData\Local\Temp\ccQdAMAZ.s 			page 7


 239 0050 28000000 		.word	.LC3
 240              		.cfi_endproc
 241              	.LFE67:
 242              		.size	writeLCD, .-writeLCD
 243              		.section	.text.adcToDegrees,"ax",%progbits
 244              		.align	2
 245              		.global	adcToDegrees
 246              		.thumb
 247              		.thumb_func
 248              		.type	adcToDegrees, %function
 249              	adcToDegrees:
 250              	.LFB69:
  59:interface.c   **** 
 251              		.loc 1 59 0
 252              		.cfi_startproc
 253              		@ args = 0, pretend = 0, frame = 0
 254              		@ frame_needed = 0, uses_anonymous_args = 0
 255              		@ link register save eliminated.
 256              	.LVL24:
  62:interface.c   ****     {
 257              		.loc 1 62 0
 258 0000 C728     		cmp	r0, #199
 259 0002 04DD     		ble	.L20
  66:interface.c   ****     {
 260              		.loc 1 66 0
 261 0004 40F63C73 		movw	r3, #3900
 262 0008 9842     		cmp	r0, r3
 263 000a 02DC     		bgt	.L21
 264 000c 03E0     		b	.L19
 265              	.L20:
  64:interface.c   ****     }
 266              		.loc 1 64 0
 267 000e C820     		movs	r0, #200
 268              	.LVL25:
 269 0010 01E0     		b	.L19
 270              	.LVL26:
 271              	.L21:
  68:interface.c   ****     }
 272              		.loc 1 68 0
 273 0012 40F63C70 		movw	r0, #3900
 274              	.LVL27:
 275              	.L19:
  72:interface.c   **** 
 276              		.loc 1 72 0
 277 0016 C838     		subs	r0, r0, #200
 278              	.LVL28:
 279 0018 4623     		movs	r3, #70
 280 001a 03FB00F3 		mul	r3, r3, r0
 281 001e 0448     		ldr	r0, .L22
 282              	.LVL29:
 283 0020 80FB0320 		smull	r2, r0, r0, r3
 284 0024 1844     		add	r0, r0, r3
 285 0026 DB17     		asrs	r3, r3, #31
 286 0028 C3EBE020 		rsb	r0, r3, r0, asr #11
 287              	.LVL30:
  75:interface.c   **** 
 288              		.loc 1 75 0
ARM GAS  C:\Users\degn\AppData\Local\Temp\ccQdAMAZ.s 			page 8


 289 002c 2338     		subs	r0, r0, #35
 290              	.LVL31:
 291 002e 7047     		bx	lr
 292              	.L23:
 293              		.align	2
 294              	.L22:
 295 0030 C70FB38D 		.word	-1917644857
 296              		.cfi_endproc
 297              	.LFE69:
 298              		.size	adcToDegrees, .-adcToDegrees
 299              		.section	.text.interfaceSetpoint,"ax",%progbits
 300              		.align	2
 301              		.global	interfaceSetpoint
 302              		.thumb
 303              		.thumb_func
 304              		.type	interfaceSetpoint, %function
 305              	interfaceSetpoint:
 306              	.LFB68:
  53:interface.c   ****     //return adcToDegrees( FIRMovingAverage( ADC_SAR_1_GetResult16() ) );
 307              		.loc 1 53 0
 308              		.cfi_startproc
 309              		@ args = 0, pretend = 0, frame = 0
 310              		@ frame_needed = 0, uses_anonymous_args = 0
 311 0000 08B5     		push	{r3, lr}
 312              		.cfi_def_cfa_offset 8
 313              		.cfi_offset 3, -8
 314              		.cfi_offset 14, -4
  55:interface.c   **** }
 315              		.loc 1 55 0
 316 0002 FFF7FEFF 		bl	ADC_SAR_1_GetResult16
 317              	.LVL32:
 318 0006 FFF7FEFF 		bl	adcToDegrees
 319              	.LVL33:
  56:interface.c   **** 
 320              		.loc 1 56 0
 321 000a 08BD     		pop	{r3, pc}
 322              		.cfi_endproc
 323              	.LFE68:
 324              		.size	interfaceSetpoint, .-interfaceSetpoint
 325              		.global	block
 326              		.comm	LCDbuffer,20,4
 327              		.section	.rodata.str1.4,"aMS",%progbits,1
 328              		.align	2
 329              	.LC0:
 330 0000 53746172 		.ascii	"Starting\000"
 330      74696E67 
 330      00
 331 0009 000000   		.space	3
 332              	.LC1:
 333 000c 44726F6E 		.ascii	"Dron-A Lisa\000"
 333      2D41204C 
 333      69736100 
 334              	.LC2:
 335 0018 53657470 		.ascii	"Setpoint: %i\000"
 335      6F696E74 
 335      3A202569 
 335      00
ARM GAS  C:\Users\degn\AppData\Local\Temp\ccQdAMAZ.s 			page 9


 336 0025 000000   		.space	3
 337              	.LC3:
 338 0028 53656E73 		.ascii	"Sensor: %.2f\000"
 338      6F723A20 
 338      252E3266 
 338      00
 339              		.bss
 340              		.align	2
 341              		.set	.LANCHOR0,. + 0
 342              		.type	block, %object
 343              		.size	block, 4
 344              	block:
 345 0000 00000000 		.space	4
 346              		.text
 347              	.Letext0:
 348              		.file 2 "c:\\program files (x86)\\cypress\\psoc creator\\4.4\\psoc creator\\import\\gnu\\arm\\5.4.
 349              		.file 3 "c:\\program files (x86)\\cypress\\psoc creator\\4.4\\psoc creator\\import\\gnu\\arm\\5.4.
 350              		.file 4 "Generated_Source\\PSoC5/core_cm3.h"
 351              		.file 5 "Generated_Source\\PSoC5/LCD.h"
 352              		.file 6 "Generated_Source\\PSoC5/ADC_SAR_1.h"
 353              		.file 7 "Generated_Source\\PSoC5/isr_toggle.h"
 354              		.file 8 "Generated_Source\\PSoC5/isr_motorSwitch_On.h"
 355              		.file 9 "Generated_Source\\PSoC5/isr_motorSwitch_Off.h"
 356              		.file 10 "c:\\program files (x86)\\cypress\\psoc creator\\4.4\\psoc creator\\import\\gnu\\arm\\5.4
 357              		.section	.debug_info,"",%progbits
 358              	.Ldebug_info0:
 359 0000 D0030000 		.4byte	0x3d0
 360 0004 0400     		.2byte	0x4
 361 0006 00000000 		.4byte	.Ldebug_abbrev0
 362 000a 04       		.byte	0x4
 363 000b 01       		.uleb128 0x1
 364 000c 91000000 		.4byte	.LASF40
 365 0010 0C       		.byte	0xc
 366 0011 2A020000 		.4byte	.LASF41
 367 0015 7C010000 		.4byte	.LASF42
 368 0019 00000000 		.4byte	.Ldebug_ranges0+0
 369 001d 00000000 		.4byte	0
 370 0021 00000000 		.4byte	.Ldebug_line0
 371 0025 02       		.uleb128 0x2
 372 0026 04       		.byte	0x4
 373 0027 04       		.byte	0x4
 374 0028 6E000000 		.4byte	.LASF0
 375 002c 02       		.uleb128 0x2
 376 002d 01       		.byte	0x1
 377 002e 06       		.byte	0x6
 378 002f E9020000 		.4byte	.LASF1
 379 0033 02       		.uleb128 0x2
 380 0034 01       		.byte	0x1
 381 0035 08       		.byte	0x8
 382 0036 83000000 		.4byte	.LASF2
 383 003a 02       		.uleb128 0x2
 384 003b 02       		.byte	0x2
 385 003c 05       		.byte	0x5
 386 003d CA020000 		.4byte	.LASF3
 387 0041 02       		.uleb128 0x2
 388 0042 02       		.byte	0x2
 389 0043 07       		.byte	0x7
ARM GAS  C:\Users\degn\AppData\Local\Temp\ccQdAMAZ.s 			page 10


 390 0044 40000000 		.4byte	.LASF4
 391 0048 03       		.uleb128 0x3
 392 0049 36000000 		.4byte	.LASF10
 393 004d 02       		.byte	0x2
 394 004e 3F       		.byte	0x3f
 395 004f 53000000 		.4byte	0x53
 396 0053 02       		.uleb128 0x2
 397 0054 04       		.byte	0x4
 398 0055 05       		.byte	0x5
 399 0056 D4020000 		.4byte	.LASF5
 400 005a 02       		.uleb128 0x2
 401 005b 04       		.byte	0x4
 402 005c 07       		.byte	0x7
 403 005d 1F010000 		.4byte	.LASF6
 404 0061 02       		.uleb128 0x2
 405 0062 08       		.byte	0x8
 406 0063 05       		.byte	0x5
 407 0064 A3020000 		.4byte	.LASF7
 408 0068 02       		.uleb128 0x2
 409 0069 08       		.byte	0x8
 410 006a 07       		.byte	0x7
 411 006b 4C020000 		.4byte	.LASF8
 412 006f 04       		.uleb128 0x4
 413 0070 04       		.byte	0x4
 414 0071 05       		.byte	0x5
 415 0072 696E7400 		.ascii	"int\000"
 416 0076 02       		.uleb128 0x2
 417 0077 04       		.byte	0x4
 418 0078 07       		.byte	0x7
 419 0079 36020000 		.4byte	.LASF9
 420 007d 03       		.uleb128 0x3
 421 007e 7C020000 		.4byte	.LASF11
 422 0082 03       		.byte	0x3
 423 0083 2C       		.byte	0x2c
 424 0084 48000000 		.4byte	0x48
 425 0088 02       		.uleb128 0x2
 426 0089 08       		.byte	0x8
 427 008a 04       		.byte	0x4
 428 008b 62010000 		.4byte	.LASF12
 429 008f 02       		.uleb128 0x2
 430 0090 01       		.byte	0x1
 431 0091 08       		.byte	0x8
 432 0092 BE020000 		.4byte	.LASF13
 433 0096 02       		.uleb128 0x2
 434 0097 08       		.byte	0x8
 435 0098 04       		.byte	0x4
 436 0099 DD020000 		.4byte	.LASF14
 437 009d 02       		.uleb128 0x2
 438 009e 04       		.byte	0x4
 439 009f 07       		.byte	0x7
 440 00a0 84020000 		.4byte	.LASF15
 441 00a4 05       		.uleb128 0x5
 442 00a5 69010000 		.4byte	.LASF43
 443 00a9 01       		.byte	0x1
 444 00aa 4D       		.byte	0x4d
 445 00ab 00000000 		.4byte	.LFB70
 446 00af 14000000 		.4byte	.LFE70-.LFB70
ARM GAS  C:\Users\degn\AppData\Local\Temp\ccQdAMAZ.s 			page 11


 447 00b3 01       		.uleb128 0x1
 448 00b4 9C       		.byte	0x9c
 449 00b5 06       		.uleb128 0x6
 450 00b6 7A000000 		.4byte	.LASF16
 451 00ba 01       		.byte	0x1
 452 00bb 17       		.byte	0x17
 453 00bc 00000000 		.4byte	.LFB65
 454 00c0 34000000 		.4byte	.LFE65-.LFB65
 455 00c4 01       		.uleb128 0x1
 456 00c5 9C       		.byte	0x9c
 457 00c6 41010000 		.4byte	0x141
 458 00ca 07       		.uleb128 0x7
 459 00cb 08000000 		.4byte	.LVL0
 460 00cf 5A030000 		.4byte	0x35a
 461 00d3 DD000000 		.4byte	0xdd
 462 00d7 08       		.uleb128 0x8
 463 00d8 01       		.uleb128 0x1
 464 00d9 50       		.byte	0x50
 465 00da 01       		.uleb128 0x1
 466 00db 31       		.byte	0x31
 467 00dc 00       		.byte	0
 468 00dd 09       		.uleb128 0x9
 469 00de 0C000000 		.4byte	.LVL1
 470 00e2 65030000 		.4byte	0x365
 471 00e6 07       		.uleb128 0x7
 472 00e7 14000000 		.4byte	.LVL2
 473 00eb 70030000 		.4byte	0x370
 474 00ef FE000000 		.4byte	0xfe
 475 00f3 08       		.uleb128 0x8
 476 00f4 01       		.uleb128 0x1
 477 00f5 50       		.byte	0x50
 478 00f6 01       		.uleb128 0x1
 479 00f7 30       		.byte	0x30
 480 00f8 08       		.uleb128 0x8
 481 00f9 01       		.uleb128 0x1
 482 00fa 51       		.byte	0x51
 483 00fb 01       		.uleb128 0x1
 484 00fc 30       		.byte	0x30
 485 00fd 00       		.byte	0
 486 00fe 07       		.uleb128 0x7
 487 00ff 1A000000 		.4byte	.LVL3
 488 0103 7B030000 		.4byte	0x37b
 489 0107 15010000 		.4byte	0x115
 490 010b 08       		.uleb128 0x8
 491 010c 01       		.uleb128 0x1
 492 010d 50       		.byte	0x50
 493 010e 05       		.uleb128 0x5
 494 010f 03       		.byte	0x3
 495 0110 00000000 		.4byte	.LC0
 496 0114 00       		.byte	0
 497 0115 07       		.uleb128 0x7
 498 0116 22000000 		.4byte	.LVL4
 499 011a 70030000 		.4byte	0x370
 500 011e 2D010000 		.4byte	0x12d
 501 0122 08       		.uleb128 0x8
 502 0123 01       		.uleb128 0x1
 503 0124 50       		.byte	0x50
ARM GAS  C:\Users\degn\AppData\Local\Temp\ccQdAMAZ.s 			page 12


 504 0125 01       		.uleb128 0x1
 505 0126 31       		.byte	0x31
 506 0127 08       		.uleb128 0x8
 507 0128 01       		.uleb128 0x1
 508 0129 51       		.byte	0x51
 509 012a 01       		.uleb128 0x1
 510 012b 30       		.byte	0x30
 511 012c 00       		.byte	0
 512 012d 0A       		.uleb128 0xa
 513 012e 28000000 		.4byte	.LVL5
 514 0132 7B030000 		.4byte	0x37b
 515 0136 08       		.uleb128 0x8
 516 0137 01       		.uleb128 0x1
 517 0138 50       		.byte	0x50
 518 0139 05       		.uleb128 0x5
 519 013a 03       		.byte	0x3
 520 013b 0C000000 		.4byte	.LC1
 521 013f 00       		.byte	0
 522 0140 00       		.byte	0
 523 0141 06       		.uleb128 0x6
 524 0142 24030000 		.4byte	.LASF17
 525 0146 01       		.byte	0x1
 526 0147 21       		.byte	0x21
 527 0148 00000000 		.4byte	.LFB66
 528 014c 0C000000 		.4byte	.LFE66-.LFB66
 529 0150 01       		.uleb128 0x1
 530 0151 9C       		.byte	0x9c
 531 0152 69010000 		.4byte	0x169
 532 0156 09       		.uleb128 0x9
 533 0157 06000000 		.4byte	.LVL6
 534 015b 86030000 		.4byte	0x386
 535 015f 09       		.uleb128 0x9
 536 0160 0A000000 		.4byte	.LVL7
 537 0164 91030000 		.4byte	0x391
 538 0168 00       		.byte	0
 539 0169 06       		.uleb128 0x6
 540 016a 6D020000 		.4byte	.LASF18
 541 016e 01       		.byte	0x1
 542 016f 0E       		.byte	0xe
 543 0170 00000000 		.4byte	.LFB64
 544 0174 2C000000 		.4byte	.LFE64-.LFB64
 545 0178 01       		.uleb128 0x1
 546 0179 9C       		.byte	0x9c
 547 017a BA010000 		.4byte	0x1ba
 548 017e 09       		.uleb128 0x9
 549 017f 06000000 		.4byte	.LVL8
 550 0183 B5000000 		.4byte	0xb5
 551 0187 09       		.uleb128 0x9
 552 0188 0A000000 		.4byte	.LVL9
 553 018c 41010000 		.4byte	0x141
 554 0190 07       		.uleb128 0x7
 555 0191 10000000 		.4byte	.LVL10
 556 0195 9C030000 		.4byte	0x39c
 557 0199 A7010000 		.4byte	0x1a7
 558 019d 08       		.uleb128 0x8
 559 019e 01       		.uleb128 0x1
 560 019f 50       		.byte	0x50
ARM GAS  C:\Users\degn\AppData\Local\Temp\ccQdAMAZ.s 			page 13


 561 01a0 05       		.uleb128 0x5
 562 01a1 03       		.byte	0x3
 563 01a2 00000000 		.4byte	ISR_toggle_handler
 564 01a6 00       		.byte	0
 565 01a7 09       		.uleb128 0x9
 566 01a8 16000000 		.4byte	.LVL11
 567 01ac A7030000 		.4byte	0x3a7
 568 01b0 09       		.uleb128 0x9
 569 01b1 1C000000 		.4byte	.LVL12
 570 01b5 B2030000 		.4byte	0x3b2
 571 01b9 00       		.byte	0
 572 01ba 0B       		.uleb128 0xb
 573 01bb 53000000 		.4byte	.LASF24
 574 01bf 01       		.byte	0x1
 575 01c0 28       		.byte	0x28
 576 01c1 00000000 		.4byte	.LFB67
 577 01c5 54000000 		.4byte	.LFE67-.LFB67
 578 01c9 01       		.uleb128 0x1
 579 01ca 9C       		.byte	0x9c
 580 01cb A3020000 		.4byte	0x2a3
 581 01cf 0C       		.uleb128 0xc
 582 01d0 43020000 		.4byte	.LASF19
 583 01d4 01       		.byte	0x1
 584 01d5 28       		.byte	0x28
 585 01d6 6F000000 		.4byte	0x6f
 586 01da 00000000 		.4byte	.LLST0
 587 01de 0C       		.uleb128 0xc
 588 01df C3020000 		.4byte	.LASF20
 589 01e3 01       		.byte	0x1
 590 01e4 28       		.byte	0x28
 591 01e5 25000000 		.4byte	0x25
 592 01e9 2C000000 		.4byte	.LLST1
 593 01ed 0D       		.uleb128 0xd
 594 01ee 55010000 		.4byte	.LASF22
 595 01f2 01       		.byte	0x1
 596 01f3 2A       		.byte	0x2a
 597 01f4 A3020000 		.4byte	0x2a3
 598 01f8 02       		.uleb128 0x2
 599 01f9 91       		.byte	0x91
 600 01fa 60       		.sleb128 -32
 601 01fb 07       		.uleb128 0x7
 602 01fc 0E000000 		.4byte	.LVL15
 603 0200 5A030000 		.4byte	0x35a
 604 0204 0E020000 		.4byte	0x20e
 605 0208 08       		.uleb128 0x8
 606 0209 01       		.uleb128 0x1
 607 020a 50       		.byte	0x50
 608 020b 01       		.uleb128 0x1
 609 020c 31       		.byte	0x31
 610 020d 00       		.byte	0
 611 020e 07       		.uleb128 0x7
 612 020f 18000000 		.4byte	.LVL16
 613 0213 BD030000 		.4byte	0x3bd
 614 0217 31020000 		.4byte	0x231
 615 021b 08       		.uleb128 0x8
 616 021c 01       		.uleb128 0x1
 617 021d 50       		.byte	0x50
ARM GAS  C:\Users\degn\AppData\Local\Temp\ccQdAMAZ.s 			page 14


 618 021e 02       		.uleb128 0x2
 619 021f 7D       		.byte	0x7d
 620 0220 00       		.sleb128 0
 621 0221 08       		.uleb128 0x8
 622 0222 01       		.uleb128 0x1
 623 0223 51       		.byte	0x51
 624 0224 05       		.uleb128 0x5
 625 0225 03       		.byte	0x3
 626 0226 18000000 		.4byte	.LC2
 627 022a 08       		.uleb128 0x8
 628 022b 01       		.uleb128 0x1
 629 022c 52       		.byte	0x52
 630 022d 02       		.uleb128 0x2
 631 022e 75       		.byte	0x75
 632 022f 00       		.sleb128 0
 633 0230 00       		.byte	0
 634 0231 07       		.uleb128 0x7
 635 0232 20000000 		.4byte	.LVL17
 636 0236 70030000 		.4byte	0x370
 637 023a 49020000 		.4byte	0x249
 638 023e 08       		.uleb128 0x8
 639 023f 01       		.uleb128 0x1
 640 0240 50       		.byte	0x50
 641 0241 01       		.uleb128 0x1
 642 0242 30       		.byte	0x30
 643 0243 08       		.uleb128 0x8
 644 0244 01       		.uleb128 0x1
 645 0245 51       		.byte	0x51
 646 0246 01       		.uleb128 0x1
 647 0247 30       		.byte	0x30
 648 0248 00       		.byte	0
 649 0249 07       		.uleb128 0x7
 650 024a 26000000 		.4byte	.LVL18
 651 024e 7B030000 		.4byte	0x37b
 652 0252 5D020000 		.4byte	0x25d
 653 0256 08       		.uleb128 0x8
 654 0257 01       		.uleb128 0x1
 655 0258 50       		.byte	0x50
 656 0259 02       		.uleb128 0x2
 657 025a 7D       		.byte	0x7d
 658 025b 00       		.sleb128 0
 659 025c 00       		.byte	0
 660 025d 07       		.uleb128 0x7
 661 025e 38000000 		.4byte	.LVL20
 662 0262 BD030000 		.4byte	0x3bd
 663 0266 7A020000 		.4byte	0x27a
 664 026a 08       		.uleb128 0x8
 665 026b 01       		.uleb128 0x1
 666 026c 50       		.byte	0x50
 667 026d 02       		.uleb128 0x2
 668 026e 7D       		.byte	0x7d
 669 026f 00       		.sleb128 0
 670 0270 08       		.uleb128 0x8
 671 0271 01       		.uleb128 0x1
 672 0272 51       		.byte	0x51
 673 0273 05       		.uleb128 0x5
 674 0274 03       		.byte	0x3
ARM GAS  C:\Users\degn\AppData\Local\Temp\ccQdAMAZ.s 			page 15


 675 0275 28000000 		.4byte	.LC3
 676 0279 00       		.byte	0
 677 027a 07       		.uleb128 0x7
 678 027b 40000000 		.4byte	.LVL21
 679 027f 70030000 		.4byte	0x370
 680 0283 92020000 		.4byte	0x292
 681 0287 08       		.uleb128 0x8
 682 0288 01       		.uleb128 0x1
 683 0289 50       		.byte	0x50
 684 028a 01       		.uleb128 0x1
 685 028b 31       		.byte	0x31
 686 028c 08       		.uleb128 0x8
 687 028d 01       		.uleb128 0x1
 688 028e 51       		.byte	0x51
 689 028f 01       		.uleb128 0x1
 690 0290 30       		.byte	0x30
 691 0291 00       		.byte	0
 692 0292 0A       		.uleb128 0xa
 693 0293 46000000 		.4byte	.LVL22
 694 0297 7B030000 		.4byte	0x37b
 695 029b 08       		.uleb128 0x8
 696 029c 01       		.uleb128 0x1
 697 029d 50       		.byte	0x50
 698 029e 02       		.uleb128 0x2
 699 029f 7D       		.byte	0x7d
 700 02a0 00       		.sleb128 0
 701 02a1 00       		.byte	0
 702 02a2 00       		.byte	0
 703 02a3 0E       		.uleb128 0xe
 704 02a4 8F000000 		.4byte	0x8f
 705 02a8 B3020000 		.4byte	0x2b3
 706 02ac 0F       		.uleb128 0xf
 707 02ad 9D000000 		.4byte	0x9d
 708 02b1 0F       		.byte	0xf
 709 02b2 00       		.byte	0
 710 02b3 10       		.uleb128 0x10
 711 02b4 B1020000 		.4byte	.LASF44
 712 02b8 01       		.byte	0x1
 713 02b9 3A       		.byte	0x3a
 714 02ba 6F000000 		.4byte	0x6f
 715 02be 00000000 		.4byte	.LFB69
 716 02c2 34000000 		.4byte	.LFE69-.LFB69
 717 02c6 01       		.uleb128 0x1
 718 02c7 9C       		.byte	0x9c
 719 02c8 EB020000 		.4byte	0x2eb
 720 02cc 0C       		.uleb128 0xc
 721 02cd 63020000 		.4byte	.LASF21
 722 02d1 01       		.byte	0x1
 723 02d2 3A       		.byte	0x3a
 724 02d3 6F000000 		.4byte	0x6f
 725 02d7 5A000000 		.4byte	.LLST2
 726 02db 11       		.uleb128 0x11
 727 02dc 5A010000 		.4byte	.LASF23
 728 02e0 01       		.byte	0x1
 729 02e1 48       		.byte	0x48
 730 02e2 6F000000 		.4byte	0x6f
 731 02e6 94000000 		.4byte	.LLST3
ARM GAS  C:\Users\degn\AppData\Local\Temp\ccQdAMAZ.s 			page 16


 732 02ea 00       		.byte	0
 733 02eb 12       		.uleb128 0x12
 734 02ec 5C000000 		.4byte	.LASF25
 735 02f0 01       		.byte	0x1
 736 02f1 34       		.byte	0x34
 737 02f2 6F000000 		.4byte	0x6f
 738 02f6 00000000 		.4byte	.LFB68
 739 02fa 0C000000 		.4byte	.LFE68-.LFB68
 740 02fe 01       		.uleb128 0x1
 741 02ff 9C       		.byte	0x9c
 742 0300 17030000 		.4byte	0x317
 743 0304 09       		.uleb128 0x9
 744 0305 06000000 		.4byte	.LVL32
 745 0309 C8030000 		.4byte	0x3c8
 746 030d 09       		.uleb128 0x9
 747 030e 0A000000 		.4byte	.LVL33
 748 0312 B3020000 		.4byte	0x2b3
 749 0316 00       		.byte	0
 750 0317 13       		.uleb128 0x13
 751 0318 48010000 		.4byte	.LASF26
 752 031c 04       		.byte	0x4
 753 031d 1207     		.2byte	0x712
 754 031f 23030000 		.4byte	0x323
 755 0323 14       		.uleb128 0x14
 756 0324 7D000000 		.4byte	0x7d
 757 0328 0E       		.uleb128 0xe
 758 0329 8F000000 		.4byte	0x8f
 759 032d 38030000 		.4byte	0x338
 760 0331 0F       		.uleb128 0xf
 761 0332 9D000000 		.4byte	0x9d
 762 0336 13       		.byte	0x13
 763 0337 00       		.byte	0
 764 0338 15       		.uleb128 0x15
 765 0339 05030000 		.4byte	.LASF27
 766 033d 01       		.byte	0x1
 767 033e 05       		.byte	0x5
 768 033f 28030000 		.4byte	0x328
 769 0343 05       		.uleb128 0x5
 770 0344 03       		.byte	0x3
 771 0345 00000000 		.4byte	LCDbuffer
 772 0349 15       		.uleb128 0x15
 773 034a 74000000 		.4byte	.LASF28
 774 034e 01       		.byte	0x1
 775 034f 06       		.byte	0x6
 776 0350 6F000000 		.4byte	0x6f
 777 0354 05       		.uleb128 0x5
 778 0355 03       		.byte	0x3
 779 0356 00000000 		.4byte	block
 780 035a 16       		.uleb128 0x16
 781 035b 1B000000 		.4byte	.LASF29
 782 035f 1B000000 		.4byte	.LASF29
 783 0363 05       		.byte	0x5
 784 0364 3A       		.byte	0x3a
 785 0365 16       		.uleb128 0x16
 786 0366 2C000000 		.4byte	.LASF30
 787 036a 2C000000 		.4byte	.LASF30
 788 036e 05       		.byte	0x5
ARM GAS  C:\Users\degn\AppData\Local\Temp\ccQdAMAZ.s 			page 17


 789 036f 38       		.byte	0x38
 790 0370 16       		.uleb128 0x16
 791 0371 0F030000 		.4byte	.LASF31
 792 0375 0F030000 		.4byte	.LASF31
 793 0379 05       		.byte	0x5
 794 037a 3D       		.byte	0x3d
 795 037b 16       		.uleb128 0x16
 796 037c 07020000 		.4byte	.LASF32
 797 0380 07020000 		.4byte	.LASF32
 798 0384 05       		.byte	0x5
 799 0385 3C       		.byte	0x3c
 800 0386 16       		.uleb128 0x16
 801 0387 F5020000 		.4byte	.LASF33
 802 038b F5020000 		.4byte	.LASF33
 803 038f 06       		.byte	0x6
 804 0390 34       		.byte	0x34
 805 0391 16       		.uleb128 0x16
 806 0392 31010000 		.4byte	.LASF34
 807 0396 31010000 		.4byte	.LASF34
 808 039a 06       		.byte	0x6
 809 039b D1       		.byte	0xd1
 810 039c 16       		.uleb128 0x16
 811 039d 17020000 		.4byte	.LASF35
 812 03a1 17020000 		.4byte	.LASF35
 813 03a5 07       		.byte	0x7
 814 03a6 18       		.byte	0x18
 815 03a7 16       		.uleb128 0x16
 816 03a8 00000000 		.4byte	.LASF36
 817 03ac 00000000 		.4byte	.LASF36
 818 03b0 08       		.byte	0x8
 819 03b1 18       		.byte	0x18
 820 03b2 16       		.uleb128 0x16
 821 03b3 EB010000 		.4byte	.LASF37
 822 03b7 EB010000 		.4byte	.LASF37
 823 03bb 09       		.byte	0x9
 824 03bc 18       		.byte	0x18
 825 03bd 16       		.uleb128 0x16
 826 03be 1C030000 		.4byte	.LASF38
 827 03c2 1C030000 		.4byte	.LASF38
 828 03c6 0A       		.byte	0xa
 829 03c7 E7       		.byte	0xe7
 830 03c8 16       		.uleb128 0x16
 831 03c9 8D020000 		.4byte	.LASF39
 832 03cd 8D020000 		.4byte	.LASF39
 833 03d1 06       		.byte	0x6
 834 03d2 3B       		.byte	0x3b
 835 03d3 00       		.byte	0
 836              		.section	.debug_abbrev,"",%progbits
 837              	.Ldebug_abbrev0:
 838 0000 01       		.uleb128 0x1
 839 0001 11       		.uleb128 0x11
 840 0002 01       		.byte	0x1
 841 0003 25       		.uleb128 0x25
 842 0004 0E       		.uleb128 0xe
 843 0005 13       		.uleb128 0x13
 844 0006 0B       		.uleb128 0xb
 845 0007 03       		.uleb128 0x3
ARM GAS  C:\Users\degn\AppData\Local\Temp\ccQdAMAZ.s 			page 18


 846 0008 0E       		.uleb128 0xe
 847 0009 1B       		.uleb128 0x1b
 848 000a 0E       		.uleb128 0xe
 849 000b 55       		.uleb128 0x55
 850 000c 17       		.uleb128 0x17
 851 000d 11       		.uleb128 0x11
 852 000e 01       		.uleb128 0x1
 853 000f 10       		.uleb128 0x10
 854 0010 17       		.uleb128 0x17
 855 0011 00       		.byte	0
 856 0012 00       		.byte	0
 857 0013 02       		.uleb128 0x2
 858 0014 24       		.uleb128 0x24
 859 0015 00       		.byte	0
 860 0016 0B       		.uleb128 0xb
 861 0017 0B       		.uleb128 0xb
 862 0018 3E       		.uleb128 0x3e
 863 0019 0B       		.uleb128 0xb
 864 001a 03       		.uleb128 0x3
 865 001b 0E       		.uleb128 0xe
 866 001c 00       		.byte	0
 867 001d 00       		.byte	0
 868 001e 03       		.uleb128 0x3
 869 001f 16       		.uleb128 0x16
 870 0020 00       		.byte	0
 871 0021 03       		.uleb128 0x3
 872 0022 0E       		.uleb128 0xe
 873 0023 3A       		.uleb128 0x3a
 874 0024 0B       		.uleb128 0xb
 875 0025 3B       		.uleb128 0x3b
 876 0026 0B       		.uleb128 0xb
 877 0027 49       		.uleb128 0x49
 878 0028 13       		.uleb128 0x13
 879 0029 00       		.byte	0
 880 002a 00       		.byte	0
 881 002b 04       		.uleb128 0x4
 882 002c 24       		.uleb128 0x24
 883 002d 00       		.byte	0
 884 002e 0B       		.uleb128 0xb
 885 002f 0B       		.uleb128 0xb
 886 0030 3E       		.uleb128 0x3e
 887 0031 0B       		.uleb128 0xb
 888 0032 03       		.uleb128 0x3
 889 0033 08       		.uleb128 0x8
 890 0034 00       		.byte	0
 891 0035 00       		.byte	0
 892 0036 05       		.uleb128 0x5
 893 0037 2E       		.uleb128 0x2e
 894 0038 00       		.byte	0
 895 0039 3F       		.uleb128 0x3f
 896 003a 19       		.uleb128 0x19
 897 003b 03       		.uleb128 0x3
 898 003c 0E       		.uleb128 0xe
 899 003d 3A       		.uleb128 0x3a
 900 003e 0B       		.uleb128 0xb
 901 003f 3B       		.uleb128 0x3b
 902 0040 0B       		.uleb128 0xb
ARM GAS  C:\Users\degn\AppData\Local\Temp\ccQdAMAZ.s 			page 19


 903 0041 27       		.uleb128 0x27
 904 0042 19       		.uleb128 0x19
 905 0043 11       		.uleb128 0x11
 906 0044 01       		.uleb128 0x1
 907 0045 12       		.uleb128 0x12
 908 0046 06       		.uleb128 0x6
 909 0047 40       		.uleb128 0x40
 910 0048 18       		.uleb128 0x18
 911 0049 9742     		.uleb128 0x2117
 912 004b 19       		.uleb128 0x19
 913 004c 00       		.byte	0
 914 004d 00       		.byte	0
 915 004e 06       		.uleb128 0x6
 916 004f 2E       		.uleb128 0x2e
 917 0050 01       		.byte	0x1
 918 0051 3F       		.uleb128 0x3f
 919 0052 19       		.uleb128 0x19
 920 0053 03       		.uleb128 0x3
 921 0054 0E       		.uleb128 0xe
 922 0055 3A       		.uleb128 0x3a
 923 0056 0B       		.uleb128 0xb
 924 0057 3B       		.uleb128 0x3b
 925 0058 0B       		.uleb128 0xb
 926 0059 11       		.uleb128 0x11
 927 005a 01       		.uleb128 0x1
 928 005b 12       		.uleb128 0x12
 929 005c 06       		.uleb128 0x6
 930 005d 40       		.uleb128 0x40
 931 005e 18       		.uleb128 0x18
 932 005f 9742     		.uleb128 0x2117
 933 0061 19       		.uleb128 0x19
 934 0062 01       		.uleb128 0x1
 935 0063 13       		.uleb128 0x13
 936 0064 00       		.byte	0
 937 0065 00       		.byte	0
 938 0066 07       		.uleb128 0x7
 939 0067 898201   		.uleb128 0x4109
 940 006a 01       		.byte	0x1
 941 006b 11       		.uleb128 0x11
 942 006c 01       		.uleb128 0x1
 943 006d 31       		.uleb128 0x31
 944 006e 13       		.uleb128 0x13
 945 006f 01       		.uleb128 0x1
 946 0070 13       		.uleb128 0x13
 947 0071 00       		.byte	0
 948 0072 00       		.byte	0
 949 0073 08       		.uleb128 0x8
 950 0074 8A8201   		.uleb128 0x410a
 951 0077 00       		.byte	0
 952 0078 02       		.uleb128 0x2
 953 0079 18       		.uleb128 0x18
 954 007a 9142     		.uleb128 0x2111
 955 007c 18       		.uleb128 0x18
 956 007d 00       		.byte	0
 957 007e 00       		.byte	0
 958 007f 09       		.uleb128 0x9
 959 0080 898201   		.uleb128 0x4109
ARM GAS  C:\Users\degn\AppData\Local\Temp\ccQdAMAZ.s 			page 20


 960 0083 00       		.byte	0
 961 0084 11       		.uleb128 0x11
 962 0085 01       		.uleb128 0x1
 963 0086 31       		.uleb128 0x31
 964 0087 13       		.uleb128 0x13
 965 0088 00       		.byte	0
 966 0089 00       		.byte	0
 967 008a 0A       		.uleb128 0xa
 968 008b 898201   		.uleb128 0x4109
 969 008e 01       		.byte	0x1
 970 008f 11       		.uleb128 0x11
 971 0090 01       		.uleb128 0x1
 972 0091 31       		.uleb128 0x31
 973 0092 13       		.uleb128 0x13
 974 0093 00       		.byte	0
 975 0094 00       		.byte	0
 976 0095 0B       		.uleb128 0xb
 977 0096 2E       		.uleb128 0x2e
 978 0097 01       		.byte	0x1
 979 0098 3F       		.uleb128 0x3f
 980 0099 19       		.uleb128 0x19
 981 009a 03       		.uleb128 0x3
 982 009b 0E       		.uleb128 0xe
 983 009c 3A       		.uleb128 0x3a
 984 009d 0B       		.uleb128 0xb
 985 009e 3B       		.uleb128 0x3b
 986 009f 0B       		.uleb128 0xb
 987 00a0 27       		.uleb128 0x27
 988 00a1 19       		.uleb128 0x19
 989 00a2 11       		.uleb128 0x11
 990 00a3 01       		.uleb128 0x1
 991 00a4 12       		.uleb128 0x12
 992 00a5 06       		.uleb128 0x6
 993 00a6 40       		.uleb128 0x40
 994 00a7 18       		.uleb128 0x18
 995 00a8 9642     		.uleb128 0x2116
 996 00aa 19       		.uleb128 0x19
 997 00ab 01       		.uleb128 0x1
 998 00ac 13       		.uleb128 0x13
 999 00ad 00       		.byte	0
 1000 00ae 00       		.byte	0
 1001 00af 0C       		.uleb128 0xc
 1002 00b0 05       		.uleb128 0x5
 1003 00b1 00       		.byte	0
 1004 00b2 03       		.uleb128 0x3
 1005 00b3 0E       		.uleb128 0xe
 1006 00b4 3A       		.uleb128 0x3a
 1007 00b5 0B       		.uleb128 0xb
 1008 00b6 3B       		.uleb128 0x3b
 1009 00b7 0B       		.uleb128 0xb
 1010 00b8 49       		.uleb128 0x49
 1011 00b9 13       		.uleb128 0x13
 1012 00ba 02       		.uleb128 0x2
 1013 00bb 17       		.uleb128 0x17
 1014 00bc 00       		.byte	0
 1015 00bd 00       		.byte	0
 1016 00be 0D       		.uleb128 0xd
ARM GAS  C:\Users\degn\AppData\Local\Temp\ccQdAMAZ.s 			page 21


 1017 00bf 34       		.uleb128 0x34
 1018 00c0 00       		.byte	0
 1019 00c1 03       		.uleb128 0x3
 1020 00c2 0E       		.uleb128 0xe
 1021 00c3 3A       		.uleb128 0x3a
 1022 00c4 0B       		.uleb128 0xb
 1023 00c5 3B       		.uleb128 0x3b
 1024 00c6 0B       		.uleb128 0xb
 1025 00c7 49       		.uleb128 0x49
 1026 00c8 13       		.uleb128 0x13
 1027 00c9 02       		.uleb128 0x2
 1028 00ca 18       		.uleb128 0x18
 1029 00cb 00       		.byte	0
 1030 00cc 00       		.byte	0
 1031 00cd 0E       		.uleb128 0xe
 1032 00ce 01       		.uleb128 0x1
 1033 00cf 01       		.byte	0x1
 1034 00d0 49       		.uleb128 0x49
 1035 00d1 13       		.uleb128 0x13
 1036 00d2 01       		.uleb128 0x1
 1037 00d3 13       		.uleb128 0x13
 1038 00d4 00       		.byte	0
 1039 00d5 00       		.byte	0
 1040 00d6 0F       		.uleb128 0xf
 1041 00d7 21       		.uleb128 0x21
 1042 00d8 00       		.byte	0
 1043 00d9 49       		.uleb128 0x49
 1044 00da 13       		.uleb128 0x13
 1045 00db 2F       		.uleb128 0x2f
 1046 00dc 0B       		.uleb128 0xb
 1047 00dd 00       		.byte	0
 1048 00de 00       		.byte	0
 1049 00df 10       		.uleb128 0x10
 1050 00e0 2E       		.uleb128 0x2e
 1051 00e1 01       		.byte	0x1
 1052 00e2 3F       		.uleb128 0x3f
 1053 00e3 19       		.uleb128 0x19
 1054 00e4 03       		.uleb128 0x3
 1055 00e5 0E       		.uleb128 0xe
 1056 00e6 3A       		.uleb128 0x3a
 1057 00e7 0B       		.uleb128 0xb
 1058 00e8 3B       		.uleb128 0x3b
 1059 00e9 0B       		.uleb128 0xb
 1060 00ea 27       		.uleb128 0x27
 1061 00eb 19       		.uleb128 0x19
 1062 00ec 49       		.uleb128 0x49
 1063 00ed 13       		.uleb128 0x13
 1064 00ee 11       		.uleb128 0x11
 1065 00ef 01       		.uleb128 0x1
 1066 00f0 12       		.uleb128 0x12
 1067 00f1 06       		.uleb128 0x6
 1068 00f2 40       		.uleb128 0x40
 1069 00f3 18       		.uleb128 0x18
 1070 00f4 9742     		.uleb128 0x2117
 1071 00f6 19       		.uleb128 0x19
 1072 00f7 01       		.uleb128 0x1
 1073 00f8 13       		.uleb128 0x13
ARM GAS  C:\Users\degn\AppData\Local\Temp\ccQdAMAZ.s 			page 22


 1074 00f9 00       		.byte	0
 1075 00fa 00       		.byte	0
 1076 00fb 11       		.uleb128 0x11
 1077 00fc 34       		.uleb128 0x34
 1078 00fd 00       		.byte	0
 1079 00fe 03       		.uleb128 0x3
 1080 00ff 0E       		.uleb128 0xe
 1081 0100 3A       		.uleb128 0x3a
 1082 0101 0B       		.uleb128 0xb
 1083 0102 3B       		.uleb128 0x3b
 1084 0103 0B       		.uleb128 0xb
 1085 0104 49       		.uleb128 0x49
 1086 0105 13       		.uleb128 0x13
 1087 0106 02       		.uleb128 0x2
 1088 0107 17       		.uleb128 0x17
 1089 0108 00       		.byte	0
 1090 0109 00       		.byte	0
 1091 010a 12       		.uleb128 0x12
 1092 010b 2E       		.uleb128 0x2e
 1093 010c 01       		.byte	0x1
 1094 010d 3F       		.uleb128 0x3f
 1095 010e 19       		.uleb128 0x19
 1096 010f 03       		.uleb128 0x3
 1097 0110 0E       		.uleb128 0xe
 1098 0111 3A       		.uleb128 0x3a
 1099 0112 0B       		.uleb128 0xb
 1100 0113 3B       		.uleb128 0x3b
 1101 0114 0B       		.uleb128 0xb
 1102 0115 49       		.uleb128 0x49
 1103 0116 13       		.uleb128 0x13
 1104 0117 11       		.uleb128 0x11
 1105 0118 01       		.uleb128 0x1
 1106 0119 12       		.uleb128 0x12
 1107 011a 06       		.uleb128 0x6
 1108 011b 40       		.uleb128 0x40
 1109 011c 18       		.uleb128 0x18
 1110 011d 9742     		.uleb128 0x2117
 1111 011f 19       		.uleb128 0x19
 1112 0120 01       		.uleb128 0x1
 1113 0121 13       		.uleb128 0x13
 1114 0122 00       		.byte	0
 1115 0123 00       		.byte	0
 1116 0124 13       		.uleb128 0x13
 1117 0125 34       		.uleb128 0x34
 1118 0126 00       		.byte	0
 1119 0127 03       		.uleb128 0x3
 1120 0128 0E       		.uleb128 0xe
 1121 0129 3A       		.uleb128 0x3a
 1122 012a 0B       		.uleb128 0xb
 1123 012b 3B       		.uleb128 0x3b
 1124 012c 05       		.uleb128 0x5
 1125 012d 49       		.uleb128 0x49
 1126 012e 13       		.uleb128 0x13
 1127 012f 3F       		.uleb128 0x3f
 1128 0130 19       		.uleb128 0x19
 1129 0131 3C       		.uleb128 0x3c
 1130 0132 19       		.uleb128 0x19
ARM GAS  C:\Users\degn\AppData\Local\Temp\ccQdAMAZ.s 			page 23


 1131 0133 00       		.byte	0
 1132 0134 00       		.byte	0
 1133 0135 14       		.uleb128 0x14
 1134 0136 35       		.uleb128 0x35
 1135 0137 00       		.byte	0
 1136 0138 49       		.uleb128 0x49
 1137 0139 13       		.uleb128 0x13
 1138 013a 00       		.byte	0
 1139 013b 00       		.byte	0
 1140 013c 15       		.uleb128 0x15
 1141 013d 34       		.uleb128 0x34
 1142 013e 00       		.byte	0
 1143 013f 03       		.uleb128 0x3
 1144 0140 0E       		.uleb128 0xe
 1145 0141 3A       		.uleb128 0x3a
 1146 0142 0B       		.uleb128 0xb
 1147 0143 3B       		.uleb128 0x3b
 1148 0144 0B       		.uleb128 0xb
 1149 0145 49       		.uleb128 0x49
 1150 0146 13       		.uleb128 0x13
 1151 0147 3F       		.uleb128 0x3f
 1152 0148 19       		.uleb128 0x19
 1153 0149 02       		.uleb128 0x2
 1154 014a 18       		.uleb128 0x18
 1155 014b 00       		.byte	0
 1156 014c 00       		.byte	0
 1157 014d 16       		.uleb128 0x16
 1158 014e 2E       		.uleb128 0x2e
 1159 014f 00       		.byte	0
 1160 0150 3F       		.uleb128 0x3f
 1161 0151 19       		.uleb128 0x19
 1162 0152 3C       		.uleb128 0x3c
 1163 0153 19       		.uleb128 0x19
 1164 0154 6E       		.uleb128 0x6e
 1165 0155 0E       		.uleb128 0xe
 1166 0156 03       		.uleb128 0x3
 1167 0157 0E       		.uleb128 0xe
 1168 0158 3A       		.uleb128 0x3a
 1169 0159 0B       		.uleb128 0xb
 1170 015a 3B       		.uleb128 0x3b
 1171 015b 0B       		.uleb128 0xb
 1172 015c 00       		.byte	0
 1173 015d 00       		.byte	0
 1174 015e 00       		.byte	0
 1175              		.section	.debug_loc,"",%progbits
 1176              	.Ldebug_loc0:
 1177              	.LLST0:
 1178 0000 00000000 		.4byte	.LVL13
 1179 0004 0A000000 		.4byte	.LVL14
 1180 0008 0100     		.2byte	0x1
 1181 000a 50       		.byte	0x50
 1182 000b 0A000000 		.4byte	.LVL14
 1183 000f 4A000000 		.4byte	.LVL23
 1184 0013 0100     		.2byte	0x1
 1185 0015 55       		.byte	0x55
 1186 0016 4A000000 		.4byte	.LVL23
 1187 001a 54000000 		.4byte	.LFE67
ARM GAS  C:\Users\degn\AppData\Local\Temp\ccQdAMAZ.s 			page 24


 1188 001e 0400     		.2byte	0x4
 1189 0020 F3       		.byte	0xf3
 1190 0021 01       		.uleb128 0x1
 1191 0022 50       		.byte	0x50
 1192 0023 9F       		.byte	0x9f
 1193 0024 00000000 		.4byte	0
 1194 0028 00000000 		.4byte	0
 1195              	.LLST1:
 1196 002c 00000000 		.4byte	.LVL13
 1197 0030 0D000000 		.4byte	.LVL15-1
 1198 0034 0100     		.2byte	0x1
 1199 0036 51       		.byte	0x51
 1200 0037 0D000000 		.4byte	.LVL15-1
 1201 003b 4A000000 		.4byte	.LVL23
 1202 003f 0100     		.2byte	0x1
 1203 0041 54       		.byte	0x54
 1204 0042 4A000000 		.4byte	.LVL23
 1205 0046 54000000 		.4byte	.LFE67
 1206 004a 0600     		.2byte	0x6
 1207 004c F3       		.byte	0xf3
 1208 004d 03       		.uleb128 0x3
 1209 004e F5       		.byte	0xf5
 1210 004f 01       		.uleb128 0x1
 1211 0050 25       		.uleb128 0x25
 1212 0051 9F       		.byte	0x9f
 1213 0052 00000000 		.4byte	0
 1214 0056 00000000 		.4byte	0
 1215              	.LLST2:
 1216 005a 00000000 		.4byte	.LVL24
 1217 005e 10000000 		.4byte	.LVL25
 1218 0062 0100     		.2byte	0x1
 1219 0064 50       		.byte	0x50
 1220 0065 10000000 		.4byte	.LVL25
 1221 0069 12000000 		.4byte	.LVL26
 1222 006d 0400     		.2byte	0x4
 1223 006f F3       		.byte	0xf3
 1224 0070 01       		.uleb128 0x1
 1225 0071 50       		.byte	0x50
 1226 0072 9F       		.byte	0x9f
 1227 0073 12000000 		.4byte	.LVL26
 1228 0077 18000000 		.4byte	.LVL28
 1229 007b 0100     		.2byte	0x1
 1230 007d 50       		.byte	0x50
 1231 007e 18000000 		.4byte	.LVL28
 1232 0082 20000000 		.4byte	.LVL29
 1233 0086 0400     		.2byte	0x4
 1234 0088 70       		.byte	0x70
 1235 0089 C801     		.sleb128 200
 1236 008b 9F       		.byte	0x9f
 1237 008c 00000000 		.4byte	0
 1238 0090 00000000 		.4byte	0
 1239              	.LLST3:
 1240 0094 2C000000 		.4byte	.LVL30
 1241 0098 2E000000 		.4byte	.LVL31
 1242 009c 0300     		.2byte	0x3
 1243 009e 70       		.byte	0x70
 1244 009f 5D       		.sleb128 -35
ARM GAS  C:\Users\degn\AppData\Local\Temp\ccQdAMAZ.s 			page 25


 1245 00a0 9F       		.byte	0x9f
 1246 00a1 2E000000 		.4byte	.LVL31
 1247 00a5 34000000 		.4byte	.LFE69
 1248 00a9 0100     		.2byte	0x1
 1249 00ab 50       		.byte	0x50
 1250 00ac 00000000 		.4byte	0
 1251 00b0 00000000 		.4byte	0
 1252              		.section	.debug_aranges,"",%progbits
 1253 0000 4C000000 		.4byte	0x4c
 1254 0004 0200     		.2byte	0x2
 1255 0006 00000000 		.4byte	.Ldebug_info0
 1256 000a 04       		.byte	0x4
 1257 000b 00       		.byte	0
 1258 000c 0000     		.2byte	0
 1259 000e 0000     		.2byte	0
 1260 0010 00000000 		.4byte	.LFB70
 1261 0014 14000000 		.4byte	.LFE70-.LFB70
 1262 0018 00000000 		.4byte	.LFB65
 1263 001c 34000000 		.4byte	.LFE65-.LFB65
 1264 0020 00000000 		.4byte	.LFB66
 1265 0024 0C000000 		.4byte	.LFE66-.LFB66
 1266 0028 00000000 		.4byte	.LFB64
 1267 002c 2C000000 		.4byte	.LFE64-.LFB64
 1268 0030 00000000 		.4byte	.LFB67
 1269 0034 54000000 		.4byte	.LFE67-.LFB67
 1270 0038 00000000 		.4byte	.LFB69
 1271 003c 34000000 		.4byte	.LFE69-.LFB69
 1272 0040 00000000 		.4byte	.LFB68
 1273 0044 0C000000 		.4byte	.LFE68-.LFB68
 1274 0048 00000000 		.4byte	0
 1275 004c 00000000 		.4byte	0
 1276              		.section	.debug_ranges,"",%progbits
 1277              	.Ldebug_ranges0:
 1278 0000 00000000 		.4byte	.LFB70
 1279 0004 14000000 		.4byte	.LFE70
 1280 0008 00000000 		.4byte	.LFB65
 1281 000c 34000000 		.4byte	.LFE65
 1282 0010 00000000 		.4byte	.LFB66
 1283 0014 0C000000 		.4byte	.LFE66
 1284 0018 00000000 		.4byte	.LFB64
 1285 001c 2C000000 		.4byte	.LFE64
 1286 0020 00000000 		.4byte	.LFB67
 1287 0024 54000000 		.4byte	.LFE67
 1288 0028 00000000 		.4byte	.LFB69
 1289 002c 34000000 		.4byte	.LFE69
 1290 0030 00000000 		.4byte	.LFB68
 1291 0034 0C000000 		.4byte	.LFE68
 1292 0038 00000000 		.4byte	0
 1293 003c 00000000 		.4byte	0
 1294              		.section	.debug_line,"",%progbits
 1295              	.Ldebug_line0:
 1296 0000 9E020000 		.section	.debug_str,"MS",%progbits,1
 1296      02001002 
 1296      00000201 
 1296      FB0E0D00 
 1296      01010101 
 1297              	.LASF36:
ARM GAS  C:\Users\degn\AppData\Local\Temp\ccQdAMAZ.s 			page 26


 1298 0000 6973725F 		.ascii	"isr_motorSwitch_On_StartEx\000"
 1298      6D6F746F 
 1298      72537769 
 1298      7463685F 
 1298      4F6E5F53 
 1299              	.LASF29:
 1300 001b 4C43445F 		.ascii	"LCD_WriteControl\000"
 1300      57726974 
 1300      65436F6E 
 1300      74726F6C 
 1300      00
 1301              	.LASF30:
 1302 002c 4C43445F 		.ascii	"LCD_Start\000"
 1302      53746172 
 1302      7400
 1303              	.LASF10:
 1304 0036 5F5F696E 		.ascii	"__int32_t\000"
 1304      7433325F 
 1304      7400
 1305              	.LASF4:
 1306 0040 73686F72 		.ascii	"short unsigned int\000"
 1306      7420756E 
 1306      7369676E 
 1306      65642069 
 1306      6E7400
 1307              	.LASF24:
 1308 0053 77726974 		.ascii	"writeLCD\000"
 1308      654C4344 
 1308      00
 1309              	.LASF25:
 1310 005c 696E7465 		.ascii	"interfaceSetpoint\000"
 1310      72666163 
 1310      65536574 
 1310      706F696E 
 1310      7400
 1311              	.LASF0:
 1312 006e 666C6F61 		.ascii	"float\000"
 1312      7400
 1313              	.LASF28:
 1314 0074 626C6F63 		.ascii	"block\000"
 1314      6B00
 1315              	.LASF16:
 1316 007a 496E6974 		.ascii	"Init_LCD\000"
 1316      5F4C4344 
 1316      00
 1317              	.LASF2:
 1318 0083 756E7369 		.ascii	"unsigned char\000"
 1318      676E6564 
 1318      20636861 
 1318      7200
 1319              	.LASF40:
 1320 0091 474E5520 		.ascii	"GNU C11 5.4.1 20160609 (release) [ARM/embedded-5-br"
 1320      43313120 
 1320      352E342E 
 1320      31203230 
 1320      31363036 
 1321 00c4 616E6368 		.ascii	"anch revision 237715] -mcpu=cortex-m3 -mthumb -g -O"
ARM GAS  C:\Users\degn\AppData\Local\Temp\ccQdAMAZ.s 			page 27


 1321      20726576 
 1321      6973696F 
 1321      6E203233 
 1321      37373135 
 1322 00f7 67202D66 		.ascii	"g -ffunction-sections -ffat-lto-objects\000"
 1322      66756E63 
 1322      74696F6E 
 1322      2D736563 
 1322      74696F6E 
 1323              	.LASF6:
 1324 011f 6C6F6E67 		.ascii	"long unsigned int\000"
 1324      20756E73 
 1324      69676E65 
 1324      6420696E 
 1324      7400
 1325              	.LASF34:
 1326 0131 4144435F 		.ascii	"ADC_SAR_1_StartConvert\000"
 1326      5341525F 
 1326      315F5374 
 1326      61727443 
 1326      6F6E7665 
 1327              	.LASF26:
 1328 0148 49544D5F 		.ascii	"ITM_RxBuffer\000"
 1328      52784275 
 1328      66666572 
 1328      00
 1329              	.LASF22:
 1330 0155 62756666 		.ascii	"buff\000"
 1330      00
 1331              	.LASF23:
 1332 015a 64656772 		.ascii	"degrees\000"
 1332      65657300 
 1333              	.LASF12:
 1334 0162 646F7562 		.ascii	"double\000"
 1334      6C6500
 1335              	.LASF43:
 1336 0169 4953525F 		.ascii	"ISR_toggle_handler\000"
 1336      746F6767 
 1336      6C655F68 
 1336      616E646C 
 1336      657200
 1337              	.LASF42:
 1338 017c 433A5C55 		.ascii	"C:\\Users\\degn\\OneDrive - Aarhus universitet\\Skr"
 1338      73657273 
 1338      5C646567 
 1338      6E5C4F6E 
 1338      65447269 
 1339 01ab 69766562 		.ascii	"ivebord\\AU\\E4\\PRJ4\\Git\\E4PRJ\\PSoC\\Dron-A Lis"
 1339      6F72645C 
 1339      41555C45 
 1339      345C5052 
 1339      4A345C47 
 1340 01d7 615C4472 		.ascii	"a\\Dron-A Lisa.cydsn\000"
 1340      6F6E2D41 
 1340      204C6973 
 1340      612E6379 
 1340      64736E00 
ARM GAS  C:\Users\degn\AppData\Local\Temp\ccQdAMAZ.s 			page 28


 1341              	.LASF37:
 1342 01eb 6973725F 		.ascii	"isr_motorSwitch_Off_StartEx\000"
 1342      6D6F746F 
 1342      72537769 
 1342      7463685F 
 1342      4F66665F 
 1343              	.LASF32:
 1344 0207 4C43445F 		.ascii	"LCD_PrintString\000"
 1344      5072696E 
 1344      74537472 
 1344      696E6700 
 1345              	.LASF35:
 1346 0217 6973725F 		.ascii	"isr_toggle_StartEx\000"
 1346      746F6767 
 1346      6C655F53 
 1346      74617274 
 1346      457800
 1347              	.LASF41:
 1348 022a 696E7465 		.ascii	"interface.c\000"
 1348      72666163 
 1348      652E6300 
 1349              	.LASF9:
 1350 0236 756E7369 		.ascii	"unsigned int\000"
 1350      676E6564 
 1350      20696E74 
 1350      00
 1351              	.LASF19:
 1352 0243 73657470 		.ascii	"setpoint\000"
 1352      6F696E74 
 1352      00
 1353              	.LASF8:
 1354 024c 6C6F6E67 		.ascii	"long long unsigned int\000"
 1354      206C6F6E 
 1354      6720756E 
 1354      7369676E 
 1354      65642069 
 1355              	.LASF21:
 1356 0263 6164635F 		.ascii	"adc_value\000"
 1356      76616C75 
 1356      6500
 1357              	.LASF18:
 1358 026d 696E6974 		.ascii	"init_interface\000"
 1358      5F696E74 
 1358      65726661 
 1358      636500
 1359              	.LASF11:
 1360 027c 696E7433 		.ascii	"int32_t\000"
 1360      325F7400 
 1361              	.LASF15:
 1362 0284 73697A65 		.ascii	"sizetype\000"
 1362      74797065 
 1362      00
 1363              	.LASF39:
 1364 028d 4144435F 		.ascii	"ADC_SAR_1_GetResult16\000"
 1364      5341525F 
 1364      315F4765 
 1364      74526573 
ARM GAS  C:\Users\degn\AppData\Local\Temp\ccQdAMAZ.s 			page 29


 1364      756C7431 
 1365              	.LASF7:
 1366 02a3 6C6F6E67 		.ascii	"long long int\000"
 1366      206C6F6E 
 1366      6720696E 
 1366      7400
 1367              	.LASF44:
 1368 02b1 61646354 		.ascii	"adcToDegrees\000"
 1368      6F446567 
 1368      72656573 
 1368      00
 1369              	.LASF13:
 1370 02be 63686172 		.ascii	"char\000"
 1370      00
 1371              	.LASF20:
 1372 02c3 73656E73 		.ascii	"sensor\000"
 1372      6F7200
 1373              	.LASF3:
 1374 02ca 73686F72 		.ascii	"short int\000"
 1374      7420696E 
 1374      7400
 1375              	.LASF5:
 1376 02d4 6C6F6E67 		.ascii	"long int\000"
 1376      20696E74 
 1376      00
 1377              	.LASF14:
 1378 02dd 6C6F6E67 		.ascii	"long double\000"
 1378      20646F75 
 1378      626C6500 
 1379              	.LASF1:
 1380 02e9 7369676E 		.ascii	"signed char\000"
 1380      65642063 
 1380      68617200 
 1381              	.LASF33:
 1382 02f5 4144435F 		.ascii	"ADC_SAR_1_Start\000"
 1382      5341525F 
 1382      315F5374 
 1382      61727400 
 1383              	.LASF27:
 1384 0305 4C434462 		.ascii	"LCDbuffer\000"
 1384      75666665 
 1384      7200
 1385              	.LASF31:
 1386 030f 4C43445F 		.ascii	"LCD_Position\000"
 1386      506F7369 
 1386      74696F6E 
 1386      00
 1387              	.LASF38:
 1388 031c 73707269 		.ascii	"sprintf\000"
 1388      6E746600 
 1389              	.LASF17:
 1390 0324 496E6974 		.ascii	"Init_ADC\000"
 1390      5F414443 
 1390      00
 1391              		.ident	"GCC: (GNU Tools for ARM Embedded Processors) 5.4.1 20160609 (release) [ARM/embedded-5-bran
