ARM GAS  C:\Users\Jacob\AppData\Local\Temp\ccM6c0Ta.s 			page 1


   1              		.syntax unified
   2              		.cpu cortex-m3
   3              		.fpu softvfp
   4              		.eabi_attribute 20, 1
   5              		.eabi_attribute 21, 1
   6              		.eabi_attribute 23, 3
   7              		.eabi_attribute 24, 1
   8              		.eabi_attribute 25, 1
   9              		.eabi_attribute 26, 1
  10              		.eabi_attribute 30, 1
  11              		.eabi_attribute 34, 1
  12              		.eabi_attribute 18, 4
  13              		.thumb
  14              		.syntax unified
  15              		.file	"PIDcontroller.c"
  16              		.text
  17              	.Ltext0:
  18              		.cfi_sections	.debug_frame
  19              		.global	__aeabi_fsub
  20              		.global	__aeabi_fmul
  21              		.global	__aeabi_fadd
  22              		.global	__aeabi_fcmplt
  23              		.global	__aeabi_fcmpgt
  24              		.global	__aeabi_fcmple
  25              		.global	__aeabi_fdiv
  26              		.section	.text.PIDUpdate,"ax",%progbits
  27              		.align	2
  28              		.global	PIDUpdate
  29              		.thumb
  30              		.thumb_func
  31              		.type	PIDUpdate, %function
  32              	PIDUpdate:
  33              	.LFB63:
  34              		.file 1 "PIDcontroller.c"
   1:PIDcontroller.c **** #include "PIDcontroller.h"
   2:PIDcontroller.c **** 
   3:PIDcontroller.c **** float kp_ = 0.9;
   4:PIDcontroller.c **** float Ti_ = 20000;
   5:PIDcontroller.c **** float ki_ = 0.000045;
   6:PIDcontroller.c **** float Td_ = 360;
   7:PIDcontroller.c **** float kd_ = 315;
   8:PIDcontroller.c **** float iMin_ = -100;
   9:PIDcontroller.c **** float iMax_ = 100;
  10:PIDcontroller.c **** float dt_ = 20;
  11:PIDcontroller.c **** float setpoint_ = 0;
  12:PIDcontroller.c **** float previousError_ = 0;
  13:PIDcontroller.c **** float i_ = 0;
  14:PIDcontroller.c **** 
  15:PIDcontroller.c **** //The PIDUpdate function performs a single step of the PID control algorithm. 
  16:PIDcontroller.c **** //The parameters proportional, integral, and derivative are useful for analysis or debugging, 
  17:PIDcontroller.c **** //as they hold the values of the proportional, integral, and derivative terms respectively. 
  18:PIDcontroller.c **** //The physical systems current output is provided via the measurement parameter.
  19:PIDcontroller.c **** //The parameter setpoint sets the wanted setpoint for the PID system.
  20:PIDcontroller.c **** //PID controller’s output result is returned as a float.
  21:PIDcontroller.c **** float PIDUpdate(float setpoint, float measurement, float* proportional, float* integral, float* der
  22:PIDcontroller.c **** {
  35              		.loc 1 22 0
ARM GAS  C:\Users\Jacob\AppData\Local\Temp\ccM6c0Ta.s 			page 2


  36              		.cfi_startproc
  37              		@ args = 4, pretend = 0, frame = 0
  38              		@ frame_needed = 0, uses_anonymous_args = 0
  39              	.LVL0:
  40 0000 2DE9F047 		push	{r4, r5, r6, r7, r8, r9, r10, lr}
  41              		.cfi_def_cfa_offset 32
  42              		.cfi_offset 4, -32
  43              		.cfi_offset 5, -28
  44              		.cfi_offset 6, -24
  45              		.cfi_offset 7, -20
  46              		.cfi_offset 8, -16
  47              		.cfi_offset 9, -12
  48              		.cfi_offset 10, -8
  49              		.cfi_offset 14, -4
  50 0004 9146     		mov	r9, r2
  51 0006 9846     		mov	r8, r3
  52              	.LVL1:
  23:PIDcontroller.c ****     float output = 0;
  24:PIDcontroller.c ****     float p = 0;
  25:PIDcontroller.c ****     float i = 0;
  26:PIDcontroller.c ****     float d = 0;
  27:PIDcontroller.c ****     float currentError = 0;
  28:PIDcontroller.c **** 
  29:PIDcontroller.c ****     //Calculating the current error
  30:PIDcontroller.c ****     currentError = setpoint - measurement;
  53              		.loc 1 30 0
  54 0008 FFF7FEFF 		bl	__aeabi_fsub
  55              	.LVL2:
  56 000c 0546     		mov	r5, r0
  57              	.LVL3:
  31:PIDcontroller.c ****     
  32:PIDcontroller.c ****     //Calculating the proportional part
  33:PIDcontroller.c ****     p = kp_* currentError;
  58              		.loc 1 33 0
  59 000e 234C     		ldr	r4, .L8
  60 0010 2168     		ldr	r1, [r4]	@ float
  61 0012 FFF7FEFF 		bl	__aeabi_fmul
  62              	.LVL4:
  63 0016 0746     		mov	r7, r0
  64              	.LVL5:
  34:PIDcontroller.c ****     
  35:PIDcontroller.c ****     //Calculating the integral part
  36:PIDcontroller.c ****     i_ += ki_ * (currentError * dt_);
  65              		.loc 1 36 0
  66 0018 6668     		ldr	r6, [r4, #4]	@ float
  67 001a 3146     		mov	r1, r6
  68 001c 2846     		mov	r0, r5
  69              	.LVL6:
  70 001e FFF7FEFF 		bl	__aeabi_fmul
  71              	.LVL7:
  72 0022 A168     		ldr	r1, [r4, #8]	@ float
  73 0024 FFF7FEFF 		bl	__aeabi_fmul
  74              	.LVL8:
  75 0028 1D4B     		ldr	r3, .L8+4
  76 002a 1968     		ldr	r1, [r3]	@ float
  77 002c FFF7FEFF 		bl	__aeabi_fadd
  78              	.LVL9:
ARM GAS  C:\Users\Jacob\AppData\Local\Temp\ccM6c0Ta.s 			page 3


  79 0030 8246     		mov	r10, r0
  37:PIDcontroller.c ****     
  38:PIDcontroller.c ****     //Limits for the integral part
  39:PIDcontroller.c ****     i_ = (i_ < iMin_) ? iMin_ : (i_ > iMax_) ? iMax_ : i_;
  80              		.loc 1 39 0
  81 0032 E468     		ldr	r4, [r4, #12]	@ float
  82 0034 2146     		mov	r1, r4
  83 0036 FFF7FEFF 		bl	__aeabi_fcmplt
  84              	.LVL10:
  85 003a 38B9     		cbnz	r0, .L2
  86              		.loc 1 39 0 is_stmt 0 discriminator 2
  87 003c 174B     		ldr	r3, .L8
  88 003e 1C69     		ldr	r4, [r3, #16]	@ float
  89 0040 2146     		mov	r1, r4
  90 0042 5046     		mov	r0, r10
  91 0044 FFF7FEFF 		bl	__aeabi_fcmpgt
  92              	.LVL11:
  93 0048 00B9     		cbnz	r0, .L2
  94 004a 5446     		mov	r4, r10
  95              	.L2:
  96              		.loc 1 39 0 discriminator 8
  97 004c 144B     		ldr	r3, .L8+4
  98 004e 1C60     		str	r4, [r3]	@ float
  99              	.LVL12:
  40:PIDcontroller.c ****     
  41:PIDcontroller.c ****     //Assign to the i variable for possible debugging
  42:PIDcontroller.c ****     i = i_;
  43:PIDcontroller.c ****     
  44:PIDcontroller.c ****     //Calculating the derivative part, and avoiding division by 0
  45:PIDcontroller.c ****     d = (dt_ <= 0) ? 0: kd_ * (currentError - previousError_) / dt_;
 100              		.loc 1 45 0 is_stmt 1 discriminator 8
 101 0050 0021     		movs	r1, #0
 102 0052 3046     		mov	r0, r6
 103 0054 FFF7FEFF 		bl	__aeabi_fcmple
 104              	.LVL13:
 105 0058 68B9     		cbnz	r0, .L6
 106              		.loc 1 45 0 is_stmt 0 discriminator 2
 107 005a 114B     		ldr	r3, .L8+4
 108 005c 5968     		ldr	r1, [r3, #4]	@ float
 109 005e 2846     		mov	r0, r5
 110 0060 FFF7FEFF 		bl	__aeabi_fsub
 111              	.LVL14:
 112 0064 0D4B     		ldr	r3, .L8
 113 0066 5969     		ldr	r1, [r3, #20]	@ float
 114 0068 FFF7FEFF 		bl	__aeabi_fmul
 115              	.LVL15:
 116 006c 3146     		mov	r1, r6
 117 006e FFF7FEFF 		bl	__aeabi_fdiv
 118              	.LVL16:
 119 0072 0646     		mov	r6, r0
 120 0074 00E0     		b	.L4
 121              	.L6:
 122              		.loc 1 45 0
 123 0076 0026     		movs	r6, #0
 124              	.L4:
 125              	.LVL17:
  46:PIDcontroller.c ****     
ARM GAS  C:\Users\Jacob\AppData\Local\Temp\ccM6c0Ta.s 			page 4


  47:PIDcontroller.c ****     //Calculating the output
  48:PIDcontroller.c ****     output = p + i + d;
 126              		.loc 1 48 0 is_stmt 1 discriminator 4
 127 0078 3946     		mov	r1, r7
 128 007a 2046     		mov	r0, r4
 129 007c FFF7FEFF 		bl	__aeabi_fadd
 130              	.LVL18:
 131 0080 0146     		mov	r1, r0
 132 0082 3046     		mov	r0, r6
 133 0084 FFF7FEFF 		bl	__aeabi_fadd
 134              	.LVL19:
  49:PIDcontroller.c ****     
  50:PIDcontroller.c ****     //Saving the p, i and d for analysis or debugging
  51:PIDcontroller.c ****     *proportional = p;
 135              		.loc 1 51 0 discriminator 4
 136 0088 C9F80070 		str	r7, [r9]	@ float
  52:PIDcontroller.c ****     *integral = i;
 137              		.loc 1 52 0 discriminator 4
 138 008c C8F80040 		str	r4, [r8]	@ float
  53:PIDcontroller.c ****     *derivative = d;
 139              		.loc 1 53 0 discriminator 4
 140 0090 089B     		ldr	r3, [sp, #32]
 141 0092 1E60     		str	r6, [r3]	@ float
  54:PIDcontroller.c ****     
  55:PIDcontroller.c ****     //Saving the current error to later use
  56:PIDcontroller.c ****     previousError_ = currentError;
 142              		.loc 1 56 0 discriminator 4
 143 0094 024B     		ldr	r3, .L8+4
 144 0096 5D60     		str	r5, [r3, #4]	@ float
  57:PIDcontroller.c ****     
  58:PIDcontroller.c ****     return output;
  59:PIDcontroller.c **** }...
 145              		.loc 1 59 0 discriminator 4
 146 0098 BDE8F087 		pop	{r4, r5, r6, r7, r8, r9, r10, pc}
 147              	.LVL20:
 148              	.L9:
 149              		.align	2
 150              	.L8:
 151 009c 00000000 		.word	.LANCHOR0
 152 00a0 00000000 		.word	.LANCHOR1
 153              		.cfi_endproc
 154              	.LFE63:
 155              		.size	PIDUpdate, .-PIDUpdate
 156              		.global	i_
 157              		.global	previousError_
 158              		.global	setpoint_
 159              		.global	dt_
 160              		.global	iMax_
 161              		.global	iMin_
 162              		.global	kd_
 163              		.global	Td_
 164              		.global	ki_
 165              		.global	Ti_
 166              		.global	kp_
 167              		.data
 168              		.align	2
 169              		.set	.LANCHOR0,. + 0
ARM GAS  C:\Users\Jacob\AppData\Local\Temp\ccM6c0Ta.s 			page 5


 170              		.type	kp_, %object
 171              		.size	kp_, 4
 172              	kp_:
 173 0000 6666663F 		.word	1063675494
 174              		.type	dt_, %object
 175              		.size	dt_, 4
 176              	dt_:
 177 0004 0000A041 		.word	1101004800
 178              		.type	ki_, %object
 179              		.size	ki_, 4
 180              	ki_:
 181 0008 62BE3C38 		.word	943504994
 182              		.type	iMin_, %object
 183              		.size	iMin_, 4
 184              	iMin_:
 185 000c 0000C8C2 		.word	-1027080192
 186              		.type	iMax_, %object
 187              		.size	iMax_, 4
 188              	iMax_:
 189 0010 0000C842 		.word	1120403456
 190              		.type	kd_, %object
 191              		.size	kd_, 4
 192              	kd_:
 193 0014 00809D43 		.word	1134395392
 194              		.type	Td_, %object
 195              		.size	Td_, 4
 196              	Td_:
 197 0018 0000B443 		.word	1135869952
 198              		.type	Ti_, %object
 199              		.size	Ti_, 4
 200              	Ti_:
 201 001c 00409C46 		.word	1184645120
 202              		.bss
 203              		.align	2
 204              		.set	.LANCHOR1,. + 0
 205              		.type	i_, %object
 206              		.size	i_, 4
 207              	i_:
 208 0000 00000000 		.space	4
 209              		.type	previousError_, %object
 210              		.size	previousError_, 4
 211              	previousError_:
 212 0004 00000000 		.space	4
 213              		.type	setpoint_, %object
 214              		.size	setpoint_, 4
 215              	setpoint_:
 216 0008 00000000 		.space	4
 217              		.text
 218              	.Letext0:
 219              		.file 2 "c:\\program files (x86)\\cypress\\psoc creator\\4.4\\psoc creator\\import\\gnu\\arm\\5.4.
 220              		.file 3 "c:\\program files (x86)\\cypress\\psoc creator\\4.4\\psoc creator\\import\\gnu\\arm\\5.4.
 221              		.file 4 "Generated_Source\\PSoC5/core_cm3.h"
 222              		.section	.debug_info,"",%progbits
 223              	.Ldebug_info0:
 224 0000 1C020000 		.4byte	0x21c
 225 0004 0400     		.2byte	0x4
 226 0006 00000000 		.4byte	.Ldebug_abbrev0
ARM GAS  C:\Users\Jacob\AppData\Local\Temp\ccM6c0Ta.s 			page 6


 227 000a 04       		.byte	0x4
 228 000b 01       		.uleb128 0x1
 229 000c C5000000 		.4byte	.LASF28
 230 0010 0C       		.byte	0xc
 231 0011 0E000000 		.4byte	.LASF29
 232 0015 31000000 		.4byte	.LASF30
 233 0019 00000000 		.4byte	.Ldebug_ranges0+0
 234 001d 00000000 		.4byte	0
 235 0021 00000000 		.4byte	.Ldebug_line0
 236 0025 02       		.uleb128 0x2
 237 0026 04       		.byte	0x4
 238 0027 04       		.byte	0x4
 239 0028 B1000000 		.4byte	.LASF0
 240 002c 02       		.uleb128 0x2
 241 002d 01       		.byte	0x1
 242 002e 06       		.byte	0x6
 243 002f 3C020000 		.4byte	.LASF1
 244 0033 02       		.uleb128 0x2
 245 0034 01       		.byte	0x1
 246 0035 08       		.byte	0x8
 247 0036 B7000000 		.4byte	.LASF2
 248 003a 02       		.uleb128 0x2
 249 003b 02       		.byte	0x2
 250 003c 05       		.byte	0x5
 251 003d 05020000 		.4byte	.LASF3
 252 0041 02       		.uleb128 0x2
 253 0042 02       		.byte	0x2
 254 0043 07       		.byte	0x7
 255 0044 62010000 		.4byte	.LASF4
 256 0048 03       		.uleb128 0x3
 257 0049 27000000 		.4byte	.LASF10
 258 004d 02       		.byte	0x2
 259 004e 3F       		.byte	0x3f
 260 004f 53000000 		.4byte	0x53
 261 0053 02       		.uleb128 0x2
 262 0054 04       		.byte	0x4
 263 0055 05       		.byte	0x5
 264 0056 27020000 		.4byte	.LASF5
 265 005a 02       		.uleb128 0x2
 266 005b 04       		.byte	0x4
 267 005c 07       		.byte	0x7
 268 005d 8E010000 		.4byte	.LASF6
 269 0061 02       		.uleb128 0x2
 270 0062 08       		.byte	0x8
 271 0063 05       		.byte	0x5
 272 0064 00000000 		.4byte	.LASF7
 273 0068 02       		.uleb128 0x2
 274 0069 08       		.byte	0x8
 275 006a 07       		.byte	0x7
 276 006b C9010000 		.4byte	.LASF8
 277 006f 04       		.uleb128 0x4
 278 0070 04       		.byte	0x4
 279 0071 05       		.byte	0x5
 280 0072 696E7400 		.ascii	"int\000"
 281 0076 02       		.uleb128 0x2
 282 0077 04       		.byte	0x4
 283 0078 07       		.byte	0x7
ARM GAS  C:\Users\Jacob\AppData\Local\Temp\ccM6c0Ta.s 			page 7


 284 0079 A6010000 		.4byte	.LASF9
 285 007d 03       		.uleb128 0x3
 286 007e 9F000000 		.4byte	.LASF11
 287 0082 03       		.byte	0x3
 288 0083 2C       		.byte	0x2c
 289 0084 48000000 		.4byte	0x48
 290 0088 02       		.uleb128 0x2
 291 0089 08       		.byte	0x8
 292 008a 04       		.byte	0x4
 293 008b 98000000 		.4byte	.LASF12
 294 008f 02       		.uleb128 0x2
 295 0090 01       		.byte	0x1
 296 0091 08       		.byte	0x8
 297 0092 00020000 		.4byte	.LASF13
 298 0096 02       		.uleb128 0x2
 299 0097 08       		.byte	0x8
 300 0098 04       		.byte	0x4
 301 0099 30020000 		.4byte	.LASF14
 302 009d 02       		.uleb128 0x2
 303 009e 04       		.byte	0x4
 304 009f 07       		.byte	0x7
 305 00a0 E0010000 		.4byte	.LASF15
 306 00a4 05       		.uleb128 0x5
 307 00a5 F6010000 		.4byte	.LASF31
 308 00a9 01       		.byte	0x1
 309 00aa 15       		.byte	0x15
 310 00ab 25000000 		.4byte	0x25
 311 00af 00000000 		.4byte	.LFB63
 312 00b3 A4000000 		.4byte	.LFE63-.LFB63
 313 00b7 01       		.uleb128 0x1
 314 00b8 9C       		.byte	0x9c
 315 00b9 4E010000 		.4byte	0x14e
 316 00bd 06       		.uleb128 0x6
 317 00be C0010000 		.4byte	.LASF16
 318 00c2 01       		.byte	0x1
 319 00c3 15       		.byte	0x15
 320 00c4 25000000 		.4byte	0x25
 321 00c8 00000000 		.4byte	.LLST0
 322 00cc 06       		.uleb128 0x6
 323 00cd 82010000 		.4byte	.LASF17
 324 00d1 01       		.byte	0x1
 325 00d2 15       		.byte	0x15
 326 00d3 25000000 		.4byte	0x25
 327 00d7 23000000 		.4byte	.LLST1
 328 00db 06       		.uleb128 0x6
 329 00dc E9010000 		.4byte	.LASF18
 330 00e0 01       		.byte	0x1
 331 00e1 15       		.byte	0x15
 332 00e2 4E010000 		.4byte	0x14e
 333 00e6 46000000 		.4byte	.LLST2
 334 00ea 06       		.uleb128 0x6
 335 00eb 1E000000 		.4byte	.LASF19
 336 00ef 01       		.byte	0x1
 337 00f0 15       		.byte	0x15
 338 00f1 4E010000 		.4byte	0x14e
 339 00f5 72000000 		.4byte	.LLST3
 340 00f9 06       		.uleb128 0x6
ARM GAS  C:\Users\Jacob\AppData\Local\Temp\ccM6c0Ta.s 			page 8


 341 00fa 1C020000 		.4byte	.LASF20
 342 00fe 01       		.byte	0x1
 343 00ff 15       		.byte	0x15
 344 0100 4E010000 		.4byte	0x14e
 345 0104 9E000000 		.4byte	.LLST4
 346 0108 07       		.uleb128 0x7
 347 0109 0F020000 		.4byte	.LASF21
 348 010d 01       		.byte	0x1
 349 010e 17       		.byte	0x17
 350 010f 25000000 		.4byte	0x25
 351 0113 BE000000 		.4byte	.LLST5
 352 0117 08       		.uleb128 0x8
 353 0118 7000     		.ascii	"p\000"
 354 011a 01       		.byte	0x1
 355 011b 18       		.byte	0x18
 356 011c 25000000 		.4byte	0x25
 357 0120 E1000000 		.4byte	.LLST6
 358 0124 08       		.uleb128 0x8
 359 0125 6900     		.ascii	"i\000"
 360 0127 01       		.byte	0x1
 361 0128 19       		.byte	0x19
 362 0129 25000000 		.4byte	0x25
 363 012d 0F010000 		.4byte	.LLST7
 364 0131 08       		.uleb128 0x8
 365 0132 6400     		.ascii	"d\000"
 366 0134 01       		.byte	0x1
 367 0135 1A       		.byte	0x1a
 368 0136 25000000 		.4byte	0x25
 369 013a 32010000 		.4byte	.LLST8
 370 013e 07       		.uleb128 0x7
 371 013f B3010000 		.4byte	.LASF22
 372 0143 01       		.byte	0x1
 373 0144 1B       		.byte	0x1b
 374 0145 25000000 		.4byte	0x25
 375 0149 55010000 		.4byte	.LLST9
 376 014d 00       		.byte	0
 377 014e 09       		.uleb128 0x9
 378 014f 04       		.byte	0x4
 379 0150 25000000 		.4byte	0x25
 380 0154 0A       		.uleb128 0xa
 381 0155 75010000 		.4byte	.LASF23
 382 0159 04       		.byte	0x4
 383 015a 1207     		.2byte	0x712
 384 015c 60010000 		.4byte	0x160
 385 0160 0B       		.uleb128 0xb
 386 0161 7D000000 		.4byte	0x7d
 387 0165 0C       		.uleb128 0xc
 388 0166 6B705F00 		.ascii	"kp_\000"
 389 016a 01       		.byte	0x1
 390 016b 03       		.byte	0x3
 391 016c 25000000 		.4byte	0x25
 392 0170 05       		.uleb128 0x5
 393 0171 03       		.byte	0x3
 394 0172 00000000 		.4byte	kp_
 395 0176 0C       		.uleb128 0xc
 396 0177 54695F00 		.ascii	"Ti_\000"
 397 017b 01       		.byte	0x1
ARM GAS  C:\Users\Jacob\AppData\Local\Temp\ccM6c0Ta.s 			page 9


 398 017c 04       		.byte	0x4
 399 017d 25000000 		.4byte	0x25
 400 0181 05       		.uleb128 0x5
 401 0182 03       		.byte	0x3
 402 0183 00000000 		.4byte	Ti_
 403 0187 0C       		.uleb128 0xc
 404 0188 6B695F00 		.ascii	"ki_\000"
 405 018c 01       		.byte	0x1
 406 018d 05       		.byte	0x5
 407 018e 25000000 		.4byte	0x25
 408 0192 05       		.uleb128 0x5
 409 0193 03       		.byte	0x3
 410 0194 00000000 		.4byte	ki_
 411 0198 0C       		.uleb128 0xc
 412 0199 54645F00 		.ascii	"Td_\000"
 413 019d 01       		.byte	0x1
 414 019e 06       		.byte	0x6
 415 019f 25000000 		.4byte	0x25
 416 01a3 05       		.uleb128 0x5
 417 01a4 03       		.byte	0x3
 418 01a5 00000000 		.4byte	Td_
 419 01a9 0C       		.uleb128 0xc
 420 01aa 6B645F00 		.ascii	"kd_\000"
 421 01ae 01       		.byte	0x1
 422 01af 07       		.byte	0x7
 423 01b0 25000000 		.4byte	0x25
 424 01b4 05       		.uleb128 0x5
 425 01b5 03       		.byte	0x3
 426 01b6 00000000 		.4byte	kd_
 427 01ba 0D       		.uleb128 0xd
 428 01bb 16020000 		.4byte	.LASF24
 429 01bf 01       		.byte	0x1
 430 01c0 08       		.byte	0x8
 431 01c1 25000000 		.4byte	0x25
 432 01c5 05       		.uleb128 0x5
 433 01c6 03       		.byte	0x3
 434 01c7 00000000 		.4byte	iMin_
 435 01cb 0D       		.uleb128 0xd
 436 01cc A0010000 		.4byte	.LASF25
 437 01d0 01       		.byte	0x1
 438 01d1 09       		.byte	0x9
 439 01d2 25000000 		.4byte	0x25
 440 01d6 05       		.uleb128 0x5
 441 01d7 03       		.byte	0x3
 442 01d8 00000000 		.4byte	iMax_
 443 01dc 0C       		.uleb128 0xc
 444 01dd 64745F00 		.ascii	"dt_\000"
 445 01e1 01       		.byte	0x1
 446 01e2 0A       		.byte	0xa
 447 01e3 25000000 		.4byte	0x25
 448 01e7 05       		.uleb128 0x5
 449 01e8 03       		.byte	0x3
 450 01e9 00000000 		.4byte	dt_
 451 01ed 0D       		.uleb128 0xd
 452 01ee A7000000 		.4byte	.LASF26
 453 01f2 01       		.byte	0x1
 454 01f3 0B       		.byte	0xb
ARM GAS  C:\Users\Jacob\AppData\Local\Temp\ccM6c0Ta.s 			page 10


 455 01f4 25000000 		.4byte	0x25
 456 01f8 05       		.uleb128 0x5
 457 01f9 03       		.byte	0x3
 458 01fa 00000000 		.4byte	setpoint_
 459 01fe 0D       		.uleb128 0xd
 460 01ff 53010000 		.4byte	.LASF27
 461 0203 01       		.byte	0x1
 462 0204 0C       		.byte	0xc
 463 0205 25000000 		.4byte	0x25
 464 0209 05       		.uleb128 0x5
 465 020a 03       		.byte	0x3
 466 020b 00000000 		.4byte	previousError_
 467 020f 0C       		.uleb128 0xc
 468 0210 695F00   		.ascii	"i_\000"
 469 0213 01       		.byte	0x1
 470 0214 0D       		.byte	0xd
 471 0215 25000000 		.4byte	0x25
 472 0219 05       		.uleb128 0x5
 473 021a 03       		.byte	0x3
 474 021b 00000000 		.4byte	i_
 475 021f 00       		.byte	0
 476              		.section	.debug_abbrev,"",%progbits
 477              	.Ldebug_abbrev0:
 478 0000 01       		.uleb128 0x1
 479 0001 11       		.uleb128 0x11
 480 0002 01       		.byte	0x1
 481 0003 25       		.uleb128 0x25
 482 0004 0E       		.uleb128 0xe
 483 0005 13       		.uleb128 0x13
 484 0006 0B       		.uleb128 0xb
 485 0007 03       		.uleb128 0x3
 486 0008 0E       		.uleb128 0xe
 487 0009 1B       		.uleb128 0x1b
 488 000a 0E       		.uleb128 0xe
 489 000b 55       		.uleb128 0x55
 490 000c 17       		.uleb128 0x17
 491 000d 11       		.uleb128 0x11
 492 000e 01       		.uleb128 0x1
 493 000f 10       		.uleb128 0x10
 494 0010 17       		.uleb128 0x17
 495 0011 00       		.byte	0
 496 0012 00       		.byte	0
 497 0013 02       		.uleb128 0x2
 498 0014 24       		.uleb128 0x24
 499 0015 00       		.byte	0
 500 0016 0B       		.uleb128 0xb
 501 0017 0B       		.uleb128 0xb
 502 0018 3E       		.uleb128 0x3e
 503 0019 0B       		.uleb128 0xb
 504 001a 03       		.uleb128 0x3
 505 001b 0E       		.uleb128 0xe
 506 001c 00       		.byte	0
 507 001d 00       		.byte	0
 508 001e 03       		.uleb128 0x3
 509 001f 16       		.uleb128 0x16
 510 0020 00       		.byte	0
 511 0021 03       		.uleb128 0x3
ARM GAS  C:\Users\Jacob\AppData\Local\Temp\ccM6c0Ta.s 			page 11


 512 0022 0E       		.uleb128 0xe
 513 0023 3A       		.uleb128 0x3a
 514 0024 0B       		.uleb128 0xb
 515 0025 3B       		.uleb128 0x3b
 516 0026 0B       		.uleb128 0xb
 517 0027 49       		.uleb128 0x49
 518 0028 13       		.uleb128 0x13
 519 0029 00       		.byte	0
 520 002a 00       		.byte	0
 521 002b 04       		.uleb128 0x4
 522 002c 24       		.uleb128 0x24
 523 002d 00       		.byte	0
 524 002e 0B       		.uleb128 0xb
 525 002f 0B       		.uleb128 0xb
 526 0030 3E       		.uleb128 0x3e
 527 0031 0B       		.uleb128 0xb
 528 0032 03       		.uleb128 0x3
 529 0033 08       		.uleb128 0x8
 530 0034 00       		.byte	0
 531 0035 00       		.byte	0
 532 0036 05       		.uleb128 0x5
 533 0037 2E       		.uleb128 0x2e
 534 0038 01       		.byte	0x1
 535 0039 3F       		.uleb128 0x3f
 536 003a 19       		.uleb128 0x19
 537 003b 03       		.uleb128 0x3
 538 003c 0E       		.uleb128 0xe
 539 003d 3A       		.uleb128 0x3a
 540 003e 0B       		.uleb128 0xb
 541 003f 3B       		.uleb128 0x3b
 542 0040 0B       		.uleb128 0xb
 543 0041 27       		.uleb128 0x27
 544 0042 19       		.uleb128 0x19
 545 0043 49       		.uleb128 0x49
 546 0044 13       		.uleb128 0x13
 547 0045 11       		.uleb128 0x11
 548 0046 01       		.uleb128 0x1
 549 0047 12       		.uleb128 0x12
 550 0048 06       		.uleb128 0x6
 551 0049 40       		.uleb128 0x40
 552 004a 18       		.uleb128 0x18
 553 004b 9642     		.uleb128 0x2116
 554 004d 19       		.uleb128 0x19
 555 004e 01       		.uleb128 0x1
 556 004f 13       		.uleb128 0x13
 557 0050 00       		.byte	0
 558 0051 00       		.byte	0
 559 0052 06       		.uleb128 0x6
 560 0053 05       		.uleb128 0x5
 561 0054 00       		.byte	0
 562 0055 03       		.uleb128 0x3
 563 0056 0E       		.uleb128 0xe
 564 0057 3A       		.uleb128 0x3a
 565 0058 0B       		.uleb128 0xb
 566 0059 3B       		.uleb128 0x3b
 567 005a 0B       		.uleb128 0xb
 568 005b 49       		.uleb128 0x49
ARM GAS  C:\Users\Jacob\AppData\Local\Temp\ccM6c0Ta.s 			page 12


 569 005c 13       		.uleb128 0x13
 570 005d 02       		.uleb128 0x2
 571 005e 17       		.uleb128 0x17
 572 005f 00       		.byte	0
 573 0060 00       		.byte	0
 574 0061 07       		.uleb128 0x7
 575 0062 34       		.uleb128 0x34
 576 0063 00       		.byte	0
 577 0064 03       		.uleb128 0x3
 578 0065 0E       		.uleb128 0xe
 579 0066 3A       		.uleb128 0x3a
 580 0067 0B       		.uleb128 0xb
 581 0068 3B       		.uleb128 0x3b
 582 0069 0B       		.uleb128 0xb
 583 006a 49       		.uleb128 0x49
 584 006b 13       		.uleb128 0x13
 585 006c 02       		.uleb128 0x2
 586 006d 17       		.uleb128 0x17
 587 006e 00       		.byte	0
 588 006f 00       		.byte	0
 589 0070 08       		.uleb128 0x8
 590 0071 34       		.uleb128 0x34
 591 0072 00       		.byte	0
 592 0073 03       		.uleb128 0x3
 593 0074 08       		.uleb128 0x8
 594 0075 3A       		.uleb128 0x3a
 595 0076 0B       		.uleb128 0xb
 596 0077 3B       		.uleb128 0x3b
 597 0078 0B       		.uleb128 0xb
 598 0079 49       		.uleb128 0x49
 599 007a 13       		.uleb128 0x13
 600 007b 02       		.uleb128 0x2
 601 007c 17       		.uleb128 0x17
 602 007d 00       		.byte	0
 603 007e 00       		.byte	0
 604 007f 09       		.uleb128 0x9
 605 0080 0F       		.uleb128 0xf
 606 0081 00       		.byte	0
 607 0082 0B       		.uleb128 0xb
 608 0083 0B       		.uleb128 0xb
 609 0084 49       		.uleb128 0x49
 610 0085 13       		.uleb128 0x13
 611 0086 00       		.byte	0
 612 0087 00       		.byte	0
 613 0088 0A       		.uleb128 0xa
 614 0089 34       		.uleb128 0x34
 615 008a 00       		.byte	0
 616 008b 03       		.uleb128 0x3
 617 008c 0E       		.uleb128 0xe
 618 008d 3A       		.uleb128 0x3a
 619 008e 0B       		.uleb128 0xb
 620 008f 3B       		.uleb128 0x3b
 621 0090 05       		.uleb128 0x5
 622 0091 49       		.uleb128 0x49
 623 0092 13       		.uleb128 0x13
 624 0093 3F       		.uleb128 0x3f
 625 0094 19       		.uleb128 0x19
ARM GAS  C:\Users\Jacob\AppData\Local\Temp\ccM6c0Ta.s 			page 13


 626 0095 3C       		.uleb128 0x3c
 627 0096 19       		.uleb128 0x19
 628 0097 00       		.byte	0
 629 0098 00       		.byte	0
 630 0099 0B       		.uleb128 0xb
 631 009a 35       		.uleb128 0x35
 632 009b 00       		.byte	0
 633 009c 49       		.uleb128 0x49
 634 009d 13       		.uleb128 0x13
 635 009e 00       		.byte	0
 636 009f 00       		.byte	0
 637 00a0 0C       		.uleb128 0xc
 638 00a1 34       		.uleb128 0x34
 639 00a2 00       		.byte	0
 640 00a3 03       		.uleb128 0x3
 641 00a4 08       		.uleb128 0x8
 642 00a5 3A       		.uleb128 0x3a
 643 00a6 0B       		.uleb128 0xb
 644 00a7 3B       		.uleb128 0x3b
 645 00a8 0B       		.uleb128 0xb
 646 00a9 49       		.uleb128 0x49
 647 00aa 13       		.uleb128 0x13
 648 00ab 3F       		.uleb128 0x3f
 649 00ac 19       		.uleb128 0x19
 650 00ad 02       		.uleb128 0x2
 651 00ae 18       		.uleb128 0x18
 652 00af 00       		.byte	0
 653 00b0 00       		.byte	0
 654 00b1 0D       		.uleb128 0xd
 655 00b2 34       		.uleb128 0x34
 656 00b3 00       		.byte	0
 657 00b4 03       		.uleb128 0x3
 658 00b5 0E       		.uleb128 0xe
 659 00b6 3A       		.uleb128 0x3a
 660 00b7 0B       		.uleb128 0xb
 661 00b8 3B       		.uleb128 0x3b
 662 00b9 0B       		.uleb128 0xb
 663 00ba 49       		.uleb128 0x49
 664 00bb 13       		.uleb128 0x13
 665 00bc 3F       		.uleb128 0x3f
 666 00bd 19       		.uleb128 0x19
 667 00be 02       		.uleb128 0x2
 668 00bf 18       		.uleb128 0x18
 669 00c0 00       		.byte	0
 670 00c1 00       		.byte	0
 671 00c2 00       		.byte	0
 672              		.section	.debug_loc,"",%progbits
 673              	.Ldebug_loc0:
 674              	.LLST0:
 675 0000 00000000 		.4byte	.LVL0
 676 0004 0B000000 		.4byte	.LVL2-1
 677 0008 0100     		.2byte	0x1
 678 000a 50       		.byte	0x50
 679 000b 0B000000 		.4byte	.LVL2-1
 680 000f A4000000 		.4byte	.LFE63
 681 0013 0600     		.2byte	0x6
 682 0015 F3       		.byte	0xf3
ARM GAS  C:\Users\Jacob\AppData\Local\Temp\ccM6c0Ta.s 			page 14


 683 0016 03       		.uleb128 0x3
 684 0017 F5       		.byte	0xf5
 685 0018 00       		.uleb128 0
 686 0019 25       		.uleb128 0x25
 687 001a 9F       		.byte	0x9f
 688 001b 00000000 		.4byte	0
 689 001f 00000000 		.4byte	0
 690              	.LLST1:
 691 0023 00000000 		.4byte	.LVL0
 692 0027 0B000000 		.4byte	.LVL2-1
 693 002b 0100     		.2byte	0x1
 694 002d 51       		.byte	0x51
 695 002e 0B000000 		.4byte	.LVL2-1
 696 0032 A4000000 		.4byte	.LFE63
 697 0036 0600     		.2byte	0x6
 698 0038 F3       		.byte	0xf3
 699 0039 03       		.uleb128 0x3
 700 003a F5       		.byte	0xf5
 701 003b 01       		.uleb128 0x1
 702 003c 25       		.uleb128 0x25
 703 003d 9F       		.byte	0x9f
 704 003e 00000000 		.4byte	0
 705 0042 00000000 		.4byte	0
 706              	.LLST2:
 707 0046 00000000 		.4byte	.LVL0
 708 004a 0B000000 		.4byte	.LVL2-1
 709 004e 0100     		.2byte	0x1
 710 0050 52       		.byte	0x52
 711 0051 0B000000 		.4byte	.LVL2-1
 712 0055 9C000000 		.4byte	.LVL20
 713 0059 0100     		.2byte	0x1
 714 005b 59       		.byte	0x59
 715 005c 9C000000 		.4byte	.LVL20
 716 0060 A4000000 		.4byte	.LFE63
 717 0064 0400     		.2byte	0x4
 718 0066 F3       		.byte	0xf3
 719 0067 01       		.uleb128 0x1
 720 0068 52       		.byte	0x52
 721 0069 9F       		.byte	0x9f
 722 006a 00000000 		.4byte	0
 723 006e 00000000 		.4byte	0
 724              	.LLST3:
 725 0072 00000000 		.4byte	.LVL0
 726 0076 0B000000 		.4byte	.LVL2-1
 727 007a 0100     		.2byte	0x1
 728 007c 53       		.byte	0x53
 729 007d 0B000000 		.4byte	.LVL2-1
 730 0081 9C000000 		.4byte	.LVL20
 731 0085 0100     		.2byte	0x1
 732 0087 58       		.byte	0x58
 733 0088 9C000000 		.4byte	.LVL20
 734 008c A4000000 		.4byte	.LFE63
 735 0090 0400     		.2byte	0x4
 736 0092 F3       		.byte	0xf3
 737 0093 01       		.uleb128 0x1
 738 0094 53       		.byte	0x53
 739 0095 9F       		.byte	0x9f
ARM GAS  C:\Users\Jacob\AppData\Local\Temp\ccM6c0Ta.s 			page 15


 740 0096 00000000 		.4byte	0
 741 009a 00000000 		.4byte	0
 742              	.LLST4:
 743 009e 00000000 		.4byte	.LVL0
 744 00a2 9C000000 		.4byte	.LVL20
 745 00a6 0200     		.2byte	0x2
 746 00a8 91       		.byte	0x91
 747 00a9 00       		.sleb128 0
 748 00aa 9C000000 		.4byte	.LVL20
 749 00ae A4000000 		.4byte	.LFE63
 750 00b2 0200     		.2byte	0x2
 751 00b4 7D       		.byte	0x7d
 752 00b5 00       		.sleb128 0
 753 00b6 00000000 		.4byte	0
 754 00ba 00000000 		.4byte	0
 755              	.LLST5:
 756 00be 08000000 		.4byte	.LVL1
 757 00c2 88000000 		.4byte	.LVL19
 758 00c6 0600     		.2byte	0x6
 759 00c8 9E       		.byte	0x9e
 760 00c9 04       		.uleb128 0x4
 761 00ca 00000000 		.4byte	0
 762 00ce 88000000 		.4byte	.LVL19
 763 00d2 A4000000 		.4byte	.LFE63
 764 00d6 0100     		.2byte	0x1
 765 00d8 50       		.byte	0x50
 766 00d9 00000000 		.4byte	0
 767 00dd 00000000 		.4byte	0
 768              	.LLST6:
 769 00e1 08000000 		.4byte	.LVL1
 770 00e5 18000000 		.4byte	.LVL5
 771 00e9 0600     		.2byte	0x6
 772 00eb 9E       		.byte	0x9e
 773 00ec 04       		.uleb128 0x4
 774 00ed 00000000 		.4byte	0
 775 00f1 18000000 		.4byte	.LVL5
 776 00f5 1E000000 		.4byte	.LVL6
 777 00f9 0100     		.2byte	0x1
 778 00fb 50       		.byte	0x50
 779 00fc 1E000000 		.4byte	.LVL6
 780 0100 9C000000 		.4byte	.LVL20
 781 0104 0100     		.2byte	0x1
 782 0106 57       		.byte	0x57
 783 0107 00000000 		.4byte	0
 784 010b 00000000 		.4byte	0
 785              	.LLST7:
 786 010f 08000000 		.4byte	.LVL1
 787 0113 50000000 		.4byte	.LVL12
 788 0117 0600     		.2byte	0x6
 789 0119 9E       		.byte	0x9e
 790 011a 04       		.uleb128 0x4
 791 011b 00000000 		.4byte	0
 792 011f 50000000 		.4byte	.LVL12
 793 0123 9C000000 		.4byte	.LVL20
 794 0127 0100     		.2byte	0x1
 795 0129 54       		.byte	0x54
 796 012a 00000000 		.4byte	0
ARM GAS  C:\Users\Jacob\AppData\Local\Temp\ccM6c0Ta.s 			page 16


 797 012e 00000000 		.4byte	0
 798              	.LLST8:
 799 0132 08000000 		.4byte	.LVL1
 800 0136 78000000 		.4byte	.LVL17
 801 013a 0600     		.2byte	0x6
 802 013c 9E       		.byte	0x9e
 803 013d 04       		.uleb128 0x4
 804 013e 00000000 		.4byte	0
 805 0142 78000000 		.4byte	.LVL17
 806 0146 9C000000 		.4byte	.LVL20
 807 014a 0100     		.2byte	0x1
 808 014c 56       		.byte	0x56
 809 014d 00000000 		.4byte	0
 810 0151 00000000 		.4byte	0
 811              	.LLST9:
 812 0155 08000000 		.4byte	.LVL1
 813 0159 0E000000 		.4byte	.LVL3
 814 015d 0600     		.2byte	0x6
 815 015f 9E       		.byte	0x9e
 816 0160 04       		.uleb128 0x4
 817 0161 00000000 		.4byte	0
 818 0165 0E000000 		.4byte	.LVL3
 819 0169 15000000 		.4byte	.LVL4-1
 820 016d 0100     		.2byte	0x1
 821 016f 50       		.byte	0x50
 822 0170 15000000 		.4byte	.LVL4-1
 823 0174 9C000000 		.4byte	.LVL20
 824 0178 0100     		.2byte	0x1
 825 017a 55       		.byte	0x55
 826 017b 9C000000 		.4byte	.LVL20
 827 017f A4000000 		.4byte	.LFE63
 828 0183 0500     		.2byte	0x5
 829 0185 03       		.byte	0x3
 830 0186 00000000 		.4byte	previousError_
 831 018a 00000000 		.4byte	0
 832 018e 00000000 		.4byte	0
 833              		.section	.debug_aranges,"",%progbits
 834 0000 1C000000 		.4byte	0x1c
 835 0004 0200     		.2byte	0x2
 836 0006 00000000 		.4byte	.Ldebug_info0
 837 000a 04       		.byte	0x4
 838 000b 00       		.byte	0
 839 000c 0000     		.2byte	0
 840 000e 0000     		.2byte	0
 841 0010 00000000 		.4byte	.LFB63
 842 0014 A4000000 		.4byte	.LFE63-.LFB63
 843 0018 00000000 		.4byte	0
 844 001c 00000000 		.4byte	0
 845              		.section	.debug_ranges,"",%progbits
 846              	.Ldebug_ranges0:
 847 0000 00000000 		.4byte	.LFB63
 848 0004 A4000000 		.4byte	.LFE63
 849 0008 00000000 		.4byte	0
 850 000c 00000000 		.4byte	0
 851              		.section	.debug_line,"",%progbits
 852              	.Ldebug_line0:
 853 0000 98010000 		.section	.debug_str,"MS",%progbits,1
ARM GAS  C:\Users\Jacob\AppData\Local\Temp\ccM6c0Ta.s 			page 17


 853      02004801 
 853      00000201 
 853      FB0E0D00 
 853      01010101 
 854              	.LASF7:
 855 0000 6C6F6E67 		.ascii	"long long int\000"
 855      206C6F6E 
 855      6720696E 
 855      7400
 856              	.LASF29:
 857 000e 50494463 		.ascii	"PIDcontroller.c\000"
 857      6F6E7472 
 857      6F6C6C65 
 857      722E6300 
 858              	.LASF19:
 859 001e 696E7465 		.ascii	"integral\000"
 859      6772616C 
 859      00
 860              	.LASF10:
 861 0027 5F5F696E 		.ascii	"__int32_t\000"
 861      7433325F 
 861      7400
 862              	.LASF30:
 863 0031 433A5C55 		.ascii	"C:\\Users\\Jacob\\OneDrive - Aarhus universitet\\4."
 863      73657273 
 863      5C4A6163 
 863      6F625C4F 
 863      6E654472 
 864 0060 2053656D 		.ascii	" Semester\\PRJ4\\E4PRJ\\PSoC\\Dron-A Lisa\\Dron-A L"
 864      65737465 
 864      725C5052 
 864      4A345C45 
 864      3450524A 
 865 008e 6973612E 		.ascii	"isa.cydsn\000"
 865      63796473 
 865      6E00
 866              	.LASF12:
 867 0098 646F7562 		.ascii	"double\000"
 867      6C6500
 868              	.LASF11:
 869 009f 696E7433 		.ascii	"int32_t\000"
 869      325F7400 
 870              	.LASF26:
 871 00a7 73657470 		.ascii	"setpoint_\000"
 871      6F696E74 
 871      5F00
 872              	.LASF0:
 873 00b1 666C6F61 		.ascii	"float\000"
 873      7400
 874              	.LASF2:
 875 00b7 756E7369 		.ascii	"unsigned char\000"
 875      676E6564 
 875      20636861 
 875      7200
 876              	.LASF28:
 877 00c5 474E5520 		.ascii	"GNU C11 5.4.1 20160609 (release) [ARM/embedded-5-br"
 877      43313120 
ARM GAS  C:\Users\Jacob\AppData\Local\Temp\ccM6c0Ta.s 			page 18


 877      352E342E 
 877      31203230 
 877      31363036 
 878 00f8 616E6368 		.ascii	"anch revision 237715] -mcpu=cortex-m3 -mthumb -g -O"
 878      20726576 
 878      6973696F 
 878      6E203233 
 878      37373135 
 879 012b 67202D66 		.ascii	"g -ffunction-sections -ffat-lto-objects\000"
 879      66756E63 
 879      74696F6E 
 879      2D736563 
 879      74696F6E 
 880              	.LASF27:
 881 0153 70726576 		.ascii	"previousError_\000"
 881      696F7573 
 881      4572726F 
 881      725F00
 882              	.LASF4:
 883 0162 73686F72 		.ascii	"short unsigned int\000"
 883      7420756E 
 883      7369676E 
 883      65642069 
 883      6E7400
 884              	.LASF23:
 885 0175 49544D5F 		.ascii	"ITM_RxBuffer\000"
 885      52784275 
 885      66666572 
 885      00
 886              	.LASF17:
 887 0182 6D656173 		.ascii	"measurement\000"
 887      7572656D 
 887      656E7400 
 888              	.LASF6:
 889 018e 6C6F6E67 		.ascii	"long unsigned int\000"
 889      20756E73 
 889      69676E65 
 889      6420696E 
 889      7400
 890              	.LASF25:
 891 01a0 694D6178 		.ascii	"iMax_\000"
 891      5F00
 892              	.LASF9:
 893 01a6 756E7369 		.ascii	"unsigned int\000"
 893      676E6564 
 893      20696E74 
 893      00
 894              	.LASF22:
 895 01b3 63757272 		.ascii	"currentError\000"
 895      656E7445 
 895      72726F72 
 895      00
 896              	.LASF16:
 897 01c0 73657470 		.ascii	"setpoint\000"
 897      6F696E74 
 897      00
 898              	.LASF8:
ARM GAS  C:\Users\Jacob\AppData\Local\Temp\ccM6c0Ta.s 			page 19


 899 01c9 6C6F6E67 		.ascii	"long long unsigned int\000"
 899      206C6F6E 
 899      6720756E 
 899      7369676E 
 899      65642069 
 900              	.LASF15:
 901 01e0 73697A65 		.ascii	"sizetype\000"
 901      74797065 
 901      00
 902              	.LASF18:
 903 01e9 70726F70 		.ascii	"proportional\000"
 903      6F727469 
 903      6F6E616C 
 903      00
 904              	.LASF31:
 905 01f6 50494455 		.ascii	"PIDUpdate\000"
 905      70646174 
 905      6500
 906              	.LASF13:
 907 0200 63686172 		.ascii	"char\000"
 907      00
 908              	.LASF3:
 909 0205 73686F72 		.ascii	"short int\000"
 909      7420696E 
 909      7400
 910              	.LASF21:
 911 020f 6F757470 		.ascii	"output\000"
 911      757400
 912              	.LASF24:
 913 0216 694D696E 		.ascii	"iMin_\000"
 913      5F00
 914              	.LASF20:
 915 021c 64657269 		.ascii	"derivative\000"
 915      76617469 
 915      766500
 916              	.LASF5:
 917 0227 6C6F6E67 		.ascii	"long int\000"
 917      20696E74 
 917      00
 918              	.LASF14:
 919 0230 6C6F6E67 		.ascii	"long double\000"
 919      20646F75 
 919      626C6500 
 920              	.LASF1:
 921 023c 7369676E 		.ascii	"signed char\000"
 921      65642063 
 921      68617200 
 922              		.ident	"GCC: (GNU Tools for ARM Embedded Processors) 5.4.1 20160609 (release) [ARM/embedded-5-bran
