ARM GAS  C:\Users\andre\AppData\Local\Temp\ccjVV4uS.s 			page 1


   1              		.syntax unified
   2              		.cpu cortex-m3
   3              		.fpu softvfp
   4              		.eabi_attribute 20, 1
   5              		.eabi_attribute 21, 1
   6              		.eabi_attribute 23, 3
   7              		.eabi_attribute 24, 1
   8              		.eabi_attribute 25, 1
   9              		.eabi_attribute 26, 1
  10              		.eabi_attribute 30, 1
  11              		.eabi_attribute 34, 1
  12              		.eabi_attribute 18, 4
  13              		.thumb
  14              		.syntax unified
  15              		.file	"main.c"
  16              		.text
  17              	.Ltext0:
  18              		.cfi_sections	.debug_frame
  19              		.global	__aeabi_f2d
  20              		.global	__aeabi_f2uiz
  21              		.global	__aeabi_fsub
  22              		.section	.text.PID_HANDLER,"ax",%progbits
  23              		.align	2
  24              		.global	PID_HANDLER
  25              		.thumb
  26              		.thumb_func
  27              		.type	PID_HANDLER, %function
  28              	PID_HANDLER:
  29              	.LFB66:
  30              		.file 1 "main.c"
   1:main.c        **** #include "project.h"
   2:main.c        **** #include "PIDController.h"
   3:main.c        **** #include <stdio.h>
   4:main.c        **** 
   5:main.c        **** char outputBuffer[256];
   6:main.c        **** float kp = 0;
   7:main.c        **** float ki = 0;
   8:main.c        **** float kd = 0;
   9:main.c        **** float iMin = 0;
  10:main.c        **** float iMax = 0;
  11:main.c        **** float output = 0;
  12:main.c        **** float proportional = 0;
  13:main.c        **** float integral = 0;
  14:main.c        **** float derivative = 0;
  15:main.c        **** float error = 0;
  16:main.c        **** float setpoint = 0;
  17:main.c        **** 
  18:main.c        **** //For testing with a UART interface
  19:main.c        **** void handleByteReceived(uint8_t byteReceived);
  20:main.c        **** 
  21:main.c        **** CY_ISR_PROTO(UART_HANDLER);
  22:main.c        **** CY_ISR_PROTO(PID_HANDLER);
  23:main.c        **** 
  24:main.c        **** int main(void)
  25:main.c        **** {
  26:main.c        ****     
  27:main.c        ****     
ARM GAS  C:\Users\andre\AppData\Local\Temp\ccjVV4uS.s 			page 2


  28:main.c        ****     
  29:main.c        ****     CyGlobalIntEnable; //Enable global interrupts.
  30:main.c        ****     
  31:main.c        ****     //Initializing all the modules - Mostly for testing
  32:main.c        ****     PWM_1_Start();
  33:main.c        ****     UART_1_Start();
  34:main.c        ****     isr_uart_rx_StartEx(UART_HANDLER);
  35:main.c        ****     isr_pid_StartEx(PID_HANDLER);
  36:main.c        ****     UART_1_PutString("PID Controller started - Please choose the following parameters:\r\n");
  37:main.c        ****     UART_1_PutString("Kp: ");
  38:main.c        ****     scanf("%f",&kp);
  39:main.c        ****     UART_1_PutString("\r\nKi: ");
  40:main.c        ****     scanf("%f",&ki);
  41:main.c        ****     UART_1_PutString("\r\nKd: ");
  42:main.c        ****     scanf("%f",&kd);
  43:main.c        ****     UART_1_PutString("\r\nintegral minimum: ");
  44:main.c        ****     scanf("%f",&iMin);
  45:main.c        ****     UART_1_PutString("\r\nintegral Maximum: ");
  46:main.c        ****     scanf("%f",&iMax);
  47:main.c        ****     UART_1_PutString("\n\rAll parameters recieved!\r\n");
  48:main.c        ****     for(;;)
  49:main.c        ****     {
  50:main.c        ****        
  51:main.c        ****     
  52:main.c        ****     }
  53:main.c        **** }
  54:main.c        **** //Handler for UART
  55:main.c        **** CY_ISR(UART_HANDLER)
  56:main.c        **** {
  57:main.c        ****     uint8_t bytesToRead = UART_1_GetRxBufferSize();
  58:main.c        ****     while (bytesToRead > 0)
  59:main.c        ****     {
  60:main.c        ****         uint8_t byteReceived = UART_1_ReadRxData();
  61:main.c        ****         UART_1_WriteTxData(byteReceived); // echo back
  62:main.c        ****         
  63:main.c        ****        handleByteReceived(byteReceived);
  64:main.c        ****         
  65:main.c        ****         bytesToRead--;
  66:main.c        ****     }
  67:main.c        ****     
  68:main.c        ****     
  69:main.c        **** }
  70:main.c        **** //Handler for samplingtime of the PID
  71:main.c        **** CY_ISR(PID_HANDLER)
  72:main.c        **** {
  31              		.loc 1 72 0
  32              		.cfi_startproc
  33              		@ args = 0, pretend = 0, frame = 0
  34              		@ frame_needed = 0, uses_anonymous_args = 0
  35 0000 70B5     		push	{r4, r5, r6, lr}
  36              		.cfi_def_cfa_offset 16
  37              		.cfi_offset 4, -16
  38              		.cfi_offset 5, -12
  39              		.cfi_offset 6, -8
  40              		.cfi_offset 14, -4
  41 0002 92B0     		sub	sp, sp, #72
  42              		.cfi_def_cfa_offset 88
ARM GAS  C:\Users\andre\AppData\Local\Temp\ccjVV4uS.s 			page 3


  73:main.c        ****     output = PIDUpdate(output,&proportional,&integral,&derivative);
  43              		.loc 1 73 0
  44 0004 264C     		ldr	r4, .L3
  45 0006 2346     		mov	r3, r4
  46 0008 221D     		adds	r2, r4, #4
  47 000a 04F10801 		add	r1, r4, #8
  48 000e E068     		ldr	r0, [r4, #12]	@ float
  49 0010 FFF7FEFF 		bl	PIDUpdate
  50              	.LVL0:
  51 0014 0646     		mov	r6, r0
  52 0016 E060     		str	r0, [r4, #12]	@ float
  74:main.c        ****     snprintf(outputBuffer, sizeof(outputBuffer), "Setpoint: %f, output: %f, error: %f, kp: %f, ki: 
  53              		.loc 1 74 0
  54 0018 224D     		ldr	r5, .L3+4
  55 001a 2068     		ldr	r0, [r4]	@ float
  56 001c FFF7FEFF 		bl	__aeabi_f2d
  57              	.LVL1:
  58 0020 CDE91001 		strd	r0, [sp, #64]
  59 0024 6068     		ldr	r0, [r4, #4]	@ float
  60 0026 FFF7FEFF 		bl	__aeabi_f2d
  61              	.LVL2:
  62 002a CDE90E01 		strd	r0, [sp, #56]
  63 002e A068     		ldr	r0, [r4, #8]	@ float
  64 0030 FFF7FEFF 		bl	__aeabi_f2d
  65              	.LVL3:
  66 0034 CDE90C01 		strd	r0, [sp, #48]
  67 0038 2069     		ldr	r0, [r4, #16]	@ float
  68 003a FFF7FEFF 		bl	__aeabi_f2d
  69              	.LVL4:
  70 003e CDE90A01 		strd	r0, [sp, #40]
  71 0042 6069     		ldr	r0, [r4, #20]	@ float
  72 0044 FFF7FEFF 		bl	__aeabi_f2d
  73              	.LVL5:
  74 0048 CDE90801 		strd	r0, [sp, #32]
  75 004c A069     		ldr	r0, [r4, #24]	@ float
  76 004e FFF7FEFF 		bl	__aeabi_f2d
  77              	.LVL6:
  78 0052 CDE90601 		strd	r0, [sp, #24]
  79 0056 E069     		ldr	r0, [r4, #28]	@ float
  80 0058 FFF7FEFF 		bl	__aeabi_f2d
  81              	.LVL7:
  82 005c CDE90401 		strd	r0, [sp, #16]
  83 0060 3046     		mov	r0, r6
  84 0062 FFF7FEFF 		bl	__aeabi_f2d
  85              	.LVL8:
  86 0066 CDE90201 		strd	r0, [sp, #8]
  87 006a 206A     		ldr	r0, [r4, #32]	@ float
  88 006c FFF7FEFF 		bl	__aeabi_f2d
  89              	.LVL9:
  90 0070 CDE90001 		strd	r0, [sp]
  91 0074 0C4A     		ldr	r2, .L3+8
  92 0076 4FF48071 		mov	r1, #256
  93 007a 2846     		mov	r0, r5
  94 007c FFF7FEFF 		bl	snprintf
  95              	.LVL10:
  75:main.c        ****     PWM_1_WriteCompare(output);
  96              		.loc 1 75 0
ARM GAS  C:\Users\andre\AppData\Local\Temp\ccjVV4uS.s 			page 4


  97 0080 E068     		ldr	r0, [r4, #12]	@ float
  98 0082 FFF7FEFF 		bl	__aeabi_f2uiz
  99              	.LVL11:
 100 0086 C0B2     		uxtb	r0, r0
 101 0088 FFF7FEFF 		bl	PWM_1_WriteCompare
 102              	.LVL12:
  76:main.c        ****     UART_1_PutString(outputBuffer);
 103              		.loc 1 76 0
 104 008c 2846     		mov	r0, r5
 105 008e FFF7FEFF 		bl	UART_1_PutString
 106              	.LVL13:
  77:main.c        ****     error = setpoint - output;
 107              		.loc 1 77 0
 108 0092 E168     		ldr	r1, [r4, #12]	@ float
 109 0094 206A     		ldr	r0, [r4, #32]	@ float
 110 0096 FFF7FEFF 		bl	__aeabi_fsub
 111              	.LVL14:
 112 009a E061     		str	r0, [r4, #28]	@ float
  78:main.c        **** }
 113              		.loc 1 78 0
 114 009c 12B0     		add	sp, sp, #72
 115              		.cfi_def_cfa_offset 16
 116              		@ sp needed
 117 009e 70BD     		pop	{r4, r5, r6, pc}
 118              	.L4:
 119              		.align	2
 120              	.L3:
 121 00a0 00000000 		.word	.LANCHOR0
 122 00a4 00000000 		.word	outputBuffer
 123 00a8 00000000 		.word	.LC0
 124              		.cfi_endproc
 125              	.LFE66:
 126              		.size	PID_HANDLER, .-PID_HANDLER
 127              		.section	.text.main,"ax",%progbits
 128              		.align	2
 129              		.global	main
 130              		.thumb
 131              		.thumb_func
 132              		.type	main, %function
 133              	main:
 134              	.LFB64:
  25:main.c        ****     
 135              		.loc 1 25 0
 136              		.cfi_startproc
 137              		@ Volatile: function does not return.
 138              		@ args = 0, pretend = 0, frame = 0
 139              		@ frame_needed = 0, uses_anonymous_args = 0
 140 0000 08B5     		push	{r3, lr}
 141              		.cfi_def_cfa_offset 8
 142              		.cfi_offset 3, -8
 143              		.cfi_offset 14, -4
  29:main.c        ****     
 144              		.loc 1 29 0
 145              		.syntax unified
 146              	@ 29 "main.c" 1
 147 0002 62B6     		CPSIE   i
 148              	@ 0 "" 2
ARM GAS  C:\Users\andre\AppData\Local\Temp\ccjVV4uS.s 			page 5


  32:main.c        ****     UART_1_Start();
 149              		.loc 1 32 0
 150              		.thumb
 151              		.syntax unified
 152 0004 FFF7FEFF 		bl	PWM_1_Start
 153              	.LVL15:
  33:main.c        ****     isr_uart_rx_StartEx(UART_HANDLER);
 154              		.loc 1 33 0
 155 0008 FFF7FEFF 		bl	UART_1_Start
 156              	.LVL16:
  34:main.c        ****     isr_pid_StartEx(PID_HANDLER);
 157              		.loc 1 34 0
 158 000c 1B48     		ldr	r0, .L8
 159 000e FFF7FEFF 		bl	isr_uart_rx_StartEx
 160              	.LVL17:
  35:main.c        ****     UART_1_PutString("PID Controller started - Please choose the following parameters:\r\n");
 161              		.loc 1 35 0
 162 0012 1B48     		ldr	r0, .L8+4
 163 0014 FFF7FEFF 		bl	isr_pid_StartEx
 164              	.LVL18:
  36:main.c        ****     UART_1_PutString("Kp: ");
 165              		.loc 1 36 0
 166 0018 1A48     		ldr	r0, .L8+8
 167 001a FFF7FEFF 		bl	UART_1_PutString
 168              	.LVL19:
  37:main.c        ****     scanf("%f",&kp);
 169              		.loc 1 37 0
 170 001e 1A48     		ldr	r0, .L8+12
 171 0020 FFF7FEFF 		bl	UART_1_PutString
 172              	.LVL20:
  38:main.c        ****     UART_1_PutString("\r\nKi: ");
 173              		.loc 1 38 0
 174 0024 194D     		ldr	r5, .L8+16
 175 0026 1A4C     		ldr	r4, .L8+20
 176 0028 05F11801 		add	r1, r5, #24
 177 002c 2046     		mov	r0, r4
 178 002e FFF7FEFF 		bl	scanf
 179              	.LVL21:
  39:main.c        ****     scanf("%f",&ki);
 180              		.loc 1 39 0
 181 0032 1848     		ldr	r0, .L8+24
 182 0034 FFF7FEFF 		bl	UART_1_PutString
 183              	.LVL22:
  40:main.c        ****     UART_1_PutString("\r\nKd: ");
 184              		.loc 1 40 0
 185 0038 05F11401 		add	r1, r5, #20
 186 003c 2046     		mov	r0, r4
 187 003e FFF7FEFF 		bl	scanf
 188              	.LVL23:
  41:main.c        ****     scanf("%f",&kd);
 189              		.loc 1 41 0
 190 0042 1548     		ldr	r0, .L8+28
 191 0044 FFF7FEFF 		bl	UART_1_PutString
 192              	.LVL24:
  42:main.c        ****     UART_1_PutString("\r\nintegral minimum: ");
 193              		.loc 1 42 0
 194 0048 05F11001 		add	r1, r5, #16
ARM GAS  C:\Users\andre\AppData\Local\Temp\ccjVV4uS.s 			page 6


 195 004c 2046     		mov	r0, r4
 196 004e FFF7FEFF 		bl	scanf
 197              	.LVL25:
  43:main.c        ****     scanf("%f",&iMin);
 198              		.loc 1 43 0
 199 0052 1248     		ldr	r0, .L8+32
 200 0054 FFF7FEFF 		bl	UART_1_PutString
 201              	.LVL26:
  44:main.c        ****     UART_1_PutString("\r\nintegral Maximum: ");
 202              		.loc 1 44 0
 203 0058 05F12401 		add	r1, r5, #36
 204 005c 2046     		mov	r0, r4
 205 005e FFF7FEFF 		bl	scanf
 206              	.LVL27:
  45:main.c        ****     scanf("%f",&iMax);
 207              		.loc 1 45 0
 208 0062 0F48     		ldr	r0, .L8+36
 209 0064 FFF7FEFF 		bl	UART_1_PutString
 210              	.LVL28:
  46:main.c        ****     UART_1_PutString("\n\rAll parameters recieved!\r\n");
 211              		.loc 1 46 0
 212 0068 05F12801 		add	r1, r5, #40
 213 006c 2046     		mov	r0, r4
 214 006e FFF7FEFF 		bl	scanf
 215              	.LVL29:
  47:main.c        ****     for(;;)
 216              		.loc 1 47 0
 217 0072 0C48     		ldr	r0, .L8+40
 218 0074 FFF7FEFF 		bl	UART_1_PutString
 219              	.LVL30:
 220              	.L6:
 221 0078 FEE7     		b	.L6
 222              	.L9:
 223 007a 00BF     		.align	2
 224              	.L8:
 225 007c 00000000 		.word	UART_HANDLER
 226 0080 00000000 		.word	PID_HANDLER
 227 0084 54000000 		.word	.LC1
 228 0088 98000000 		.word	.LC2
 229 008c 00000000 		.word	.LANCHOR0
 230 0090 A0000000 		.word	.LC3
 231 0094 A4000000 		.word	.LC4
 232 0098 AC000000 		.word	.LC5
 233 009c B4000000 		.word	.LC6
 234 00a0 CC000000 		.word	.LC7
 235 00a4 E4000000 		.word	.LC8
 236              		.cfi_endproc
 237              	.LFE64:
 238              		.size	main, .-main
 239              		.section	.text.handleByteReceived,"ax",%progbits
 240              		.align	2
 241              		.global	handleByteReceived
 242              		.thumb
 243              		.thumb_func
 244              		.type	handleByteReceived, %function
 245              	handleByteReceived:
 246              	.LFB67:
ARM GAS  C:\Users\andre\AppData\Local\Temp\ccjVV4uS.s 			page 7


  79:main.c        **** 
  80:main.c        **** //How to change the setpoint
  81:main.c        **** void handleByteReceived(uint8_t byteReceived)
  82:main.c        **** {
 247              		.loc 1 82 0
 248              		.cfi_startproc
 249              		@ args = 0, pretend = 0, frame = 0
 250              		@ frame_needed = 0, uses_anonymous_args = 0
 251              	.LVL31:
  83:main.c        ****   switch(byteReceived)
 252              		.loc 1 83 0
 253 0000 7328     		cmp	r0, #115
 254 0002 0BD1     		bne	.L14
  82:main.c        ****   switch(byteReceived)
 255              		.loc 1 82 0
 256 0004 08B5     		push	{r3, lr}
 257              		.cfi_def_cfa_offset 8
 258              		.cfi_offset 3, -8
 259              		.cfi_offset 14, -4
  84:main.c        ****     {
  85:main.c        ****         case 's' :
  86:main.c        ****         {
  87:main.c        ****            UART_1_PutString("Please choose a new setpoint:");
 260              		.loc 1 87 0
 261 0006 0648     		ldr	r0, .L15
 262              	.LVL32:
 263 0008 FFF7FEFF 		bl	UART_1_PutString
 264              	.LVL33:
  88:main.c        ****            scanf("%f",&setpoint);
 265              		.loc 1 88 0
 266 000c 0549     		ldr	r1, .L15+4
 267 000e 0648     		ldr	r0, .L15+8
 268 0010 FFF7FEFF 		bl	scanf
 269              	.LVL34:
  89:main.c        ****            UART_1_PutString("\r\nSetpoint is changed!\r\n"); 
 270              		.loc 1 89 0
 271 0014 0548     		ldr	r0, .L15+12
 272 0016 FFF7FEFF 		bl	UART_1_PutString
 273              	.LVL35:
 274 001a 08BD     		pop	{r3, pc}
 275              	.LVL36:
 276              	.L14:
 277              		.cfi_def_cfa_offset 0
 278              		.cfi_restore 3
 279              		.cfi_restore 14
 280 001c 7047     		bx	lr
 281              	.L16:
 282 001e 00BF     		.align	2
 283              	.L15:
 284 0020 04010000 		.word	.LC9
 285 0024 20000000 		.word	.LANCHOR0+32
 286 0028 A0000000 		.word	.LC3
 287 002c 24010000 		.word	.LC10
 288              		.cfi_endproc
 289              	.LFE67:
 290              		.size	handleByteReceived, .-handleByteReceived
 291              		.section	.text.UART_HANDLER,"ax",%progbits
ARM GAS  C:\Users\andre\AppData\Local\Temp\ccjVV4uS.s 			page 8


 292              		.align	2
 293              		.global	UART_HANDLER
 294              		.thumb
 295              		.thumb_func
 296              		.type	UART_HANDLER, %function
 297              	UART_HANDLER:
 298              	.LFB65:
  56:main.c        ****     uint8_t bytesToRead = UART_1_GetRxBufferSize();
 299              		.loc 1 56 0
 300              		.cfi_startproc
 301              		@ args = 0, pretend = 0, frame = 0
 302              		@ frame_needed = 0, uses_anonymous_args = 0
 303 0000 38B5     		push	{r3, r4, r5, lr}
 304              		.cfi_def_cfa_offset 16
 305              		.cfi_offset 3, -16
 306              		.cfi_offset 4, -12
 307              		.cfi_offset 5, -8
 308              		.cfi_offset 14, -4
  57:main.c        ****     while (bytesToRead > 0)
 309              		.loc 1 57 0
 310 0002 FFF7FEFF 		bl	UART_1_GetRxBufferSize
 311              	.LVL37:
 312 0006 0446     		mov	r4, r0
 313              	.LVL38:
  58:main.c        ****     {
 314              		.loc 1 58 0
 315 0008 09E0     		b	.L18
 316              	.L19:
 317              	.LBB2:
  60:main.c        ****         UART_1_WriteTxData(byteReceived); // echo back
 318              		.loc 1 60 0
 319 000a FFF7FEFF 		bl	UART_1_ReadRxData
 320              	.LVL39:
 321 000e 0546     		mov	r5, r0
 322              	.LVL40:
  61:main.c        ****         
 323              		.loc 1 61 0
 324 0010 FFF7FEFF 		bl	UART_1_WriteTxData
 325              	.LVL41:
  63:main.c        ****         
 326              		.loc 1 63 0
 327 0014 2846     		mov	r0, r5
 328 0016 FFF7FEFF 		bl	handleByteReceived
 329              	.LVL42:
  65:main.c        ****     }
 330              		.loc 1 65 0
 331 001a 013C     		subs	r4, r4, #1
 332              	.LVL43:
 333 001c E4B2     		uxtb	r4, r4
 334              	.LVL44:
 335              	.L18:
 336              	.LBE2:
  58:main.c        ****     {
 337              		.loc 1 58 0
 338 001e 002C     		cmp	r4, #0
 339 0020 F3D1     		bne	.L19
  69:main.c        **** //Handler for samplingtime of the PID
ARM GAS  C:\Users\andre\AppData\Local\Temp\ccjVV4uS.s 			page 9


 340              		.loc 1 69 0
 341 0022 38BD     		pop	{r3, r4, r5, pc}
 342              		.cfi_endproc
 343              	.LFE65:
 344              		.size	UART_HANDLER, .-UART_HANDLER
 345              		.global	setpoint
 346              		.global	error
 347              		.global	derivative
 348              		.global	integral
 349              		.global	proportional
 350              		.global	output
 351              		.global	iMax
 352              		.global	iMin
 353              		.global	kd
 354              		.global	ki
 355              		.global	kp
 356              		.comm	outputBuffer,256,4
 357              		.section	.rodata.str1.4,"aMS",%progbits,1
 358              		.align	2
 359              	.LC0:
 360 0000 53657470 		.ascii	"Setpoint: %f, output: %f, error: %f, kp: %f, ki: %f"
 360      6F696E74 
 360      3A202566 
 360      2C206F75 
 360      74707574 
 361 0033 2C206B64 		.ascii	", kd: %f, P: %f, I: %f, D: %f \015\012\000"
 361      3A202566 
 361      2C20503A 
 361      2025662C 
 361      20493A20 
 362              	.LC1:
 363 0054 50494420 		.ascii	"PID Controller started - Please choose the followin"
 363      436F6E74 
 363      726F6C6C 
 363      65722073 
 363      74617274 
 364 0087 67207061 		.ascii	"g parameters:\015\012\000"
 364      72616D65 
 364      74657273 
 364      3A0D0A00 
 365 0097 00       		.space	1
 366              	.LC2:
 367 0098 4B703A20 		.ascii	"Kp: \000"
 367      00
 368 009d 000000   		.space	3
 369              	.LC3:
 370 00a0 256600   		.ascii	"%f\000"
 371 00a3 00       		.space	1
 372              	.LC4:
 373 00a4 0D0A4B69 		.ascii	"\015\012Ki: \000"
 373      3A2000
 374 00ab 00       		.space	1
 375              	.LC5:
 376 00ac 0D0A4B64 		.ascii	"\015\012Kd: \000"
 376      3A2000
 377 00b3 00       		.space	1
 378              	.LC6:
ARM GAS  C:\Users\andre\AppData\Local\Temp\ccjVV4uS.s 			page 10


 379 00b4 0D0A696E 		.ascii	"\015\012integral minimum: \000"
 379      74656772 
 379      616C206D 
 379      696E696D 
 379      756D3A20 
 380 00c9 000000   		.space	3
 381              	.LC7:
 382 00cc 0D0A696E 		.ascii	"\015\012integral Maximum: \000"
 382      74656772 
 382      616C204D 
 382      6178696D 
 382      756D3A20 
 383 00e1 000000   		.space	3
 384              	.LC8:
 385 00e4 0A0D416C 		.ascii	"\012\015All parameters recieved!\015\012\000"
 385      6C207061 
 385      72616D65 
 385      74657273 
 385      20726563 
 386 0101 000000   		.space	3
 387              	.LC9:
 388 0104 506C6561 		.ascii	"Please choose a new setpoint:\000"
 388      73652063 
 388      686F6F73 
 388      65206120 
 388      6E657720 
 389 0122 0000     		.space	2
 390              	.LC10:
 391 0124 0D0A5365 		.ascii	"\015\012Setpoint is changed!\015\012\000"
 391      74706F69 
 391      6E742069 
 391      73206368 
 391      616E6765 
 392              		.bss
 393              		.align	2
 394              		.set	.LANCHOR0,. + 0
 395              		.type	derivative, %object
 396              		.size	derivative, 4
 397              	derivative:
 398 0000 00000000 		.space	4
 399              		.type	integral, %object
 400              		.size	integral, 4
 401              	integral:
 402 0004 00000000 		.space	4
 403              		.type	proportional, %object
 404              		.size	proportional, 4
 405              	proportional:
 406 0008 00000000 		.space	4
 407              		.type	output, %object
 408              		.size	output, 4
 409              	output:
 410 000c 00000000 		.space	4
 411              		.type	kd, %object
 412              		.size	kd, 4
 413              	kd:
 414 0010 00000000 		.space	4
 415              		.type	ki, %object
ARM GAS  C:\Users\andre\AppData\Local\Temp\ccjVV4uS.s 			page 11


 416              		.size	ki, 4
 417              	ki:
 418 0014 00000000 		.space	4
 419              		.type	kp, %object
 420              		.size	kp, 4
 421              	kp:
 422 0018 00000000 		.space	4
 423              		.type	error, %object
 424              		.size	error, 4
 425              	error:
 426 001c 00000000 		.space	4
 427              		.type	setpoint, %object
 428              		.size	setpoint, 4
 429              	setpoint:
 430 0020 00000000 		.space	4
 431              		.type	iMin, %object
 432              		.size	iMin, 4
 433              	iMin:
 434 0024 00000000 		.space	4
 435              		.type	iMax, %object
 436              		.size	iMax, 4
 437              	iMax:
 438 0028 00000000 		.space	4
 439              		.text
 440              	.Letext0:
 441              		.file 2 "c:\\program files (x86)\\cypress\\psoc creator\\4.4\\psoc creator\\import\\gnu\\arm\\5.4.
 442              		.file 3 "c:\\program files (x86)\\cypress\\psoc creator\\4.4\\psoc creator\\import\\gnu\\arm\\5.4.
 443              		.file 4 "Generated_Source\\PSoC5/core_cm3.h"
 444              		.file 5 "PIDController.h"
 445              		.file 6 "c:\\program files (x86)\\cypress\\psoc creator\\4.4\\psoc creator\\import\\gnu\\arm\\5.4.
 446              		.file 7 "Generated_Source\\PSoC5/PWM_1.h"
 447              		.file 8 "Generated_Source\\PSoC5/UART_1.h"
 448              		.file 9 "Generated_Source\\PSoC5/isr_uart_rx.h"
 449              		.file 10 "Generated_Source\\PSoC5/isr_pid.h"
 450              		.section	.debug_info,"",%progbits
 451              	.Ldebug_info0:
 452 0000 F8040000 		.4byte	0x4f8
 453 0004 0400     		.2byte	0x4
 454 0006 00000000 		.4byte	.Ldebug_abbrev0
 455 000a 04       		.byte	0x4
 456 000b 01       		.uleb128 0x1
 457 000c 27010000 		.4byte	.LASF45
 458 0010 0C       		.byte	0xc
 459 0011 CA020000 		.4byte	.LASF46
 460 0015 89000000 		.4byte	.LASF47
 461 0019 00000000 		.4byte	.Ldebug_ranges0+0
 462 001d 00000000 		.4byte	0
 463 0021 00000000 		.4byte	.Ldebug_line0
 464 0025 02       		.uleb128 0x2
 465 0026 01       		.byte	0x1
 466 0027 06       		.byte	0x6
 467 0028 0E030000 		.4byte	.LASF0
 468 002c 03       		.uleb128 0x3
 469 002d 21000000 		.4byte	.LASF4
 470 0031 02       		.byte	0x2
 471 0032 1D       		.byte	0x1d
 472 0033 37000000 		.4byte	0x37
ARM GAS  C:\Users\andre\AppData\Local\Temp\ccjVV4uS.s 			page 12


 473 0037 02       		.uleb128 0x2
 474 0038 01       		.byte	0x1
 475 0039 08       		.byte	0x8
 476 003a 0A020000 		.4byte	.LASF1
 477 003e 02       		.uleb128 0x2
 478 003f 02       		.byte	0x2
 479 0040 05       		.byte	0x5
 480 0041 DB020000 		.4byte	.LASF2
 481 0045 02       		.uleb128 0x2
 482 0046 02       		.byte	0x2
 483 0047 07       		.byte	0x7
 484 0048 47000000 		.4byte	.LASF3
 485 004c 03       		.uleb128 0x3
 486 004d 34000000 		.4byte	.LASF5
 487 0051 02       		.byte	0x2
 488 0052 3F       		.byte	0x3f
 489 0053 57000000 		.4byte	0x57
 490 0057 02       		.uleb128 0x2
 491 0058 04       		.byte	0x4
 492 0059 05       		.byte	0x5
 493 005a F9020000 		.4byte	.LASF6
 494 005e 02       		.uleb128 0x2
 495 005f 04       		.byte	0x4
 496 0060 07       		.byte	0x7
 497 0061 CD010000 		.4byte	.LASF7
 498 0065 02       		.uleb128 0x2
 499 0066 08       		.byte	0x8
 500 0067 05       		.byte	0x5
 501 0068 B2020000 		.4byte	.LASF8
 502 006c 02       		.uleb128 0x2
 503 006d 08       		.byte	0x8
 504 006e 07       		.byte	0x7
 505 006f 65020000 		.4byte	.LASF9
 506 0073 04       		.uleb128 0x4
 507 0074 04       		.byte	0x4
 508 0075 05       		.byte	0x5
 509 0076 696E7400 		.ascii	"int\000"
 510 007a 02       		.uleb128 0x2
 511 007b 04       		.byte	0x4
 512 007c 07       		.byte	0x7
 513 007d 4F020000 		.4byte	.LASF10
 514 0081 03       		.uleb128 0x3
 515 0082 7C020000 		.4byte	.LASF11
 516 0086 03       		.byte	0x3
 517 0087 18       		.byte	0x18
 518 0088 2C000000 		.4byte	0x2c
 519 008c 03       		.uleb128 0x3
 520 008d 9B020000 		.4byte	.LASF12
 521 0091 03       		.byte	0x3
 522 0092 2C       		.byte	0x2c
 523 0093 4C000000 		.4byte	0x4c
 524 0097 02       		.uleb128 0x2
 525 0098 04       		.byte	0x4
 526 0099 04       		.byte	0x4
 527 009a 0F010000 		.4byte	.LASF13
 528 009e 02       		.uleb128 0x2
 529 009f 08       		.byte	0x8
ARM GAS  C:\Users\andre\AppData\Local\Temp\ccjVV4uS.s 			page 13


 530 00a0 04       		.byte	0x4
 531 00a1 2B020000 		.4byte	.LASF14
 532 00a5 02       		.uleb128 0x2
 533 00a6 01       		.byte	0x1
 534 00a7 08       		.byte	0x8
 535 00a8 D1020000 		.4byte	.LASF15
 536 00ac 02       		.uleb128 0x2
 537 00ad 08       		.byte	0x8
 538 00ae 04       		.byte	0x4
 539 00af 02030000 		.4byte	.LASF16
 540 00b3 02       		.uleb128 0x2
 541 00b4 04       		.byte	0x4
 542 00b5 07       		.byte	0x7
 543 00b6 A3020000 		.4byte	.LASF17
 544 00ba 05       		.uleb128 0x5
 545 00bb 1B010000 		.4byte	.LASF18
 546 00bf 01       		.byte	0x1
 547 00c0 47       		.byte	0x47
 548 00c1 00000000 		.4byte	.LFB66
 549 00c5 AC000000 		.4byte	.LFE66-.LFB66
 550 00c9 01       		.uleb128 0x1
 551 00ca 9C       		.byte	0x9c
 552 00cb 2D010000 		.4byte	0x12d
 553 00cf 06       		.uleb128 0x6
 554 00d0 14000000 		.4byte	.LVL0
 555 00d4 77040000 		.4byte	0x477
 556 00d8 EF000000 		.4byte	0xef
 557 00dc 07       		.uleb128 0x7
 558 00dd 01       		.uleb128 0x1
 559 00de 51       		.byte	0x51
 560 00df 02       		.uleb128 0x2
 561 00e0 74       		.byte	0x74
 562 00e1 08       		.sleb128 8
 563 00e2 07       		.uleb128 0x7
 564 00e3 01       		.uleb128 0x1
 565 00e4 52       		.byte	0x52
 566 00e5 02       		.uleb128 0x2
 567 00e6 74       		.byte	0x74
 568 00e7 04       		.sleb128 4
 569 00e8 07       		.uleb128 0x7
 570 00e9 01       		.uleb128 0x1
 571 00ea 53       		.byte	0x53
 572 00eb 02       		.uleb128 0x2
 573 00ec 74       		.byte	0x74
 574 00ed 00       		.sleb128 0
 575 00ee 00       		.byte	0
 576 00ef 06       		.uleb128 0x6
 577 00f0 80000000 		.4byte	.LVL10
 578 00f4 82040000 		.4byte	0x482
 579 00f8 13010000 		.4byte	0x113
 580 00fc 07       		.uleb128 0x7
 581 00fd 01       		.uleb128 0x1
 582 00fe 50       		.byte	0x50
 583 00ff 02       		.uleb128 0x2
 584 0100 75       		.byte	0x75
 585 0101 00       		.sleb128 0
 586 0102 07       		.uleb128 0x7
ARM GAS  C:\Users\andre\AppData\Local\Temp\ccjVV4uS.s 			page 14


 587 0103 01       		.uleb128 0x1
 588 0104 51       		.byte	0x51
 589 0105 03       		.uleb128 0x3
 590 0106 0A       		.byte	0xa
 591 0107 0001     		.2byte	0x100
 592 0109 07       		.uleb128 0x7
 593 010a 01       		.uleb128 0x1
 594 010b 52       		.byte	0x52
 595 010c 05       		.uleb128 0x5
 596 010d 03       		.byte	0x3
 597 010e 00000000 		.4byte	.LC0
 598 0112 00       		.byte	0
 599 0113 08       		.uleb128 0x8
 600 0114 8C000000 		.4byte	.LVL12
 601 0118 8D040000 		.4byte	0x48d
 602 011c 09       		.uleb128 0x9
 603 011d 92000000 		.4byte	.LVL13
 604 0121 98040000 		.4byte	0x498
 605 0125 07       		.uleb128 0x7
 606 0126 01       		.uleb128 0x1
 607 0127 50       		.byte	0x50
 608 0128 02       		.uleb128 0x2
 609 0129 75       		.byte	0x75
 610 012a 00       		.sleb128 0
 611 012b 00       		.byte	0
 612 012c 00       		.byte	0
 613 012d 0A       		.uleb128 0xa
 614 012e 32020000 		.4byte	.LASF48
 615 0132 01       		.byte	0x1
 616 0133 18       		.byte	0x18
 617 0134 73000000 		.4byte	0x73
 618 0138 00000000 		.4byte	.LFB64
 619 013c A8000000 		.4byte	.LFE64-.LFB64
 620 0140 01       		.uleb128 0x1
 621 0141 9C       		.byte	0x9c
 622 0142 A6020000 		.4byte	0x2a6
 623 0146 08       		.uleb128 0x8
 624 0147 08000000 		.4byte	.LVL15
 625 014b A3040000 		.4byte	0x4a3
 626 014f 08       		.uleb128 0x8
 627 0150 0C000000 		.4byte	.LVL16
 628 0154 AE040000 		.4byte	0x4ae
 629 0158 06       		.uleb128 0x6
 630 0159 12000000 		.4byte	.LVL17
 631 015d B9040000 		.4byte	0x4b9
 632 0161 6F010000 		.4byte	0x16f
 633 0165 07       		.uleb128 0x7
 634 0166 01       		.uleb128 0x1
 635 0167 50       		.byte	0x50
 636 0168 05       		.uleb128 0x5
 637 0169 03       		.byte	0x3
 638 016a 00000000 		.4byte	UART_HANDLER
 639 016e 00       		.byte	0
 640 016f 06       		.uleb128 0x6
 641 0170 18000000 		.4byte	.LVL18
 642 0174 C4040000 		.4byte	0x4c4
 643 0178 86010000 		.4byte	0x186
ARM GAS  C:\Users\andre\AppData\Local\Temp\ccjVV4uS.s 			page 15


 644 017c 07       		.uleb128 0x7
 645 017d 01       		.uleb128 0x1
 646 017e 50       		.byte	0x50
 647 017f 05       		.uleb128 0x5
 648 0180 03       		.byte	0x3
 649 0181 00000000 		.4byte	PID_HANDLER
 650 0185 00       		.byte	0
 651 0186 06       		.uleb128 0x6
 652 0187 1E000000 		.4byte	.LVL19
 653 018b 98040000 		.4byte	0x498
 654 018f 9D010000 		.4byte	0x19d
 655 0193 07       		.uleb128 0x7
 656 0194 01       		.uleb128 0x1
 657 0195 50       		.byte	0x50
 658 0196 05       		.uleb128 0x5
 659 0197 03       		.byte	0x3
 660 0198 54000000 		.4byte	.LC1
 661 019c 00       		.byte	0
 662 019d 06       		.uleb128 0x6
 663 019e 24000000 		.4byte	.LVL20
 664 01a2 98040000 		.4byte	0x498
 665 01a6 B4010000 		.4byte	0x1b4
 666 01aa 07       		.uleb128 0x7
 667 01ab 01       		.uleb128 0x1
 668 01ac 50       		.byte	0x50
 669 01ad 05       		.uleb128 0x5
 670 01ae 03       		.byte	0x3
 671 01af 98000000 		.4byte	.LC2
 672 01b3 00       		.byte	0
 673 01b4 06       		.uleb128 0x6
 674 01b5 32000000 		.4byte	.LVL21
 675 01b9 CF040000 		.4byte	0x4cf
 676 01bd CE010000 		.4byte	0x1ce
 677 01c1 07       		.uleb128 0x7
 678 01c2 01       		.uleb128 0x1
 679 01c3 50       		.byte	0x50
 680 01c4 02       		.uleb128 0x2
 681 01c5 74       		.byte	0x74
 682 01c6 00       		.sleb128 0
 683 01c7 07       		.uleb128 0x7
 684 01c8 01       		.uleb128 0x1
 685 01c9 51       		.byte	0x51
 686 01ca 02       		.uleb128 0x2
 687 01cb 75       		.byte	0x75
 688 01cc 18       		.sleb128 24
 689 01cd 00       		.byte	0
 690 01ce 06       		.uleb128 0x6
 691 01cf 38000000 		.4byte	.LVL22
 692 01d3 98040000 		.4byte	0x498
 693 01d7 E5010000 		.4byte	0x1e5
 694 01db 07       		.uleb128 0x7
 695 01dc 01       		.uleb128 0x1
 696 01dd 50       		.byte	0x50
 697 01de 05       		.uleb128 0x5
 698 01df 03       		.byte	0x3
 699 01e0 A4000000 		.4byte	.LC4
 700 01e4 00       		.byte	0
ARM GAS  C:\Users\andre\AppData\Local\Temp\ccjVV4uS.s 			page 16


 701 01e5 06       		.uleb128 0x6
 702 01e6 42000000 		.4byte	.LVL23
 703 01ea CF040000 		.4byte	0x4cf
 704 01ee FF010000 		.4byte	0x1ff
 705 01f2 07       		.uleb128 0x7
 706 01f3 01       		.uleb128 0x1
 707 01f4 50       		.byte	0x50
 708 01f5 02       		.uleb128 0x2
 709 01f6 74       		.byte	0x74
 710 01f7 00       		.sleb128 0
 711 01f8 07       		.uleb128 0x7
 712 01f9 01       		.uleb128 0x1
 713 01fa 51       		.byte	0x51
 714 01fb 02       		.uleb128 0x2
 715 01fc 75       		.byte	0x75
 716 01fd 14       		.sleb128 20
 717 01fe 00       		.byte	0
 718 01ff 06       		.uleb128 0x6
 719 0200 48000000 		.4byte	.LVL24
 720 0204 98040000 		.4byte	0x498
 721 0208 16020000 		.4byte	0x216
 722 020c 07       		.uleb128 0x7
 723 020d 01       		.uleb128 0x1
 724 020e 50       		.byte	0x50
 725 020f 05       		.uleb128 0x5
 726 0210 03       		.byte	0x3
 727 0211 AC000000 		.4byte	.LC5
 728 0215 00       		.byte	0
 729 0216 06       		.uleb128 0x6
 730 0217 52000000 		.4byte	.LVL25
 731 021b CF040000 		.4byte	0x4cf
 732 021f 30020000 		.4byte	0x230
 733 0223 07       		.uleb128 0x7
 734 0224 01       		.uleb128 0x1
 735 0225 50       		.byte	0x50
 736 0226 02       		.uleb128 0x2
 737 0227 74       		.byte	0x74
 738 0228 00       		.sleb128 0
 739 0229 07       		.uleb128 0x7
 740 022a 01       		.uleb128 0x1
 741 022b 51       		.byte	0x51
 742 022c 02       		.uleb128 0x2
 743 022d 75       		.byte	0x75
 744 022e 10       		.sleb128 16
 745 022f 00       		.byte	0
 746 0230 06       		.uleb128 0x6
 747 0231 58000000 		.4byte	.LVL26
 748 0235 98040000 		.4byte	0x498
 749 0239 47020000 		.4byte	0x247
 750 023d 07       		.uleb128 0x7
 751 023e 01       		.uleb128 0x1
 752 023f 50       		.byte	0x50
 753 0240 05       		.uleb128 0x5
 754 0241 03       		.byte	0x3
 755 0242 B4000000 		.4byte	.LC6
 756 0246 00       		.byte	0
 757 0247 06       		.uleb128 0x6
ARM GAS  C:\Users\andre\AppData\Local\Temp\ccjVV4uS.s 			page 17


 758 0248 62000000 		.4byte	.LVL27
 759 024c CF040000 		.4byte	0x4cf
 760 0250 61020000 		.4byte	0x261
 761 0254 07       		.uleb128 0x7
 762 0255 01       		.uleb128 0x1
 763 0256 50       		.byte	0x50
 764 0257 02       		.uleb128 0x2
 765 0258 74       		.byte	0x74
 766 0259 00       		.sleb128 0
 767 025a 07       		.uleb128 0x7
 768 025b 01       		.uleb128 0x1
 769 025c 51       		.byte	0x51
 770 025d 02       		.uleb128 0x2
 771 025e 75       		.byte	0x75
 772 025f 24       		.sleb128 36
 773 0260 00       		.byte	0
 774 0261 06       		.uleb128 0x6
 775 0262 68000000 		.4byte	.LVL28
 776 0266 98040000 		.4byte	0x498
 777 026a 78020000 		.4byte	0x278
 778 026e 07       		.uleb128 0x7
 779 026f 01       		.uleb128 0x1
 780 0270 50       		.byte	0x50
 781 0271 05       		.uleb128 0x5
 782 0272 03       		.byte	0x3
 783 0273 CC000000 		.4byte	.LC7
 784 0277 00       		.byte	0
 785 0278 06       		.uleb128 0x6
 786 0279 72000000 		.4byte	.LVL29
 787 027d CF040000 		.4byte	0x4cf
 788 0281 92020000 		.4byte	0x292
 789 0285 07       		.uleb128 0x7
 790 0286 01       		.uleb128 0x1
 791 0287 50       		.byte	0x50
 792 0288 02       		.uleb128 0x2
 793 0289 74       		.byte	0x74
 794 028a 00       		.sleb128 0
 795 028b 07       		.uleb128 0x7
 796 028c 01       		.uleb128 0x1
 797 028d 51       		.byte	0x51
 798 028e 02       		.uleb128 0x2
 799 028f 75       		.byte	0x75
 800 0290 28       		.sleb128 40
 801 0291 00       		.byte	0
 802 0292 09       		.uleb128 0x9
 803 0293 78000000 		.4byte	.LVL30
 804 0297 98040000 		.4byte	0x498
 805 029b 07       		.uleb128 0x7
 806 029c 01       		.uleb128 0x1
 807 029d 50       		.byte	0x50
 808 029e 05       		.uleb128 0x5
 809 029f 03       		.byte	0x3
 810 02a0 E4000000 		.4byte	.LC8
 811 02a4 00       		.byte	0
 812 02a5 00       		.byte	0
 813 02a6 0B       		.uleb128 0xb
 814 02a7 3C020000 		.4byte	.LASF19
ARM GAS  C:\Users\andre\AppData\Local\Temp\ccjVV4uS.s 			page 18


 815 02ab 01       		.byte	0x1
 816 02ac 51       		.byte	0x51
 817 02ad 00000000 		.4byte	.LFB67
 818 02b1 30000000 		.4byte	.LFE67-.LFB67
 819 02b5 01       		.uleb128 0x1
 820 02b6 9C       		.byte	0x9c
 821 02b7 15030000 		.4byte	0x315
 822 02bb 0C       		.uleb128 0xc
 823 02bc 2B030000 		.4byte	.LASF22
 824 02c0 01       		.byte	0x1
 825 02c1 51       		.byte	0x51
 826 02c2 81000000 		.4byte	0x81
 827 02c6 00000000 		.4byte	.LLST0
 828 02ca 06       		.uleb128 0x6
 829 02cb 0C000000 		.4byte	.LVL33
 830 02cf 98040000 		.4byte	0x498
 831 02d3 E1020000 		.4byte	0x2e1
 832 02d7 07       		.uleb128 0x7
 833 02d8 01       		.uleb128 0x1
 834 02d9 50       		.byte	0x50
 835 02da 05       		.uleb128 0x5
 836 02db 03       		.byte	0x3
 837 02dc 04010000 		.4byte	.LC9
 838 02e0 00       		.byte	0
 839 02e1 06       		.uleb128 0x6
 840 02e2 14000000 		.4byte	.LVL34
 841 02e6 CF040000 		.4byte	0x4cf
 842 02ea 01030000 		.4byte	0x301
 843 02ee 07       		.uleb128 0x7
 844 02ef 01       		.uleb128 0x1
 845 02f0 50       		.byte	0x50
 846 02f1 05       		.uleb128 0x5
 847 02f2 03       		.byte	0x3
 848 02f3 A0000000 		.4byte	.LC3
 849 02f7 07       		.uleb128 0x7
 850 02f8 01       		.uleb128 0x1
 851 02f9 51       		.byte	0x51
 852 02fa 05       		.uleb128 0x5
 853 02fb 03       		.byte	0x3
 854 02fc 20000000 		.4byte	.LANCHOR0+32
 855 0300 00       		.byte	0
 856 0301 09       		.uleb128 0x9
 857 0302 1A000000 		.4byte	.LVL35
 858 0306 98040000 		.4byte	0x498
 859 030a 07       		.uleb128 0x7
 860 030b 01       		.uleb128 0x1
 861 030c 50       		.byte	0x50
 862 030d 05       		.uleb128 0x5
 863 030e 03       		.byte	0x3
 864 030f 24010000 		.4byte	.LC10
 865 0313 00       		.byte	0
 866 0314 00       		.byte	0
 867 0315 0B       		.uleb128 0xb
 868 0316 EC020000 		.4byte	.LASF20
 869 031a 01       		.byte	0x1
 870 031b 37       		.byte	0x37
 871 031c 00000000 		.4byte	.LFB65
ARM GAS  C:\Users\andre\AppData\Local\Temp\ccjVV4uS.s 			page 19


 872 0320 24000000 		.4byte	.LFE65-.LFB65
 873 0324 01       		.uleb128 0x1
 874 0325 9C       		.byte	0x9c
 875 0326 8D030000 		.4byte	0x38d
 876 032a 0D       		.uleb128 0xd
 877 032b 7D000000 		.4byte	.LASF21
 878 032f 01       		.byte	0x1
 879 0330 39       		.byte	0x39
 880 0331 81000000 		.4byte	0x81
 881 0335 2C000000 		.4byte	.LLST1
 882 0339 0E       		.uleb128 0xe
 883 033a 0A000000 		.4byte	.LBB2
 884 033e 14000000 		.4byte	.LBE2-.LBB2
 885 0342 83030000 		.4byte	0x383
 886 0346 0D       		.uleb128 0xd
 887 0347 2B030000 		.4byte	.LASF22
 888 034b 01       		.byte	0x1
 889 034c 3C       		.byte	0x3c
 890 034d 81000000 		.4byte	0x81
 891 0351 4A000000 		.4byte	.LLST2
 892 0355 08       		.uleb128 0x8
 893 0356 0E000000 		.4byte	.LVL39
 894 035a DA040000 		.4byte	0x4da
 895 035e 06       		.uleb128 0x6
 896 035f 14000000 		.4byte	.LVL41
 897 0363 E5040000 		.4byte	0x4e5
 898 0367 72030000 		.4byte	0x372
 899 036b 07       		.uleb128 0x7
 900 036c 01       		.uleb128 0x1
 901 036d 50       		.byte	0x50
 902 036e 02       		.uleb128 0x2
 903 036f 75       		.byte	0x75
 904 0370 00       		.sleb128 0
 905 0371 00       		.byte	0
 906 0372 09       		.uleb128 0x9
 907 0373 1A000000 		.4byte	.LVL42
 908 0377 A6020000 		.4byte	0x2a6
 909 037b 07       		.uleb128 0x7
 910 037c 01       		.uleb128 0x1
 911 037d 50       		.byte	0x50
 912 037e 02       		.uleb128 0x2
 913 037f 75       		.byte	0x75
 914 0380 00       		.sleb128 0
 915 0381 00       		.byte	0
 916 0382 00       		.byte	0
 917 0383 08       		.uleb128 0x8
 918 0384 06000000 		.4byte	.LVL37
 919 0388 F0040000 		.4byte	0x4f0
 920 038c 00       		.byte	0
 921 038d 0F       		.uleb128 0xf
 922 038e FD010000 		.4byte	.LASF23
 923 0392 04       		.byte	0x4
 924 0393 1207     		.2byte	0x712
 925 0395 99030000 		.4byte	0x399
 926 0399 10       		.uleb128 0x10
 927 039a 8C000000 		.4byte	0x8c
 928 039e 11       		.uleb128 0x11
ARM GAS  C:\Users\andre\AppData\Local\Temp\ccjVV4uS.s 			page 20


 929 039f A5000000 		.4byte	0xa5
 930 03a3 AE030000 		.4byte	0x3ae
 931 03a7 12       		.uleb128 0x12
 932 03a8 B3000000 		.4byte	0xb3
 933 03ac FF       		.byte	0xff
 934 03ad 00       		.byte	0
 935 03ae 13       		.uleb128 0x13
 936 03af C0010000 		.4byte	.LASF24
 937 03b3 01       		.byte	0x1
 938 03b4 05       		.byte	0x5
 939 03b5 9E030000 		.4byte	0x39e
 940 03b9 05       		.uleb128 0x5
 941 03ba 03       		.byte	0x3
 942 03bb 00000000 		.4byte	outputBuffer
 943 03bf 14       		.uleb128 0x14
 944 03c0 6B7000   		.ascii	"kp\000"
 945 03c3 01       		.byte	0x1
 946 03c4 06       		.byte	0x6
 947 03c5 97000000 		.4byte	0x97
 948 03c9 05       		.uleb128 0x5
 949 03ca 03       		.byte	0x3
 950 03cb 00000000 		.4byte	kp
 951 03cf 14       		.uleb128 0x14
 952 03d0 6B6900   		.ascii	"ki\000"
 953 03d3 01       		.byte	0x1
 954 03d4 07       		.byte	0x7
 955 03d5 97000000 		.4byte	0x97
 956 03d9 05       		.uleb128 0x5
 957 03da 03       		.byte	0x3
 958 03db 00000000 		.4byte	ki
 959 03df 14       		.uleb128 0x14
 960 03e0 6B6400   		.ascii	"kd\000"
 961 03e3 01       		.byte	0x1
 962 03e4 08       		.byte	0x8
 963 03e5 97000000 		.4byte	0x97
 964 03e9 05       		.uleb128 0x5
 965 03ea 03       		.byte	0x3
 966 03eb 00000000 		.4byte	kd
 967 03ef 13       		.uleb128 0x13
 968 03f0 37020000 		.4byte	.LASF25
 969 03f4 01       		.byte	0x1
 970 03f5 09       		.byte	0x9
 971 03f6 97000000 		.4byte	0x97
 972 03fa 05       		.uleb128 0x5
 973 03fb 03       		.byte	0x3
 974 03fc 00000000 		.4byte	iMin
 975 0400 13       		.uleb128 0x13
 976 0401 D6020000 		.4byte	.LASF26
 977 0405 01       		.byte	0x1
 978 0406 0A       		.byte	0xa
 979 0407 97000000 		.4byte	0x97
 980 040b 05       		.uleb128 0x5
 981 040c 03       		.byte	0x3
 982 040d 00000000 		.4byte	iMax
 983 0411 13       		.uleb128 0x13
 984 0412 E5020000 		.4byte	.LASF27
 985 0416 01       		.byte	0x1
ARM GAS  C:\Users\andre\AppData\Local\Temp\ccjVV4uS.s 			page 21


 986 0417 0B       		.byte	0xb
 987 0418 97000000 		.4byte	0x97
 988 041c 05       		.uleb128 0x5
 989 041d 03       		.byte	0x3
 990 041e 00000000 		.4byte	output
 991 0422 13       		.uleb128 0x13
 992 0423 02010000 		.4byte	.LASF28
 993 0427 01       		.byte	0x1
 994 0428 0C       		.byte	0xc
 995 0429 97000000 		.4byte	0x97
 996 042d 05       		.uleb128 0x5
 997 042e 03       		.byte	0x3
 998 042f 00000000 		.4byte	proportional
 999 0433 13       		.uleb128 0x13
 1000 0434 2B000000 		.4byte	.LASF29
 1001 0438 01       		.byte	0x1
 1002 0439 0D       		.byte	0xd
 1003 043a 97000000 		.4byte	0x97
 1004 043e 05       		.uleb128 0x5
 1005 043f 03       		.byte	0x3
 1006 0440 00000000 		.4byte	integral
 1007 0444 13       		.uleb128 0x13
 1008 0445 B5010000 		.4byte	.LASF30
 1009 0449 01       		.byte	0x1
 1010 044a 0E       		.byte	0xe
 1011 044b 97000000 		.4byte	0x97
 1012 044f 05       		.uleb128 0x5
 1013 0450 03       		.byte	0x3
 1014 0451 00000000 		.4byte	derivative
 1015 0455 13       		.uleb128 0x13
 1016 0456 AC020000 		.4byte	.LASF31
 1017 045a 01       		.byte	0x1
 1018 045b 0F       		.byte	0xf
 1019 045c 97000000 		.4byte	0x97
 1020 0460 05       		.uleb128 0x5
 1021 0461 03       		.byte	0x3
 1022 0462 00000000 		.4byte	error
 1023 0466 13       		.uleb128 0x13
 1024 0467 5C020000 		.4byte	.LASF32
 1025 046b 01       		.byte	0x1
 1026 046c 10       		.byte	0x10
 1027 046d 97000000 		.4byte	0x97
 1028 0471 05       		.uleb128 0x5
 1029 0472 03       		.byte	0x3
 1030 0473 00000000 		.4byte	setpoint
 1031 0477 15       		.uleb128 0x15
 1032 0478 C0020000 		.4byte	.LASF33
 1033 047c C0020000 		.4byte	.LASF33
 1034 0480 05       		.byte	0x5
 1035 0481 13       		.byte	0x13
 1036 0482 15       		.uleb128 0x15
 1037 0483 3E000000 		.4byte	.LASF34
 1038 0487 3E000000 		.4byte	.LASF34
 1039 048b 06       		.byte	0x6
 1040 048c FD       		.byte	0xfd
 1041 048d 15       		.uleb128 0x15
 1042 048e 6A000000 		.4byte	.LASF35
ARM GAS  C:\Users\andre\AppData\Local\Temp\ccjVV4uS.s 			page 22


 1043 0492 6A000000 		.4byte	.LASF35
 1044 0496 07       		.byte	0x7
 1045 0497 C3       		.byte	0xc3
 1046 0498 15       		.uleb128 0x15
 1047 0499 1A030000 		.4byte	.LASF36
 1048 049d 1A030000 		.4byte	.LASF36
 1049 04a1 08       		.byte	0x8
 1050 04a2 8B       		.byte	0x8b
 1051 04a3 15       		.uleb128 0x15
 1052 04a4 F1010000 		.4byte	.LASF37
 1053 04a8 F1010000 		.4byte	.LASF37
 1054 04ac 07       		.byte	0x7
 1055 04ad 92       		.byte	0x92
 1056 04ae 15       		.uleb128 0x15
 1057 04af 14000000 		.4byte	.LASF38
 1058 04b3 14000000 		.4byte	.LASF38
 1059 04b7 08       		.byte	0x8
 1060 04b8 54       		.byte	0x54
 1061 04b9 15       		.uleb128 0x15
 1062 04ba 00000000 		.4byte	.LASF39
 1063 04be 00000000 		.4byte	.LASF39
 1064 04c2 09       		.byte	0x9
 1065 04c3 18       		.byte	0x18
 1066 04c4 15       		.uleb128 0x15
 1067 04c5 5A000000 		.4byte	.LASF40
 1068 04c9 5A000000 		.4byte	.LASF40
 1069 04cd 0A       		.byte	0xa
 1070 04ce 18       		.byte	0x18
 1071 04cf 15       		.uleb128 0x15
 1072 04d0 15010000 		.4byte	.LASF41
 1073 04d4 15010000 		.4byte	.LASF41
 1074 04d8 06       		.byte	0x6
 1075 04d9 BD       		.byte	0xbd
 1076 04da 15       		.uleb128 0x15
 1077 04db DF010000 		.4byte	.LASF42
 1078 04df DF010000 		.4byte	.LASF42
 1079 04e3 08       		.byte	0x8
 1080 04e4 6F       		.byte	0x6f
 1081 04e5 15       		.uleb128 0x15
 1082 04e6 18020000 		.4byte	.LASF43
 1083 04ea 18020000 		.4byte	.LASF43
 1084 04ee 08       		.byte	0x8
 1085 04ef 88       		.byte	0x88
 1086 04f0 15       		.uleb128 0x15
 1087 04f1 84020000 		.4byte	.LASF44
 1088 04f5 84020000 		.4byte	.LASF44
 1089 04f9 08       		.byte	0x8
 1090 04fa 73       		.byte	0x73
 1091 04fb 00       		.byte	0
 1092              		.section	.debug_abbrev,"",%progbits
 1093              	.Ldebug_abbrev0:
 1094 0000 01       		.uleb128 0x1
 1095 0001 11       		.uleb128 0x11
 1096 0002 01       		.byte	0x1
 1097 0003 25       		.uleb128 0x25
 1098 0004 0E       		.uleb128 0xe
 1099 0005 13       		.uleb128 0x13
ARM GAS  C:\Users\andre\AppData\Local\Temp\ccjVV4uS.s 			page 23


 1100 0006 0B       		.uleb128 0xb
 1101 0007 03       		.uleb128 0x3
 1102 0008 0E       		.uleb128 0xe
 1103 0009 1B       		.uleb128 0x1b
 1104 000a 0E       		.uleb128 0xe
 1105 000b 55       		.uleb128 0x55
 1106 000c 17       		.uleb128 0x17
 1107 000d 11       		.uleb128 0x11
 1108 000e 01       		.uleb128 0x1
 1109 000f 10       		.uleb128 0x10
 1110 0010 17       		.uleb128 0x17
 1111 0011 00       		.byte	0
 1112 0012 00       		.byte	0
 1113 0013 02       		.uleb128 0x2
 1114 0014 24       		.uleb128 0x24
 1115 0015 00       		.byte	0
 1116 0016 0B       		.uleb128 0xb
 1117 0017 0B       		.uleb128 0xb
 1118 0018 3E       		.uleb128 0x3e
 1119 0019 0B       		.uleb128 0xb
 1120 001a 03       		.uleb128 0x3
 1121 001b 0E       		.uleb128 0xe
 1122 001c 00       		.byte	0
 1123 001d 00       		.byte	0
 1124 001e 03       		.uleb128 0x3
 1125 001f 16       		.uleb128 0x16
 1126 0020 00       		.byte	0
 1127 0021 03       		.uleb128 0x3
 1128 0022 0E       		.uleb128 0xe
 1129 0023 3A       		.uleb128 0x3a
 1130 0024 0B       		.uleb128 0xb
 1131 0025 3B       		.uleb128 0x3b
 1132 0026 0B       		.uleb128 0xb
 1133 0027 49       		.uleb128 0x49
 1134 0028 13       		.uleb128 0x13
 1135 0029 00       		.byte	0
 1136 002a 00       		.byte	0
 1137 002b 04       		.uleb128 0x4
 1138 002c 24       		.uleb128 0x24
 1139 002d 00       		.byte	0
 1140 002e 0B       		.uleb128 0xb
 1141 002f 0B       		.uleb128 0xb
 1142 0030 3E       		.uleb128 0x3e
 1143 0031 0B       		.uleb128 0xb
 1144 0032 03       		.uleb128 0x3
 1145 0033 08       		.uleb128 0x8
 1146 0034 00       		.byte	0
 1147 0035 00       		.byte	0
 1148 0036 05       		.uleb128 0x5
 1149 0037 2E       		.uleb128 0x2e
 1150 0038 01       		.byte	0x1
 1151 0039 3F       		.uleb128 0x3f
 1152 003a 19       		.uleb128 0x19
 1153 003b 03       		.uleb128 0x3
 1154 003c 0E       		.uleb128 0xe
 1155 003d 3A       		.uleb128 0x3a
 1156 003e 0B       		.uleb128 0xb
ARM GAS  C:\Users\andre\AppData\Local\Temp\ccjVV4uS.s 			page 24


 1157 003f 3B       		.uleb128 0x3b
 1158 0040 0B       		.uleb128 0xb
 1159 0041 27       		.uleb128 0x27
 1160 0042 19       		.uleb128 0x19
 1161 0043 11       		.uleb128 0x11
 1162 0044 01       		.uleb128 0x1
 1163 0045 12       		.uleb128 0x12
 1164 0046 06       		.uleb128 0x6
 1165 0047 40       		.uleb128 0x40
 1166 0048 18       		.uleb128 0x18
 1167 0049 9642     		.uleb128 0x2116
 1168 004b 19       		.uleb128 0x19
 1169 004c 01       		.uleb128 0x1
 1170 004d 13       		.uleb128 0x13
 1171 004e 00       		.byte	0
 1172 004f 00       		.byte	0
 1173 0050 06       		.uleb128 0x6
 1174 0051 898201   		.uleb128 0x4109
 1175 0054 01       		.byte	0x1
 1176 0055 11       		.uleb128 0x11
 1177 0056 01       		.uleb128 0x1
 1178 0057 31       		.uleb128 0x31
 1179 0058 13       		.uleb128 0x13
 1180 0059 01       		.uleb128 0x1
 1181 005a 13       		.uleb128 0x13
 1182 005b 00       		.byte	0
 1183 005c 00       		.byte	0
 1184 005d 07       		.uleb128 0x7
 1185 005e 8A8201   		.uleb128 0x410a
 1186 0061 00       		.byte	0
 1187 0062 02       		.uleb128 0x2
 1188 0063 18       		.uleb128 0x18
 1189 0064 9142     		.uleb128 0x2111
 1190 0066 18       		.uleb128 0x18
 1191 0067 00       		.byte	0
 1192 0068 00       		.byte	0
 1193 0069 08       		.uleb128 0x8
 1194 006a 898201   		.uleb128 0x4109
 1195 006d 00       		.byte	0
 1196 006e 11       		.uleb128 0x11
 1197 006f 01       		.uleb128 0x1
 1198 0070 31       		.uleb128 0x31
 1199 0071 13       		.uleb128 0x13
 1200 0072 00       		.byte	0
 1201 0073 00       		.byte	0
 1202 0074 09       		.uleb128 0x9
 1203 0075 898201   		.uleb128 0x4109
 1204 0078 01       		.byte	0x1
 1205 0079 11       		.uleb128 0x11
 1206 007a 01       		.uleb128 0x1
 1207 007b 31       		.uleb128 0x31
 1208 007c 13       		.uleb128 0x13
 1209 007d 00       		.byte	0
 1210 007e 00       		.byte	0
 1211 007f 0A       		.uleb128 0xa
 1212 0080 2E       		.uleb128 0x2e
 1213 0081 01       		.byte	0x1
ARM GAS  C:\Users\andre\AppData\Local\Temp\ccjVV4uS.s 			page 25


 1214 0082 3F       		.uleb128 0x3f
 1215 0083 19       		.uleb128 0x19
 1216 0084 03       		.uleb128 0x3
 1217 0085 0E       		.uleb128 0xe
 1218 0086 3A       		.uleb128 0x3a
 1219 0087 0B       		.uleb128 0xb
 1220 0088 3B       		.uleb128 0x3b
 1221 0089 0B       		.uleb128 0xb
 1222 008a 27       		.uleb128 0x27
 1223 008b 19       		.uleb128 0x19
 1224 008c 49       		.uleb128 0x49
 1225 008d 13       		.uleb128 0x13
 1226 008e 8701     		.uleb128 0x87
 1227 0090 19       		.uleb128 0x19
 1228 0091 11       		.uleb128 0x11
 1229 0092 01       		.uleb128 0x1
 1230 0093 12       		.uleb128 0x12
 1231 0094 06       		.uleb128 0x6
 1232 0095 40       		.uleb128 0x40
 1233 0096 18       		.uleb128 0x18
 1234 0097 9742     		.uleb128 0x2117
 1235 0099 19       		.uleb128 0x19
 1236 009a 01       		.uleb128 0x1
 1237 009b 13       		.uleb128 0x13
 1238 009c 00       		.byte	0
 1239 009d 00       		.byte	0
 1240 009e 0B       		.uleb128 0xb
 1241 009f 2E       		.uleb128 0x2e
 1242 00a0 01       		.byte	0x1
 1243 00a1 3F       		.uleb128 0x3f
 1244 00a2 19       		.uleb128 0x19
 1245 00a3 03       		.uleb128 0x3
 1246 00a4 0E       		.uleb128 0xe
 1247 00a5 3A       		.uleb128 0x3a
 1248 00a6 0B       		.uleb128 0xb
 1249 00a7 3B       		.uleb128 0x3b
 1250 00a8 0B       		.uleb128 0xb
 1251 00a9 27       		.uleb128 0x27
 1252 00aa 19       		.uleb128 0x19
 1253 00ab 11       		.uleb128 0x11
 1254 00ac 01       		.uleb128 0x1
 1255 00ad 12       		.uleb128 0x12
 1256 00ae 06       		.uleb128 0x6
 1257 00af 40       		.uleb128 0x40
 1258 00b0 18       		.uleb128 0x18
 1259 00b1 9742     		.uleb128 0x2117
 1260 00b3 19       		.uleb128 0x19
 1261 00b4 01       		.uleb128 0x1
 1262 00b5 13       		.uleb128 0x13
 1263 00b6 00       		.byte	0
 1264 00b7 00       		.byte	0
 1265 00b8 0C       		.uleb128 0xc
 1266 00b9 05       		.uleb128 0x5
 1267 00ba 00       		.byte	0
 1268 00bb 03       		.uleb128 0x3
 1269 00bc 0E       		.uleb128 0xe
 1270 00bd 3A       		.uleb128 0x3a
ARM GAS  C:\Users\andre\AppData\Local\Temp\ccjVV4uS.s 			page 26


 1271 00be 0B       		.uleb128 0xb
 1272 00bf 3B       		.uleb128 0x3b
 1273 00c0 0B       		.uleb128 0xb
 1274 00c1 49       		.uleb128 0x49
 1275 00c2 13       		.uleb128 0x13
 1276 00c3 02       		.uleb128 0x2
 1277 00c4 17       		.uleb128 0x17
 1278 00c5 00       		.byte	0
 1279 00c6 00       		.byte	0
 1280 00c7 0D       		.uleb128 0xd
 1281 00c8 34       		.uleb128 0x34
 1282 00c9 00       		.byte	0
 1283 00ca 03       		.uleb128 0x3
 1284 00cb 0E       		.uleb128 0xe
 1285 00cc 3A       		.uleb128 0x3a
 1286 00cd 0B       		.uleb128 0xb
 1287 00ce 3B       		.uleb128 0x3b
 1288 00cf 0B       		.uleb128 0xb
 1289 00d0 49       		.uleb128 0x49
 1290 00d1 13       		.uleb128 0x13
 1291 00d2 02       		.uleb128 0x2
 1292 00d3 17       		.uleb128 0x17
 1293 00d4 00       		.byte	0
 1294 00d5 00       		.byte	0
 1295 00d6 0E       		.uleb128 0xe
 1296 00d7 0B       		.uleb128 0xb
 1297 00d8 01       		.byte	0x1
 1298 00d9 11       		.uleb128 0x11
 1299 00da 01       		.uleb128 0x1
 1300 00db 12       		.uleb128 0x12
 1301 00dc 06       		.uleb128 0x6
 1302 00dd 01       		.uleb128 0x1
 1303 00de 13       		.uleb128 0x13
 1304 00df 00       		.byte	0
 1305 00e0 00       		.byte	0
 1306 00e1 0F       		.uleb128 0xf
 1307 00e2 34       		.uleb128 0x34
 1308 00e3 00       		.byte	0
 1309 00e4 03       		.uleb128 0x3
 1310 00e5 0E       		.uleb128 0xe
 1311 00e6 3A       		.uleb128 0x3a
 1312 00e7 0B       		.uleb128 0xb
 1313 00e8 3B       		.uleb128 0x3b
 1314 00e9 05       		.uleb128 0x5
 1315 00ea 49       		.uleb128 0x49
 1316 00eb 13       		.uleb128 0x13
 1317 00ec 3F       		.uleb128 0x3f
 1318 00ed 19       		.uleb128 0x19
 1319 00ee 3C       		.uleb128 0x3c
 1320 00ef 19       		.uleb128 0x19
 1321 00f0 00       		.byte	0
 1322 00f1 00       		.byte	0
 1323 00f2 10       		.uleb128 0x10
 1324 00f3 35       		.uleb128 0x35
 1325 00f4 00       		.byte	0
 1326 00f5 49       		.uleb128 0x49
 1327 00f6 13       		.uleb128 0x13
ARM GAS  C:\Users\andre\AppData\Local\Temp\ccjVV4uS.s 			page 27


 1328 00f7 00       		.byte	0
 1329 00f8 00       		.byte	0
 1330 00f9 11       		.uleb128 0x11
 1331 00fa 01       		.uleb128 0x1
 1332 00fb 01       		.byte	0x1
 1333 00fc 49       		.uleb128 0x49
 1334 00fd 13       		.uleb128 0x13
 1335 00fe 01       		.uleb128 0x1
 1336 00ff 13       		.uleb128 0x13
 1337 0100 00       		.byte	0
 1338 0101 00       		.byte	0
 1339 0102 12       		.uleb128 0x12
 1340 0103 21       		.uleb128 0x21
 1341 0104 00       		.byte	0
 1342 0105 49       		.uleb128 0x49
 1343 0106 13       		.uleb128 0x13
 1344 0107 2F       		.uleb128 0x2f
 1345 0108 0B       		.uleb128 0xb
 1346 0109 00       		.byte	0
 1347 010a 00       		.byte	0
 1348 010b 13       		.uleb128 0x13
 1349 010c 34       		.uleb128 0x34
 1350 010d 00       		.byte	0
 1351 010e 03       		.uleb128 0x3
 1352 010f 0E       		.uleb128 0xe
 1353 0110 3A       		.uleb128 0x3a
 1354 0111 0B       		.uleb128 0xb
 1355 0112 3B       		.uleb128 0x3b
 1356 0113 0B       		.uleb128 0xb
 1357 0114 49       		.uleb128 0x49
 1358 0115 13       		.uleb128 0x13
 1359 0116 3F       		.uleb128 0x3f
 1360 0117 19       		.uleb128 0x19
 1361 0118 02       		.uleb128 0x2
 1362 0119 18       		.uleb128 0x18
 1363 011a 00       		.byte	0
 1364 011b 00       		.byte	0
 1365 011c 14       		.uleb128 0x14
 1366 011d 34       		.uleb128 0x34
 1367 011e 00       		.byte	0
 1368 011f 03       		.uleb128 0x3
 1369 0120 08       		.uleb128 0x8
 1370 0121 3A       		.uleb128 0x3a
 1371 0122 0B       		.uleb128 0xb
 1372 0123 3B       		.uleb128 0x3b
 1373 0124 0B       		.uleb128 0xb
 1374 0125 49       		.uleb128 0x49
 1375 0126 13       		.uleb128 0x13
 1376 0127 3F       		.uleb128 0x3f
 1377 0128 19       		.uleb128 0x19
 1378 0129 02       		.uleb128 0x2
 1379 012a 18       		.uleb128 0x18
 1380 012b 00       		.byte	0
 1381 012c 00       		.byte	0
 1382 012d 15       		.uleb128 0x15
 1383 012e 2E       		.uleb128 0x2e
 1384 012f 00       		.byte	0
ARM GAS  C:\Users\andre\AppData\Local\Temp\ccjVV4uS.s 			page 28


 1385 0130 3F       		.uleb128 0x3f
 1386 0131 19       		.uleb128 0x19
 1387 0132 3C       		.uleb128 0x3c
 1388 0133 19       		.uleb128 0x19
 1389 0134 6E       		.uleb128 0x6e
 1390 0135 0E       		.uleb128 0xe
 1391 0136 03       		.uleb128 0x3
 1392 0137 0E       		.uleb128 0xe
 1393 0138 3A       		.uleb128 0x3a
 1394 0139 0B       		.uleb128 0xb
 1395 013a 3B       		.uleb128 0x3b
 1396 013b 0B       		.uleb128 0xb
 1397 013c 00       		.byte	0
 1398 013d 00       		.byte	0
 1399 013e 00       		.byte	0
 1400              		.section	.debug_loc,"",%progbits
 1401              	.Ldebug_loc0:
 1402              	.LLST0:
 1403 0000 00000000 		.4byte	.LVL31
 1404 0004 08000000 		.4byte	.LVL32
 1405 0008 0100     		.2byte	0x1
 1406 000a 50       		.byte	0x50
 1407 000b 08000000 		.4byte	.LVL32
 1408 000f 1C000000 		.4byte	.LVL36
 1409 0013 0400     		.2byte	0x4
 1410 0015 F3       		.byte	0xf3
 1411 0016 01       		.uleb128 0x1
 1412 0017 50       		.byte	0x50
 1413 0018 9F       		.byte	0x9f
 1414 0019 1C000000 		.4byte	.LVL36
 1415 001d 30000000 		.4byte	.LFE67
 1416 0021 0100     		.2byte	0x1
 1417 0023 50       		.byte	0x50
 1418 0024 00000000 		.4byte	0
 1419 0028 00000000 		.4byte	0
 1420              	.LLST1:
 1421 002c 08000000 		.4byte	.LVL38
 1422 0030 1C000000 		.4byte	.LVL43
 1423 0034 0100     		.2byte	0x1
 1424 0036 54       		.byte	0x54
 1425 0037 1E000000 		.4byte	.LVL44
 1426 003b 24000000 		.4byte	.LFE65
 1427 003f 0100     		.2byte	0x1
 1428 0041 54       		.byte	0x54
 1429 0042 00000000 		.4byte	0
 1430 0046 00000000 		.4byte	0
 1431              	.LLST2:
 1432 004a 10000000 		.4byte	.LVL40
 1433 004e 1E000000 		.4byte	.LVL44
 1434 0052 0100     		.2byte	0x1
 1435 0054 55       		.byte	0x55
 1436 0055 00000000 		.4byte	0
 1437 0059 00000000 		.4byte	0
 1438              		.section	.debug_aranges,"",%progbits
 1439 0000 34000000 		.4byte	0x34
 1440 0004 0200     		.2byte	0x2
 1441 0006 00000000 		.4byte	.Ldebug_info0
ARM GAS  C:\Users\andre\AppData\Local\Temp\ccjVV4uS.s 			page 29


 1442 000a 04       		.byte	0x4
 1443 000b 00       		.byte	0
 1444 000c 0000     		.2byte	0
 1445 000e 0000     		.2byte	0
 1446 0010 00000000 		.4byte	.LFB66
 1447 0014 AC000000 		.4byte	.LFE66-.LFB66
 1448 0018 00000000 		.4byte	.LFB64
 1449 001c A8000000 		.4byte	.LFE64-.LFB64
 1450 0020 00000000 		.4byte	.LFB67
 1451 0024 30000000 		.4byte	.LFE67-.LFB67
 1452 0028 00000000 		.4byte	.LFB65
 1453 002c 24000000 		.4byte	.LFE65-.LFB65
 1454 0030 00000000 		.4byte	0
 1455 0034 00000000 		.4byte	0
 1456              		.section	.debug_ranges,"",%progbits
 1457              	.Ldebug_ranges0:
 1458 0000 00000000 		.4byte	.LFB66
 1459 0004 AC000000 		.4byte	.LFE66
 1460 0008 00000000 		.4byte	.LFB64
 1461 000c A8000000 		.4byte	.LFE64
 1462 0010 00000000 		.4byte	.LFB67
 1463 0014 30000000 		.4byte	.LFE67
 1464 0018 00000000 		.4byte	.LFB65
 1465 001c 24000000 		.4byte	.LFE65
 1466 0020 00000000 		.4byte	0
 1467 0024 00000000 		.4byte	0
 1468              		.section	.debug_line,"",%progbits
 1469              	.Ldebug_line0:
 1470 0000 68020000 		.section	.debug_str,"MS",%progbits,1
 1470      0200FA01 
 1470      00000201 
 1470      FB0E0D00 
 1470      01010101 
 1471              	.LASF39:
 1472 0000 6973725F 		.ascii	"isr_uart_rx_StartEx\000"
 1472      75617274 
 1472      5F72785F 
 1472      53746172 
 1472      74457800 
 1473              	.LASF38:
 1474 0014 55415254 		.ascii	"UART_1_Start\000"
 1474      5F315F53 
 1474      74617274 
 1474      00
 1475              	.LASF4:
 1476 0021 5F5F7569 		.ascii	"__uint8_t\000"
 1476      6E74385F 
 1476      7400
 1477              	.LASF29:
 1478 002b 696E7465 		.ascii	"integral\000"
 1478      6772616C 
 1478      00
 1479              	.LASF5:
 1480 0034 5F5F696E 		.ascii	"__int32_t\000"
 1480      7433325F 
 1480      7400
 1481              	.LASF34:
ARM GAS  C:\Users\andre\AppData\Local\Temp\ccjVV4uS.s 			page 30


 1482 003e 736E7072 		.ascii	"snprintf\000"
 1482      696E7466 
 1482      00
 1483              	.LASF3:
 1484 0047 73686F72 		.ascii	"short unsigned int\000"
 1484      7420756E 
 1484      7369676E 
 1484      65642069 
 1484      6E7400
 1485              	.LASF40:
 1486 005a 6973725F 		.ascii	"isr_pid_StartEx\000"
 1486      7069645F 
 1486      53746172 
 1486      74457800 
 1487              	.LASF35:
 1488 006a 50574D5F 		.ascii	"PWM_1_WriteCompare\000"
 1488      315F5772 
 1488      69746543 
 1488      6F6D7061 
 1488      726500
 1489              	.LASF21:
 1490 007d 62797465 		.ascii	"bytesToRead\000"
 1490      73546F52 
 1490      65616400 
 1491              	.LASF47:
 1492 0089 433A5C55 		.ascii	"C:\\Users\\andre\\Google Drive\\Elektronik\\4. Seme"
 1492      73657273 
 1492      5C616E64 
 1492      72655C47 
 1492      6F6F676C 
 1493 00b7 73746572 		.ascii	"ster\\PRJ4 - Semesterprojekt 4\\E4PRJ\\PSoC\\PIDCon"
 1493      5C50524A 
 1493      34202D20 
 1493      53656D65 
 1493      73746572 
 1494 00e6 74726F6C 		.ascii	"troller\\PIDController.cydsn\000"
 1494      6C65725C 
 1494      50494443 
 1494      6F6E7472 
 1494      6F6C6C65 
 1495              	.LASF28:
 1496 0102 70726F70 		.ascii	"proportional\000"
 1496      6F727469 
 1496      6F6E616C 
 1496      00
 1497              	.LASF13:
 1498 010f 666C6F61 		.ascii	"float\000"
 1498      7400
 1499              	.LASF41:
 1500 0115 7363616E 		.ascii	"scanf\000"
 1500      6600
 1501              	.LASF18:
 1502 011b 5049445F 		.ascii	"PID_HANDLER\000"
 1502      48414E44 
 1502      4C455200 
 1503              	.LASF45:
 1504 0127 474E5520 		.ascii	"GNU C11 5.4.1 20160609 (release) [ARM/embedded-5-br"
ARM GAS  C:\Users\andre\AppData\Local\Temp\ccjVV4uS.s 			page 31


 1504      43313120 
 1504      352E342E 
 1504      31203230 
 1504      31363036 
 1505 015a 616E6368 		.ascii	"anch revision 237715] -mcpu=cortex-m3 -mthumb -g -O"
 1505      20726576 
 1505      6973696F 
 1505      6E203233 
 1505      37373135 
 1506 018d 67202D66 		.ascii	"g -ffunction-sections -ffat-lto-objects\000"
 1506      66756E63 
 1506      74696F6E 
 1506      2D736563 
 1506      74696F6E 
 1507              	.LASF30:
 1508 01b5 64657269 		.ascii	"derivative\000"
 1508      76617469 
 1508      766500
 1509              	.LASF24:
 1510 01c0 6F757470 		.ascii	"outputBuffer\000"
 1510      75744275 
 1510      66666572 
 1510      00
 1511              	.LASF7:
 1512 01cd 6C6F6E67 		.ascii	"long unsigned int\000"
 1512      20756E73 
 1512      69676E65 
 1512      6420696E 
 1512      7400
 1513              	.LASF42:
 1514 01df 55415254 		.ascii	"UART_1_ReadRxData\000"
 1514      5F315F52 
 1514      65616452 
 1514      78446174 
 1514      6100
 1515              	.LASF37:
 1516 01f1 50574D5F 		.ascii	"PWM_1_Start\000"
 1516      315F5374 
 1516      61727400 
 1517              	.LASF23:
 1518 01fd 49544D5F 		.ascii	"ITM_RxBuffer\000"
 1518      52784275 
 1518      66666572 
 1518      00
 1519              	.LASF1:
 1520 020a 756E7369 		.ascii	"unsigned char\000"
 1520      676E6564 
 1520      20636861 
 1520      7200
 1521              	.LASF43:
 1522 0218 55415254 		.ascii	"UART_1_WriteTxData\000"
 1522      5F315F57 
 1522      72697465 
 1522      54784461 
 1522      746100
 1523              	.LASF14:
 1524 022b 646F7562 		.ascii	"double\000"
ARM GAS  C:\Users\andre\AppData\Local\Temp\ccjVV4uS.s 			page 32


 1524      6C6500
 1525              	.LASF48:
 1526 0232 6D61696E 		.ascii	"main\000"
 1526      00
 1527              	.LASF25:
 1528 0237 694D696E 		.ascii	"iMin\000"
 1528      00
 1529              	.LASF19:
 1530 023c 68616E64 		.ascii	"handleByteReceived\000"
 1530      6C654279 
 1530      74655265 
 1530      63656976 
 1530      656400
 1531              	.LASF10:
 1532 024f 756E7369 		.ascii	"unsigned int\000"
 1532      676E6564 
 1532      20696E74 
 1532      00
 1533              	.LASF32:
 1534 025c 73657470 		.ascii	"setpoint\000"
 1534      6F696E74 
 1534      00
 1535              	.LASF9:
 1536 0265 6C6F6E67 		.ascii	"long long unsigned int\000"
 1536      206C6F6E 
 1536      6720756E 
 1536      7369676E 
 1536      65642069 
 1537              	.LASF11:
 1538 027c 75696E74 		.ascii	"uint8_t\000"
 1538      385F7400 
 1539              	.LASF44:
 1540 0284 55415254 		.ascii	"UART_1_GetRxBufferSize\000"
 1540      5F315F47 
 1540      65745278 
 1540      42756666 
 1540      65725369 
 1541              	.LASF12:
 1542 029b 696E7433 		.ascii	"int32_t\000"
 1542      325F7400 
 1543              	.LASF17:
 1544 02a3 73697A65 		.ascii	"sizetype\000"
 1544      74797065 
 1544      00
 1545              	.LASF31:
 1546 02ac 6572726F 		.ascii	"error\000"
 1546      7200
 1547              	.LASF8:
 1548 02b2 6C6F6E67 		.ascii	"long long int\000"
 1548      206C6F6E 
 1548      6720696E 
 1548      7400
 1549              	.LASF33:
 1550 02c0 50494455 		.ascii	"PIDUpdate\000"
 1550      70646174 
 1550      6500
 1551              	.LASF46:
ARM GAS  C:\Users\andre\AppData\Local\Temp\ccjVV4uS.s 			page 33


 1552 02ca 6D61696E 		.ascii	"main.c\000"
 1552      2E6300
 1553              	.LASF15:
 1554 02d1 63686172 		.ascii	"char\000"
 1554      00
 1555              	.LASF26:
 1556 02d6 694D6178 		.ascii	"iMax\000"
 1556      00
 1557              	.LASF2:
 1558 02db 73686F72 		.ascii	"short int\000"
 1558      7420696E 
 1558      7400
 1559              	.LASF27:
 1560 02e5 6F757470 		.ascii	"output\000"
 1560      757400
 1561              	.LASF20:
 1562 02ec 55415254 		.ascii	"UART_HANDLER\000"
 1562      5F48414E 
 1562      444C4552 
 1562      00
 1563              	.LASF6:
 1564 02f9 6C6F6E67 		.ascii	"long int\000"
 1564      20696E74 
 1564      00
 1565              	.LASF16:
 1566 0302 6C6F6E67 		.ascii	"long double\000"
 1566      20646F75 
 1566      626C6500 
 1567              	.LASF0:
 1568 030e 7369676E 		.ascii	"signed char\000"
 1568      65642063 
 1568      68617200 
 1569              	.LASF36:
 1570 031a 55415254 		.ascii	"UART_1_PutString\000"
 1570      5F315F50 
 1570      75745374 
 1570      72696E67 
 1570      00
 1571              	.LASF22:
 1572 032b 62797465 		.ascii	"byteReceived\000"
 1572      52656365 
 1572      69766564 
 1572      00
 1573              		.ident	"GCC: (GNU Tools for ARM Embedded Processors) 5.4.1 20160609 (release) [ARM/embedded-5-bran
