ARM GAS  C:\Users\andre\AppData\Local\Temp\ccrTvY0Y.s 			page 1


   1              		.syntax unified
   2              		.cpu cortex-m3
   3              		.fpu softvfp
   4              		.eabi_attribute 20, 1
   5              		.eabi_attribute 21, 1
   6              		.eabi_attribute 23, 3
   7              		.eabi_attribute 24, 1
   8              		.eabi_attribute 25, 1
   9              		.eabi_attribute 26, 1
  10              		.eabi_attribute 30, 1
  11              		.eabi_attribute 34, 1
  12              		.eabi_attribute 18, 4
  13              		.thumb
  14              		.syntax unified
  15              		.file	"PIDController.c"
  16              		.text
  17              	.Ltext0:
  18              		.cfi_sections	.debug_frame
  19              		.global	__aeabi_fcmple
  20              		.section	.text.PIDStartUp,"ax",%progbits
  21              		.align	2
  22              		.global	PIDStartUp
  23              		.thumb
  24              		.thumb_func
  25              		.type	PIDStartUp, %function
  26              	PIDStartUp:
  27              	.LFB63:
  28              		.file 1 "PIDController.c"
   1:PIDController.c **** #include "PIDController.h"
   2:PIDController.c **** 
   3:PIDController.c **** float kp_ = 0;
   4:PIDController.c **** float ki_ = 0;
   5:PIDController.c **** float kd_ = 0;
   6:PIDController.c **** float iMin_ = 0;
   7:PIDController.c **** float iMax_ = 0;
   8:PIDController.c **** float dt_ = 0;
   9:PIDController.c **** float setpoint_ = 0;
  10:PIDController.c **** float previousError_ = 0;
  11:PIDController.c **** float i_ = 0;
  12:PIDController.c **** 
  13:PIDController.c **** 
  14:PIDController.c **** // The PIDStartUp function initializes the PID controller with the given parameters.
  15:PIDController.c **** // kp is the proportional gain factor, ki is the integral gain factor, and kd is the derivative gai
  16:PIDController.c **** // Additionally, iMax and iMin define the maximum and minimum limits for the integral term, respect
  17:PIDController.c **** // The time interval between each sample is specified by the parameter dt, in seconds.
  18:PIDController.c **** void PIDStartUp(float kp, float ki, float kd, float iMax, float iMin, float dt)
  19:PIDController.c **** {
  29              		.loc 1 19 0
  30              		.cfi_startproc
  31              		@ args = 8, pretend = 0, frame = 0
  32              		@ frame_needed = 0, uses_anonymous_args = 0
  33              	.LVL0:
  34 0000 F8B5     		push	{r3, r4, r5, r6, r7, lr}
  35              		.cfi_def_cfa_offset 24
  36              		.cfi_offset 3, -24
  37              		.cfi_offset 4, -20
  38              		.cfi_offset 5, -16
ARM GAS  C:\Users\andre\AppData\Local\Temp\ccrTvY0Y.s 			page 2


  39              		.cfi_offset 6, -12
  40              		.cfi_offset 7, -8
  41              		.cfi_offset 14, -4
  42 0002 0746     		mov	r7, r0
  43 0004 0E46     		mov	r6, r1
  44 0006 1546     		mov	r5, r2
  45 0008 1C46     		mov	r4, r3
  20:PIDController.c ****     if (dt_ <= 0 || iMax_<= iMin_)
  46              		.loc 1 20 0
  47 000a 0021     		movs	r1, #0
  48              	.LVL1:
  49 000c 0A4B     		ldr	r3, .L4
  50              	.LVL2:
  51 000e 1868     		ldr	r0, [r3]	@ float
  52              	.LVL3:
  53 0010 FFF7FEFF 		bl	__aeabi_fcmple
  54              	.LVL4:
  55 0014 70B9     		cbnz	r0, .L1
  56              		.loc 1 20 0 is_stmt 0 discriminator 1
  57 0016 084B     		ldr	r3, .L4
  58 0018 9968     		ldr	r1, [r3, #8]	@ float
  59 001a 5868     		ldr	r0, [r3, #4]	@ float
  60 001c FFF7FEFF 		bl	__aeabi_fcmple
  61              	.LVL5:
  62 0020 40B9     		cbnz	r0, .L1
  21:PIDController.c ****     {
  22:PIDController.c ****         //Error handling
  23:PIDController.c ****         return;
  24:PIDController.c ****     }
  25:PIDController.c ****     kp_ = kp;
  63              		.loc 1 25 0 is_stmt 1
  64 0022 054B     		ldr	r3, .L4
  65 0024 DF60     		str	r7, [r3, #12]	@ float
  26:PIDController.c ****     ki_ = ki;
  66              		.loc 1 26 0
  67 0026 1E61     		str	r6, [r3, #16]	@ float
  27:PIDController.c ****     kd_ = kd;
  68              		.loc 1 27 0
  69 0028 5D61     		str	r5, [r3, #20]	@ float
  28:PIDController.c ****     iMin_ = iMin;
  70              		.loc 1 28 0
  71 002a 069A     		ldr	r2, [sp, #24]	@ float
  72 002c 9A60     		str	r2, [r3, #8]	@ float
  29:PIDController.c ****     iMax_ = iMax;
  73              		.loc 1 29 0
  74 002e 5C60     		str	r4, [r3, #4]	@ float
  30:PIDController.c ****     dt_ = dt;
  75              		.loc 1 30 0
  76 0030 079A     		ldr	r2, [sp, #28]	@ float
  77 0032 1A60     		str	r2, [r3]	@ float
  78              	.L1:
  79 0034 F8BD     		pop	{r3, r4, r5, r6, r7, pc}
  80              	.LVL6:
  81              	.L5:
  82 0036 00BF     		.align	2
  83              	.L4:
  84 0038 00000000 		.word	.LANCHOR0
ARM GAS  C:\Users\andre\AppData\Local\Temp\ccrTvY0Y.s 			page 3


  85              		.cfi_endproc
  86              	.LFE63:
  87              		.size	PIDStartUp, .-PIDStartUp
  88              		.section	.text.PIDSetpointChange,"ax",%progbits
  89              		.align	2
  90              		.global	PIDSetpointChange
  91              		.thumb
  92              		.thumb_func
  93              		.type	PIDSetpointChange, %function
  94              	PIDSetpointChange:
  95              	.LFB64:
  31:PIDController.c **** }
  32:PIDController.c **** 
  33:PIDController.c **** //The PIDSetpointChange function updates the setpoint, which is the target value the system 
  34:PIDController.c **** //should reach. This target value is provided through the setpoint parameter.
  35:PIDController.c **** void PIDSetpointChange(float setpoint)
  36:PIDController.c **** {
  96              		.loc 1 36 0
  97              		.cfi_startproc
  98              		@ args = 0, pretend = 0, frame = 0
  99              		@ frame_needed = 0, uses_anonymous_args = 0
 100              		@ link register save eliminated.
 101              	.LVL7:
  37:PIDController.c ****     setpoint_ = setpoint;
 102              		.loc 1 37 0
 103 0000 014B     		ldr	r3, .L7
 104 0002 9861     		str	r0, [r3, #24]	@ float
 105 0004 7047     		bx	lr
 106              	.L8:
 107 0006 00BF     		.align	2
 108              	.L7:
 109 0008 00000000 		.word	.LANCHOR0
 110              		.cfi_endproc
 111              	.LFE64:
 112              		.size	PIDSetpointChange, .-PIDSetpointChange
 113              		.global	__aeabi_fsub
 114              		.global	__aeabi_fmul
 115              		.global	__aeabi_fadd
 116              		.global	__aeabi_fcmplt
 117              		.global	__aeabi_fcmpgt
 118              		.global	__aeabi_fdiv
 119              		.section	.text.PIDUpdate,"ax",%progbits
 120              		.align	2
 121              		.global	PIDUpdate
 122              		.thumb
 123              		.thumb_func
 124              		.type	PIDUpdate, %function
 125              	PIDUpdate:
 126              	.LFB65:
  38:PIDController.c **** }
  39:PIDController.c **** 
  40:PIDController.c **** 
  41:PIDController.c **** //The PIDUpdate function performs a single step of the PID control algorithm. 
  42:PIDController.c **** //The parameters proportional, integral, and derivative are useful for analysis or debugging, 
  43:PIDController.c **** //as they hold the values of the proportional, integral, and derivative terms respectively. 
  44:PIDController.c **** //The current system output is provided via the currentOutput parameter, and the PID controller’s
  45:PIDController.c **** float PIDUpdate(float currentOutput, float* proportional, float* integral, float* derivative)
ARM GAS  C:\Users\andre\AppData\Local\Temp\ccrTvY0Y.s 			page 4


  46:PIDController.c **** {
 127              		.loc 1 46 0
 128              		.cfi_startproc
 129              		@ args = 0, pretend = 0, frame = 0
 130              		@ frame_needed = 0, uses_anonymous_args = 0
 131              	.LVL8:
 132 0000 2DE9F84F 		push	{r3, r4, r5, r6, r7, r8, r9, r10, fp, lr}
 133              		.cfi_def_cfa_offset 40
 134              		.cfi_offset 3, -40
 135              		.cfi_offset 4, -36
 136              		.cfi_offset 5, -32
 137              		.cfi_offset 6, -28
 138              		.cfi_offset 7, -24
 139              		.cfi_offset 8, -20
 140              		.cfi_offset 9, -16
 141              		.cfi_offset 10, -12
 142              		.cfi_offset 11, -8
 143              		.cfi_offset 14, -4
 144 0004 8A46     		mov	r10, r1
 145 0006 9146     		mov	r9, r2
 146 0008 9846     		mov	r8, r3
 147              	.LVL9:
  47:PIDController.c ****     float output = 0;
  48:PIDController.c ****     float p = 0;
  49:PIDController.c ****     float i = 0;
  50:PIDController.c ****     float d = 0;
  51:PIDController.c ****     float currentError = 0;
  52:PIDController.c ****     
  53:PIDController.c ****     //Calculating the current error
  54:PIDController.c ****     currentError = setpoint_ - currentOutput;
 148              		.loc 1 54 0
 149 000a 264C     		ldr	r4, .L16
 150 000c 0146     		mov	r1, r0
 151              	.LVL10:
 152 000e A069     		ldr	r0, [r4, #24]	@ float
 153              	.LVL11:
 154 0010 FFF7FEFF 		bl	__aeabi_fsub
 155              	.LVL12:
 156 0014 0546     		mov	r5, r0
 157              	.LVL13:
  55:PIDController.c ****     
  56:PIDController.c ****     //Calculating the proportional part
  57:PIDController.c ****     p = kp_* currentError;
 158              		.loc 1 57 0
 159 0016 E168     		ldr	r1, [r4, #12]	@ float
 160 0018 FFF7FEFF 		bl	__aeabi_fmul
 161              	.LVL14:
 162 001c 0746     		mov	r7, r0
 163              	.LVL15:
  58:PIDController.c ****     
  59:PIDController.c ****     //Calculating the integral part
  60:PIDController.c ****     i_ += ki_ * (currentError * dt_);
 164              		.loc 1 60 0
 165 001e 2668     		ldr	r6, [r4]	@ float
 166 0020 3146     		mov	r1, r6
 167 0022 2846     		mov	r0, r5
 168              	.LVL16:
ARM GAS  C:\Users\andre\AppData\Local\Temp\ccrTvY0Y.s 			page 5


 169 0024 FFF7FEFF 		bl	__aeabi_fmul
 170              	.LVL17:
 171 0028 2169     		ldr	r1, [r4, #16]	@ float
 172 002a FFF7FEFF 		bl	__aeabi_fmul
 173              	.LVL18:
 174 002e E169     		ldr	r1, [r4, #28]	@ float
 175 0030 FFF7FEFF 		bl	__aeabi_fadd
 176              	.LVL19:
 177 0034 8346     		mov	fp, r0
  61:PIDController.c ****     
  62:PIDController.c ****     //Limits for the integral part
  63:PIDController.c ****     i_ = (i_ < iMin_) ? iMin_ : (i_ > iMax_) ? iMax_ : i_;
 178              		.loc 1 63 0
 179 0036 A468     		ldr	r4, [r4, #8]	@ float
 180 0038 2146     		mov	r1, r4
 181 003a FFF7FEFF 		bl	__aeabi_fcmplt
 182              	.LVL20:
 183 003e 38B9     		cbnz	r0, .L10
 184              		.loc 1 63 0 is_stmt 0 discriminator 2
 185 0040 184B     		ldr	r3, .L16
 186 0042 5C68     		ldr	r4, [r3, #4]	@ float
 187 0044 2146     		mov	r1, r4
 188 0046 5846     		mov	r0, fp
 189 0048 FFF7FEFF 		bl	__aeabi_fcmpgt
 190              	.LVL21:
 191 004c 00B9     		cbnz	r0, .L10
 192 004e 5C46     		mov	r4, fp
 193              	.L10:
 194              		.loc 1 63 0 discriminator 8
 195 0050 144B     		ldr	r3, .L16
 196 0052 DC61     		str	r4, [r3, #28]	@ float
 197              	.LVL22:
  64:PIDController.c ****     
  65:PIDController.c ****     //Assign to the i variable for possible debugging
  66:PIDController.c ****     i = i_;
  67:PIDController.c ****     
  68:PIDController.c ****     //Calculating the derivative part, and avoiding division by 0
  69:PIDController.c ****     d = (dt_ <= 0) ? 0: kd_ * (currentError - previousError_) / dt_;
 198              		.loc 1 69 0 is_stmt 1 discriminator 8
 199 0054 0021     		movs	r1, #0
 200 0056 3046     		mov	r0, r6
 201 0058 FFF7FEFF 		bl	__aeabi_fcmple
 202              	.LVL23:
 203 005c 78B9     		cbnz	r0, .L14
 204              		.loc 1 69 0 is_stmt 0 discriminator 2
 205 005e DFF844B0 		ldr	fp, .L16
 206 0062 DBF82010 		ldr	r1, [fp, #32]	@ float
 207 0066 2846     		mov	r0, r5
 208 0068 FFF7FEFF 		bl	__aeabi_fsub
 209              	.LVL24:
 210 006c DBF81410 		ldr	r1, [fp, #20]	@ float
 211 0070 FFF7FEFF 		bl	__aeabi_fmul
 212              	.LVL25:
 213 0074 3146     		mov	r1, r6
 214 0076 FFF7FEFF 		bl	__aeabi_fdiv
 215              	.LVL26:
 216 007a 0646     		mov	r6, r0
ARM GAS  C:\Users\andre\AppData\Local\Temp\ccrTvY0Y.s 			page 6


 217 007c 00E0     		b	.L12
 218              	.L14:
 219              		.loc 1 69 0
 220 007e 0026     		movs	r6, #0
 221              	.L12:
 222              	.LVL27:
  70:PIDController.c ****     
  71:PIDController.c ****     //Calculating the output
  72:PIDController.c ****     output = p + i + d;
 223              		.loc 1 72 0 is_stmt 1 discriminator 4
 224 0080 3946     		mov	r1, r7
 225 0082 2046     		mov	r0, r4
 226 0084 FFF7FEFF 		bl	__aeabi_fadd
 227              	.LVL28:
 228 0088 0146     		mov	r1, r0
 229 008a 3046     		mov	r0, r6
 230 008c FFF7FEFF 		bl	__aeabi_fadd
 231              	.LVL29:
  73:PIDController.c ****     
  74:PIDController.c ****     //Saving the p, i and d for analysis or debugging
  75:PIDController.c ****     *proportional = p;
 232              		.loc 1 75 0 discriminator 4
 233 0090 CAF80070 		str	r7, [r10]	@ float
  76:PIDController.c ****     *integral = i;
 234              		.loc 1 76 0 discriminator 4
 235 0094 C9F80040 		str	r4, [r9]	@ float
  77:PIDController.c ****     *derivative = d;
 236              		.loc 1 77 0 discriminator 4
 237 0098 C8F80060 		str	r6, [r8]	@ float
  78:PIDController.c ****     
  79:PIDController.c ****     //Saving the current error to later use
  80:PIDController.c ****     previousError_ = currentError;
 238              		.loc 1 80 0 discriminator 4
 239 009c 014B     		ldr	r3, .L16
 240 009e 1D62     		str	r5, [r3, #32]	@ float
  81:PIDController.c ****     
  82:PIDController.c ****     return output;
  83:PIDController.c **** }...
 241              		.loc 1 83 0 discriminator 4
 242 00a0 BDE8F88F 		pop	{r3, r4, r5, r6, r7, r8, r9, r10, fp, pc}
 243              	.LVL30:
 244              	.L17:
 245              		.align	2
 246              	.L16:
 247 00a4 00000000 		.word	.LANCHOR0
 248              		.cfi_endproc
 249              	.LFE65:
 250              		.size	PIDUpdate, .-PIDUpdate
 251              		.global	i_
 252              		.global	previousError_
 253              		.global	setpoint_
 254              		.global	dt_
 255              		.global	iMax_
 256              		.global	iMin_
 257              		.global	kd_
 258              		.global	ki_
 259              		.global	kp_
ARM GAS  C:\Users\andre\AppData\Local\Temp\ccrTvY0Y.s 			page 7


 260              		.bss
 261              		.align	2
 262              		.set	.LANCHOR0,. + 0
 263              		.type	dt_, %object
 264              		.size	dt_, 4
 265              	dt_:
 266 0000 00000000 		.space	4
 267              		.type	iMax_, %object
 268              		.size	iMax_, 4
 269              	iMax_:
 270 0004 00000000 		.space	4
 271              		.type	iMin_, %object
 272              		.size	iMin_, 4
 273              	iMin_:
 274 0008 00000000 		.space	4
 275              		.type	kp_, %object
 276              		.size	kp_, 4
 277              	kp_:
 278 000c 00000000 		.space	4
 279              		.type	ki_, %object
 280              		.size	ki_, 4
 281              	ki_:
 282 0010 00000000 		.space	4
 283              		.type	kd_, %object
 284              		.size	kd_, 4
 285              	kd_:
 286 0014 00000000 		.space	4
 287              		.type	setpoint_, %object
 288              		.size	setpoint_, 4
 289              	setpoint_:
 290 0018 00000000 		.space	4
 291              		.type	i_, %object
 292              		.size	i_, 4
 293              	i_:
 294 001c 00000000 		.space	4
 295              		.type	previousError_, %object
 296              		.size	previousError_, 4
 297              	previousError_:
 298 0020 00000000 		.space	4
 299              		.text
 300              	.Letext0:
 301              		.file 2 "c:\\program files (x86)\\cypress\\psoc creator\\4.4\\psoc creator\\import\\gnu\\arm\\5.4.
 302              		.file 3 "c:\\program files (x86)\\cypress\\psoc creator\\4.4\\psoc creator\\import\\gnu\\arm\\5.4.
 303              		.file 4 "Generated_Source\\PSoC5/core_cm3.h"
 304              		.section	.debug_info,"",%progbits
 305              	.Ldebug_info0:
 306 0000 7A020000 		.4byte	0x27a
 307 0004 0400     		.2byte	0x4
 308 0006 00000000 		.4byte	.Ldebug_abbrev0
 309 000a 04       		.byte	0x4
 310 000b 01       		.uleb128 0x1
 311 000c E3000000 		.4byte	.LASF32
 312 0010 0C       		.byte	0xc
 313 0011 80010000 		.4byte	.LASF33
 314 0015 2D000000 		.4byte	.LASF34
 315 0019 00000000 		.4byte	.Ldebug_ranges0+0
 316 001d 00000000 		.4byte	0
ARM GAS  C:\Users\andre\AppData\Local\Temp\ccrTvY0Y.s 			page 8


 317 0021 00000000 		.4byte	.Ldebug_line0
 318 0025 02       		.uleb128 0x2
 319 0026 04       		.byte	0x4
 320 0027 04       		.byte	0x4
 321 0028 B8000000 		.4byte	.LASF0
 322 002c 02       		.uleb128 0x2
 323 002d 01       		.byte	0x1
 324 002e 06       		.byte	0x6
 325 002f 77020000 		.4byte	.LASF1
 326 0033 02       		.uleb128 0x2
 327 0034 01       		.byte	0x1
 328 0035 08       		.byte	0x8
 329 0036 D5000000 		.4byte	.LASF2
 330 003a 02       		.uleb128 0x2
 331 003b 02       		.byte	0x2
 332 003c 05       		.byte	0x5
 333 003d 40020000 		.4byte	.LASF3
 334 0041 02       		.uleb128 0x2
 335 0042 02       		.byte	0x2
 336 0043 07       		.byte	0x7
 337 0044 13000000 		.4byte	.LASF4
 338 0048 03       		.uleb128 0x3
 339 0049 09000000 		.4byte	.LASF10
 340 004d 02       		.byte	0x2
 341 004e 3F       		.byte	0x3f
 342 004f 53000000 		.4byte	0x53
 343 0053 02       		.uleb128 0x2
 344 0054 04       		.byte	0x4
 345 0055 05       		.byte	0x5
 346 0056 62020000 		.4byte	.LASF5
 347 005a 02       		.uleb128 0x2
 348 005b 04       		.byte	0x4
 349 005c 07       		.byte	0x7
 350 005d AA010000 		.4byte	.LASF6
 351 0061 02       		.uleb128 0x2
 352 0062 08       		.byte	0x8
 353 0063 05       		.byte	0x5
 354 0064 10020000 		.4byte	.LASF7
 355 0068 02       		.uleb128 0x2
 356 0069 08       		.byte	0x8
 357 006a 07       		.byte	0x7
 358 006b BE000000 		.4byte	.LASF8
 359 006f 04       		.uleb128 0x4
 360 0070 04       		.byte	0x4
 361 0071 05       		.byte	0x5
 362 0072 696E7400 		.ascii	"int\000"
 363 0076 02       		.uleb128 0x2
 364 0077 04       		.byte	0x4
 365 0078 07       		.byte	0x7
 366 0079 C2010000 		.4byte	.LASF9
 367 007d 03       		.uleb128 0x3
 368 007e A6000000 		.4byte	.LASF11
 369 0082 03       		.byte	0x3
 370 0083 2C       		.byte	0x2c
 371 0084 48000000 		.4byte	0x48
 372 0088 02       		.uleb128 0x2
 373 0089 08       		.byte	0x8
ARM GAS  C:\Users\andre\AppData\Local\Temp\ccrTvY0Y.s 			page 9


 374 008a 04       		.byte	0x4
 375 008b 26000000 		.4byte	.LASF12
 376 008f 02       		.uleb128 0x2
 377 0090 01       		.byte	0x1
 378 0091 08       		.byte	0x8
 379 0092 28020000 		.4byte	.LASF13
 380 0096 02       		.uleb128 0x2
 381 0097 08       		.byte	0x8
 382 0098 04       		.byte	0x4
 383 0099 6B020000 		.4byte	.LASF14
 384 009d 02       		.uleb128 0x2
 385 009e 04       		.byte	0x4
 386 009f 07       		.byte	0x7
 387 00a0 02020000 		.4byte	.LASF15
 388 00a4 05       		.uleb128 0x5
 389 00a5 E5010000 		.4byte	.LASF18
 390 00a9 01       		.byte	0x1
 391 00aa 12       		.byte	0x12
 392 00ab 00000000 		.4byte	.LFB63
 393 00af 3C000000 		.4byte	.LFE63-.LFB63
 394 00b3 01       		.uleb128 0x1
 395 00b4 9C       		.byte	0x9c
 396 00b5 10010000 		.4byte	0x110
 397 00b9 06       		.uleb128 0x6
 398 00ba 6B7000   		.ascii	"kp\000"
 399 00bd 01       		.byte	0x1
 400 00be 12       		.byte	0x12
 401 00bf 25000000 		.4byte	0x25
 402 00c3 00000000 		.4byte	.LLST0
 403 00c7 06       		.uleb128 0x6
 404 00c8 6B6900   		.ascii	"ki\000"
 405 00cb 01       		.byte	0x1
 406 00cc 12       		.byte	0x12
 407 00cd 25000000 		.4byte	0x25
 408 00d1 2E000000 		.4byte	.LLST1
 409 00d5 06       		.uleb128 0x6
 410 00d6 6B6400   		.ascii	"kd\000"
 411 00d9 01       		.byte	0x1
 412 00da 12       		.byte	0x12
 413 00db 25000000 		.4byte	0x25
 414 00df 5C000000 		.4byte	.LLST2
 415 00e3 07       		.uleb128 0x7
 416 00e4 2D020000 		.4byte	.LASF16
 417 00e8 01       		.byte	0x1
 418 00e9 12       		.byte	0x12
 419 00ea 25000000 		.4byte	0x25
 420 00ee 8A000000 		.4byte	.LLST3
 421 00f2 07       		.uleb128 0x7
 422 00f3 0B020000 		.4byte	.LASF17
 423 00f7 01       		.byte	0x1
 424 00f8 12       		.byte	0x12
 425 00f9 25000000 		.4byte	0x25
 426 00fd B8000000 		.4byte	.LLST4
 427 0101 06       		.uleb128 0x6
 428 0102 647400   		.ascii	"dt\000"
 429 0105 01       		.byte	0x1
 430 0106 12       		.byte	0x12
ARM GAS  C:\Users\andre\AppData\Local\Temp\ccrTvY0Y.s 			page 10


 431 0107 25000000 		.4byte	0x25
 432 010b D8000000 		.4byte	.LLST5
 433 010f 00       		.byte	0
 434 0110 08       		.uleb128 0x8
 435 0111 F0010000 		.4byte	.LASF19
 436 0115 01       		.byte	0x1
 437 0116 23       		.byte	0x23
 438 0117 00000000 		.4byte	.LFB64
 439 011b 0C000000 		.4byte	.LFE64-.LFB64
 440 011f 01       		.uleb128 0x1
 441 0120 9C       		.byte	0x9c
 442 0121 33010000 		.4byte	0x133
 443 0125 09       		.uleb128 0x9
 444 0126 DC010000 		.4byte	.LASF20
 445 012a 01       		.byte	0x1
 446 012b 23       		.byte	0x23
 447 012c 25000000 		.4byte	0x25
 448 0130 01       		.uleb128 0x1
 449 0131 50       		.byte	0x50
 450 0132 00       		.byte	0
 451 0133 0A       		.uleb128 0xa
 452 0134 1E020000 		.4byte	.LASF35
 453 0138 01       		.byte	0x1
 454 0139 2D       		.byte	0x2d
 455 013a 25000000 		.4byte	0x25
 456 013e 00000000 		.4byte	.LFB65
 457 0142 A8000000 		.4byte	.LFE65-.LFB65
 458 0146 01       		.uleb128 0x1
 459 0147 9C       		.byte	0x9c
 460 0148 CE010000 		.4byte	0x1ce
 461 014c 07       		.uleb128 0x7
 462 014d 32020000 		.4byte	.LASF21
 463 0151 01       		.byte	0x1
 464 0152 2D       		.byte	0x2d
 465 0153 25000000 		.4byte	0x25
 466 0157 F8000000 		.4byte	.LLST6
 467 015b 07       		.uleb128 0x7
 468 015c 90010000 		.4byte	.LASF22
 469 0160 01       		.byte	0x1
 470 0161 2D       		.byte	0x2d
 471 0162 CE010000 		.4byte	0x1ce
 472 0166 26010000 		.4byte	.LLST7
 473 016a 07       		.uleb128 0x7
 474 016b 00000000 		.4byte	.LASF23
 475 016f 01       		.byte	0x1
 476 0170 2D       		.byte	0x2d
 477 0171 CE010000 		.4byte	0x1ce
 478 0175 52010000 		.4byte	.LLST8
 479 0179 07       		.uleb128 0x7
 480 017a 57020000 		.4byte	.LASF24
 481 017e 01       		.byte	0x1
 482 017f 2D       		.byte	0x2d
 483 0180 CE010000 		.4byte	0x1ce
 484 0184 7E010000 		.4byte	.LLST9
 485 0188 0B       		.uleb128 0xb
 486 0189 4A020000 		.4byte	.LASF25
 487 018d 01       		.byte	0x1
ARM GAS  C:\Users\andre\AppData\Local\Temp\ccrTvY0Y.s 			page 11


 488 018e 2F       		.byte	0x2f
 489 018f 25000000 		.4byte	0x25
 490 0193 AA010000 		.4byte	.LLST10
 491 0197 0C       		.uleb128 0xc
 492 0198 7000     		.ascii	"p\000"
 493 019a 01       		.byte	0x1
 494 019b 30       		.byte	0x30
 495 019c 25000000 		.4byte	0x25
 496 01a0 CD010000 		.4byte	.LLST11
 497 01a4 0C       		.uleb128 0xc
 498 01a5 6900     		.ascii	"i\000"
 499 01a7 01       		.byte	0x1
 500 01a8 31       		.byte	0x31
 501 01a9 25000000 		.4byte	0x25
 502 01ad FB010000 		.4byte	.LLST12
 503 01b1 0C       		.uleb128 0xc
 504 01b2 6400     		.ascii	"d\000"
 505 01b4 01       		.byte	0x1
 506 01b5 32       		.byte	0x32
 507 01b6 25000000 		.4byte	0x25
 508 01ba 1E020000 		.4byte	.LLST13
 509 01be 0B       		.uleb128 0xb
 510 01bf CF010000 		.4byte	.LASF26
 511 01c3 01       		.byte	0x1
 512 01c4 33       		.byte	0x33
 513 01c5 25000000 		.4byte	0x25
 514 01c9 41020000 		.4byte	.LLST14
 515 01cd 00       		.byte	0
 516 01ce 0D       		.uleb128 0xd
 517 01cf 04       		.byte	0x4
 518 01d0 25000000 		.4byte	0x25
 519 01d4 0E       		.uleb128 0xe
 520 01d5 9D010000 		.4byte	.LASF27
 521 01d9 04       		.byte	0x4
 522 01da 1207     		.2byte	0x712
 523 01dc E0010000 		.4byte	0x1e0
 524 01e0 0F       		.uleb128 0xf
 525 01e1 7D000000 		.4byte	0x7d
 526 01e5 10       		.uleb128 0x10
 527 01e6 6B705F00 		.ascii	"kp_\000"
 528 01ea 01       		.byte	0x1
 529 01eb 03       		.byte	0x3
 530 01ec 25000000 		.4byte	0x25
 531 01f0 05       		.uleb128 0x5
 532 01f1 03       		.byte	0x3
 533 01f2 00000000 		.4byte	kp_
 534 01f6 10       		.uleb128 0x10
 535 01f7 6B695F00 		.ascii	"ki_\000"
 536 01fb 01       		.byte	0x1
 537 01fc 04       		.byte	0x4
 538 01fd 25000000 		.4byte	0x25
 539 0201 05       		.uleb128 0x5
 540 0202 03       		.byte	0x3
 541 0203 00000000 		.4byte	ki_
 542 0207 10       		.uleb128 0x10
 543 0208 6B645F00 		.ascii	"kd_\000"
 544 020c 01       		.byte	0x1
ARM GAS  C:\Users\andre\AppData\Local\Temp\ccrTvY0Y.s 			page 12


 545 020d 05       		.byte	0x5
 546 020e 25000000 		.4byte	0x25
 547 0212 05       		.uleb128 0x5
 548 0213 03       		.byte	0x3
 549 0214 00000000 		.4byte	kd_
 550 0218 11       		.uleb128 0x11
 551 0219 51020000 		.4byte	.LASF28
 552 021d 01       		.byte	0x1
 553 021e 06       		.byte	0x6
 554 021f 25000000 		.4byte	0x25
 555 0223 05       		.uleb128 0x5
 556 0224 03       		.byte	0x3
 557 0225 00000000 		.4byte	iMin_
 558 0229 11       		.uleb128 0x11
 559 022a BC010000 		.4byte	.LASF29
 560 022e 01       		.byte	0x1
 561 022f 07       		.byte	0x7
 562 0230 25000000 		.4byte	0x25
 563 0234 05       		.uleb128 0x5
 564 0235 03       		.byte	0x3
 565 0236 00000000 		.4byte	iMax_
 566 023a 10       		.uleb128 0x10
 567 023b 64745F00 		.ascii	"dt_\000"
 568 023f 01       		.byte	0x1
 569 0240 08       		.byte	0x8
 570 0241 25000000 		.4byte	0x25
 571 0245 05       		.uleb128 0x5
 572 0246 03       		.byte	0x3
 573 0247 00000000 		.4byte	dt_
 574 024b 11       		.uleb128 0x11
 575 024c AE000000 		.4byte	.LASF30
 576 0250 01       		.byte	0x1
 577 0251 09       		.byte	0x9
 578 0252 25000000 		.4byte	0x25
 579 0256 05       		.uleb128 0x5
 580 0257 03       		.byte	0x3
 581 0258 00000000 		.4byte	setpoint_
 582 025c 11       		.uleb128 0x11
 583 025d 71010000 		.4byte	.LASF31
 584 0261 01       		.byte	0x1
 585 0262 0A       		.byte	0xa
 586 0263 25000000 		.4byte	0x25
 587 0267 05       		.uleb128 0x5
 588 0268 03       		.byte	0x3
 589 0269 00000000 		.4byte	previousError_
 590 026d 10       		.uleb128 0x10
 591 026e 695F00   		.ascii	"i_\000"
 592 0271 01       		.byte	0x1
 593 0272 0B       		.byte	0xb
 594 0273 25000000 		.4byte	0x25
 595 0277 05       		.uleb128 0x5
 596 0278 03       		.byte	0x3
 597 0279 00000000 		.4byte	i_
 598 027d 00       		.byte	0
 599              		.section	.debug_abbrev,"",%progbits
 600              	.Ldebug_abbrev0:
 601 0000 01       		.uleb128 0x1
ARM GAS  C:\Users\andre\AppData\Local\Temp\ccrTvY0Y.s 			page 13


 602 0001 11       		.uleb128 0x11
 603 0002 01       		.byte	0x1
 604 0003 25       		.uleb128 0x25
 605 0004 0E       		.uleb128 0xe
 606 0005 13       		.uleb128 0x13
 607 0006 0B       		.uleb128 0xb
 608 0007 03       		.uleb128 0x3
 609 0008 0E       		.uleb128 0xe
 610 0009 1B       		.uleb128 0x1b
 611 000a 0E       		.uleb128 0xe
 612 000b 55       		.uleb128 0x55
 613 000c 17       		.uleb128 0x17
 614 000d 11       		.uleb128 0x11
 615 000e 01       		.uleb128 0x1
 616 000f 10       		.uleb128 0x10
 617 0010 17       		.uleb128 0x17
 618 0011 00       		.byte	0
 619 0012 00       		.byte	0
 620 0013 02       		.uleb128 0x2
 621 0014 24       		.uleb128 0x24
 622 0015 00       		.byte	0
 623 0016 0B       		.uleb128 0xb
 624 0017 0B       		.uleb128 0xb
 625 0018 3E       		.uleb128 0x3e
 626 0019 0B       		.uleb128 0xb
 627 001a 03       		.uleb128 0x3
 628 001b 0E       		.uleb128 0xe
 629 001c 00       		.byte	0
 630 001d 00       		.byte	0
 631 001e 03       		.uleb128 0x3
 632 001f 16       		.uleb128 0x16
 633 0020 00       		.byte	0
 634 0021 03       		.uleb128 0x3
 635 0022 0E       		.uleb128 0xe
 636 0023 3A       		.uleb128 0x3a
 637 0024 0B       		.uleb128 0xb
 638 0025 3B       		.uleb128 0x3b
 639 0026 0B       		.uleb128 0xb
 640 0027 49       		.uleb128 0x49
 641 0028 13       		.uleb128 0x13
 642 0029 00       		.byte	0
 643 002a 00       		.byte	0
 644 002b 04       		.uleb128 0x4
 645 002c 24       		.uleb128 0x24
 646 002d 00       		.byte	0
 647 002e 0B       		.uleb128 0xb
 648 002f 0B       		.uleb128 0xb
 649 0030 3E       		.uleb128 0x3e
 650 0031 0B       		.uleb128 0xb
 651 0032 03       		.uleb128 0x3
 652 0033 08       		.uleb128 0x8
 653 0034 00       		.byte	0
 654 0035 00       		.byte	0
 655 0036 05       		.uleb128 0x5
 656 0037 2E       		.uleb128 0x2e
 657 0038 01       		.byte	0x1
 658 0039 3F       		.uleb128 0x3f
ARM GAS  C:\Users\andre\AppData\Local\Temp\ccrTvY0Y.s 			page 14


 659 003a 19       		.uleb128 0x19
 660 003b 03       		.uleb128 0x3
 661 003c 0E       		.uleb128 0xe
 662 003d 3A       		.uleb128 0x3a
 663 003e 0B       		.uleb128 0xb
 664 003f 3B       		.uleb128 0x3b
 665 0040 0B       		.uleb128 0xb
 666 0041 27       		.uleb128 0x27
 667 0042 19       		.uleb128 0x19
 668 0043 11       		.uleb128 0x11
 669 0044 01       		.uleb128 0x1
 670 0045 12       		.uleb128 0x12
 671 0046 06       		.uleb128 0x6
 672 0047 40       		.uleb128 0x40
 673 0048 18       		.uleb128 0x18
 674 0049 9642     		.uleb128 0x2116
 675 004b 19       		.uleb128 0x19
 676 004c 01       		.uleb128 0x1
 677 004d 13       		.uleb128 0x13
 678 004e 00       		.byte	0
 679 004f 00       		.byte	0
 680 0050 06       		.uleb128 0x6
 681 0051 05       		.uleb128 0x5
 682 0052 00       		.byte	0
 683 0053 03       		.uleb128 0x3
 684 0054 08       		.uleb128 0x8
 685 0055 3A       		.uleb128 0x3a
 686 0056 0B       		.uleb128 0xb
 687 0057 3B       		.uleb128 0x3b
 688 0058 0B       		.uleb128 0xb
 689 0059 49       		.uleb128 0x49
 690 005a 13       		.uleb128 0x13
 691 005b 02       		.uleb128 0x2
 692 005c 17       		.uleb128 0x17
 693 005d 00       		.byte	0
 694 005e 00       		.byte	0
 695 005f 07       		.uleb128 0x7
 696 0060 05       		.uleb128 0x5
 697 0061 00       		.byte	0
 698 0062 03       		.uleb128 0x3
 699 0063 0E       		.uleb128 0xe
 700 0064 3A       		.uleb128 0x3a
 701 0065 0B       		.uleb128 0xb
 702 0066 3B       		.uleb128 0x3b
 703 0067 0B       		.uleb128 0xb
 704 0068 49       		.uleb128 0x49
 705 0069 13       		.uleb128 0x13
 706 006a 02       		.uleb128 0x2
 707 006b 17       		.uleb128 0x17
 708 006c 00       		.byte	0
 709 006d 00       		.byte	0
 710 006e 08       		.uleb128 0x8
 711 006f 2E       		.uleb128 0x2e
 712 0070 01       		.byte	0x1
 713 0071 3F       		.uleb128 0x3f
 714 0072 19       		.uleb128 0x19
 715 0073 03       		.uleb128 0x3
ARM GAS  C:\Users\andre\AppData\Local\Temp\ccrTvY0Y.s 			page 15


 716 0074 0E       		.uleb128 0xe
 717 0075 3A       		.uleb128 0x3a
 718 0076 0B       		.uleb128 0xb
 719 0077 3B       		.uleb128 0x3b
 720 0078 0B       		.uleb128 0xb
 721 0079 27       		.uleb128 0x27
 722 007a 19       		.uleb128 0x19
 723 007b 11       		.uleb128 0x11
 724 007c 01       		.uleb128 0x1
 725 007d 12       		.uleb128 0x12
 726 007e 06       		.uleb128 0x6
 727 007f 40       		.uleb128 0x40
 728 0080 18       		.uleb128 0x18
 729 0081 9742     		.uleb128 0x2117
 730 0083 19       		.uleb128 0x19
 731 0084 01       		.uleb128 0x1
 732 0085 13       		.uleb128 0x13
 733 0086 00       		.byte	0
 734 0087 00       		.byte	0
 735 0088 09       		.uleb128 0x9
 736 0089 05       		.uleb128 0x5
 737 008a 00       		.byte	0
 738 008b 03       		.uleb128 0x3
 739 008c 0E       		.uleb128 0xe
 740 008d 3A       		.uleb128 0x3a
 741 008e 0B       		.uleb128 0xb
 742 008f 3B       		.uleb128 0x3b
 743 0090 0B       		.uleb128 0xb
 744 0091 49       		.uleb128 0x49
 745 0092 13       		.uleb128 0x13
 746 0093 02       		.uleb128 0x2
 747 0094 18       		.uleb128 0x18
 748 0095 00       		.byte	0
 749 0096 00       		.byte	0
 750 0097 0A       		.uleb128 0xa
 751 0098 2E       		.uleb128 0x2e
 752 0099 01       		.byte	0x1
 753 009a 3F       		.uleb128 0x3f
 754 009b 19       		.uleb128 0x19
 755 009c 03       		.uleb128 0x3
 756 009d 0E       		.uleb128 0xe
 757 009e 3A       		.uleb128 0x3a
 758 009f 0B       		.uleb128 0xb
 759 00a0 3B       		.uleb128 0x3b
 760 00a1 0B       		.uleb128 0xb
 761 00a2 27       		.uleb128 0x27
 762 00a3 19       		.uleb128 0x19
 763 00a4 49       		.uleb128 0x49
 764 00a5 13       		.uleb128 0x13
 765 00a6 11       		.uleb128 0x11
 766 00a7 01       		.uleb128 0x1
 767 00a8 12       		.uleb128 0x12
 768 00a9 06       		.uleb128 0x6
 769 00aa 40       		.uleb128 0x40
 770 00ab 18       		.uleb128 0x18
 771 00ac 9642     		.uleb128 0x2116
 772 00ae 19       		.uleb128 0x19
ARM GAS  C:\Users\andre\AppData\Local\Temp\ccrTvY0Y.s 			page 16


 773 00af 01       		.uleb128 0x1
 774 00b0 13       		.uleb128 0x13
 775 00b1 00       		.byte	0
 776 00b2 00       		.byte	0
 777 00b3 0B       		.uleb128 0xb
 778 00b4 34       		.uleb128 0x34
 779 00b5 00       		.byte	0
 780 00b6 03       		.uleb128 0x3
 781 00b7 0E       		.uleb128 0xe
 782 00b8 3A       		.uleb128 0x3a
 783 00b9 0B       		.uleb128 0xb
 784 00ba 3B       		.uleb128 0x3b
 785 00bb 0B       		.uleb128 0xb
 786 00bc 49       		.uleb128 0x49
 787 00bd 13       		.uleb128 0x13
 788 00be 02       		.uleb128 0x2
 789 00bf 17       		.uleb128 0x17
 790 00c0 00       		.byte	0
 791 00c1 00       		.byte	0
 792 00c2 0C       		.uleb128 0xc
 793 00c3 34       		.uleb128 0x34
 794 00c4 00       		.byte	0
 795 00c5 03       		.uleb128 0x3
 796 00c6 08       		.uleb128 0x8
 797 00c7 3A       		.uleb128 0x3a
 798 00c8 0B       		.uleb128 0xb
 799 00c9 3B       		.uleb128 0x3b
 800 00ca 0B       		.uleb128 0xb
 801 00cb 49       		.uleb128 0x49
 802 00cc 13       		.uleb128 0x13
 803 00cd 02       		.uleb128 0x2
 804 00ce 17       		.uleb128 0x17
 805 00cf 00       		.byte	0
 806 00d0 00       		.byte	0
 807 00d1 0D       		.uleb128 0xd
 808 00d2 0F       		.uleb128 0xf
 809 00d3 00       		.byte	0
 810 00d4 0B       		.uleb128 0xb
 811 00d5 0B       		.uleb128 0xb
 812 00d6 49       		.uleb128 0x49
 813 00d7 13       		.uleb128 0x13
 814 00d8 00       		.byte	0
 815 00d9 00       		.byte	0
 816 00da 0E       		.uleb128 0xe
 817 00db 34       		.uleb128 0x34
 818 00dc 00       		.byte	0
 819 00dd 03       		.uleb128 0x3
 820 00de 0E       		.uleb128 0xe
 821 00df 3A       		.uleb128 0x3a
 822 00e0 0B       		.uleb128 0xb
 823 00e1 3B       		.uleb128 0x3b
 824 00e2 05       		.uleb128 0x5
 825 00e3 49       		.uleb128 0x49
 826 00e4 13       		.uleb128 0x13
 827 00e5 3F       		.uleb128 0x3f
 828 00e6 19       		.uleb128 0x19
 829 00e7 3C       		.uleb128 0x3c
ARM GAS  C:\Users\andre\AppData\Local\Temp\ccrTvY0Y.s 			page 17


 830 00e8 19       		.uleb128 0x19
 831 00e9 00       		.byte	0
 832 00ea 00       		.byte	0
 833 00eb 0F       		.uleb128 0xf
 834 00ec 35       		.uleb128 0x35
 835 00ed 00       		.byte	0
 836 00ee 49       		.uleb128 0x49
 837 00ef 13       		.uleb128 0x13
 838 00f0 00       		.byte	0
 839 00f1 00       		.byte	0
 840 00f2 10       		.uleb128 0x10
 841 00f3 34       		.uleb128 0x34
 842 00f4 00       		.byte	0
 843 00f5 03       		.uleb128 0x3
 844 00f6 08       		.uleb128 0x8
 845 00f7 3A       		.uleb128 0x3a
 846 00f8 0B       		.uleb128 0xb
 847 00f9 3B       		.uleb128 0x3b
 848 00fa 0B       		.uleb128 0xb
 849 00fb 49       		.uleb128 0x49
 850 00fc 13       		.uleb128 0x13
 851 00fd 3F       		.uleb128 0x3f
 852 00fe 19       		.uleb128 0x19
 853 00ff 02       		.uleb128 0x2
 854 0100 18       		.uleb128 0x18
 855 0101 00       		.byte	0
 856 0102 00       		.byte	0
 857 0103 11       		.uleb128 0x11
 858 0104 34       		.uleb128 0x34
 859 0105 00       		.byte	0
 860 0106 03       		.uleb128 0x3
 861 0107 0E       		.uleb128 0xe
 862 0108 3A       		.uleb128 0x3a
 863 0109 0B       		.uleb128 0xb
 864 010a 3B       		.uleb128 0x3b
 865 010b 0B       		.uleb128 0xb
 866 010c 49       		.uleb128 0x49
 867 010d 13       		.uleb128 0x13
 868 010e 3F       		.uleb128 0x3f
 869 010f 19       		.uleb128 0x19
 870 0110 02       		.uleb128 0x2
 871 0111 18       		.uleb128 0x18
 872 0112 00       		.byte	0
 873 0113 00       		.byte	0
 874 0114 00       		.byte	0
 875              		.section	.debug_loc,"",%progbits
 876              	.Ldebug_loc0:
 877              	.LLST0:
 878 0000 00000000 		.4byte	.LVL0
 879 0004 10000000 		.4byte	.LVL3
 880 0008 0100     		.2byte	0x1
 881 000a 50       		.byte	0x50
 882 000b 10000000 		.4byte	.LVL3
 883 000f 36000000 		.4byte	.LVL6
 884 0013 0100     		.2byte	0x1
 885 0015 57       		.byte	0x57
 886 0016 36000000 		.4byte	.LVL6
ARM GAS  C:\Users\andre\AppData\Local\Temp\ccrTvY0Y.s 			page 18


 887 001a 3C000000 		.4byte	.LFE63
 888 001e 0600     		.2byte	0x6
 889 0020 F3       		.byte	0xf3
 890 0021 03       		.uleb128 0x3
 891 0022 F5       		.byte	0xf5
 892 0023 00       		.uleb128 0
 893 0024 25       		.uleb128 0x25
 894 0025 9F       		.byte	0x9f
 895 0026 00000000 		.4byte	0
 896 002a 00000000 		.4byte	0
 897              	.LLST1:
 898 002e 00000000 		.4byte	.LVL0
 899 0032 0C000000 		.4byte	.LVL1
 900 0036 0100     		.2byte	0x1
 901 0038 51       		.byte	0x51
 902 0039 0C000000 		.4byte	.LVL1
 903 003d 36000000 		.4byte	.LVL6
 904 0041 0100     		.2byte	0x1
 905 0043 56       		.byte	0x56
 906 0044 36000000 		.4byte	.LVL6
 907 0048 3C000000 		.4byte	.LFE63
 908 004c 0600     		.2byte	0x6
 909 004e F3       		.byte	0xf3
 910 004f 03       		.uleb128 0x3
 911 0050 F5       		.byte	0xf5
 912 0051 01       		.uleb128 0x1
 913 0052 25       		.uleb128 0x25
 914 0053 9F       		.byte	0x9f
 915 0054 00000000 		.4byte	0
 916 0058 00000000 		.4byte	0
 917              	.LLST2:
 918 005c 00000000 		.4byte	.LVL0
 919 0060 13000000 		.4byte	.LVL4-1
 920 0064 0100     		.2byte	0x1
 921 0066 52       		.byte	0x52
 922 0067 13000000 		.4byte	.LVL4-1
 923 006b 36000000 		.4byte	.LVL6
 924 006f 0100     		.2byte	0x1
 925 0071 55       		.byte	0x55
 926 0072 36000000 		.4byte	.LVL6
 927 0076 3C000000 		.4byte	.LFE63
 928 007a 0600     		.2byte	0x6
 929 007c F3       		.byte	0xf3
 930 007d 03       		.uleb128 0x3
 931 007e F5       		.byte	0xf5
 932 007f 02       		.uleb128 0x2
 933 0080 25       		.uleb128 0x25
 934 0081 9F       		.byte	0x9f
 935 0082 00000000 		.4byte	0
 936 0086 00000000 		.4byte	0
 937              	.LLST3:
 938 008a 00000000 		.4byte	.LVL0
 939 008e 0E000000 		.4byte	.LVL2
 940 0092 0100     		.2byte	0x1
 941 0094 53       		.byte	0x53
 942 0095 0E000000 		.4byte	.LVL2
 943 0099 36000000 		.4byte	.LVL6
ARM GAS  C:\Users\andre\AppData\Local\Temp\ccrTvY0Y.s 			page 19


 944 009d 0100     		.2byte	0x1
 945 009f 54       		.byte	0x54
 946 00a0 36000000 		.4byte	.LVL6
 947 00a4 3C000000 		.4byte	.LFE63
 948 00a8 0600     		.2byte	0x6
 949 00aa F3       		.byte	0xf3
 950 00ab 03       		.uleb128 0x3
 951 00ac F5       		.byte	0xf5
 952 00ad 03       		.uleb128 0x3
 953 00ae 25       		.uleb128 0x25
 954 00af 9F       		.byte	0x9f
 955 00b0 00000000 		.4byte	0
 956 00b4 00000000 		.4byte	0
 957              	.LLST4:
 958 00b8 00000000 		.4byte	.LVL0
 959 00bc 36000000 		.4byte	.LVL6
 960 00c0 0200     		.2byte	0x2
 961 00c2 91       		.byte	0x91
 962 00c3 00       		.sleb128 0
 963 00c4 36000000 		.4byte	.LVL6
 964 00c8 3C000000 		.4byte	.LFE63
 965 00cc 0200     		.2byte	0x2
 966 00ce 7D       		.byte	0x7d
 967 00cf 00       		.sleb128 0
 968 00d0 00000000 		.4byte	0
 969 00d4 00000000 		.4byte	0
 970              	.LLST5:
 971 00d8 00000000 		.4byte	.LVL0
 972 00dc 36000000 		.4byte	.LVL6
 973 00e0 0200     		.2byte	0x2
 974 00e2 91       		.byte	0x91
 975 00e3 04       		.sleb128 4
 976 00e4 36000000 		.4byte	.LVL6
 977 00e8 3C000000 		.4byte	.LFE63
 978 00ec 0200     		.2byte	0x2
 979 00ee 7D       		.byte	0x7d
 980 00ef 04       		.sleb128 4
 981 00f0 00000000 		.4byte	0
 982 00f4 00000000 		.4byte	0
 983              	.LLST6:
 984 00f8 00000000 		.4byte	.LVL8
 985 00fc 10000000 		.4byte	.LVL11
 986 0100 0100     		.2byte	0x1
 987 0102 50       		.byte	0x50
 988 0103 10000000 		.4byte	.LVL11
 989 0107 13000000 		.4byte	.LVL12-1
 990 010b 0100     		.2byte	0x1
 991 010d 51       		.byte	0x51
 992 010e 13000000 		.4byte	.LVL12-1
 993 0112 A8000000 		.4byte	.LFE65
 994 0116 0600     		.2byte	0x6
 995 0118 F3       		.byte	0xf3
 996 0119 03       		.uleb128 0x3
 997 011a F5       		.byte	0xf5
 998 011b 00       		.uleb128 0
 999 011c 25       		.uleb128 0x25
 1000 011d 9F       		.byte	0x9f
ARM GAS  C:\Users\andre\AppData\Local\Temp\ccrTvY0Y.s 			page 20


 1001 011e 00000000 		.4byte	0
 1002 0122 00000000 		.4byte	0
 1003              	.LLST7:
 1004 0126 00000000 		.4byte	.LVL8
 1005 012a 0E000000 		.4byte	.LVL10
 1006 012e 0100     		.2byte	0x1
 1007 0130 51       		.byte	0x51
 1008 0131 0E000000 		.4byte	.LVL10
 1009 0135 A4000000 		.4byte	.LVL30
 1010 0139 0100     		.2byte	0x1
 1011 013b 5A       		.byte	0x5a
 1012 013c A4000000 		.4byte	.LVL30
 1013 0140 A8000000 		.4byte	.LFE65
 1014 0144 0400     		.2byte	0x4
 1015 0146 F3       		.byte	0xf3
 1016 0147 01       		.uleb128 0x1
 1017 0148 51       		.byte	0x51
 1018 0149 9F       		.byte	0x9f
 1019 014a 00000000 		.4byte	0
 1020 014e 00000000 		.4byte	0
 1021              	.LLST8:
 1022 0152 00000000 		.4byte	.LVL8
 1023 0156 13000000 		.4byte	.LVL12-1
 1024 015a 0100     		.2byte	0x1
 1025 015c 52       		.byte	0x52
 1026 015d 13000000 		.4byte	.LVL12-1
 1027 0161 A4000000 		.4byte	.LVL30
 1028 0165 0100     		.2byte	0x1
 1029 0167 59       		.byte	0x59
 1030 0168 A4000000 		.4byte	.LVL30
 1031 016c A8000000 		.4byte	.LFE65
 1032 0170 0400     		.2byte	0x4
 1033 0172 F3       		.byte	0xf3
 1034 0173 01       		.uleb128 0x1
 1035 0174 52       		.byte	0x52
 1036 0175 9F       		.byte	0x9f
 1037 0176 00000000 		.4byte	0
 1038 017a 00000000 		.4byte	0
 1039              	.LLST9:
 1040 017e 00000000 		.4byte	.LVL8
 1041 0182 13000000 		.4byte	.LVL12-1
 1042 0186 0100     		.2byte	0x1
 1043 0188 53       		.byte	0x53
 1044 0189 13000000 		.4byte	.LVL12-1
 1045 018d A4000000 		.4byte	.LVL30
 1046 0191 0100     		.2byte	0x1
 1047 0193 58       		.byte	0x58
 1048 0194 A4000000 		.4byte	.LVL30
 1049 0198 A8000000 		.4byte	.LFE65
 1050 019c 0400     		.2byte	0x4
 1051 019e F3       		.byte	0xf3
 1052 019f 01       		.uleb128 0x1
 1053 01a0 53       		.byte	0x53
 1054 01a1 9F       		.byte	0x9f
 1055 01a2 00000000 		.4byte	0
 1056 01a6 00000000 		.4byte	0
 1057              	.LLST10:
ARM GAS  C:\Users\andre\AppData\Local\Temp\ccrTvY0Y.s 			page 21


 1058 01aa 0A000000 		.4byte	.LVL9
 1059 01ae 90000000 		.4byte	.LVL29
 1060 01b2 0600     		.2byte	0x6
 1061 01b4 9E       		.byte	0x9e
 1062 01b5 04       		.uleb128 0x4
 1063 01b6 00000000 		.4byte	0
 1064 01ba 90000000 		.4byte	.LVL29
 1065 01be A8000000 		.4byte	.LFE65
 1066 01c2 0100     		.2byte	0x1
 1067 01c4 50       		.byte	0x50
 1068 01c5 00000000 		.4byte	0
 1069 01c9 00000000 		.4byte	0
 1070              	.LLST11:
 1071 01cd 0A000000 		.4byte	.LVL9
 1072 01d1 1E000000 		.4byte	.LVL15
 1073 01d5 0600     		.2byte	0x6
 1074 01d7 9E       		.byte	0x9e
 1075 01d8 04       		.uleb128 0x4
 1076 01d9 00000000 		.4byte	0
 1077 01dd 1E000000 		.4byte	.LVL15
 1078 01e1 24000000 		.4byte	.LVL16
 1079 01e5 0100     		.2byte	0x1
 1080 01e7 50       		.byte	0x50
 1081 01e8 24000000 		.4byte	.LVL16
 1082 01ec A4000000 		.4byte	.LVL30
 1083 01f0 0100     		.2byte	0x1
 1084 01f2 57       		.byte	0x57
 1085 01f3 00000000 		.4byte	0
 1086 01f7 00000000 		.4byte	0
 1087              	.LLST12:
 1088 01fb 0A000000 		.4byte	.LVL9
 1089 01ff 54000000 		.4byte	.LVL22
 1090 0203 0600     		.2byte	0x6
 1091 0205 9E       		.byte	0x9e
 1092 0206 04       		.uleb128 0x4
 1093 0207 00000000 		.4byte	0
 1094 020b 54000000 		.4byte	.LVL22
 1095 020f A4000000 		.4byte	.LVL30
 1096 0213 0100     		.2byte	0x1
 1097 0215 54       		.byte	0x54
 1098 0216 00000000 		.4byte	0
 1099 021a 00000000 		.4byte	0
 1100              	.LLST13:
 1101 021e 0A000000 		.4byte	.LVL9
 1102 0222 80000000 		.4byte	.LVL27
 1103 0226 0600     		.2byte	0x6
 1104 0228 9E       		.byte	0x9e
 1105 0229 04       		.uleb128 0x4
 1106 022a 00000000 		.4byte	0
 1107 022e 80000000 		.4byte	.LVL27
 1108 0232 A4000000 		.4byte	.LVL30
 1109 0236 0100     		.2byte	0x1
 1110 0238 56       		.byte	0x56
 1111 0239 00000000 		.4byte	0
 1112 023d 00000000 		.4byte	0
 1113              	.LLST14:
 1114 0241 0A000000 		.4byte	.LVL9
ARM GAS  C:\Users\andre\AppData\Local\Temp\ccrTvY0Y.s 			page 22


 1115 0245 16000000 		.4byte	.LVL13
 1116 0249 0600     		.2byte	0x6
 1117 024b 9E       		.byte	0x9e
 1118 024c 04       		.uleb128 0x4
 1119 024d 00000000 		.4byte	0
 1120 0251 16000000 		.4byte	.LVL13
 1121 0255 1B000000 		.4byte	.LVL14-1
 1122 0259 0100     		.2byte	0x1
 1123 025b 50       		.byte	0x50
 1124 025c 1B000000 		.4byte	.LVL14-1
 1125 0260 A4000000 		.4byte	.LVL30
 1126 0264 0100     		.2byte	0x1
 1127 0266 55       		.byte	0x55
 1128 0267 A4000000 		.4byte	.LVL30
 1129 026b A8000000 		.4byte	.LFE65
 1130 026f 0500     		.2byte	0x5
 1131 0271 03       		.byte	0x3
 1132 0272 00000000 		.4byte	previousError_
 1133 0276 00000000 		.4byte	0
 1134 027a 00000000 		.4byte	0
 1135              		.section	.debug_aranges,"",%progbits
 1136 0000 2C000000 		.4byte	0x2c
 1137 0004 0200     		.2byte	0x2
 1138 0006 00000000 		.4byte	.Ldebug_info0
 1139 000a 04       		.byte	0x4
 1140 000b 00       		.byte	0
 1141 000c 0000     		.2byte	0
 1142 000e 0000     		.2byte	0
 1143 0010 00000000 		.4byte	.LFB63
 1144 0014 3C000000 		.4byte	.LFE63-.LFB63
 1145 0018 00000000 		.4byte	.LFB64
 1146 001c 0C000000 		.4byte	.LFE64-.LFB64
 1147 0020 00000000 		.4byte	.LFB65
 1148 0024 A8000000 		.4byte	.LFE65-.LFB65
 1149 0028 00000000 		.4byte	0
 1150 002c 00000000 		.4byte	0
 1151              		.section	.debug_ranges,"",%progbits
 1152              	.Ldebug_ranges0:
 1153 0000 00000000 		.4byte	.LFB63
 1154 0004 3C000000 		.4byte	.LFE63
 1155 0008 00000000 		.4byte	.LFB64
 1156 000c 0C000000 		.4byte	.LFE64
 1157 0010 00000000 		.4byte	.LFB65
 1158 0014 A8000000 		.4byte	.LFE65
 1159 0018 00000000 		.4byte	0
 1160 001c 00000000 		.4byte	0
 1161              		.section	.debug_line,"",%progbits
 1162              	.Ldebug_line0:
 1163 0000 C5010000 		.section	.debug_str,"MS",%progbits,1
 1163      02004801 
 1163      00000201 
 1163      FB0E0D00 
 1163      01010101 
 1164              	.LASF23:
 1165 0000 696E7465 		.ascii	"integral\000"
 1165      6772616C 
 1165      00
ARM GAS  C:\Users\andre\AppData\Local\Temp\ccrTvY0Y.s 			page 23


 1166              	.LASF10:
 1167 0009 5F5F696E 		.ascii	"__int32_t\000"
 1167      7433325F 
 1167      7400
 1168              	.LASF4:
 1169 0013 73686F72 		.ascii	"short unsigned int\000"
 1169      7420756E 
 1169      7369676E 
 1169      65642069 
 1169      6E7400
 1170              	.LASF12:
 1171 0026 646F7562 		.ascii	"double\000"
 1171      6C6500
 1172              	.LASF34:
 1173 002d 433A5C55 		.ascii	"C:\\Users\\andre\\Google Drive\\Elektronik\\4. Seme"
 1173      73657273 
 1173      5C616E64 
 1173      72655C47 
 1173      6F6F676C 
 1174 005b 73746572 		.ascii	"ster\\PRJ4 - Semesterprojekt 4\\E4PRJ\\PSoC\\PIDCon"
 1174      5C50524A 
 1174      34202D20 
 1174      53656D65 
 1174      73746572 
 1175 008a 74726F6C 		.ascii	"troller\\PIDController.cydsn\000"
 1175      6C65725C 
 1175      50494443 
 1175      6F6E7472 
 1175      6F6C6C65 
 1176              	.LASF11:
 1177 00a6 696E7433 		.ascii	"int32_t\000"
 1177      325F7400 
 1178              	.LASF30:
 1179 00ae 73657470 		.ascii	"setpoint_\000"
 1179      6F696E74 
 1179      5F00
 1180              	.LASF0:
 1181 00b8 666C6F61 		.ascii	"float\000"
 1181      7400
 1182              	.LASF8:
 1183 00be 6C6F6E67 		.ascii	"long long unsigned int\000"
 1183      206C6F6E 
 1183      6720756E 
 1183      7369676E 
 1183      65642069 
 1184              	.LASF2:
 1185 00d5 756E7369 		.ascii	"unsigned char\000"
 1185      676E6564 
 1185      20636861 
 1185      7200
 1186              	.LASF32:
 1187 00e3 474E5520 		.ascii	"GNU C11 5.4.1 20160609 (release) [ARM/embedded-5-br"
 1187      43313120 
 1187      352E342E 
 1187      31203230 
 1187      31363036 
 1188 0116 616E6368 		.ascii	"anch revision 237715] -mcpu=cortex-m3 -mthumb -g -O"
ARM GAS  C:\Users\andre\AppData\Local\Temp\ccrTvY0Y.s 			page 24


 1188      20726576 
 1188      6973696F 
 1188      6E203233 
 1188      37373135 
 1189 0149 67202D66 		.ascii	"g -ffunction-sections -ffat-lto-objects\000"
 1189      66756E63 
 1189      74696F6E 
 1189      2D736563 
 1189      74696F6E 
 1190              	.LASF31:
 1191 0171 70726576 		.ascii	"previousError_\000"
 1191      696F7573 
 1191      4572726F 
 1191      725F00
 1192              	.LASF33:
 1193 0180 50494443 		.ascii	"PIDController.c\000"
 1193      6F6E7472 
 1193      6F6C6C65 
 1193      722E6300 
 1194              	.LASF22:
 1195 0190 70726F70 		.ascii	"proportional\000"
 1195      6F727469 
 1195      6F6E616C 
 1195      00
 1196              	.LASF27:
 1197 019d 49544D5F 		.ascii	"ITM_RxBuffer\000"
 1197      52784275 
 1197      66666572 
 1197      00
 1198              	.LASF6:
 1199 01aa 6C6F6E67 		.ascii	"long unsigned int\000"
 1199      20756E73 
 1199      69676E65 
 1199      6420696E 
 1199      7400
 1200              	.LASF29:
 1201 01bc 694D6178 		.ascii	"iMax_\000"
 1201      5F00
 1202              	.LASF9:
 1203 01c2 756E7369 		.ascii	"unsigned int\000"
 1203      676E6564 
 1203      20696E74 
 1203      00
 1204              	.LASF26:
 1205 01cf 63757272 		.ascii	"currentError\000"
 1205      656E7445 
 1205      72726F72 
 1205      00
 1206              	.LASF20:
 1207 01dc 73657470 		.ascii	"setpoint\000"
 1207      6F696E74 
 1207      00
 1208              	.LASF18:
 1209 01e5 50494453 		.ascii	"PIDStartUp\000"
 1209      74617274 
 1209      557000
 1210              	.LASF19:
ARM GAS  C:\Users\andre\AppData\Local\Temp\ccrTvY0Y.s 			page 25


 1211 01f0 50494453 		.ascii	"PIDSetpointChange\000"
 1211      6574706F 
 1211      696E7443 
 1211      68616E67 
 1211      6500
 1212              	.LASF15:
 1213 0202 73697A65 		.ascii	"sizetype\000"
 1213      74797065 
 1213      00
 1214              	.LASF17:
 1215 020b 694D696E 		.ascii	"iMin\000"
 1215      00
 1216              	.LASF7:
 1217 0210 6C6F6E67 		.ascii	"long long int\000"
 1217      206C6F6E 
 1217      6720696E 
 1217      7400
 1218              	.LASF35:
 1219 021e 50494455 		.ascii	"PIDUpdate\000"
 1219      70646174 
 1219      6500
 1220              	.LASF13:
 1221 0228 63686172 		.ascii	"char\000"
 1221      00
 1222              	.LASF16:
 1223 022d 694D6178 		.ascii	"iMax\000"
 1223      00
 1224              	.LASF21:
 1225 0232 63757272 		.ascii	"currentOutput\000"
 1225      656E744F 
 1225      75747075 
 1225      7400
 1226              	.LASF3:
 1227 0240 73686F72 		.ascii	"short int\000"
 1227      7420696E 
 1227      7400
 1228              	.LASF25:
 1229 024a 6F757470 		.ascii	"output\000"
 1229      757400
 1230              	.LASF28:
 1231 0251 694D696E 		.ascii	"iMin_\000"
 1231      5F00
 1232              	.LASF24:
 1233 0257 64657269 		.ascii	"derivative\000"
 1233      76617469 
 1233      766500
 1234              	.LASF5:
 1235 0262 6C6F6E67 		.ascii	"long int\000"
 1235      20696E74 
 1235      00
 1236              	.LASF14:
 1237 026b 6C6F6E67 		.ascii	"long double\000"
 1237      20646F75 
 1237      626C6500 
 1238              	.LASF1:
 1239 0277 7369676E 		.ascii	"signed char\000"
 1239      65642063 
ARM GAS  C:\Users\andre\AppData\Local\Temp\ccrTvY0Y.s 			page 26


 1239      68617200 
 1240              		.ident	"GCC: (GNU Tools for ARM Embedded Processors) 5.4.1 20160609 (release) [ARM/embedded-5-bran
