ARM GAS  C:\Users\frede\AppData\Local\Temp\ccw9VWsf.s 			page 1


   1              		.syntax unified
   2              		.cpu cortex-m3
   3              		.fpu softvfp
   4              		.eabi_attribute 20, 1
   5              		.eabi_attribute 21, 1
   6              		.eabi_attribute 23, 3
   7              		.eabi_attribute 24, 1
   8              		.eabi_attribute 25, 1
   9              		.eabi_attribute 26, 1
  10              		.eabi_attribute 30, 1
  11              		.eabi_attribute 34, 1
  12              		.eabi_attribute 18, 4
  13              		.thumb
  14              		.syntax unified
  15              		.file	"cymetadata.c"
  16              		.text
  17              	.Ltext0:
  18              		.cfi_sections	.debug_frame
  19              		.global	cy_metadata
  20              		.global	cy_meta_flashprotect
  21              		.global	cy_meta_wonvl
  22              		.global	cy_meta_custnvl
  23              		.global	cy_meta_configecc
  24              		.section	.cyconfigecc,"a",%progbits
  25              		.align	2
  26              		.type	cy_meta_configecc, %object
  27              		.size	cy_meta_configecc, 1304
  28              	cy_meta_configecc:
  29 0000 01       		.byte	1
  30 0001 64       		.byte	100
  31 0002 00       		.byte	0
  32 0003 40       		.byte	64
  33 0004 03       		.byte	3
  34 0005 65       		.byte	101
  35 0006 00       		.byte	0
  36 0007 40       		.byte	64
  37 0008 03       		.byte	3
  38 0009 03       		.byte	3
  39 000a 01       		.byte	1
  40 000b 40       		.byte	64
  41 000c 01       		.byte	1
  42 000d 05       		.byte	5
  43 000e 01       		.byte	1
  44 000f 40       		.byte	64
  45 0010 02       		.byte	2
  46 0011 07       		.byte	7
  47 0012 01       		.byte	1
  48 0013 40       		.byte	64
  49 0014 07       		.byte	7
  50 0015 08       		.byte	8
  51 0016 01       		.byte	1
  52 0017 40       		.byte	64
  53 0018 30       		.byte	48
  54 0019 09       		.byte	9
  55 001a 01       		.byte	1
  56 001b 40       		.byte	64
  57 001c 01       		.byte	1
ARM GAS  C:\Users\frede\AppData\Local\Temp\ccw9VWsf.s 			page 2


  58 001d 0B       		.byte	11
  59 001e 01       		.byte	1
  60 001f 40       		.byte	64
  61 0020 02       		.byte	2
  62 0021 0D       		.byte	13
  63 0022 01       		.byte	1
  64 0023 40       		.byte	64
  65 0024 49       		.byte	73
  66 0025 14       		.byte	20
  67 0026 01       		.byte	1
  68 0027 40       		.byte	64
  69 0028 24       		.byte	36
  70 0029 15       		.byte	21
  71 002a 01       		.byte	1
  72 002b 40       		.byte	64
  73 002c 02       		.byte	2
  74 002d 17       		.byte	23
  75 002e 01       		.byte	1
  76 002f 40       		.byte	64
  77 0030 50       		.byte	80
  78 0031 18       		.byte	24
  79 0032 01       		.byte	1
  80 0033 40       		.byte	64
  81 0034 40       		.byte	64
  82 0035 19       		.byte	25
  83 0036 01       		.byte	1
  84 0037 40       		.byte	64
  85 0038 52       		.byte	82
  86 0039 1A       		.byte	26
  87 003a 01       		.byte	1
  88 003b 40       		.byte	64
  89 003c 42       		.byte	66
  90 003d 1B       		.byte	27
  91 003e 01       		.byte	1
  92 003f 40       		.byte	64
  93 0040 05       		.byte	5
  94 0041 40       		.byte	64
  95 0042 01       		.byte	1
  96 0043 40       		.byte	64
  97 0044 05       		.byte	5
  98 0045 41       		.byte	65
  99 0046 01       		.byte	1
 100 0047 40       		.byte	64
 101 0048 02       		.byte	2
 102 0049 42       		.byte	66
 103 004a 01       		.byte	1
 104 004b 40       		.byte	64
 105 004c 03       		.byte	3
 106 004d 43       		.byte	67
 107 004e 01       		.byte	1
 108 004f 40       		.byte	64
 109 0050 04       		.byte	4
 110 0051 46       		.byte	70
 111 0052 01       		.byte	1
 112 0053 40       		.byte	64
 113 0054 03       		.byte	3
 114 0055 47       		.byte	71
ARM GAS  C:\Users\frede\AppData\Local\Temp\ccw9VWsf.s 			page 3


 115 0056 01       		.byte	1
 116 0057 40       		.byte	64
 117 0058 03       		.byte	3
 118 0059 48       		.byte	72
 119 005a 01       		.byte	1
 120 005b 40       		.byte	64
 121 005c 07       		.byte	7
 122 005d 4D       		.byte	77
 123 005e 01       		.byte	1
 124 005f 40       		.byte	64
 125 0060 05       		.byte	5
 126 0061 50       		.byte	80
 127 0062 01       		.byte	1
 128 0063 40       		.byte	64
 129 0064 01       		.byte	1
 130 0065 51       		.byte	81
 131 0066 01       		.byte	1
 132 0067 40       		.byte	64
 133 0068 88       		.byte	-120
 134 0069 72       		.byte	114
 135 006a 85       		.byte	-123
 136 006b 0F       		.byte	15
 137 006c 88       		.byte	-120
 138 006d 38       		.byte	56
 139 006e 89       		.byte	-119
 140 006f 0F       		.byte	15
 141 0070 8C       		.byte	-116
 142 0071 40       		.byte	64
 143 0072 E2       		.byte	-30
 144 0073 40       		.byte	64
 145 0074 E6       		.byte	-26
 146 0075 40       		.byte	64
 147 0076 94       		.byte	-108
 148 0077 40       		.byte	64
 149 0078 94       		.byte	-108
 150 0079 40       		.byte	64
 151 007a EE       		.byte	-18
 152 007b 04       		.byte	4
 153 007c 89       		.byte	-119
 154 007d 02       		.byte	2
 155 007e A7       		.byte	-89
 156 007f 01       		.byte	1
 157 0080 B1       		.byte	-79
 158 0081 01       		.byte	1
 159 0082 B3       		.byte	-77
 160 0083 02       		.byte	2
 161 0084 BF       		.byte	-65
 162 0085 04       		.byte	4
 163 0086 D9       		.byte	-39
 164 0087 04       		.byte	4
 165 0088 DF       		.byte	-33
 166 0089 01       		.byte	1
 167 008a 04       		.byte	4
 168 008b 02       		.byte	2
 169 008c 05       		.byte	5
 170 008d 34       		.byte	52
 171 008e 06       		.byte	6
ARM GAS  C:\Users\frede\AppData\Local\Temp\ccw9VWsf.s 			page 4


 172 008f 02       		.byte	2
 173 0090 07       		.byte	7
 174 0091 10       		.byte	16
 175 0092 0D       		.byte	13
 176 0093 28       		.byte	40
 177 0094 0E       		.byte	14
 178 0095 02       		.byte	2
 179 0096 0F       		.byte	15
 180 0097 82       		.byte	-126
 181 0098 15       		.byte	21
 182 0099 01       		.byte	1
 183 009a 17       		.byte	23
 184 009b 64       		.byte	100
 185 009c 1C       		.byte	28
 186 009d 04       		.byte	4
 187 009e 1E       		.byte	30
 188 009f 02       		.byte	2
 189 00a0 1F       		.byte	31
 190 00a1 45       		.byte	69
 191 00a2 22       		.byte	34
 192 00a3 06       		.byte	6
 193 00a4 24       		.byte	36
 194 00a5 02       		.byte	2
 195 00a6 25       		.byte	37
 196 00a7 6A       		.byte	106
 197 00a8 27       		.byte	39
 198 00a9 40       		.byte	64
 199 00aa 29       		.byte	41
 200 00ab 08       		.byte	8
 201 00ac 2D       		.byte	45
 202 00ad 20       		.byte	32
 203 00ae 2E       		.byte	46
 204 00af 08       		.byte	8
 205 00b0 2F       		.byte	47
 206 00b1 40       		.byte	64
 207 00b2 35       		.byte	53
 208 00b3 04       		.byte	4
 209 00b4 37       		.byte	55
 210 00b5 61       		.byte	97
 211 00b6 3B       		.byte	59
 212 00b7 20       		.byte	32
 213 00b8 3D       		.byte	61
 214 00b9 90       		.byte	-112
 215 00ba 3E       		.byte	62
 216 00bb 06       		.byte	6
 217 00bc 45       		.byte	69
 218 00bd 8A       		.byte	-118
 219 00be 4C       		.byte	76
 220 00bf 01       		.byte	1
 221 00c0 4D       		.byte	77
 222 00c1 21       		.byte	33
 223 00c2 57       		.byte	87
 224 00c3 40       		.byte	64
 225 00c4 5C       		.byte	92
 226 00c5 04       		.byte	4
 227 00c6 6D       		.byte	109
 228 00c7 10       		.byte	16
ARM GAS  C:\Users\frede\AppData\Local\Temp\ccw9VWsf.s 			page 5


 229 00c8 6E       		.byte	110
 230 00c9 0C       		.byte	12
 231 00ca 6F       		.byte	111
 232 00cb 01       		.byte	1
 233 00cc 76       		.byte	118
 234 00cd 2A       		.byte	42
 235 00ce 77       		.byte	119
 236 00cf 24       		.byte	36
 237 00d0 92       		.byte	-110
 238 00d1 01       		.byte	1
 239 00d2 94       		.byte	-108
 240 00d3 20       		.byte	32
 241 00d4 B2       		.byte	-78
 242 00d5 01       		.byte	1
 243 00d6 C0       		.byte	-64
 244 00d7 F0       		.byte	-16
 245 00d8 C2       		.byte	-62
 246 00d9 F0       		.byte	-16
 247 00da C4       		.byte	-60
 248 00db F0       		.byte	-16
 249 00dc CA       		.byte	-54
 250 00dd E2       		.byte	-30
 251 00de CC       		.byte	-52
 252 00df F0       		.byte	-16
 253 00e0 CE       		.byte	-50
 254 00e1 F4       		.byte	-12
 255 00e2 D0       		.byte	-48
 256 00e3 D0       		.byte	-48
 257 00e4 D2       		.byte	-46
 258 00e5 30       		.byte	48
 259 00e6 D6       		.byte	-42
 260 00e7 40       		.byte	64
 261 00e8 EE       		.byte	-18
 262 00e9 04       		.byte	4
 263 00ea 94       		.byte	-108
 264 00eb 20       		.byte	32
 265 00ec 8C       		.byte	-116
 266 00ed 10       		.byte	16
 267 00ee E6       		.byte	-26
 268 00ef 40       		.byte	64
 269 00f0 06       		.byte	6
 270 00f1 01       		.byte	1
 271 00f2 18       		.byte	24
 272 00f3 01       		.byte	1
 273 00f4 1B       		.byte	27
 274 00f5 01       		.byte	1
 275 00f6 35       		.byte	53
 276 00f7 01       		.byte	1
 277 00f8 36       		.byte	54
 278 00f9 01       		.byte	1
 279 00fa 40       		.byte	64
 280 00fb 40       		.byte	64
 281 00fc 41       		.byte	65
 282 00fd 03       		.byte	3
 283 00fe 49       		.byte	73
 284 00ff FF       		.byte	-1
 285 0100 4A       		.byte	74
ARM GAS  C:\Users\frede\AppData\Local\Temp\ccw9VWsf.s 			page 6


 286 0101 FF       		.byte	-1
 287 0102 4B       		.byte	75
 288 0103 FF       		.byte	-1
 289 0104 4D       		.byte	77
 290 0105 A0       		.byte	-96
 291 0106 4F       		.byte	79
 292 0107 04       		.byte	4
 293 0108 50       		.byte	80
 294 0109 18       		.byte	24
 295 010a 58       		.byte	88
 296 010b 04       		.byte	4
 297 010c 59       		.byte	89
 298 010d 04       		.byte	4
 299 010e 5A       		.byte	90
 300 010f 04       		.byte	4
 301 0110 5C       		.byte	92
 302 0111 11       		.byte	17
 303 0112 5D       		.byte	93
 304 0113 01       		.byte	1
 305 0114 5F       		.byte	95
 306 0115 01       		.byte	1
 307 0116 60       		.byte	96
 308 0117 40       		.byte	64
 309 0118 62       		.byte	98
 310 0119 C0       		.byte	-64
 311 011a 64       		.byte	100
 312 011b 40       		.byte	64
 313 011c 65       		.byte	101
 314 011d 40       		.byte	64
 315 011e 66       		.byte	102
 316 011f C0       		.byte	-64
 317 0120 68       		.byte	104
 318 0121 C0       		.byte	-64
 319 0122 6A       		.byte	106
 320 0123 C0       		.byte	-64
 321 0124 6C       		.byte	108
 322 0125 C0       		.byte	-64
 323 0126 6E       		.byte	110
 324 0127 C0       		.byte	-64
 325 0128 82       		.byte	-126
 326 0129 04       		.byte	4
 327 012a 83       		.byte	-125
 328 012b 01       		.byte	1
 329 012c 89       		.byte	-119
 330 012d 01       		.byte	1
 331 012e 9E       		.byte	-98
 332 012f 01       		.byte	1
 333 0130 A7       		.byte	-89
 334 0131 02       		.byte	2
 335 0132 AA       		.byte	-86
 336 0133 04       		.byte	4
 337 0134 AE       		.byte	-82
 338 0135 02       		.byte	2
 339 0136 AF       		.byte	-81
 340 0137 02       		.byte	2
 341 0138 B0       		.byte	-80
 342 0139 02       		.byte	2
ARM GAS  C:\Users\frede\AppData\Local\Temp\ccw9VWsf.s 			page 7


 343 013a B1       		.byte	-79
 344 013b 02       		.byte	2
 345 013c B2       		.byte	-78
 346 013d 01       		.byte	1
 347 013e B4       		.byte	-76
 348 013f 04       		.byte	4
 349 0140 B5       		.byte	-75
 350 0141 01       		.byte	1
 351 0142 BE       		.byte	-66
 352 0143 10       		.byte	16
 353 0144 C0       		.byte	-64
 354 0145 40       		.byte	64
 355 0146 C1       		.byte	-63
 356 0147 02       		.byte	2
 357 0148 C5       		.byte	-59
 358 0149 D0       		.byte	-48
 359 014a C6       		.byte	-58
 360 014b 10       		.byte	16
 361 014c C7       		.byte	-57
 362 014d 52       		.byte	82
 363 014e C8       		.byte	-56
 364 014f 3A       		.byte	58
 365 0150 C9       		.byte	-55
 366 0151 FF       		.byte	-1
 367 0152 CA       		.byte	-54
 368 0153 FF       		.byte	-1
 369 0154 CB       		.byte	-53
 370 0155 FF       		.byte	-1
 371 0156 CD       		.byte	-51
 372 0157 AF       		.byte	-81
 373 0158 CE       		.byte	-50
 374 0159 0F       		.byte	15
 375 015a CF       		.byte	-49
 376 015b 04       		.byte	4
 377 015c D0       		.byte	-48
 378 015d 18       		.byte	24
 379 015e D2       		.byte	-46
 380 015f 80       		.byte	-128
 381 0160 D4       		.byte	-44
 382 0161 07       		.byte	7
 383 0162 D8       		.byte	-40
 384 0163 04       		.byte	4
 385 0164 D9       		.byte	-39
 386 0165 04       		.byte	4
 387 0166 DA       		.byte	-38
 388 0167 04       		.byte	4
 389 0168 DB       		.byte	-37
 390 0169 04       		.byte	4
 391 016a DC       		.byte	-36
 392 016b 11       		.byte	17
 393 016c DD       		.byte	-35
 394 016d 11       		.byte	17
 395 016e DF       		.byte	-33
 396 016f 01       		.byte	1
 397 0170 E0       		.byte	-32
 398 0171 40       		.byte	64
 399 0172 E2       		.byte	-30
ARM GAS  C:\Users\frede\AppData\Local\Temp\ccw9VWsf.s 			page 8


 400 0173 C0       		.byte	-64
 401 0174 E4       		.byte	-28
 402 0175 40       		.byte	64
 403 0176 E5       		.byte	-27
 404 0177 40       		.byte	64
 405 0178 E6       		.byte	-26
 406 0179 C0       		.byte	-64
 407 017a E8       		.byte	-24
 408 017b C0       		.byte	-64
 409 017c EA       		.byte	-22
 410 017d C0       		.byte	-64
 411 017e EC       		.byte	-20
 412 017f C0       		.byte	-64
 413 0180 EE       		.byte	-18
 414 0181 C0       		.byte	-64
 415 0182 03       		.byte	3
 416 0183 20       		.byte	32
 417 0184 05       		.byte	5
 418 0185 01       		.byte	1
 419 0186 09       		.byte	9
 420 0187 20       		.byte	32
 421 0188 0F       		.byte	15
 422 0189 02       		.byte	2
 423 018a 16       		.byte	22
 424 018b 04       		.byte	4
 425 018c 17       		.byte	23
 426 018d 80       		.byte	-128
 427 018e 19       		.byte	25
 428 018f 80       		.byte	-128
 429 0190 1C       		.byte	28
 430 0191 10       		.byte	16
 431 0192 1D       		.byte	29
 432 0193 03       		.byte	3
 433 0194 1E       		.byte	30
 434 0195 08       		.byte	8
 435 0196 1F       		.byte	31
 436 0197 02       		.byte	2
 437 0198 21       		.byte	33
 438 0199 20       		.byte	32
 439 019a 24       		.byte	36
 440 019b 40       		.byte	64
 441 019c 26       		.byte	38
 442 019d 10       		.byte	16
 443 019e 2F       		.byte	47
 444 019f 22       		.byte	34
 445 01a0 33       		.byte	51
 446 01a1 20       		.byte	32
 447 01a2 3C       		.byte	60
 448 01a3 10       		.byte	16
 449 01a4 3F       		.byte	63
 450 01a5 02       		.byte	2
 451 01a6 43       		.byte	67
 452 01a7 0A       		.byte	10
 453 01a8 45       		.byte	69
 454 01a9 02       		.byte	2
 455 01aa 46       		.byte	70
 456 01ab 04       		.byte	4
ARM GAS  C:\Users\frede\AppData\Local\Temp\ccw9VWsf.s 			page 9


 457 01ac 4D       		.byte	77
 458 01ad 01       		.byte	1
 459 01ae 56       		.byte	86
 460 01af 04       		.byte	4
 461 01b0 57       		.byte	87
 462 01b1 29       		.byte	41
 463 01b2 5D       		.byte	93
 464 01b3 81       		.byte	-127
 465 01b4 5E       		.byte	94
 466 01b5 28       		.byte	40
 467 01b6 77       		.byte	119
 468 01b7 80       		.byte	-128
 469 01b8 94       		.byte	-108
 470 01b9 40       		.byte	64
 471 01ba C0       		.byte	-64
 472 01bb 14       		.byte	20
 473 01bc C2       		.byte	-62
 474 01bd 82       		.byte	-126
 475 01be C4       		.byte	-60
 476 01bf C0       		.byte	-64
 477 01c0 CA       		.byte	-54
 478 01c1 50       		.byte	80
 479 01c2 CC       		.byte	-52
 480 01c3 04       		.byte	4
 481 01c4 CE       		.byte	-50
 482 01c5 A0       		.byte	-96
 483 01c6 D0       		.byte	-48
 484 01c7 A3       		.byte	-93
 485 01c8 D6       		.byte	-42
 486 01c9 F0       		.byte	-16
 487 01ca 94       		.byte	-108
 488 01cb 40       		.byte	64
 489 01cc E2       		.byte	-30
 490 01cd 08       		.byte	8
 491 01ce 02       		.byte	2
 492 01cf 03       		.byte	3
 493 01d0 03       		.byte	3
 494 01d1 01       		.byte	1
 495 01d2 04       		.byte	4
 496 01d3 01       		.byte	1
 497 01d4 06       		.byte	6
 498 01d5 20       		.byte	32
 499 01d6 08       		.byte	8
 500 01d7 03       		.byte	3
 501 01d8 09       		.byte	9
 502 01d9 02       		.byte	2
 503 01da 0A       		.byte	10
 504 01db 0C       		.byte	12
 505 01dc 0C       		.byte	12
 506 01dd 08       		.byte	8
 507 01de 10       		.byte	16
 508 01df 03       		.byte	3
 509 01e0 12       		.byte	18
 510 01e1 10       		.byte	16
 511 01e2 14       		.byte	20
 512 01e3 0C       		.byte	12
 513 01e4 16       		.byte	22
ARM GAS  C:\Users\frede\AppData\Local\Temp\ccw9VWsf.s 			page 10


 514 01e5 03       		.byte	3
 515 01e6 18       		.byte	24
 516 01e7 02       		.byte	2
 517 01e8 1A       		.byte	26
 518 01e9 20       		.byte	32
 519 01ea 1C       		.byte	28
 520 01eb 0F       		.byte	15
 521 01ec 24       		.byte	36
 522 01ed 0C       		.byte	12
 523 01ee 28       		.byte	40
 524 01ef 04       		.byte	4
 525 01f0 2C       		.byte	44
 526 01f1 0F       		.byte	15
 527 01f2 33       		.byte	51
 528 01f3 02       		.byte	2
 529 01f4 34       		.byte	52
 530 01f5 0F       		.byte	15
 531 01f6 35       		.byte	53
 532 01f7 01       		.byte	1
 533 01f8 36       		.byte	54
 534 01f9 30       		.byte	48
 535 01fa 3A       		.byte	58
 536 01fb 20       		.byte	32
 537 01fc 3E       		.byte	62
 538 01fd 40       		.byte	64
 539 01fe 3F       		.byte	63
 540 01ff 04       		.byte	4
 541 0200 54       		.byte	84
 542 0201 18       		.byte	24
 543 0202 56       		.byte	86
 544 0203 04       		.byte	4
 545 0204 58       		.byte	88
 546 0205 04       		.byte	4
 547 0206 59       		.byte	89
 548 0207 04       		.byte	4
 549 0208 5B       		.byte	91
 550 0209 04       		.byte	4
 551 020a 5C       		.byte	92
 552 020b 20       		.byte	32
 553 020c 5F       		.byte	95
 554 020d 01       		.byte	1
 555 020e 83       		.byte	-125
 556 020f 08       		.byte	8
 557 0210 85       		.byte	-123
 558 0211 03       		.byte	3
 559 0212 86       		.byte	-122
 560 0213 03       		.byte	3
 561 0214 87       		.byte	-121
 562 0215 04       		.byte	4
 563 0216 88       		.byte	-120
 564 0217 10       		.byte	16
 565 0218 89       		.byte	-119
 566 0219 0A       		.byte	10
 567 021a 8B       		.byte	-117
 568 021b 04       		.byte	4
 569 021c 8C       		.byte	-116
 570 021d 30       		.byte	48
ARM GAS  C:\Users\frede\AppData\Local\Temp\ccw9VWsf.s 			page 11


 571 021e 8D       		.byte	-115
 572 021f 03       		.byte	3
 573 0220 8E       		.byte	-114
 574 0221 0C       		.byte	12
 575 0222 8F       		.byte	-113
 576 0223 0C       		.byte	12
 577 0224 92       		.byte	-110
 578 0225 20       		.byte	32
 579 0226 94       		.byte	-108
 580 0227 2C       		.byte	44
 581 0228 96       		.byte	-106
 582 0229 11       		.byte	17
 583 022a 99       		.byte	-103
 584 022b 03       		.byte	3
 585 022c 9B       		.byte	-101
 586 022d 04       		.byte	4
 587 022e 9C       		.byte	-100
 588 022f 09       		.byte	9
 589 0230 9E       		.byte	-98
 590 0231 10       		.byte	16
 591 0232 A0       		.byte	-96
 592 0233 14       		.byte	20
 593 0234 A3       		.byte	-93
 594 0235 05       		.byte	5
 595 0236 A6       		.byte	-90
 596 0237 20       		.byte	32
 597 0238 A8       		.byte	-88
 598 0239 1C       		.byte	28
 599 023a AA       		.byte	-86
 600 023b 22       		.byte	34
 601 023c B0       		.byte	-80
 602 023d 20       		.byte	32
 603 023e B1       		.byte	-79
 604 023f 0F       		.byte	15
 605 0240 B4       		.byte	-76
 606 0241 1F       		.byte	31
 607 0242 BB       		.byte	-69
 608 0243 02       		.byte	2
 609 0244 BE       		.byte	-66
 610 0245 01       		.byte	1
 611 0246 C0       		.byte	-64
 612 0247 45       		.byte	69
 613 0248 C1       		.byte	-63
 614 0249 02       		.byte	2
 615 024a C5       		.byte	-59
 616 024b 0C       		.byte	12
 617 024c C6       		.byte	-58
 618 024d EB       		.byte	-21
 619 024e C8       		.byte	-56
 620 024f 0D       		.byte	13
 621 0250 C9       		.byte	-55
 622 0251 FF       		.byte	-1
 623 0252 CA       		.byte	-54
 624 0253 FF       		.byte	-1
 625 0254 CB       		.byte	-53
 626 0255 FF       		.byte	-1
 627 0256 CE       		.byte	-50
ARM GAS  C:\Users\frede\AppData\Local\Temp\ccw9VWsf.s 			page 12


 628 0257 F0       		.byte	-16
 629 0258 CF       		.byte	-49
 630 0259 44       		.byte	68
 631 025a D0       		.byte	-48
 632 025b 0C       		.byte	12
 633 025c D4       		.byte	-44
 634 025d 01       		.byte	1
 635 025e D8       		.byte	-40
 636 025f 04       		.byte	4
 637 0260 D9       		.byte	-39
 638 0261 04       		.byte	4
 639 0262 DA       		.byte	-38
 640 0263 04       		.byte	4
 641 0264 DB       		.byte	-37
 642 0265 04       		.byte	4
 643 0266 DF       		.byte	-33
 644 0267 01       		.byte	1
 645 0268 E6       		.byte	-26
 646 0269 C0       		.byte	-64
 647 026a EA       		.byte	-22
 648 026b 40       		.byte	64
 649 026c EB       		.byte	-21
 650 026d 02       		.byte	2
 651 026e 00       		.byte	0
 652 026f 44       		.byte	68
 653 0270 02       		.byte	2
 654 0271 04       		.byte	4
 655 0272 04       		.byte	4
 656 0273 02       		.byte	2
 657 0274 05       		.byte	5
 658 0275 18       		.byte	24
 659 0276 06       		.byte	6
 660 0277 02       		.byte	2
 661 0278 08       		.byte	8
 662 0279 08       		.byte	8
 663 027a 0A       		.byte	10
 664 027b 20       		.byte	32
 665 027c 0B       		.byte	11
 666 027d 41       		.byte	65
 667 027e 0E       		.byte	14
 668 027f 64       		.byte	100
 669 0280 0F       		.byte	15
 670 0281 02       		.byte	2
 671 0282 10       		.byte	16
 672 0283 B0       		.byte	-80
 673 0284 13       		.byte	19
 674 0285 10       		.byte	16
 675 0286 16       		.byte	22
 676 0287 28       		.byte	40
 677 0288 17       		.byte	23
 678 0289 40       		.byte	64
 679 028a 18       		.byte	24
 680 028b 04       		.byte	4
 681 028c 1A       		.byte	26
 682 028d 80       		.byte	-128
 683 028e 1D       		.byte	29
 684 028f 90       		.byte	-112
ARM GAS  C:\Users\frede\AppData\Local\Temp\ccw9VWsf.s 			page 13


 685 0290 20       		.byte	32
 686 0291 40       		.byte	64
 687 0292 24       		.byte	36
 688 0293 20       		.byte	32
 689 0294 25       		.byte	37
 690 0295 10       		.byte	16
 691 0296 2A       		.byte	42
 692 0297 01       		.byte	1
 693 0298 32       		.byte	50
 694 0299 10       		.byte	16
 695 029a 36       		.byte	54
 696 029b 10       		.byte	16
 697 029c 37       		.byte	55
 698 029d 10       		.byte	16
 699 029e 38       		.byte	56
 700 029f 40       		.byte	64
 701 02a0 39       		.byte	57
 702 02a1 02       		.byte	2
 703 02a2 3B       		.byte	59
 704 02a3 15       		.byte	21
 705 02a4 3D       		.byte	61
 706 02a5 20       		.byte	32
 707 02a6 3E       		.byte	62
 708 02a7 01       		.byte	1
 709 02a8 40       		.byte	64
 710 02a9 48       		.byte	72
 711 02aa 48       		.byte	72
 712 02ab 21       		.byte	33
 713 02ac 4B       		.byte	75
 714 02ad 44       		.byte	68
 715 02ae 50       		.byte	80
 716 02af 80       		.byte	-128
 717 02b0 53       		.byte	83
 718 02b1 10       		.byte	16
 719 02b2 58       		.byte	88
 720 02b3 10       		.byte	16
 721 02b4 5A       		.byte	90
 722 02b5 88       		.byte	-120
 723 02b6 5B       		.byte	91
 724 02b7 02       		.byte	2
 725 02b8 5E       		.byte	94
 726 02b9 02       		.byte	2
 727 02ba 67       		.byte	103
 728 02bb 8A       		.byte	-118
 729 02bc 87       		.byte	-121
 730 02bd 40       		.byte	64
 731 02be 90       		.byte	-112
 732 02bf 02       		.byte	2
 733 02c0 91       		.byte	-111
 734 02c1 10       		.byte	16
 735 02c2 92       		.byte	-110
 736 02c3 09       		.byte	9
 737 02c4 93       		.byte	-109
 738 02c5 0A       		.byte	10
 739 02c6 94       		.byte	-108
 740 02c7 20       		.byte	32
 741 02c8 97       		.byte	-105
ARM GAS  C:\Users\frede\AppData\Local\Temp\ccw9VWsf.s 			page 14


 742 02c9 20       		.byte	32
 743 02ca 9A       		.byte	-102
 744 02cb 2A       		.byte	42
 745 02cc 9B       		.byte	-101
 746 02cd 40       		.byte	64
 747 02ce 9D       		.byte	-99
 748 02cf 18       		.byte	24
 749 02d0 9F       		.byte	-97
 750 02d1 10       		.byte	16
 751 02d2 A1       		.byte	-95
 752 02d3 40       		.byte	64
 753 02d4 A2       		.byte	-94
 754 02d5 06       		.byte	6
 755 02d6 A3       		.byte	-93
 756 02d7 01       		.byte	1
 757 02d8 A5       		.byte	-91
 758 02d9 80       		.byte	-128
 759 02da C0       		.byte	-64
 760 02db F7       		.byte	-9
 761 02dc C2       		.byte	-62
 762 02dd FD       		.byte	-3
 763 02de C4       		.byte	-60
 764 02df EE       		.byte	-18
 765 02e0 CA       		.byte	-54
 766 02e1 01       		.byte	1
 767 02e2 CC       		.byte	-52
 768 02e3 04       		.byte	4
 769 02e4 CE       		.byte	-50
 770 02e5 AF       		.byte	-81
 771 02e6 D0       		.byte	-48
 772 02e7 05       		.byte	5
 773 02e8 D2       		.byte	-46
 774 02e9 08       		.byte	8
 775 02ea D6       		.byte	-42
 776 02eb 8F       		.byte	-113
 777 02ec D8       		.byte	-40
 778 02ed B0       		.byte	-80
 779 02ee 05       		.byte	5
 780 02ef 10       		.byte	16
 781 02f0 0A       		.byte	10
 782 02f1 02       		.byte	2
 783 02f2 0D       		.byte	13
 784 02f3 21       		.byte	33
 785 02f4 0E       		.byte	14
 786 02f5 05       		.byte	5
 787 02f6 0F       		.byte	15
 788 02f7 06       		.byte	6
 789 02f8 13       		.byte	19
 790 02f9 0C       		.byte	12
 791 02fa 15       		.byte	21
 792 02fb 0C       		.byte	12
 793 02fc 16       		.byte	22
 794 02fd 03       		.byte	3
 795 02fe 17       		.byte	23
 796 02ff 23       		.byte	35
 797 0300 19       		.byte	25
 798 0301 21       		.byte	33
ARM GAS  C:\Users\frede\AppData\Local\Temp\ccw9VWsf.s 			page 15


 799 0302 1B       		.byte	27
 800 0303 0E       		.byte	14
 801 0304 1E       		.byte	30
 802 0305 06       		.byte	6
 803 0306 21       		.byte	33
 804 0307 40       		.byte	64
 805 0308 23       		.byte	35
 806 0309 03       		.byte	3
 807 030a 27       		.byte	39
 808 030b 08       		.byte	8
 809 030c 28       		.byte	40
 810 030d 06       		.byte	6
 811 030e 2A       		.byte	42
 812 030f 01       		.byte	1
 813 0310 2E       		.byte	46
 814 0311 01       		.byte	1
 815 0312 31       		.byte	49
 816 0313 60       		.byte	96
 817 0314 32       		.byte	50
 818 0315 07       		.byte	7
 819 0316 33       		.byte	51
 820 0317 0F       		.byte	15
 821 0318 35       		.byte	53
 822 0319 10       		.byte	16
 823 031a 39       		.byte	57
 824 031b 02       		.byte	2
 825 031c 3A       		.byte	58
 826 031d 08       		.byte	8
 827 031e 3B       		.byte	59
 828 031f 08       		.byte	8
 829 0320 3F       		.byte	63
 830 0321 10       		.byte	16
 831 0322 58       		.byte	88
 832 0323 04       		.byte	4
 833 0324 59       		.byte	89
 834 0325 04       		.byte	4
 835 0326 5F       		.byte	95
 836 0327 01       		.byte	1
 837 0328 81       		.byte	-127
 838 0329 70       		.byte	112
 839 032a 83       		.byte	-125
 840 032b 07       		.byte	7
 841 032c 84       		.byte	-124
 842 032d 24       		.byte	36
 843 032e 85       		.byte	-123
 844 032f 20       		.byte	32
 845 0330 86       		.byte	-122
 846 0331 18       		.byte	24
 847 0332 88       		.byte	-120
 848 0333 03       		.byte	3
 849 0334 89       		.byte	-119
 850 0335 60       		.byte	96
 851 0336 8C       		.byte	-116
 852 0337 03       		.byte	3
 853 0338 8F       		.byte	-113
 854 0339 0F       		.byte	15
 855 033a 90       		.byte	-112
ARM GAS  C:\Users\frede\AppData\Local\Temp\ccw9VWsf.s 			page 16


 856 033b 10       		.byte	16
 857 033c 92       		.byte	-110
 858 033d 60       		.byte	96
 859 033e 93       		.byte	-109
 860 033f 10       		.byte	16
 861 0340 94       		.byte	-108
 862 0341 02       		.byte	2
 863 0342 95       		.byte	-107
 864 0343 70       		.byte	112
 865 0344 97       		.byte	-105
 866 0345 0B       		.byte	11
 867 0346 98       		.byte	-104
 868 0347 7C       		.byte	124
 869 0348 99       		.byte	-103
 870 0349 1F       		.byte	31
 871 034a 9B       		.byte	-101
 872 034b 60       		.byte	96
 873 034c 9D       		.byte	-99
 874 034d 7F       		.byte	127
 875 034e A1       		.byte	-95
 876 034f 40       		.byte	64
 877 0350 A4       		.byte	-92
 878 0351 48       		.byte	72
 879 0352 A5       		.byte	-91
 880 0353 11       		.byte	17
 881 0354 A6       		.byte	-90
 882 0355 14       		.byte	20
 883 0356 A8       		.byte	-88
 884 0357 7C       		.byte	124
 885 0358 A9       		.byte	-87
 886 0359 02       		.byte	2
 887 035a AD       		.byte	-83
 888 035b 03       		.byte	3
 889 035c AE       		.byte	-82
 890 035d 01       		.byte	1
 891 035e B0       		.byte	-80
 892 035f 70       		.byte	112
 893 0360 B1       		.byte	-79
 894 0361 03       		.byte	3
 895 0362 B2       		.byte	-78
 896 0363 03       		.byte	3
 897 0364 B3       		.byte	-77
 898 0365 7C       		.byte	124
 899 0366 B4       		.byte	-76
 900 0367 0C       		.byte	12
 901 0368 B8       		.byte	-72
 902 0369 08       		.byte	8
 903 036a BB       		.byte	-69
 904 036b 08       		.byte	8
 905 036c BE       		.byte	-66
 906 036d 04       		.byte	4
 907 036e C0       		.byte	-64
 908 036f 03       		.byte	3
 909 0370 C7       		.byte	-57
 910 0371 04       		.byte	4
 911 0372 C9       		.byte	-55
 912 0373 FF       		.byte	-1
ARM GAS  C:\Users\frede\AppData\Local\Temp\ccw9VWsf.s 			page 17


 913 0374 CA       		.byte	-54
 914 0375 07       		.byte	7
 915 0376 CB       		.byte	-53
 916 0377 FF       		.byte	-1
 917 0378 CC       		.byte	-52
 918 0379 40       		.byte	64
 919 037a CD       		.byte	-51
 920 037b 20       		.byte	32
 921 037c CE       		.byte	-50
 922 037d F0       		.byte	-16
 923 037e CF       		.byte	-49
 924 037f 05       		.byte	5
 925 0380 D0       		.byte	-48
 926 0381 08       		.byte	8
 927 0382 D8       		.byte	-40
 928 0383 04       		.byte	4
 929 0384 D9       		.byte	-39
 930 0385 04       		.byte	4
 931 0386 DA       		.byte	-38
 932 0387 04       		.byte	4
 933 0388 DF       		.byte	-33
 934 0389 01       		.byte	1
 935 038a E0       		.byte	-32
 936 038b 40       		.byte	64
 937 038c E1       		.byte	-31
 938 038d A8       		.byte	-88
 939 038e E2       		.byte	-30
 940 038f 40       		.byte	64
 941 0390 E3       		.byte	-29
 942 0391 20       		.byte	32
 943 0392 00       		.byte	0
 944 0393 40       		.byte	64
 945 0394 02       		.byte	2
 946 0395 04       		.byte	4
 947 0396 04       		.byte	4
 948 0397 60       		.byte	96
 949 0398 05       		.byte	5
 950 0399 08       		.byte	8
 951 039a 0A       		.byte	10
 952 039b 22       		.byte	34
 953 039c 0E       		.byte	14
 954 039d 48       		.byte	72
 955 039e 0F       		.byte	15
 956 039f 10       		.byte	16
 957 03a0 12       		.byte	18
 958 03a1 01       		.byte	1
 959 03a2 13       		.byte	19
 960 03a3 10       		.byte	16
 961 03a4 15       		.byte	21
 962 03a5 10       		.byte	16
 963 03a6 16       		.byte	22
 964 03a7 01       		.byte	1
 965 03a8 17       		.byte	23
 966 03a9 04       		.byte	4
 967 03aa 18       		.byte	24
 968 03ab 20       		.byte	32
 969 03ac 1A       		.byte	26
ARM GAS  C:\Users\frede\AppData\Local\Temp\ccw9VWsf.s 			page 18


 970 03ad 20       		.byte	32
 971 03ae 1D       		.byte	29
 972 03af 08       		.byte	8
 973 03b0 1E       		.byte	30
 974 03b1 44       		.byte	68
 975 03b2 21       		.byte	33
 976 03b3 01       		.byte	1
 977 03b4 22       		.byte	34
 978 03b5 25       		.byte	37
 979 03b6 23       		.byte	35
 980 03b7 10       		.byte	16
 981 03b8 26       		.byte	38
 982 03b9 09       		.byte	9
 983 03ba 27       		.byte	39
 984 03bb 10       		.byte	16
 985 03bc 2A       		.byte	42
 986 03bd 05       		.byte	5
 987 03be 2C       		.byte	44
 988 03bf 04       		.byte	4
 989 03c0 2D       		.byte	45
 990 03c1 08       		.byte	8
 991 03c2 2E       		.byte	46
 992 03c3 42       		.byte	66
 993 03c4 32       		.byte	50
 994 03c5 15       		.byte	21
 995 03c6 35       		.byte	53
 996 03c7 10       		.byte	16
 997 03c8 36       		.byte	54
 998 03c9 0A       		.byte	10
 999 03ca 37       		.byte	55
 1000 03cb 40       		.byte	64
 1001 03cc 38       		.byte	56
 1002 03cd 44       		.byte	68
 1003 03ce 3D       		.byte	61
 1004 03cf 80       		.byte	-128
 1005 03d0 3E       		.byte	62
 1006 03d1 28       		.byte	40
 1007 03d2 3F       		.byte	63
 1008 03d3 02       		.byte	2
 1009 03d4 45       		.byte	69
 1010 03d5 08       		.byte	8
 1011 03d6 54       		.byte	84
 1012 03d7 01       		.byte	1
 1013 03d8 56       		.byte	86
 1014 03d9 05       		.byte	5
 1015 03da 58       		.byte	88
 1016 03db 04       		.byte	4
 1017 03dc 5A       		.byte	90
 1018 03dd 04       		.byte	4
 1019 03de 5B       		.byte	91
 1020 03df 04       		.byte	4
 1021 03e0 86       		.byte	-122
 1022 03e1 20       		.byte	32
 1023 03e2 89       		.byte	-119
 1024 03e3 08       		.byte	8
 1025 03e4 90       		.byte	-112
 1026 03e5 44       		.byte	68
ARM GAS  C:\Users\frede\AppData\Local\Temp\ccw9VWsf.s 			page 19


 1027 03e6 91       		.byte	-111
 1028 03e7 10       		.byte	16
 1029 03e8 95       		.byte	-107
 1030 03e9 02       		.byte	2
 1031 03ea 96       		.byte	-106
 1032 03eb 64       		.byte	100
 1033 03ec 97       		.byte	-105
 1034 03ed 10       		.byte	16
 1035 03ee 99       		.byte	-103
 1036 03ef 10       		.byte	16
 1037 03f0 9A       		.byte	-102
 1038 03f1 2A       		.byte	42
 1039 03f2 9B       		.byte	-101
 1040 03f3 40       		.byte	64
 1041 03f4 9D       		.byte	-99
 1042 03f5 08       		.byte	8
 1043 03f6 9E       		.byte	-98
 1044 03f7 05       		.byte	5
 1045 03f8 9F       		.byte	-97
 1046 03f9 10       		.byte	16
 1047 03fa A1       		.byte	-95
 1048 03fb 40       		.byte	64
 1049 03fc A2       		.byte	-94
 1050 03fd 06       		.byte	6
 1051 03fe A3       		.byte	-93
 1052 03ff 01       		.byte	1
 1053 0400 A4       		.byte	-92
 1054 0401 01       		.byte	1
 1055 0402 A6       		.byte	-90
 1056 0403 01       		.byte	1
 1057 0404 B3       		.byte	-77
 1058 0405 12       		.byte	18
 1059 0406 C0       		.byte	-64
 1060 0407 E3       		.byte	-29
 1061 0408 C2       		.byte	-62
 1062 0409 75       		.byte	117
 1063 040a C4       		.byte	-60
 1064 040b E3       		.byte	-29
 1065 040c CA       		.byte	-54
 1066 040d F3       		.byte	-13
 1067 040e CC       		.byte	-52
 1068 040f F7       		.byte	-9
 1069 0410 CE       		.byte	-50
 1070 0411 FA       		.byte	-6
 1071 0412 D0       		.byte	-48
 1072 0413 40       		.byte	64
 1073 0414 E4       		.byte	-28
 1074 0415 02       		.byte	2
 1075 0416 30       		.byte	48
 1076 0417 02       		.byte	2
 1077 0418 33       		.byte	51
 1078 0419 20       		.byte	32
 1079 041a 34       		.byte	52
 1080 041b 20       		.byte	32
 1081 041c 37       		.byte	55
 1082 041d 08       		.byte	8
 1083 041e CC       		.byte	-52
ARM GAS  C:\Users\frede\AppData\Local\Temp\ccw9VWsf.s 			page 20


 1084 041f F0       		.byte	-16
 1085 0420 8C       		.byte	-116
 1086 0421 22       		.byte	34
 1087 0422 9C       		.byte	-100
 1088 0423 20       		.byte	32
 1089 0424 9F       		.byte	-97
 1090 0425 08       		.byte	8
 1091 0426 A4       		.byte	-92
 1092 0427 02       		.byte	2
 1093 0428 A7       		.byte	-89
 1094 0429 20       		.byte	32
 1095 042a 9F       		.byte	-97
 1096 042b 08       		.byte	8
 1097 042c A7       		.byte	-89
 1098 042d 20       		.byte	32
 1099 042e 9F       		.byte	-97
 1100 042f 08       		.byte	8
 1101 0430 AB       		.byte	-85
 1102 0431 20       		.byte	32
 1103 0432 EE       		.byte	-18
 1104 0433 20       		.byte	32
 1105 0434 01       		.byte	1
 1106 0435 01       		.byte	1
 1107 0436 1B       		.byte	27
 1108 0437 04       		.byte	4
 1109 0438 C0       		.byte	-64
 1110 0439 08       		.byte	8
 1111 043a C6       		.byte	-58
 1112 043b 08       		.byte	8
 1113 043c AB       		.byte	-85
 1114 043d 04       		.byte	4
 1115 043e B1       		.byte	-79
 1116 043f 01       		.byte	1
 1117 0440 EE       		.byte	-18
 1118 0441 01       		.byte	1
 1119 0442 87       		.byte	-121
 1120 0443 08       		.byte	8
 1121 0444 9F       		.byte	-97
 1122 0445 08       		.byte	8
 1123 0446 E2       		.byte	-30
 1124 0447 10       		.byte	16
 1125 0448 10       		.byte	16
 1126 0449 40       		.byte	64
 1127 044a 74       		.byte	116
 1128 044b 04       		.byte	4
 1129 044c 84       		.byte	-124
 1130 044d 04       		.byte	4
 1131 044e 88       		.byte	-120
 1132 044f 40       		.byte	64
 1133 0450 C4       		.byte	-60
 1134 0451 08       		.byte	8
 1135 0452 DE       		.byte	-34
 1136 0453 04       		.byte	4
 1137 0454 E2       		.byte	-30
 1138 0455 01       		.byte	1
 1139 0456 00       		.byte	0
 1140 0457 01       		.byte	1
ARM GAS  C:\Users\frede\AppData\Local\Temp\ccw9VWsf.s 			page 21


 1141 0458 0C       		.byte	12
 1142 0459 01       		.byte	1
 1143 045a 10       		.byte	16
 1144 045b 07       		.byte	7
 1145 045c 1A       		.byte	26
 1146 045d 02       		.byte	2
 1147 045e 1C       		.byte	28
 1148 045f 05       		.byte	5
 1149 0460 00       		.byte	0
 1150 0461 FF       		.byte	-1
 1151 0462 00       		.byte	0
 1152 0463 00       		.byte	0
 1153 0464 80       		.byte	-128
 1154 0465 80       		.byte	-128
 1155 0466 00       		.byte	0
 1156 0467 00       		.byte	0
 1157 0468 40       		.byte	64
 1158 0469 00       		.byte	0
 1159 046a 00       		.byte	0
 1160 046b 00       		.byte	0
 1161 046c 00       		.byte	0
 1162 046d 08       		.byte	8
 1163 046e 04       		.byte	4
 1164 046f 00       		.byte	0
 1165 0470 1A       		.byte	26
 1166 0471 10       		.byte	16
 1167 0472 04       		.byte	4
 1168 0473 00       		.byte	0
 1169 0474 06       		.byte	6
 1170 0475 10       		.byte	16
 1171 0476 18       		.byte	24
 1172 0477 00       		.byte	0
 1173 0478 10       		.byte	16
 1174 0479 00       		.byte	0
 1175 047a 00       		.byte	0
 1176 047b 02       		.byte	2
 1177 047c 00       		.byte	0
 1178 047d 10       		.byte	16
 1179 047e 20       		.byte	32
 1180 047f 00       		.byte	0
 1181 0480 00       		.byte	0
 1182 0481 0E       		.byte	14
 1183 0482 20       		.byte	32
 1184 0483 01       		.byte	1
 1185 0484 00       		.byte	0
 1186 0485 0C       		.byte	12
 1187 0486 01       		.byte	1
 1188 0487 00       		.byte	0
 1189 0488 1A       		.byte	26
 1190 0489 0F       		.byte	15
 1191 048a 04       		.byte	4
 1192 048b 00       		.byte	0
 1193 048c 00       		.byte	0
 1194 048d 0C       		.byte	12
 1195 048e 01       		.byte	1
 1196 048f 03       		.byte	3
 1197 0490 08       		.byte	8
ARM GAS  C:\Users\frede\AppData\Local\Temp\ccw9VWsf.s 			page 22


 1198 0491 04       		.byte	4
 1199 0492 00       		.byte	0
 1200 0493 00       		.byte	0
 1201 0494 18       		.byte	24
 1202 0495 03       		.byte	3
 1203 0496 00       		.byte	0
 1204 0497 0C       		.byte	12
 1205 0498 1E       		.byte	30
 1206 0499 00       		.byte	0
 1207 049a 00       		.byte	0
 1208 049b 00       		.byte	0
 1209 049c 20       		.byte	32
 1210 049d 00       		.byte	0
 1211 049e 01       		.byte	1
 1212 049f 0E       		.byte	14
 1213 04a0 02       		.byte	2
 1214 04a1 01       		.byte	1
 1215 04a2 1C       		.byte	28
 1216 04a3 10       		.byte	16
 1217 04a4 00       		.byte	0
 1218 04a5 20       		.byte	32
 1219 04a6 80       		.byte	-128
 1220 04a7 02       		.byte	2
 1221 04a8 00       		.byte	0
 1222 04a9 00       		.byte	0
 1223 04aa 15       		.byte	21
 1224 04ab 00       		.byte	0
 1225 04ac 65       		.byte	101
 1226 04ad 04       		.byte	4
 1227 04ae 03       		.byte	3
 1228 04af 00       		.byte	0
 1229 04b0 01       		.byte	1
 1230 04b1 E0       		.byte	-32
 1231 04b2 0C       		.byte	12
 1232 04b3 00       		.byte	0
 1233 04b4 06       		.byte	6
 1234 04b5 FF       		.byte	-1
 1235 04b6 FF       		.byte	-1
 1236 04b7 FF       		.byte	-1
 1237 04b8 62       		.byte	98
 1238 04b9 A0       		.byte	-96
 1239 04ba F0       		.byte	-16
 1240 04bb 41       		.byte	65
 1241 04bc 0C       		.byte	12
 1242 04bd 00       		.byte	0
 1243 04be 00       		.byte	0
 1244 04bf 00       		.byte	0
 1245 04c0 00       		.byte	0
 1246 04c1 00       		.byte	0
 1247 04c2 02       		.byte	2
 1248 04c3 12       		.byte	18
 1249 04c4 04       		.byte	4
 1250 04c5 04       		.byte	4
 1251 04c6 04       		.byte	4
 1252 04c7 04       		.byte	4
 1253 04c8 00       		.byte	0
 1254 04c9 00       		.byte	0
ARM GAS  C:\Users\frede\AppData\Local\Temp\ccw9VWsf.s 			page 23


 1255 04ca 00       		.byte	0
 1256 04cb 01       		.byte	1
 1257 04cc 00       		.byte	0
 1258 04cd 00       		.byte	0
 1259 04ce 00       		.byte	0
 1260 04cf 00       		.byte	0
 1261 04d0 00       		.byte	0
 1262 04d1 00       		.byte	0
 1263 04d2 40       		.byte	64
 1264 04d3 02       		.byte	2
 1265 04d4 00       		.byte	0
 1266 04d5 10       		.byte	16
 1267 04d6 30       		.byte	48
 1268 04d7 10       		.byte	16
 1269 04d8 00       		.byte	0
 1270 04d9 10       		.byte	16
 1271 04da 10       		.byte	16
 1272 04db 12       		.byte	18
 1273 04dc 00       		.byte	0
 1274 04dd 00       		.byte	0
 1275 04de 00       		.byte	0
 1276 04df 00       		.byte	0
 1277 04e0 00       		.byte	0
 1278 04e1 00       		.byte	0
 1279 04e2 00       		.byte	0
 1280 04e3 00       		.byte	0
 1281 04e4 00       		.byte	0
 1282 04e5 00       		.byte	0
 1283 04e6 00       		.byte	0
 1284 04e7 00       		.byte	0
 1285 04e8 00       		.byte	0
 1286 04e9 00       		.byte	0
 1287 04ea 00       		.byte	0
 1288 04eb 00       		.byte	0
 1289 04ec 80       		.byte	-128
 1290 04ed 00       		.byte	0
 1291 04ee 40       		.byte	64
 1292 04ef 80       		.byte	-128
 1293 04f0 80       		.byte	-128
 1294 04f1 00       		.byte	0
 1295 04f2 80       		.byte	-128
 1296 04f3 00       		.byte	0
 1297 04f4 00       		.byte	0
 1298 04f5 00       		.byte	0
 1299 04f6 00       		.byte	0
 1300 04f7 00       		.byte	0
 1301 04f8 10       		.byte	16
 1302 04f9 00       		.byte	0
 1303 04fa 00       		.byte	0
 1304 04fb 10       		.byte	16
 1305 04fc 00       		.byte	0
 1306 04fd 00       		.byte	0
 1307 04fe 00       		.byte	0
 1308 04ff 00       		.byte	0
 1309 0500 20       		.byte	32
 1310 0501 00       		.byte	0
 1311 0502 00       		.byte	0
ARM GAS  C:\Users\frede\AppData\Local\Temp\ccw9VWsf.s 			page 24


 1312 0503 00       		.byte	0
 1313 0504 00       		.byte	0
 1314 0505 4B       		.byte	75
 1315 0506 4B       		.byte	75
 1316 0507 00       		.byte	0
 1317 0508 00       		.byte	0
 1318 0509 00       		.byte	0
 1319 050a 00       		.byte	0
 1320 050b 00       		.byte	0
 1321 050c 00       		.byte	0
 1322 050d 7F       		.byte	127
 1323 050e 7F       		.byte	127
 1324 050f 00       		.byte	0
 1325 0510 00       		.byte	0
 1326 0511 00       		.byte	0
 1327 0512 00       		.byte	0
 1328 0513 00       		.byte	0
 1329 0514 0E       		.byte	14
 1330 0515 00       		.byte	0
 1331 0516 18       		.byte	24
 1332 0517 01       		.byte	1
 1333              		.section	.cywolatch,"a",%progbits
 1334              		.align	2
 1335              		.type	cy_meta_wonvl, %object
 1336              		.size	cy_meta_wonvl, 4
 1337              	cy_meta_wonvl:
 1338 0000 BC       		.byte	-68
 1339 0001 90       		.byte	-112
 1340 0002 AC       		.byte	-84
 1341 0003 AF       		.byte	-81
 1342              		.section	.cycustnvl,"a",%progbits
 1343              		.align	2
 1344              		.type	cy_meta_custnvl, %object
 1345              		.size	cy_meta_custnvl, 4
 1346              	cy_meta_custnvl:
 1347 0000 00       		.byte	0
 1348 0001 00       		.byte	0
 1349 0002 40       		.byte	64
 1350 0003 05       		.byte	5
 1351              		.section	.cymeta,"a",%progbits
 1352              		.align	2
 1353              		.type	cy_metadata, %object
 1354              		.size	cy_metadata, 12
 1355              	cy_metadata:
 1356 0000 00       		.byte	0
 1357 0001 01       		.byte	1
 1358 0002 2E       		.byte	46
 1359 0003 16       		.byte	22
 1360 0004 10       		.byte	16
 1361 0005 69       		.byte	105
 1362 0006 00       		.byte	0
 1363 0007 01       		.byte	1
 1364 0008 00       		.byte	0
 1365 0009 00       		.byte	0
 1366 000a 00       		.byte	0
 1367 000b 00       		.byte	0
 1368              		.section	.cyflashprotect,"a",%progbits
ARM GAS  C:\Users\frede\AppData\Local\Temp\ccw9VWsf.s 			page 25


 1369              		.align	2
 1370              		.type	cy_meta_flashprotect, %object
 1371              		.size	cy_meta_flashprotect, 256
 1372              	cy_meta_flashprotect:
 1373 0000 00000000 		.space	256
 1373      00000000 
 1373      00000000 
 1373      00000000 
 1373      00000000 
 1374              		.text
 1375              	.Letext0:
 1376              		.file 1 "c:\\program files (x86)\\cypress\\psoc creator\\4.4\\psoc creator\\import\\gnu\\arm\\5.4.
 1377              		.file 2 "c:\\program files (x86)\\cypress\\psoc creator\\4.4\\psoc creator\\import\\gnu\\arm\\5.4.
 1378              		.file 3 "Generated_Source\\PSoC5\\cymetadata.c"
 1379              		.section	.debug_info,"",%progbits
 1380              	.Ldebug_info0:
 1381 0000 32010000 		.4byte	0x132
 1382 0004 0400     		.2byte	0x4
 1383 0006 00000000 		.4byte	.Ldebug_abbrev0
 1384 000a 04       		.byte	0x4
 1385 000b 01       		.uleb128 0x1
 1386 000c 24000000 		.4byte	.LASF17
 1387 0010 0C       		.byte	0xc
 1388 0011 A3010000 		.4byte	.LASF18
 1389 0015 06010000 		.4byte	.LASF19
 1390 0019 00000000 		.4byte	.Ldebug_line0
 1391 001d 02       		.uleb128 0x2
 1392 001e 01       		.byte	0x1
 1393 001f 06       		.byte	0x6
 1394 0020 97010000 		.4byte	.LASF0
 1395 0024 03       		.uleb128 0x3
 1396 0025 00000000 		.4byte	.LASF9
 1397 0029 01       		.byte	0x1
 1398 002a 1D       		.byte	0x1d
 1399 002b 2F000000 		.4byte	0x2f
 1400 002f 02       		.uleb128 0x2
 1401 0030 01       		.byte	0x1
 1402 0031 08       		.byte	0x8
 1403 0032 16000000 		.4byte	.LASF1
 1404 0036 02       		.uleb128 0x2
 1405 0037 02       		.byte	0x2
 1406 0038 05       		.byte	0x5
 1407 0039 84010000 		.4byte	.LASF2
 1408 003d 02       		.uleb128 0x2
 1409 003e 02       		.byte	0x2
 1410 003f 07       		.byte	0x7
 1411 0040 C4000000 		.4byte	.LASF3
 1412 0044 02       		.uleb128 0x2
 1413 0045 04       		.byte	0x4
 1414 0046 05       		.byte	0x5
 1415 0047 8E010000 		.4byte	.LASF4
 1416 004b 02       		.uleb128 0x2
 1417 004c 04       		.byte	0x4
 1418 004d 07       		.byte	0x7
 1419 004e B2000000 		.4byte	.LASF5
 1420 0052 02       		.uleb128 0x2
 1421 0053 08       		.byte	0x8
ARM GAS  C:\Users\frede\AppData\Local\Temp\ccw9VWsf.s 			page 26


 1422 0054 05       		.byte	0x5
 1423 0055 76010000 		.4byte	.LASF6
 1424 0059 02       		.uleb128 0x2
 1425 005a 08       		.byte	0x8
 1426 005b 07       		.byte	0x7
 1427 005c 2B010000 		.4byte	.LASF7
 1428 0060 04       		.uleb128 0x4
 1429 0061 04       		.byte	0x4
 1430 0062 05       		.byte	0x5
 1431 0063 696E7400 		.ascii	"int\000"
 1432 0067 02       		.uleb128 0x2
 1433 0068 04       		.byte	0x4
 1434 0069 07       		.byte	0x7
 1435 006a F9000000 		.4byte	.LASF8
 1436 006e 03       		.uleb128 0x3
 1437 006f 42010000 		.4byte	.LASF10
 1438 0073 02       		.byte	0x2
 1439 0074 18       		.byte	0x18
 1440 0075 24000000 		.4byte	0x24
 1441 0079 05       		.uleb128 0x5
 1442 007a 91000000 		.4byte	0x91
 1443 007e 8A000000 		.4byte	0x8a
 1444 0082 06       		.uleb128 0x6
 1445 0083 8A000000 		.4byte	0x8a
 1446 0087 1705     		.2byte	0x517
 1447 0089 00       		.byte	0
 1448 008a 02       		.uleb128 0x2
 1449 008b 04       		.byte	0x4
 1450 008c 07       		.byte	0x7
 1451 008d 6D010000 		.4byte	.LASF11
 1452 0091 07       		.uleb128 0x7
 1453 0092 6E000000 		.4byte	0x6e
 1454 0096 08       		.uleb128 0x8
 1455 0097 E7000000 		.4byte	.LASF12
 1456 009b 03       		.byte	0x3
 1457 009c 1F       		.byte	0x1f
 1458 009d A7000000 		.4byte	0xa7
 1459 00a1 05       		.uleb128 0x5
 1460 00a2 03       		.byte	0x3
 1461 00a3 00000000 		.4byte	cy_meta_configecc
 1462 00a7 07       		.uleb128 0x7
 1463 00a8 79000000 		.4byte	0x79
 1464 00ac 05       		.uleb128 0x5
 1465 00ad 91000000 		.4byte	0x91
 1466 00b1 BC000000 		.4byte	0xbc
 1467 00b5 09       		.uleb128 0x9
 1468 00b6 8A000000 		.4byte	0x8a
 1469 00ba 03       		.byte	0x3
 1470 00bb 00       		.byte	0
 1471 00bc 08       		.uleb128 0x8
 1472 00bd D7000000 		.4byte	.LASF13
 1473 00c1 03       		.byte	0x3
 1474 00c2 CF       		.byte	0xcf
 1475 00c3 CD000000 		.4byte	0xcd
 1476 00c7 05       		.uleb128 0x5
 1477 00c8 03       		.byte	0x3
 1478 00c9 00000000 		.4byte	cy_meta_custnvl
ARM GAS  C:\Users\frede\AppData\Local\Temp\ccw9VWsf.s 			page 27


 1479 00cd 07       		.uleb128 0x7
 1480 00ce AC000000 		.4byte	0xac
 1481 00d2 08       		.uleb128 0x8
 1482 00d3 5F010000 		.4byte	.LASF14
 1483 00d7 03       		.byte	0x3
 1484 00d8 DD       		.byte	0xdd
 1485 00d9 E3000000 		.4byte	0xe3
 1486 00dd 05       		.uleb128 0x5
 1487 00de 03       		.byte	0x3
 1488 00df 00000000 		.4byte	cy_meta_wonvl
 1489 00e3 07       		.uleb128 0x7
 1490 00e4 AC000000 		.4byte	0xac
 1491 00e8 05       		.uleb128 0x5
 1492 00e9 91000000 		.4byte	0x91
 1493 00ed F8000000 		.4byte	0xf8
 1494 00f1 09       		.uleb128 0x9
 1495 00f2 8A000000 		.4byte	0x8a
 1496 00f6 FF       		.byte	0xff
 1497 00f7 00       		.byte	0
 1498 00f8 08       		.uleb128 0x8
 1499 00f9 4A010000 		.4byte	.LASF15
 1500 00fd 03       		.byte	0x3
 1501 00fe EB       		.byte	0xeb
 1502 00ff 09010000 		.4byte	0x109
 1503 0103 05       		.uleb128 0x5
 1504 0104 03       		.byte	0x3
 1505 0105 00000000 		.4byte	cy_meta_flashprotect
 1506 0109 07       		.uleb128 0x7
 1507 010a E8000000 		.4byte	0xe8
 1508 010e 05       		.uleb128 0x5
 1509 010f 91000000 		.4byte	0x91
 1510 0113 1E010000 		.4byte	0x11e
 1511 0117 09       		.uleb128 0x9
 1512 0118 8A000000 		.4byte	0x8a
 1513 011c 0B       		.byte	0xb
 1514 011d 00       		.byte	0
 1515 011e 0A       		.uleb128 0xa
 1516 011f 0A000000 		.4byte	.LASF16
 1517 0123 03       		.byte	0x3
 1518 0124 1801     		.2byte	0x118
 1519 0126 30010000 		.4byte	0x130
 1520 012a 05       		.uleb128 0x5
 1521 012b 03       		.byte	0x3
 1522 012c 00000000 		.4byte	cy_metadata
 1523 0130 07       		.uleb128 0x7
 1524 0131 0E010000 		.4byte	0x10e
 1525 0135 00       		.byte	0
 1526              		.section	.debug_abbrev,"",%progbits
 1527              	.Ldebug_abbrev0:
 1528 0000 01       		.uleb128 0x1
 1529 0001 11       		.uleb128 0x11
 1530 0002 01       		.byte	0x1
 1531 0003 25       		.uleb128 0x25
 1532 0004 0E       		.uleb128 0xe
 1533 0005 13       		.uleb128 0x13
 1534 0006 0B       		.uleb128 0xb
 1535 0007 03       		.uleb128 0x3
ARM GAS  C:\Users\frede\AppData\Local\Temp\ccw9VWsf.s 			page 28


 1536 0008 0E       		.uleb128 0xe
 1537 0009 1B       		.uleb128 0x1b
 1538 000a 0E       		.uleb128 0xe
 1539 000b 10       		.uleb128 0x10
 1540 000c 17       		.uleb128 0x17
 1541 000d 00       		.byte	0
 1542 000e 00       		.byte	0
 1543 000f 02       		.uleb128 0x2
 1544 0010 24       		.uleb128 0x24
 1545 0011 00       		.byte	0
 1546 0012 0B       		.uleb128 0xb
 1547 0013 0B       		.uleb128 0xb
 1548 0014 3E       		.uleb128 0x3e
 1549 0015 0B       		.uleb128 0xb
 1550 0016 03       		.uleb128 0x3
 1551 0017 0E       		.uleb128 0xe
 1552 0018 00       		.byte	0
 1553 0019 00       		.byte	0
 1554 001a 03       		.uleb128 0x3
 1555 001b 16       		.uleb128 0x16
 1556 001c 00       		.byte	0
 1557 001d 03       		.uleb128 0x3
 1558 001e 0E       		.uleb128 0xe
 1559 001f 3A       		.uleb128 0x3a
 1560 0020 0B       		.uleb128 0xb
 1561 0021 3B       		.uleb128 0x3b
 1562 0022 0B       		.uleb128 0xb
 1563 0023 49       		.uleb128 0x49
 1564 0024 13       		.uleb128 0x13
 1565 0025 00       		.byte	0
 1566 0026 00       		.byte	0
 1567 0027 04       		.uleb128 0x4
 1568 0028 24       		.uleb128 0x24
 1569 0029 00       		.byte	0
 1570 002a 0B       		.uleb128 0xb
 1571 002b 0B       		.uleb128 0xb
 1572 002c 3E       		.uleb128 0x3e
 1573 002d 0B       		.uleb128 0xb
 1574 002e 03       		.uleb128 0x3
 1575 002f 08       		.uleb128 0x8
 1576 0030 00       		.byte	0
 1577 0031 00       		.byte	0
 1578 0032 05       		.uleb128 0x5
 1579 0033 01       		.uleb128 0x1
 1580 0034 01       		.byte	0x1
 1581 0035 49       		.uleb128 0x49
 1582 0036 13       		.uleb128 0x13
 1583 0037 01       		.uleb128 0x1
 1584 0038 13       		.uleb128 0x13
 1585 0039 00       		.byte	0
 1586 003a 00       		.byte	0
 1587 003b 06       		.uleb128 0x6
 1588 003c 21       		.uleb128 0x21
 1589 003d 00       		.byte	0
 1590 003e 49       		.uleb128 0x49
 1591 003f 13       		.uleb128 0x13
 1592 0040 2F       		.uleb128 0x2f
ARM GAS  C:\Users\frede\AppData\Local\Temp\ccw9VWsf.s 			page 29


 1593 0041 05       		.uleb128 0x5
 1594 0042 00       		.byte	0
 1595 0043 00       		.byte	0
 1596 0044 07       		.uleb128 0x7
 1597 0045 26       		.uleb128 0x26
 1598 0046 00       		.byte	0
 1599 0047 49       		.uleb128 0x49
 1600 0048 13       		.uleb128 0x13
 1601 0049 00       		.byte	0
 1602 004a 00       		.byte	0
 1603 004b 08       		.uleb128 0x8
 1604 004c 34       		.uleb128 0x34
 1605 004d 00       		.byte	0
 1606 004e 03       		.uleb128 0x3
 1607 004f 0E       		.uleb128 0xe
 1608 0050 3A       		.uleb128 0x3a
 1609 0051 0B       		.uleb128 0xb
 1610 0052 3B       		.uleb128 0x3b
 1611 0053 0B       		.uleb128 0xb
 1612 0054 49       		.uleb128 0x49
 1613 0055 13       		.uleb128 0x13
 1614 0056 3F       		.uleb128 0x3f
 1615 0057 19       		.uleb128 0x19
 1616 0058 02       		.uleb128 0x2
 1617 0059 18       		.uleb128 0x18
 1618 005a 00       		.byte	0
 1619 005b 00       		.byte	0
 1620 005c 09       		.uleb128 0x9
 1621 005d 21       		.uleb128 0x21
 1622 005e 00       		.byte	0
 1623 005f 49       		.uleb128 0x49
 1624 0060 13       		.uleb128 0x13
 1625 0061 2F       		.uleb128 0x2f
 1626 0062 0B       		.uleb128 0xb
 1627 0063 00       		.byte	0
 1628 0064 00       		.byte	0
 1629 0065 0A       		.uleb128 0xa
 1630 0066 34       		.uleb128 0x34
 1631 0067 00       		.byte	0
 1632 0068 03       		.uleb128 0x3
 1633 0069 0E       		.uleb128 0xe
 1634 006a 3A       		.uleb128 0x3a
 1635 006b 0B       		.uleb128 0xb
 1636 006c 3B       		.uleb128 0x3b
 1637 006d 05       		.uleb128 0x5
 1638 006e 49       		.uleb128 0x49
 1639 006f 13       		.uleb128 0x13
 1640 0070 3F       		.uleb128 0x3f
 1641 0071 19       		.uleb128 0x19
 1642 0072 02       		.uleb128 0x2
 1643 0073 18       		.uleb128 0x18
 1644 0074 00       		.byte	0
 1645 0075 00       		.byte	0
 1646 0076 00       		.byte	0
 1647              		.section	.debug_aranges,"",%progbits
 1648 0000 14000000 		.4byte	0x14
 1649 0004 0200     		.2byte	0x2
ARM GAS  C:\Users\frede\AppData\Local\Temp\ccw9VWsf.s 			page 30


 1650 0006 00000000 		.4byte	.Ldebug_info0
 1651 000a 04       		.byte	0x4
 1652 000b 00       		.byte	0
 1653 000c 0000     		.2byte	0
 1654 000e 0000     		.2byte	0
 1655 0010 00000000 		.4byte	0
 1656 0014 00000000 		.4byte	0
 1657              		.section	.debug_line,"",%progbits
 1658              	.Ldebug_line0:
 1659 0000 3D010000 		.section	.debug_str,"MS",%progbits,1
 1659      02003701 
 1659      00000201 
 1659      FB0E0D00 
 1659      01010101 
 1660              	.LASF9:
 1661 0000 5F5F7569 		.ascii	"__uint8_t\000"
 1661      6E74385F 
 1661      7400
 1662              	.LASF16:
 1663 000a 63795F6D 		.ascii	"cy_metadata\000"
 1663      65746164 
 1663      61746100 
 1664              	.LASF1:
 1665 0016 756E7369 		.ascii	"unsigned char\000"
 1665      676E6564 
 1665      20636861 
 1665      7200
 1666              	.LASF17:
 1667 0024 474E5520 		.ascii	"GNU C11 5.4.1 20160609 (release) [ARM/embedded-5-br"
 1667      43313120 
 1667      352E342E 
 1667      31203230 
 1667      31363036 
 1668 0057 616E6368 		.ascii	"anch revision 237715] -mcpu=cortex-m3 -mthumb -g -O"
 1668      20726576 
 1668      6973696F 
 1668      6E203233 
 1668      37373135 
 1669 008a 67202D66 		.ascii	"g -ffunction-sections -ffat-lto-objects\000"
 1669      66756E63 
 1669      74696F6E 
 1669      2D736563 
 1669      74696F6E 
 1670              	.LASF5:
 1671 00b2 6C6F6E67 		.ascii	"long unsigned int\000"
 1671      20756E73 
 1671      69676E65 
 1671      6420696E 
 1671      7400
 1672              	.LASF3:
 1673 00c4 73686F72 		.ascii	"short unsigned int\000"
 1673      7420756E 
 1673      7369676E 
 1673      65642069 
 1673      6E7400
 1674              	.LASF13:
 1675 00d7 63795F6D 		.ascii	"cy_meta_custnvl\000"
ARM GAS  C:\Users\frede\AppData\Local\Temp\ccw9VWsf.s 			page 31


 1675      6574615F 
 1675      63757374 
 1675      6E766C00 
 1676              	.LASF12:
 1677 00e7 63795F6D 		.ascii	"cy_meta_configecc\000"
 1677      6574615F 
 1677      636F6E66 
 1677      69676563 
 1677      6300
 1678              	.LASF8:
 1679 00f9 756E7369 		.ascii	"unsigned int\000"
 1679      676E6564 
 1679      20696E74 
 1679      00
 1680              	.LASF19:
 1681 0106 433A5C53 		.ascii	"C:\\Skole\\Analogkontroller\\PRJ4.cydsn\000"
 1681      6B6F6C65 
 1681      5C416E61 
 1681      6C6F676B 
 1681      6F6E7472 
 1682              	.LASF7:
 1683 012b 6C6F6E67 		.ascii	"long long unsigned int\000"
 1683      206C6F6E 
 1683      6720756E 
 1683      7369676E 
 1683      65642069 
 1684              	.LASF10:
 1685 0142 75696E74 		.ascii	"uint8_t\000"
 1685      385F7400 
 1686              	.LASF15:
 1687 014a 63795F6D 		.ascii	"cy_meta_flashprotect\000"
 1687      6574615F 
 1687      666C6173 
 1687      6870726F 
 1687      74656374 
 1688              	.LASF14:
 1689 015f 63795F6D 		.ascii	"cy_meta_wonvl\000"
 1689      6574615F 
 1689      776F6E76 
 1689      6C00
 1690              	.LASF11:
 1691 016d 73697A65 		.ascii	"sizetype\000"
 1691      74797065 
 1691      00
 1692              	.LASF6:
 1693 0176 6C6F6E67 		.ascii	"long long int\000"
 1693      206C6F6E 
 1693      6720696E 
 1693      7400
 1694              	.LASF2:
 1695 0184 73686F72 		.ascii	"short int\000"
 1695      7420696E 
 1695      7400
 1696              	.LASF4:
 1697 018e 6C6F6E67 		.ascii	"long int\000"
 1697      20696E74 
 1697      00
ARM GAS  C:\Users\frede\AppData\Local\Temp\ccw9VWsf.s 			page 32


 1698              	.LASF0:
 1699 0197 7369676E 		.ascii	"signed char\000"
 1699      65642063 
 1699      68617200 
 1700              	.LASF18:
 1701 01a3 47656E65 		.ascii	"Generated_Source\\PSoC5\\cymetadata.c\000"
 1701      72617465 
 1701      645F536F 
 1701      75726365 
 1701      5C50536F 
 1702              		.ident	"GCC: (GNU Tools for ARM Embedded Processors) 5.4.1 20160609 (release) [ARM/embedded-5-bran
