ARM GAS  C:\Users\degn\AppData\Local\Temp\ccthnWXK.s 			page 1


   1              		.syntax unified
   2              		.cpu cortex-m3
   3              		.fpu softvfp
   4              		.eabi_attribute 20, 1
   5              		.eabi_attribute 21, 1
   6              		.eabi_attribute 23, 3
   7              		.eabi_attribute 24, 1
   8              		.eabi_attribute 25, 1
   9              		.eabi_attribute 26, 1
  10              		.eabi_attribute 30, 1
  11              		.eabi_attribute 34, 1
  12              		.eabi_attribute 18, 4
  13              		.thumb
  14              		.syntax unified
  15              		.file	"main.c"
  16              		.text
  17              	.Ltext0:
  18              		.cfi_sections	.debug_frame
  19              		.section	.text.main,"ax",%progbits
  20              		.align	2
  21              		.global	main
  22              		.thumb
  23              		.thumb_func
  24              		.type	main, %function
  25              	main:
  26              	.LFB64:
  27              		.file 1 "main.c"
   1:main.c        **** #include "project.h"
   2:main.c        **** 
   3:main.c        **** #include "interface.h"
   4:main.c        **** extern int toggle;
   5:main.c        **** 
   6:main.c        **** int main(void)
   7:main.c        **** {
  28              		.loc 1 7 0
  29              		.cfi_startproc
  30              		@ Volatile: function does not return.
  31              		@ args = 0, pretend = 0, frame = 0
  32              		@ frame_needed = 0, uses_anonymous_args = 0
  33 0000 08B5     		push	{r3, lr}
  34              		.cfi_def_cfa_offset 8
  35              		.cfi_offset 3, -8
  36              		.cfi_offset 14, -4
   8:main.c        ****     CyGlobalIntEnable; /* Enable global interrupts. */
  37              		.loc 1 8 0
  38              		.syntax unified
  39              	@ 8 "main.c" 1
  40 0002 62B6     		CPSIE   i
  41              	@ 0 "" 2
   9:main.c        ****     init_interface();
  42              		.loc 1 9 0
  43              		.thumb
  44              		.syntax unified
  45 0004 FFF7FEFF 		bl	init_interface
  46              	.LVL0:
  10:main.c        ****     CyDelay(5000);
  47              		.loc 1 10 0
ARM GAS  C:\Users\degn\AppData\Local\Temp\ccthnWXK.s 			page 2


  48 0008 41F28830 		movw	r0, #5000
  49 000c FFF7FEFF 		bl	CyDelay
  50              	.LVL1:
  51              	.L2:
  52 0010 FEE7     		b	.L2
  53              		.cfi_endproc
  54              	.LFE64:
  55              		.size	main, .-main
  56 0012 00BF     		.text
  57              	.Letext0:
  58              		.file 2 "c:\\program files (x86)\\cypress\\psoc creator\\4.4\\psoc creator\\import\\gnu\\arm\\5.4.
  59              		.file 3 "c:\\program files (x86)\\cypress\\psoc creator\\4.4\\psoc creator\\import\\gnu\\arm\\5.4.
  60              		.file 4 "interface.h"
  61              		.file 5 "Generated_Source\\PSoC5/CyLib.h"
  62              		.file 6 "Generated_Source\\PSoC5/core_cm3.h"
  63              		.section	.debug_info,"",%progbits
  64              	.Ldebug_info0:
  65 0000 FC000000 		.4byte	0xfc
  66 0004 0400     		.2byte	0x4
  67 0006 00000000 		.4byte	.Ldebug_abbrev0
  68 000a 04       		.byte	0x4
  69 000b 01       		.uleb128 0x1
  70 000c 3A000000 		.4byte	.LASF18
  71 0010 0C       		.byte	0xc
  72 0011 2E000000 		.4byte	.LASF19
  73 0015 08010000 		.4byte	.LASF20
  74 0019 00000000 		.4byte	.Ldebug_ranges0+0
  75 001d 00000000 		.4byte	0
  76 0021 00000000 		.4byte	.Ldebug_line0
  77 0025 02       		.uleb128 0x2
  78 0026 01       		.byte	0x1
  79 0027 06       		.byte	0x6
  80 0028 A5010000 		.4byte	.LASF0
  81 002c 02       		.uleb128 0x2
  82 002d 01       		.byte	0x1
  83 002e 08       		.byte	0x8
  84 002f 75010000 		.4byte	.LASF1
  85 0033 02       		.uleb128 0x2
  86 0034 02       		.byte	0x2
  87 0035 05       		.byte	0x5
  88 0036 CD010000 		.4byte	.LASF2
  89 003a 02       		.uleb128 0x2
  90 003b 02       		.byte	0x2
  91 003c 07       		.byte	0x7
  92 003d 0E000000 		.4byte	.LASF3
  93 0041 03       		.uleb128 0x3
  94 0042 BD010000 		.4byte	.LASF9
  95 0046 02       		.byte	0x2
  96 0047 3F       		.byte	0x3f
  97 0048 4C000000 		.4byte	0x4c
  98 004c 02       		.uleb128 0x2
  99 004d 04       		.byte	0x4
 100 004e 05       		.byte	0x5
 101 004f 88010000 		.4byte	.LASF4
 102 0053 02       		.uleb128 0x2
 103 0054 04       		.byte	0x4
 104 0055 07       		.byte	0x7
ARM GAS  C:\Users\degn\AppData\Local\Temp\ccthnWXK.s 			page 3


 105 0056 DF000000 		.4byte	.LASF5
 106 005a 02       		.uleb128 0x2
 107 005b 08       		.byte	0x8
 108 005c 05       		.byte	0x5
 109 005d 00000000 		.4byte	.LASF6
 110 0061 02       		.uleb128 0x2
 111 0062 08       		.byte	0x8
 112 0063 07       		.byte	0x7
 113 0064 F1000000 		.4byte	.LASF7
 114 0068 04       		.uleb128 0x4
 115 0069 04       		.byte	0x4
 116 006a 05       		.byte	0x5
 117 006b 696E7400 		.ascii	"int\000"
 118 006f 02       		.uleb128 0x2
 119 0070 04       		.byte	0x4
 120 0071 07       		.byte	0x7
 121 0072 21000000 		.4byte	.LASF8
 122 0076 03       		.uleb128 0x3
 123 0077 D7010000 		.4byte	.LASF10
 124 007b 03       		.byte	0x3
 125 007c 2C       		.byte	0x2c
 126 007d 41000000 		.4byte	0x41
 127 0081 02       		.uleb128 0x2
 128 0082 04       		.byte	0x4
 129 0083 04       		.byte	0x4
 130 0084 C7010000 		.4byte	.LASF11
 131 0088 02       		.uleb128 0x2
 132 0089 08       		.byte	0x8
 133 008a 04       		.byte	0x4
 134 008b 91010000 		.4byte	.LASF12
 135 008f 02       		.uleb128 0x2
 136 0090 01       		.byte	0x1
 137 0091 08       		.byte	0x8
 138 0092 83010000 		.4byte	.LASF13
 139 0096 02       		.uleb128 0x2
 140 0097 08       		.byte	0x8
 141 0098 04       		.byte	0x4
 142 0099 B1010000 		.4byte	.LASF14
 143 009d 02       		.uleb128 0x2
 144 009e 04       		.byte	0x4
 145 009f 07       		.byte	0x7
 146 00a0 DF010000 		.4byte	.LASF15
 147 00a4 05       		.uleb128 0x5
 148 00a5 35000000 		.4byte	.LASF21
 149 00a9 01       		.byte	0x1
 150 00aa 06       		.byte	0x6
 151 00ab 68000000 		.4byte	0x68
 152 00af 00000000 		.4byte	.LFB64
 153 00b3 12000000 		.4byte	.LFE64-.LFB64
 154 00b7 01       		.uleb128 0x1
 155 00b8 9C       		.byte	0x9c
 156 00b9 D8000000 		.4byte	0xd8
 157 00bd 06       		.uleb128 0x6
 158 00be 08000000 		.4byte	.LVL0
 159 00c2 E9000000 		.4byte	0xe9
 160 00c6 07       		.uleb128 0x7
 161 00c7 10000000 		.4byte	.LVL1
ARM GAS  C:\Users\degn\AppData\Local\Temp\ccthnWXK.s 			page 4


 162 00cb F4000000 		.4byte	0xf4
 163 00cf 08       		.uleb128 0x8
 164 00d0 01       		.uleb128 0x1
 165 00d1 50       		.byte	0x50
 166 00d2 03       		.uleb128 0x3
 167 00d3 0A       		.byte	0xa
 168 00d4 8813     		.2byte	0x1388
 169 00d6 00       		.byte	0
 170 00d7 00       		.byte	0
 171 00d8 09       		.uleb128 0x9
 172 00d9 98010000 		.4byte	.LASF22
 173 00dd 06       		.byte	0x6
 174 00de 1207     		.2byte	0x712
 175 00e0 E4000000 		.4byte	0xe4
 176 00e4 0A       		.uleb128 0xa
 177 00e5 76000000 		.4byte	0x76
 178 00e9 0B       		.uleb128 0xb
 179 00ea D0000000 		.4byte	.LASF16
 180 00ee D0000000 		.4byte	.LASF16
 181 00f2 04       		.byte	0x4
 182 00f3 09       		.byte	0x9
 183 00f4 0B       		.uleb128 0xb
 184 00f5 C8000000 		.4byte	.LASF17
 185 00f9 C8000000 		.4byte	.LASF17
 186 00fd 05       		.byte	0x5
 187 00fe 76       		.byte	0x76
 188 00ff 00       		.byte	0
 189              		.section	.debug_abbrev,"",%progbits
 190              	.Ldebug_abbrev0:
 191 0000 01       		.uleb128 0x1
 192 0001 11       		.uleb128 0x11
 193 0002 01       		.byte	0x1
 194 0003 25       		.uleb128 0x25
 195 0004 0E       		.uleb128 0xe
 196 0005 13       		.uleb128 0x13
 197 0006 0B       		.uleb128 0xb
 198 0007 03       		.uleb128 0x3
 199 0008 0E       		.uleb128 0xe
 200 0009 1B       		.uleb128 0x1b
 201 000a 0E       		.uleb128 0xe
 202 000b 55       		.uleb128 0x55
 203 000c 17       		.uleb128 0x17
 204 000d 11       		.uleb128 0x11
 205 000e 01       		.uleb128 0x1
 206 000f 10       		.uleb128 0x10
 207 0010 17       		.uleb128 0x17
 208 0011 00       		.byte	0
 209 0012 00       		.byte	0
 210 0013 02       		.uleb128 0x2
 211 0014 24       		.uleb128 0x24
 212 0015 00       		.byte	0
 213 0016 0B       		.uleb128 0xb
 214 0017 0B       		.uleb128 0xb
 215 0018 3E       		.uleb128 0x3e
 216 0019 0B       		.uleb128 0xb
 217 001a 03       		.uleb128 0x3
 218 001b 0E       		.uleb128 0xe
ARM GAS  C:\Users\degn\AppData\Local\Temp\ccthnWXK.s 			page 5


 219 001c 00       		.byte	0
 220 001d 00       		.byte	0
 221 001e 03       		.uleb128 0x3
 222 001f 16       		.uleb128 0x16
 223 0020 00       		.byte	0
 224 0021 03       		.uleb128 0x3
 225 0022 0E       		.uleb128 0xe
 226 0023 3A       		.uleb128 0x3a
 227 0024 0B       		.uleb128 0xb
 228 0025 3B       		.uleb128 0x3b
 229 0026 0B       		.uleb128 0xb
 230 0027 49       		.uleb128 0x49
 231 0028 13       		.uleb128 0x13
 232 0029 00       		.byte	0
 233 002a 00       		.byte	0
 234 002b 04       		.uleb128 0x4
 235 002c 24       		.uleb128 0x24
 236 002d 00       		.byte	0
 237 002e 0B       		.uleb128 0xb
 238 002f 0B       		.uleb128 0xb
 239 0030 3E       		.uleb128 0x3e
 240 0031 0B       		.uleb128 0xb
 241 0032 03       		.uleb128 0x3
 242 0033 08       		.uleb128 0x8
 243 0034 00       		.byte	0
 244 0035 00       		.byte	0
 245 0036 05       		.uleb128 0x5
 246 0037 2E       		.uleb128 0x2e
 247 0038 01       		.byte	0x1
 248 0039 3F       		.uleb128 0x3f
 249 003a 19       		.uleb128 0x19
 250 003b 03       		.uleb128 0x3
 251 003c 0E       		.uleb128 0xe
 252 003d 3A       		.uleb128 0x3a
 253 003e 0B       		.uleb128 0xb
 254 003f 3B       		.uleb128 0x3b
 255 0040 0B       		.uleb128 0xb
 256 0041 27       		.uleb128 0x27
 257 0042 19       		.uleb128 0x19
 258 0043 49       		.uleb128 0x49
 259 0044 13       		.uleb128 0x13
 260 0045 8701     		.uleb128 0x87
 261 0047 19       		.uleb128 0x19
 262 0048 11       		.uleb128 0x11
 263 0049 01       		.uleb128 0x1
 264 004a 12       		.uleb128 0x12
 265 004b 06       		.uleb128 0x6
 266 004c 40       		.uleb128 0x40
 267 004d 18       		.uleb128 0x18
 268 004e 9742     		.uleb128 0x2117
 269 0050 19       		.uleb128 0x19
 270 0051 01       		.uleb128 0x1
 271 0052 13       		.uleb128 0x13
 272 0053 00       		.byte	0
 273 0054 00       		.byte	0
 274 0055 06       		.uleb128 0x6
 275 0056 898201   		.uleb128 0x4109
ARM GAS  C:\Users\degn\AppData\Local\Temp\ccthnWXK.s 			page 6


 276 0059 00       		.byte	0
 277 005a 11       		.uleb128 0x11
 278 005b 01       		.uleb128 0x1
 279 005c 31       		.uleb128 0x31
 280 005d 13       		.uleb128 0x13
 281 005e 00       		.byte	0
 282 005f 00       		.byte	0
 283 0060 07       		.uleb128 0x7
 284 0061 898201   		.uleb128 0x4109
 285 0064 01       		.byte	0x1
 286 0065 11       		.uleb128 0x11
 287 0066 01       		.uleb128 0x1
 288 0067 31       		.uleb128 0x31
 289 0068 13       		.uleb128 0x13
 290 0069 00       		.byte	0
 291 006a 00       		.byte	0
 292 006b 08       		.uleb128 0x8
 293 006c 8A8201   		.uleb128 0x410a
 294 006f 00       		.byte	0
 295 0070 02       		.uleb128 0x2
 296 0071 18       		.uleb128 0x18
 297 0072 9142     		.uleb128 0x2111
 298 0074 18       		.uleb128 0x18
 299 0075 00       		.byte	0
 300 0076 00       		.byte	0
 301 0077 09       		.uleb128 0x9
 302 0078 34       		.uleb128 0x34
 303 0079 00       		.byte	0
 304 007a 03       		.uleb128 0x3
 305 007b 0E       		.uleb128 0xe
 306 007c 3A       		.uleb128 0x3a
 307 007d 0B       		.uleb128 0xb
 308 007e 3B       		.uleb128 0x3b
 309 007f 05       		.uleb128 0x5
 310 0080 49       		.uleb128 0x49
 311 0081 13       		.uleb128 0x13
 312 0082 3F       		.uleb128 0x3f
 313 0083 19       		.uleb128 0x19
 314 0084 3C       		.uleb128 0x3c
 315 0085 19       		.uleb128 0x19
 316 0086 00       		.byte	0
 317 0087 00       		.byte	0
 318 0088 0A       		.uleb128 0xa
 319 0089 35       		.uleb128 0x35
 320 008a 00       		.byte	0
 321 008b 49       		.uleb128 0x49
 322 008c 13       		.uleb128 0x13
 323 008d 00       		.byte	0
 324 008e 00       		.byte	0
 325 008f 0B       		.uleb128 0xb
 326 0090 2E       		.uleb128 0x2e
 327 0091 00       		.byte	0
 328 0092 3F       		.uleb128 0x3f
 329 0093 19       		.uleb128 0x19
 330 0094 3C       		.uleb128 0x3c
 331 0095 19       		.uleb128 0x19
 332 0096 6E       		.uleb128 0x6e
ARM GAS  C:\Users\degn\AppData\Local\Temp\ccthnWXK.s 			page 7


 333 0097 0E       		.uleb128 0xe
 334 0098 03       		.uleb128 0x3
 335 0099 0E       		.uleb128 0xe
 336 009a 3A       		.uleb128 0x3a
 337 009b 0B       		.uleb128 0xb
 338 009c 3B       		.uleb128 0x3b
 339 009d 0B       		.uleb128 0xb
 340 009e 00       		.byte	0
 341 009f 00       		.byte	0
 342 00a0 00       		.byte	0
 343              		.section	.debug_aranges,"",%progbits
 344 0000 1C000000 		.4byte	0x1c
 345 0004 0200     		.2byte	0x2
 346 0006 00000000 		.4byte	.Ldebug_info0
 347 000a 04       		.byte	0x4
 348 000b 00       		.byte	0
 349 000c 0000     		.2byte	0
 350 000e 0000     		.2byte	0
 351 0010 00000000 		.4byte	.LFB64
 352 0014 12000000 		.4byte	.LFE64-.LFB64
 353 0018 00000000 		.4byte	0
 354 001c 00000000 		.4byte	0
 355              		.section	.debug_ranges,"",%progbits
 356              	.Ldebug_ranges0:
 357 0000 00000000 		.4byte	.LFB64
 358 0004 12000000 		.4byte	.LFE64
 359 0008 00000000 		.4byte	0
 360 000c 00000000 		.4byte	0
 361              		.section	.debug_line,"",%progbits
 362              	.Ldebug_line0:
 363 0000 6F010000 		.section	.debug_str,"MS",%progbits,1
 363      02005901 
 363      00000201 
 363      FB0E0D00 
 363      01010101 
 364              	.LASF6:
 365 0000 6C6F6E67 		.ascii	"long long int\000"
 365      206C6F6E 
 365      6720696E 
 365      7400
 366              	.LASF3:
 367 000e 73686F72 		.ascii	"short unsigned int\000"
 367      7420756E 
 367      7369676E 
 367      65642069 
 367      6E7400
 368              	.LASF8:
 369 0021 756E7369 		.ascii	"unsigned int\000"
 369      676E6564 
 369      20696E74 
 369      00
 370              	.LASF19:
 371 002e 6D61696E 		.ascii	"main.c\000"
 371      2E6300
 372              	.LASF21:
 373 0035 6D61696E 		.ascii	"main\000"
 373      00
ARM GAS  C:\Users\degn\AppData\Local\Temp\ccthnWXK.s 			page 8


 374              	.LASF18:
 375 003a 474E5520 		.ascii	"GNU C11 5.4.1 20160609 (release) [ARM/embedded-5-br"
 375      43313120 
 375      352E342E 
 375      31203230 
 375      31363036 
 376 006d 616E6368 		.ascii	"anch revision 237715] -mcpu=cortex-m3 -mthumb -g -O"
 376      20726576 
 376      6973696F 
 376      6E203233 
 376      37373135 
 377 00a0 67202D66 		.ascii	"g -ffunction-sections -ffat-lto-objects\000"
 377      66756E63 
 377      74696F6E 
 377      2D736563 
 377      74696F6E 
 378              	.LASF17:
 379 00c8 43794465 		.ascii	"CyDelay\000"
 379      6C617900 
 380              	.LASF16:
 381 00d0 696E6974 		.ascii	"init_interface\000"
 381      5F696E74 
 381      65726661 
 381      636500
 382              	.LASF5:
 383 00df 6C6F6E67 		.ascii	"long unsigned int\000"
 383      20756E73 
 383      69676E65 
 383      6420696E 
 383      7400
 384              	.LASF7:
 385 00f1 6C6F6E67 		.ascii	"long long unsigned int\000"
 385      206C6F6E 
 385      6720756E 
 385      7369676E 
 385      65642069 
 386              	.LASF20:
 387 0108 433A5C55 		.ascii	"C:\\Users\\degn\\OneDrive - Aarhus universitet\\Skr"
 387      73657273 
 387      5C646567 
 387      6E5C4F6E 
 387      65447269 
 388 0137 69766562 		.ascii	"ivebord\\AU\\E4\\PRJ4\\Git\\E4PRJ\\PSoC\\Analogkont"
 388      6F72645C 
 388      41555C45 
 388      345C5052 
 388      4A345C47 
 389 0163 726F6C6C 		.ascii	"roller\\PRJ4.cydsn\000"
 389      65725C50 
 389      524A342E 
 389      63796473 
 389      6E00
 390              	.LASF1:
 391 0175 756E7369 		.ascii	"unsigned char\000"
 391      676E6564 
 391      20636861 
 391      7200
ARM GAS  C:\Users\degn\AppData\Local\Temp\ccthnWXK.s 			page 9


 392              	.LASF13:
 393 0183 63686172 		.ascii	"char\000"
 393      00
 394              	.LASF4:
 395 0188 6C6F6E67 		.ascii	"long int\000"
 395      20696E74 
 395      00
 396              	.LASF12:
 397 0191 646F7562 		.ascii	"double\000"
 397      6C6500
 398              	.LASF22:
 399 0198 49544D5F 		.ascii	"ITM_RxBuffer\000"
 399      52784275 
 399      66666572 
 399      00
 400              	.LASF0:
 401 01a5 7369676E 		.ascii	"signed char\000"
 401      65642063 
 401      68617200 
 402              	.LASF14:
 403 01b1 6C6F6E67 		.ascii	"long double\000"
 403      20646F75 
 403      626C6500 
 404              	.LASF9:
 405 01bd 5F5F696E 		.ascii	"__int32_t\000"
 405      7433325F 
 405      7400
 406              	.LASF11:
 407 01c7 666C6F61 		.ascii	"float\000"
 407      7400
 408              	.LASF2:
 409 01cd 73686F72 		.ascii	"short int\000"
 409      7420696E 
 409      7400
 410              	.LASF10:
 411 01d7 696E7433 		.ascii	"int32_t\000"
 411      325F7400 
 412              	.LASF15:
 413 01df 73697A65 		.ascii	"sizetype\000"
 413      74797065 
 413      00
 414              		.ident	"GCC: (GNU Tools for ARM Embedded Processors) 5.4.1 20160609 (release) [ARM/embedded-5-bran
