--------------- Rebuild Started: 11/12/2024 12:38:55 Project: Dron-A Lisa, Configuration: ARM GCC 5.4-2016-q2-update Debug ---------------
cydsfit.exe -.appdatapath "C:\Users\Jacob\AppData\Local\Cypress Semiconductor\PSoC Creator\4.4" -.fdsnotice -.fdswarpdepfile=warp_dependencies.txt -.fdselabdepfile=elab_dependencies.txt -.fdsbldfile=generated_files.txt -.fdsreffile=referenced_files.txt -p "C:\Users\Jacob\OneDrive - Aarhus universitet\4. Semester\PRJ4\E4PRJ\PSoC\Dron-A Lisa\Dron-A Lisa.cydsn\Dron-A Lisa.cyprj" -d CY8C5888LTI-LP097 -s "C:\Users\Jacob\OneDrive - Aarhus universitet\4. Semester\PRJ4\E4PRJ\PSoC\Dron-A Lisa\Dron-A Lisa.cydsn\Generated_Source\PSoC5" -- -yv2 -q10 -ygs -o2 -v3 -.fftcfgtype=LE
Elaborating Design...
HDL Generation...
Synthesis...
Tech Mapping...
Analog Placement...
Analog Routing...
Analog Code Generation...
Digital Placement...
Digital Routing...
Bitstream Generation...
Bitstream Verification...
Static timing analysis...
Warning: sta.M0021: Dron-A Lisa_timing.html: Warning-1350: Asynchronous path(s) exist from "Clock_4(routed)" to "Clock_3". See the timing report for details. (File=C:\Users\Jacob\OneDrive - Aarhus universitet\4. Semester\PRJ4\E4PRJ\PSoC\Dron-A Lisa\Dron-A Lisa.cydsn\Dron-A Lisa_timing.html)
API Generation...
Dependency Generation...
Cleanup...
arm-none-eabi-gcc.exe -mcpu=cortex-m3 -mthumb -I. -IGenerated_Source\PSoC5 -Wa,-alh=.\CortexM3\ARM_GCC_541\Debug/main.lst -g -D DEBUG -D CY_CORE_ID=0 -Wall -ffunction-sections -ffat-lto-objects -Og -c main.c -o .\CortexM3\ARM_GCC_541\Debug\main.o
main.c: In function 'main':
main.c:40:30: error: 'sensor_isr_handler' undeclared (first use in this function)
     sensor_input_isr_StartEx(sensor_isr_handler);
                              ^
main.c:40:30: note: each undeclared identifier is reported only once for each function it appears in
The command 'arm-none-eabi-gcc.exe' failed with exit code '1'.
--------------- Rebuild Failed: 11/12/2024 12:39:06 ---------------
